2019/12/24 16:28:35	<POST>	[++++++++ 9901 PM1_PC_NOT_CONNECTED           PM1 Control PC Not Connected To CTC                                                                2 2019/12/24 16:28:35][F:TMC_CTRL_MONITOR]
2020/1/7 16:26:0   	<POST>	[++++++++ 9901 PM1_PC_NOT_CONNECTED           PM1 Control PC Not Connected To CTC                                                                2 2020/1/7 16:26:0   ][F:TMC_CTRL_MONITOR]
2020/1/14 17:47:57 	<POST>	[PM1      4801 HTR01PowerTolWarning           Heater01 Power Out Of Deviation                                                                    2 2020/1/14 17:47:57 ]
2020/1/14 17:48:21 	<R=CLEAR>	[PM1      4801 HTR01PowerTolWarning           Clear Operation                                                                                    2 2020/1/14 17:47:57 ]
2020/1/14 17:48:21 	<CLEAR>	[PM1      4801 HTR01PowerTolWarning           Heater01 Power Out Of Deviation                                                                    2 2020/1/14 17:47:57 ]
2020/1/14 17:48:22 	<POST>	[PM1      4801 HTR01PowerTolWarning           Heater01 Power Out Of Deviation                                                                    2 2020/1/14 17:48:21 ]
2020/1/14 17:53:46 	<R=CLEAR>	[PM1      4801 HTR01PowerTolWarning           Clear Operation                                                                                    2 2020/1/14 17:48:21 ]
2020/1/14 17:53:46 	<CLEAR>	[PM1      4801 HTR01PowerTolWarning           Heater01 Power Out Of Deviation                                                                    2 2020/1/14 17:48:21 ]
2020/1/14 17:54:46 	<POST>	[PM1      4801 HTR01PowerTolWarning           Heater01 Power Out Of Deviation                                                                    2 2020/1/14 17:54:45 ]
2020/1/14 17:56:16 	<CLEAR>	[PM1      4801 HTR01PowerTolWarning           Heater01 Power Out Of Deviation                                                                    2 2020/1/14 17:54:45 ]
2020/1/14 17:57:22 	<POST>	[PM1      4801 HTR01PowerTolWarning           Heater01 Power Out Of Deviation                                                                    2 2020/1/14 17:57:21 ]
2020/1/14 17:58:30 	<POST>	[PM1      4841 HTR01PowerTolAbort             Heater01 Power Out Of Deviation                                                                    2 2020/1/14 17:58:30 ]
2020/1/14 17:58:30 	<POST>	[PM1      1307 SWGlobalInterlockAct           Process Module Interlock Is Activated                                                              2 2020/1/14 17:58:30 ]
2020/1/14 17:58:32 	<R=CLEAR>	[PM1      4801 HTR01PowerTolWarning           Clear Operation                                                                                    2 2020/1/14 17:57:21 ]
2020/1/14 17:58:32 	<R=CLEAR>	[PM1      4841 HTR01PowerTolAbort             Clear Operation                                                                                    2 2020/1/14 17:58:30 ]
2020/1/14 17:58:32 	<R=CLEAR>	[PM1      1307 SWGlobalInterlockAct           Clear Operation                                                                                    2 2020/1/14 17:58:30 ]
2020/1/14 17:58:32 	<CLEAR>	[PM1      4801 HTR01PowerTolWarning           Heater01 Power Out Of Deviation                                                                    2 2020/1/14 17:57:21 ]
2020/1/14 17:58:32 	<CLEAR>	[PM1      4841 HTR01PowerTolAbort             Heater01 Power Out Of Deviation                                                                    2 2020/1/14 17:58:30 ]
2020/1/14 17:58:32 	<CLEAR>	[PM1      1307 SWGlobalInterlockAct           Process Module Interlock Is Activated                                                              2 2020/1/14 17:58:30 ]
2020/1/14 17:58:33 	<POST>	[PM1      4401 HTR01TurnedOff                 Heater01 Turned Off                                                                                2 2020/1/14 17:58:32 ]
2020/1/14 17:58:34 	<POST>	[PM1      1307 SWGlobalInterlockAct           Process Module Interlock Is Activated                                                              2 2020/1/14 17:58:34 ]
2020/1/14 17:58:38 	<R=CLEAR>	[PM1      4401 HTR01TurnedOff                 Clear Operation                                                                                    2 2020/1/14 17:58:32 ]
2020/1/14 17:58:38 	<R=CLEAR>	[PM1      1307 SWGlobalInterlockAct           Clear Operation                                                                                    2 2020/1/14 17:58:34 ]
2020/1/14 17:58:38 	<CLEAR>	[PM1      4401 HTR01TurnedOff                 Heater01 Turned Off                                                                                2 2020/1/14 17:58:32 ]
2020/1/14 17:58:38 	<CLEAR>	[PM1      1307 SWGlobalInterlockAct           Process Module Interlock Is Activated                                                              2 2020/1/14 17:58:34 ]
2020/1/14 17:58:39 	<POST>	[PM1      4401 HTR01TurnedOff                 Heater01 Turned Off                                                                                2 2020/1/14 17:58:39 ]
2020/1/14 17:58:40 	<POST>	[PM1      1307 SWGlobalInterlockAct           Process Module Interlock Is Activated                                                              2 2020/1/14 17:58:40 ]
2020/1/14 17:59:16 	<R=CLEAR>	[PM1      4401 HTR01TurnedOff                 Clear Operation                                                                                    2 2020/1/14 17:58:39 ]
2020/1/14 17:59:16 	<R=CLEAR>	[PM1      1307 SWGlobalInterlockAct           Clear Operation                                                                                    2 2020/1/14 17:58:40 ]
2020/1/14 17:59:17 	<CLEAR>	[PM1      4401 HTR01TurnedOff                 Heater01 Turned Off                                                                                2 2020/1/14 17:58:39 ]
2020/1/14 17:59:17 	<CLEAR>	[PM1      1307 SWGlobalInterlockAct           Process Module Interlock Is Activated                                                              2 2020/1/14 17:58:40 ]
2020/1/14 18:0:35  	<POST>	[PM1      4841 HTR01PowerTolAbort             Heater01 Power Out Of Deviation                                                                    2 2020/1/14 18:0:35  ]
2020/1/14 18:0:35  	<POST>	[PM1      4801 HTR01PowerTolWarning           Heater01 Power Out Of Deviation                                                                    2 2020/1/14 18:0:35  ]
2020/1/14 18:0:37  	<POST>	[PM1      1307 SWGlobalInterlockAct           Process Module Interlock Is Activated                                                              2 2020/1/14 18:0:36  ]
2020/1/14 18:0:37  	<POST>	[PM1      4401 HTR01TurnedOff                 Heater01 Turned Off                                                                                2 2020/1/14 18:0:36  ]
2020/1/14 18:4:38  	<R=CLEAR>	[PM1      4841 HTR01PowerTolAbort             Clear Operation                                                                                    2 2020/1/14 18:0:35  ]
2020/1/14 18:4:38  	<R=CLEAR>	[PM1      4801 HTR01PowerTolWarning           Clear Operation                                                                                    2 2020/1/14 18:0:35  ]
2020/1/14 18:4:38  	<CLEAR>	[PM1      4841 HTR01PowerTolAbort             Heater01 Power Out Of Deviation                                                                    2 2020/1/14 18:0:35  ]
2020/1/14 18:4:38  	<CLEAR>	[PM1      4801 HTR01PowerTolWarning           Heater01 Power Out Of Deviation                                                                    2 2020/1/14 18:0:35  ]
2020/1/14 18:4:38  	<R=CLEAR>	[PM1      1307 SWGlobalInterlockAct           Clear Operation                                                                                    2 2020/1/14 18:0:36  ]
2020/1/14 18:4:38  	<R=CLEAR>	[PM1      4401 HTR01TurnedOff                 Clear Operation                                                                                    2 2020/1/14 18:0:36  ]
2020/1/14 18:4:39  	<CLEAR>	[PM1      1307 SWGlobalInterlockAct           Process Module Interlock Is Activated                                                              2 2020/1/14 18:0:36  ]
2020/1/14 18:4:39  	<CLEAR>	[PM1      4401 HTR01TurnedOff                 Heater01 Turned Off                                                                                2 2020/1/14 18:0:36  ]
2020/1/14 18:18:38 	<POST>	[PM1      4841 HTR01PowerTolAbort             Heater01 Power Out Of Deviation                                                                    2 2020/1/14 18:18:38 ]
2020/1/14 18:18:38 	<POST>	[PM1      4807 HTR07PowerTolWarning           Heater07 Power Out Of Deviation                                                                    2 2020/1/14 18:18:38 ]
2020/1/14 18:18:38 	<POST>	[PM1      4855 HTR15PowerTolAbort             Heater15 Power Out Of Deviation                                                                    2 2020/1/14 18:18:38 ]
2020/1/14 18:18:38 	<POST>	[PM1      4865 HTR25PowerTolAbort             Heater25 Power Out Of Deviation                                                                    2 2020/1/14 18:18:38 ]
2020/1/14 18:18:41 	<POST>	[PM1      1307 SWGlobalInterlockAct           Process Module Interlock Is Activated                                                              2 2020/1/14 18:18:40 ]
2020/1/14 18:18:41 	<POST>	[PM1      4415 HTR15TurnedOff                 Heater15 Turned Off                                                                                2 2020/1/14 18:18:40 ]
2020/1/14 18:18:41 	<POST>	[PM1      4847 HTR07PowerTolAbort             Heater07 Power Out Of Deviation                                                                    2 2020/1/14 18:18:40 ]
2020/1/14 18:18:42 	<POST>	[PM1      4425 HTR25TurnedOff                 Heater25 Turned Off                                                                                2 2020/1/14 18:18:42 ]
2020/1/14 18:18:44 	<POST>	[PM1      4401 HTR01TurnedOff                 Heater01 Turned Off                                                                                2 2020/1/14 18:18:44 ]
2020/1/14 18:18:45 	<POST>	[PM1      4407 HTR07TurnedOff                 Heater07 Turned Off                                                                                2 2020/1/14 18:18:45 ]
2020/1/14 18:19:39 	<POST>	[PM1      4858 HTR18PowerTolAbort             Heater18 Power Out Of Deviation                                                                    2 2020/1/14 18:19:39 ]
2020/1/14 18:19:39 	<POST>	[PM1      4418 HTR18TurnedOff                 Heater18 Turned Off                                                                                2 2020/1/14 18:19:39 ]
2020/1/14 18:20:39 	<POST>	[PM1      4870 HTR30PowerTolAbort             Heater30 Power Out Of Deviation                                                                    2 2020/1/14 18:20:39 ]
2020/1/14 18:20:40 	<POST>	[PM1      4430 HTR30TurnedOff                 Heater30 Turned Off                                                                                2 2020/1/14 18:20:40 ]
2020/1/14 18:28:55 	<CLEAR>	[PM1      4841 HTR01PowerTolAbort             Heater01 Power Out Of Deviation                                                                    2 2020/1/14 18:18:38 ]
2020/1/14 18:28:56 	<CLEAR>	[PM1      4807 HTR07PowerTolWarning           Heater07 Power Out Of Deviation                                                                    2 2020/1/14 18:18:38 ]
2020/1/14 18:28:56 	<CLEAR>	[PM1      4855 HTR15PowerTolAbort             Heater15 Power Out Of Deviation                                                                    2 2020/1/14 18:18:38 ]
2020/1/14 18:28:56 	<CLEAR>	[PM1      4865 HTR25PowerTolAbort             Heater25 Power Out Of Deviation                                                                    2 2020/1/14 18:18:38 ]
2020/1/14 18:28:56 	<CLEAR>	[PM1      1307 SWGlobalInterlockAct           Process Module Interlock Is Activated                                                              2 2020/1/14 18:18:40 ]
2020/1/14 18:28:56 	<CLEAR>	[PM1      4415 HTR15TurnedOff                 Heater15 Turned Off                                                                                2 2020/1/14 18:18:40 ]
2020/1/14 18:28:56 	<CLEAR>	[PM1      4847 HTR07PowerTolAbort             Heater07 Power Out Of Deviation                                                                    2 2020/1/14 18:18:40 ]
2020/1/14 18:28:56 	<CLEAR>	[PM1      4425 HTR25TurnedOff                 Heater25 Turned Off                                                                                2 2020/1/14 18:18:42 ]
2020/1/14 18:28:56 	<CLEAR>	[PM1      4401 HTR01TurnedOff                 Heater01 Turned Off                                                                                2 2020/1/14 18:18:44 ]
2020/1/14 18:28:56 	<CLEAR>	[PM1      4407 HTR07TurnedOff                 Heater07 Turned Off                                                                                2 2020/1/14 18:18:45 ]
2020/1/14 18:28:56 	<CLEAR>	[PM1      4858 HTR18PowerTolAbort             Heater18 Power Out Of Deviation                                                                    2 2020/1/14 18:19:39 ]
2020/1/14 18:28:56 	<CLEAR>	[PM1      4418 HTR18TurnedOff                 Heater18 Turned Off                                                                                2 2020/1/14 18:19:39 ]
2020/1/14 18:28:56 	<CLEAR>	[PM1      4870 HTR30PowerTolAbort             Heater30 Power Out Of Deviation                                                                    2 2020/1/14 18:20:39 ]
2020/1/14 18:28:56 	<CLEAR>	[PM1      4430 HTR30TurnedOff                 Heater30 Turned Off                                                                                2 2020/1/14 18:20:40 ]
2020/1/14 18:30:15 	<POST>	[PM1      4841 HTR01PowerTolAbort             Heater01 Power Out Of Deviation                                                                    2 2020/1/14 18:30:15 ]
2020/1/14 18:30:16 	<POST>	[PM1      1307 SWGlobalInterlockAct           Process Module Interlock Is Activated                                                              2 2020/1/14 18:30:16 ]
2020/1/14 18:30:18 	<POST>	[PM1      4401 HTR01TurnedOff                 Heater01 Turned Off                                                                                2 2020/1/14 18:30:18 ]
2020/1/17 9:25:0   	<POST>	[BM1      1001 BM1.CASS.COMM_ERROR            BM1 Cassette Communication Error                                                                   2 2020/1/17 9:25:0   ]
2020/1/17 11:2:34  	<POST>	[BM1      1001 BM1.CASS.COMM_ERROR            BM1 Cassette Communication Error                                                                   2 2020/1/17 11:2:34  ]
2020/1/17 11:3:17  	<R=RETRY>	[BM1      1001 BM1.CASS.COMM_ERROR            Retry                                                                                              2 2020/1/17 11:2:34  ]
2020/1/17 11:3:17  	<CLEAR>	[BM1      1001 BM1.CASS.COMM_ERROR            BM1 Cassette Communication Error                                                                   2 2020/1/17 11:2:34  ]
2020/1/17 11:9:2   	<POST>	[BM1      1001 BM1.CASS.COMM_ERROR            BM1 Cassette Communication Error                                                                   2 2020/1/17 11:9:2   ]
2020/1/17 11:9:13  	<POST>	[BM1      1002 BM1.CASS.ERROR                 BM1 Cassette Error Occur                                                                           2 2020/1/17 11:9:13  ]
2020/1/17 11:9:22  	<R=IGNORE>	[BM1      1001 BM1.CASS.COMM_ERROR            Ignore => Regards as SUCCESS                                                                       2 2020/1/17 11:9:2   ]
2020/1/17 11:9:22  	<CLEAR>	[BM1      1001 BM1.CASS.COMM_ERROR            BM1 Cassette Communication Error                                                                   2 2020/1/17 11:9:2   ]
2020/1/17 11:9:25  	<R=RETRY>	[BM1      1002 BM1.CASS.ERROR                 Retry                                                                                              2 2020/1/17 11:9:13  ]
2020/1/17 11:9:25  	<CLEAR>	[BM1      1002 BM1.CASS.ERROR                 BM1 Cassette Error Occur                                                                           2 2020/1/17 11:9:13  ]
2020/1/22 17:4:24  	<POST>	[PM1      1307 SWGlobalInterlockAct           Process Module Interlock Is Activated                                                              2 2020/1/22 17:4:11  ]
2020/1/22 17:5:22  	<R=CLEAR>	[PM1      1307 SWGlobalInterlockAct           Clear Operation                                                                                    2 2020/1/22 17:4:11  ]
2020/1/22 17:5:22  	<CLEAR>	[PM1      1307 SWGlobalInterlockAct           Process Module Interlock Is Activated                                                              2 2020/1/22 17:4:11  ]
2020/1/25 20:54:22 	<POST>	[PM1      1307 SWGlobalInterlockAct           Process Module Interlock Is Activated                                                              2 2020/1/25 20:52:20 ]
2020/1/25 20:56:10 	<POST>	[PM1      8629 HTExchangerTempLow             Heat Exchanger Temp Low Limit                                                                      2 2020/1/25 20:56:10 ]
2020/1/27 14:53:41 	<POST>	[PM1      8629 HTExchangerTempLow             Heat Exchanger Temp Low Limit                                                                      2 2020/1/27 14:53:41 ]
2020/1/27 15:0:12  	<CLEAR>	[PM1      **** ****************************** Alarm Remote Data Error 3                                                                                               ]
2020/1/27 15:0:13  	<POST>	[++++++++ 9901 PM1_PC_NOT_CONNECTED           PM1 Control PC Not Connected To CTC                                                                2 2020/1/27 15:0:13  ][F:TMC_CTRL_MONITOR]
2020/1/27 19:17:42 	<POST>	[PM1      1307 SWGlobalInterlockAct           Process Module Interlock Is Activated                                                              2 2020/1/27 19:17:30 ]
2020/1/27 19:17:43 	<POST>	[PM1      8629 HTExchangerTempLow             Heat Exchanger Temp Low Limit                                                                      2 2020/1/27 19:17:43 ]
2020/1/27 19:20:33 	<CLEAR>	[PM1      **** ****************************** Alarm Remote Data Error 3                                                                                               ]
2020/1/27 19:20:33 	<CLEAR>	[PM1      **** ****************************** Alarm Remote Data Error 3                                                                                               ]
2020/1/27 19:20:35 	<POST>	[++++++++ 9901 PM1_PC_NOT_CONNECTED           PM1 Control PC Not Connected To CTC                                                                2 2020/1/27 19:20:35 ][F:TMC_CTRL_MONITOR]
2020/1/27 19:32:6  	<POST>	[PM2      1307 SWGlobalInterlockAct           Process Module Interlock Is Activated                                                              2 2020/1/27 19:31:23 ]
2020/1/27 19:44:32 	<POST>	[PM2      1307 SWGlobalInterlockAct           Process Module Interlock Is Activated                                                              2 2020/1/27 19:40:50 ]
2020/1/27 20:57:35 	<CLEAR>	[PM2      **** ****************************** Alarm Remote Data Error 3                                                                                               ]
2020/1/27 20:57:36 	<POST>	[++++++++ 9902 PM2_PC_NOT_CONNECTED           PM2 Control PC Not Connected To CTC                                                                2 2020/1/27 20:57:36 ][F:TMC_CTRL_MONITOR]
2020/1/27 20:58:28 	<R=CLEAR>	[++++++++ 9902 PM2_PC_NOT_CONNECTED           Clear Operation                                                                                    2 2020/1/27 20:57:36 ][F:TMC_CTRL_MONITOR]
2020/1/27 20:58:28 	<CLEAR>	[++++++++ 9902 PM2_PC_NOT_CONNECTED           PM2 Control PC Not Connected To CTC                                                                2 2020/1/27 20:57:36 ][F:TMC_CTRL_MONITOR]
2020/1/27 20:58:34 	<POST>	[PM3      1307 SWGlobalInterlockAct           Process Module Interlock Is Activated                                                              2 2020/1/27 20:58:20 ]
2020/1/27 20:58:36 	<POST>	[PM3      8026 SourceLowAlarm                 Source Low Alarm Detected                                                                          2 2020/1/27 20:58:35 ]
2020/1/27 20:58:37 	<POST>	[++++++++ 9902 PM2_PC_NOT_CONNECTED           PM2 Control PC Not Connected To CTC                                                                2 2020/1/27 20:58:37 ][F:TMC_CTRL_MONITOR]
2020/1/27 21:0:25  	<CLEAR>	[PM3      **** ****************************** Alarm Remote Data Error 3                                                                                               ]
2020/1/27 21:0:25  	<CLEAR>	[PM3      **** ****************************** Alarm Remote Data Error 3                                                                                               ]
2020/1/27 21:0:28  	<POST>	[++++++++ 9903 PM3_PC_NOT_CONNECTED           PM3 Control PC Not Connected To CTC                                                                2 2020/1/27 21:0:28  ][F:TMC_CTRL_MONITOR]
2020/1/30 17:19:57 	<POST>	[PM3      1307 SWGlobalInterlockAct           Process Module Interlock Is Activated                                                              2 2020/1/30 17:8:41  ]
2020/1/30 17:19:58 	<POST>	[PM3      8026 SourceLowAlarm                 Source Low Alarm Detected                                                                          2 2020/1/30 17:19:57 ]
2020/1/31 10:5:26  	<POST>	[PM1      1307 SWGlobalInterlockAct           Process Module Interlock Is Activated                                                              2 2020/1/31 10:5:14  ]
2020/1/31 10:8:5   	<R=CLEAR>	[PM1      1307 SWGlobalInterlockAct           Clear Operation                                                                                    2 2020/1/31 10:5:14  ]
2020/1/31 10:8:5   	<CLEAR>	[PM1      1307 SWGlobalInterlockAct           Process Module Interlock Is Activated                                                              2 2020/1/31 10:5:14  ]
2020/1/31 10:56:44 	<POST>	[FM       5502 FEM.RPM1_ALARM                 MCUL RPM1 Alarm Detected (Intlk:1, RPM:0)                                                          2 2020/1/31 10:56:44 ][F:TMC_FFU_MONITOR]
2020/1/31 10:56:44 	<POST>	[FM       5503 FEM.RPM1_ALARM                 MCUL RPM2 Alarm Detected (Intlk:1, RPM:0)                                                          2 2020/1/31 10:56:44 ][F:TMC_FFU_MONITOR]
2020/1/31 14:6:17  	<POST>	[FM       5502 FEM.RPM1_ALARM                 MCUL RPM1 Alarm Detected (Intlk:1, RPM:0)                                                          2 2020/1/31 14:6:17  ][F:TMC_FFU_MONITOR]
2020/1/31 14:6:17  	<POST>	[FM       5503 FEM.RPM1_ALARM                 MCUL RPM2 Alarm Detected (Intlk:1, RPM:0)                                                          2 2020/1/31 14:6:17  ][F:TMC_FFU_MONITOR]
2020/1/31 14:41:52 	<POST>	[FM       5502 FEM.RPM1_ALARM                 MCUL RPM1 Alarm Detected (Intlk:1, RPM:0)                                                          2 2020/1/31 14:41:52 ][F:TMC_FFU_MONITOR]
2020/1/31 14:41:52 	<POST>	[FM       5503 FEM.RPM1_ALARM                 MCUL RPM2 Alarm Detected (Intlk:1, RPM:0)                                                          2 2020/1/31 14:41:52 ][F:TMC_FFU_MONITOR]
2020/2/9 13:46:21  	<POST>	[PM1      1307 SWGlobalInterlockAct           Process Module Interlock Is Activated                                                              2 2020/2/9 13:45:11  ]
2020/2/9 13:46:45  	<R=CLEAR>	[PM1      1307 SWGlobalInterlockAct           Clear Operation                                                                                    2 2020/2/9 13:45:11  ]
2020/2/9 13:46:45  	<CLEAR>	[PM1      1307 SWGlobalInterlockAct           Process Module Interlock Is Activated                                                              2 2020/2/9 13:45:11  ]
2020/2/9 13:52:43  	<POST>	[++++++++ 9901 PM1_PC_NOT_CONNECTED           PM1 Control PC Not Connected To CTC                                                                2 2020/2/9 13:52:43  ][F:TMC_CTRL_MONITOR]
2020/2/9 14:1:54   	<POST>	[PM1      1307 SWGlobalInterlockAct           Process Module Interlock Is Activated                                                              2 2020/2/9 14:0:51   ]
2020/2/9 14:2:30   	<R=CLEAR>	[PM1      1307 SWGlobalInterlockAct           Clear Operation                                                                                    2 2020/2/9 14:0:51   ]
2020/2/9 14:2:30   	<CLEAR>	[PM1      1307 SWGlobalInterlockAct           Process Module Interlock Is Activated                                                              2 2020/2/9 14:0:51   ]
2020/2/9 14:3:2    	<POST>	[++++++++ 9901 PM1_PC_NOT_CONNECTED           PM1 Control PC Not Connected To CTC                                                                2 2020/2/9 14:3:2    ][F:TMC_CTRL_MONITOR]
2020/2/9 14:4:5    	<POST>	[PM2      1307 SWGlobalInterlockAct           Process Module Interlock Is Activated                                                              2 2020/2/9 14:3:51   ]
2020/2/9 14:4:45   	<R=CLEAR>	[++++++++ 9901 PM1_PC_NOT_CONNECTED           Clear Operation                                                                                    2 2020/2/9 14:3:2    ][F:TMC_CTRL_MONITOR]
2020/2/9 14:4:45   	<CLEAR>	[++++++++ 9901 PM1_PC_NOT_CONNECTED           PM1 Control PC Not Connected To CTC                                                                2 2020/2/9 14:3:2    ][F:TMC_CTRL_MONITOR]
2020/2/9 14:4:45   	<R=CLEAR>	[PM2      1307 SWGlobalInterlockAct           Clear Operation                                                                                    2 2020/2/9 14:3:51   ]
2020/2/9 14:4:45   	<CLEAR>	[PM2      1307 SWGlobalInterlockAct           Process Module Interlock Is Activated                                                              2 2020/2/9 14:3:51   ]
2020/2/9 14:4:53   	<POST>	[++++++++ 9901 PM1_PC_NOT_CONNECTED           PM1 Control PC Not Connected To CTC                                                                2 2020/2/9 14:4:53   ][F:TMC_CTRL_MONITOR]
2020/2/9 14:4:54   	<POST>	[++++++++ 9902 PM2_PC_NOT_CONNECTED           PM2 Control PC Not Connected To CTC                                                                2 2020/2/9 14:4:54   ][F:TMC_CTRL_MONITOR]
2020/2/9 14:6:41   	<POST>	[PM3      1307 SWGlobalInterlockAct           Process Module Interlock Is Activated                                                              2 2020/2/9 14:6:29   ]
2020/2/9 14:6:43   	<R=CLEAR>	[++++++++ 9901 PM1_PC_NOT_CONNECTED           Clear Operation                                                                                    2 2020/2/9 14:4:53   ][F:TMC_CTRL_MONITOR]
2020/2/9 14:6:43   	<CLEAR>	[++++++++ 9901 PM1_PC_NOT_CONNECTED           PM1 Control PC Not Connected To CTC                                                                2 2020/2/9 14:4:53   ][F:TMC_CTRL_MONITOR]
2020/2/9 14:6:43   	<R=CLEAR>	[++++++++ 9902 PM2_PC_NOT_CONNECTED           Clear Operation                                                                                    2 2020/2/9 14:4:54   ][F:TMC_CTRL_MONITOR]
2020/2/9 14:6:43   	<CLEAR>	[++++++++ 9902 PM2_PC_NOT_CONNECTED           PM2 Control PC Not Connected To CTC                                                                2 2020/2/9 14:4:54   ][F:TMC_CTRL_MONITOR]
2020/2/9 14:6:43   	<R=CLEAR>	[PM3      1307 SWGlobalInterlockAct           Clear Operation                                                                                    2 2020/2/9 14:6:29   ]
2020/2/9 14:6:43   	<CLEAR>	[PM3      1307 SWGlobalInterlockAct           Process Module Interlock Is Activated                                                              2 2020/2/9 14:6:29   ]
2020/2/9 14:6:51   	<POST>	[++++++++ 9901 PM1_PC_NOT_CONNECTED           PM1 Control PC Not Connected To CTC                                                                2 2020/2/9 14:6:51   ][F:TMC_CTRL_MONITOR]
2020/2/9 14:6:51   	<POST>	[++++++++ 9902 PM2_PC_NOT_CONNECTED           PM2 Control PC Not Connected To CTC                                                                2 2020/2/9 14:6:51   ][F:TMC_CTRL_MONITOR]
2020/2/9 14:8:55   	<POST>	[++++++++ 9903 PM3_PC_NOT_CONNECTED           PM3 Control PC Not Connected To CTC                                                                2 2020/2/9 14:8:55   ][F:TMC_CTRL_MONITOR]
