11/05 16:38:21.363 ============================================================
11/05 16:38:21.363 Configration Started
11/05 16:38:21.363 Found Configration File and Read Configration Data
11/05 16:38:21.363 Default KeepDays is 10(days).
11/05 16:38:21.363 Configration Finished
11/05 16:38:21.363 ============================================================
11/05 16:38:21.363 -----> Mks Pres Monitoring Started
11/05 16:38:21.356 ============================================================
11/05 16:38:21.356 Configration Started
11/05 16:38:21.356 Found Configration File and Read Configration Data
11/05 16:38:21.356 Default KeepDays is 10(days).
11/05 16:38:21.366 Configration Finished
11/05 16:38:21.366 ============================================================
11/05 16:38:21.366 -----> Mks Pres Setting Started in PressureControl
11/05 16:38:21.367 -----> Mks Pres Setting Finished in PressureControl
11/05 16:38:31.385 -----> Mks Pres Setting Started in PressureControl
11/05 16:38:31.386 -----> Mks Pres Setting Finished in PressureControl
11/05 16:38:31.397 -----> Mks Pres Monitoring Started
11/05 16:38:33.398 -----> Mks Pres Setting Started in PressureControl
11/05 16:38:33.399 -----> Mks Pres Setting Finished in PressureControl
11/05 16:38:33.401 -----> Mks Pres Monitoring Started
11/05 16:39:04.674 -----> Mks Pos Setting Started in PressureControl
11/05 16:39:04.675 -----> Mks Pos Setting Finished in PressureControl
11/05 16:39:04.676 -----> Mks Pos Monitoring Started
11/05 16:39:09.685 -----> Mks Pos Setting Started in PressureControl
11/05 16:39:09.686 -----> Mks Pos Setting Finished in PressureControl
11/05 16:39:09.687 -----> Mks Pos Monitoring Started
11/05 16:39:14.708 -----> Mks Pos Setting Started in PressureControl
11/05 16:39:14.710 -----> Mks Pos Monitoring Started
11/05 16:39:14.710 -----> Mks Pos Setting Finished in PressureControl
11/05 16:39:24.723 -----> Mks Pos Setting Started in PressureControl
11/05 16:39:24.724 -----> Mks Pos Setting Finished in PressureControl
11/05 16:39:24.725 -----> Mks Pos Monitoring Started
11/05 16:39:51.164 -----> Mks Pres Setting Started in PressureControl
11/05 16:39:51.166 -----> Mks Pres Setting Finished in PressureControl
11/05 16:39:51.172 -----> Mks Pres Monitoring Started
11/05 16:40:01.207 -----> Mks Pres Setting Started in PressureControl
11/05 16:40:01.208 -----> Mks Pres Setting Finished in PressureControl
11/05 16:40:01.216 -----> Mks Pres Monitoring Started
11/05 16:40:03.215 -----> Mks Pres Setting Started in PressureControl
11/05 16:40:03.216 -----> Mks Pres Setting Finished in PressureControl
11/05 16:40:03.217 -----> Mks Pres Monitoring Started
11/05 16:40:05.314 -----> Mks Pos Setting Started in PressureControl
11/05 16:40:05.314 -----> Mks Pos Setting Finished in PressureControl
11/05 16:40:05.316 -----> Mks Pos Monitoring Started
11/05 16:40:10.303 -----> Mks Pos Setting Started in PressureControl
11/05 16:40:10.305 -----> Mks Pos Setting Finished in PressureControl
11/05 16:40:10.306 -----> Mks Pos Monitoring Started
11/05 16:40:15.327 -----> Mks Pos Setting Started in PressureControl
11/05 16:40:15.328 -----> Mks Pos Setting Finished in PressureControl
11/05 16:40:15.329 -----> Mks Pos Monitoring Started
11/05 16:40:25.343 -----> Mks Pos Setting Started in PressureControl
11/05 16:40:25.344 -----> Mks Pos Setting Finished in PressureControl
11/05 16:40:25.345 -----> Mks Pos Monitoring Started
11/05 16:41:05.204 -----> Mks Pres Setting Started in PressureControl
11/05 16:41:05.205 -----> Mks Pres Setting Finished in PressureControl
11/05 16:41:05.213 -----> Mks Pres Monitoring Started
11/05 16:41:15.248 -----> Mks Pres Setting Started in PressureControl
11/05 16:41:15.249 -----> Mks Pres Setting Finished in PressureControl
11/05 16:41:15.256 -----> Mks Pres Monitoring Started
11/05 16:41:17.248 -----> Mks Pres Setting Started in PressureControl
11/05 16:41:17.249 -----> Mks Pres Setting Finished in PressureControl
11/05 16:41:17.250 -----> Mks Pres Monitoring Started
