02/02 10:00:11.150 ============================================================
02/02 10:00:11.150 Configration Started
02/02 10:00:11.150 Found Configration File and Read Configration Data
02/02 10:00:11.150 Default KeepDays is 10(days).
02/02 10:00:11.166 Configration Finished
02/02 10:00:11.166 ============================================================
02/02 10:00:11.166 -----> Mks Pres Setting Started in PressureControl
02/02 10:00:11.166 -----> Mks Pres Setting Finished in PressureControl
02/02 10:00:11.197 ============================================================
02/02 10:00:11.197 Configration Started
02/02 10:00:11.197 Found Configration File and Read Configration Data
02/02 10:00:11.197 Default KeepDays is 10(days).
02/02 10:00:11.212 Configration Finished
02/02 10:00:11.212 ============================================================
02/02 10:00:11.212 -----> Mks Pres Monitoring Started
02/02 10:00:21.290 -----> Mks Pres Setting Started in PressureControl
02/02 10:00:21.290 -----> Mks Pres Setting Finished in PressureControl
02/02 10:00:21.337 -----> Mks Pres Monitoring Started
02/02 10:00:23.349 -----> Mks Pres Monitoring Started
02/02 10:00:23.380 -----> Mks Pres Setting Started in PressureControl
02/02 10:00:23.380 -----> Mks Pres Setting Finished in PressureControl
02/02 10:01:19.322 -----> Mks Pos Setting Started in PressureControl
02/02 10:01:19.322 -----> Mks Pos Setting Finished in PressureControl
02/02 10:01:19.353 -----> Mks Pos Monitoring Started
02/02 10:01:24.205 -----> Mks Pos Monitoring Started
02/02 10:01:24.236 -----> Mks Pos Setting Started in PressureControl
02/02 10:01:24.252 -----> Mks Pos Setting Finished in PressureControl
02/02 10:01:29.135 -----> Mks Pos Setting Started in PressureControl
02/02 10:01:29.135 -----> Mks Pos Setting Finished in PressureControl
02/02 10:01:29.150 -----> Mks Pos Monitoring Started
02/02 10:01:39.165 -----> Mks Pos Monitoring Started
02/02 10:01:39.197 -----> Mks Pos Setting Started in PressureControl
02/02 10:01:39.197 -----> Mks Pos Setting Finished in PressureControl
02/02 10:02:53.308 -----> Mks Pres Setting Started in PressureControl
02/02 10:02:53.308 -----> Mks Pres Setting Finished in PressureControl
02/02 10:02:53.386 -----> Mks Pres Monitoring Started
02/02 10:03:03.370 -----> Mks Pres Setting Started in PressureControl
02/02 10:03:03.386 -----> Mks Pres Setting Finished in PressureControl
02/02 10:03:03.448 -----> Mks Pres Monitoring Started
02/02 10:03:05.507 -----> Mks Pres Monitoring Started
02/02 10:03:05.523 -----> Mks Pres Setting Started in PressureControl
02/02 10:03:05.523 -----> Mks Pres Setting Finished in PressureControl
02/02 10:06:46.872 -----> Mks Pos Monitoring Started
02/02 10:06:46.887 -----> Mks Pos Setting Started in PressureControl
02/02 10:06:46.934 -----> Mks Pos Setting Finished in PressureControl
02/02 10:06:51.895 -----> Mks Pos Setting Started in PressureControl
02/02 10:06:51.895 -----> Mks Pos Setting Finished in PressureControl
02/02 10:06:51.895 -----> Mks Pos Monitoring Started
02/02 10:06:56.762 -----> Mks Pos Setting Started in PressureControl
02/02 10:06:56.762 -----> Mks Pos Setting Finished in PressureControl
02/02 10:06:56.778 -----> Mks Pos Monitoring Started
02/02 10:07:06.762 -----> Mks Pos Setting Started in PressureControl
02/02 10:07:06.762 -----> Mks Pos Setting Finished in PressureControl
02/02 10:07:06.777 -----> Mks Pos Monitoring Started
02/02 10:08:37.024 -----> Mks Pres Setting Started in PressureControl
02/02 10:08:37.024 -----> Mks Pres Setting Finished in PressureControl
02/02 10:08:37.086 -----> Mks Pres Monitoring Started
02/02 10:08:47.039 -----> Mks Pres Setting Started in PressureControl
02/02 10:08:47.039 -----> Mks Pres Setting Finished in PressureControl
02/02 10:08:47.070 -----> Mks Pres Monitoring Started
02/02 10:08:49.082 -----> Mks Pres Setting Started in PressureControl
02/02 10:08:49.082 -----> Mks Pres Setting Finished in PressureControl
02/02 10:08:49.114 -----> Mks Pres Monitoring Started
02/02 10:09:57.816 -----> Mks Pos Setting Started in PressureControl
02/02 10:09:57.816 -----> Mks Pos Setting Finished in PressureControl
02/02 10:09:57.894 -----> Mks Pos Monitoring Started
02/02 10:10:02.714 -----> Mks Pos Setting Started in PressureControl
02/02 10:10:02.730 -----> Mks Pos Setting Finished in PressureControl
02/02 10:10:02.730 -----> Mks Pos Monitoring Started
02/02 10:10:07.753 -----> Mks Pos Monitoring Started
02/02 10:10:07.784 -----> Mks Pos Setting Started in PressureControl
02/02 10:10:07.800 -----> Mks Pos Setting Finished in PressureControl
02/02 10:10:17.768 -----> Mks Pos Setting Started in PressureControl
02/02 10:10:17.768 -----> Mks Pos Setting Finished in PressureControl
02/02 10:10:17.846 -----> Mks Pos Monitoring Started
02/02 10:16:31.641 -----> Mks Pres Setting Started in PressureControl
02/02 10:16:31.641 -----> Mks Pres Setting Finished in PressureControl
02/02 10:16:31.701 -----> Mks Pres Monitoring Started
02/02 10:16:41.930 -----> Mks Pres Setting Started in PressureControl
02/02 10:16:41.930 -----> Mks Pres Setting Finished in PressureControl
02/02 10:16:41.977 -----> Mks Pres Monitoring Started
02/02 10:16:43.833 -----> Mks Pres Monitoring Started
02/02 10:16:43.849 -----> Mks Pres Setting Started in PressureControl
02/02 10:16:43.849 -----> Mks Pres Setting Finished in PressureControl
02/02 10:17:41.226 -----> Mks Pos Monitoring Started
02/02 10:17:41.257 -----> Mks Pos Setting Started in PressureControl
02/02 10:17:41.273 -----> Mks Pos Setting Finished in PressureControl
02/02 10:17:46.171 -----> Mks Pos Monitoring Started
02/02 10:17:46.187 -----> Mks Pos Setting Started in PressureControl
02/02 10:17:46.187 -----> Mks Pos Setting Finished in PressureControl
02/02 10:17:51.225 -----> Mks Pos Setting Started in PressureControl
02/02 10:17:51.225 -----> Mks Pos Monitoring Started
02/02 10:17:51.225 -----> Mks Pos Setting Finished in PressureControl
02/02 10:18:01.163 -----> Mks Pos Setting Started in PressureControl
02/02 10:18:01.163 -----> Mks Pos Setting Finished in PressureControl
02/02 10:18:01.178 -----> Mks Pos Monitoring Started
02/02 10:19:17.665 -----> Mks Pres Setting Started in PressureControl
02/02 10:19:17.665 -----> Mks Pres Setting Finished in PressureControl
02/02 10:19:17.727 -----> Mks Pres Monitoring Started
02/02 10:19:27.914 -----> Mks Pres Monitoring Started
02/02 10:19:27.992 -----> Mks Pres Setting Started in PressureControl
02/02 10:19:28.008 -----> Mks Pres Setting Finished in PressureControl
02/02 10:19:29.864 -----> Mks Pres Setting Started in PressureControl
02/02 10:19:29.880 -----> Mks Pres Setting Finished in PressureControl
02/02 10:19:29.880 -----> Mks Pres Monitoring Started
02/02 10:20:07.523 -----> Mks Pos Monitoring Started
02/02 10:20:07.585 -----> Mks Pos Setting Started in PressureControl
02/02 10:20:07.601 -----> Mks Pos Setting Finished in PressureControl
02/02 10:20:12.343 -----> Mks Pos Setting Started in PressureControl
02/02 10:20:12.359 -----> Mks Pos Setting Finished in PressureControl
02/02 10:20:12.343 -----> Mks Pos Monitoring Started
02/02 10:20:17.320 -----> Mks Pos Setting Started in PressureControl
02/02 10:20:17.320 -----> Mks Pos Setting Finished in PressureControl
02/02 10:20:17.335 -----> Mks Pos Monitoring Started
02/02 10:20:27.413 -----> Mks Pos Monitoring Started
02/02 10:20:27.444 -----> Mks Pos Setting Started in PressureControl
02/02 10:20:27.444 -----> Mks Pos Setting Finished in PressureControl
02/02 10:21:12.029 -----> Mks Pres Setting Started in PressureControl
02/02 10:21:12.044 -----> Mks Pres Setting Finished in PressureControl
02/02 10:21:12.138 -----> Mks Pres Monitoring Started
02/02 10:21:22.200 -----> Mks Pres Setting Started in PressureControl
02/02 10:21:22.200 -----> Mks Pres Setting Finished in PressureControl
02/02 10:21:22.263 -----> Mks Pres Monitoring Started
02/02 10:21:24.337 -----> Mks Pres Monitoring Started
02/02 10:21:24.369 -----> Mks Pres Setting Started in PressureControl
02/02 10:21:24.400 -----> Mks Pres Setting Finished in PressureControl
02/02 10:22:01.902 -----> Mks Pos Setting Started in PressureControl
02/02 10:22:01.902 -----> Mks Pos Setting Finished in PressureControl
02/02 10:22:01.918 -----> Mks Pos Monitoring Started
02/02 10:22:06.910 -----> Mks Pos Setting Started in PressureControl
02/02 10:22:06.910 -----> Mks Pos Setting Finished in PressureControl
02/02 10:22:06.925 -----> Mks Pos Monitoring Started
02/02 10:22:11.949 -----> Mks Pos Setting Started in PressureControl
02/02 10:22:11.949 -----> Mks Pos Setting Finished in PressureControl
02/02 10:22:11.964 -----> Mks Pos Monitoring Started
02/02 10:22:21.995 -----> Mks Pos Setting Started in PressureControl
02/02 10:22:21.995 -----> Mks Pos Setting Finished in PressureControl
02/02 10:22:22.011 -----> Mks Pos Monitoring Started
02/02 10:23:07.531 -----> Mks Pres Setting Started in PressureControl
02/02 10:23:07.531 -----> Mks Pres Setting Finished in PressureControl
02/02 10:23:07.594 -----> Mks Pres Monitoring Started
02/02 10:23:17.609 -----> Mks Pres Setting Started in PressureControl
02/02 10:23:17.609 -----> Mks Pres Setting Finished in PressureControl
02/02 10:23:17.687 -----> Mks Pres Monitoring Started
02/02 10:23:19.793 -----> Mks Pres Monitoring Started
02/02 10:23:19.731 -----> Mks Pres Setting Started in PressureControl
02/02 10:23:19.871 -----> Mks Pres Setting Finished in PressureControl
02/02 10:24:22.443 -----> Mks Pos Setting Started in PressureControl
02/02 10:24:22.458 -----> Mks Pos Setting Finished in PressureControl
02/02 10:24:22.458 -----> Mks Pos Monitoring Started
02/02 10:24:27.263 -----> Mks Pos Monitoring Started
02/02 10:24:27.263 -----> Mks Pos Setting Started in PressureControl
02/02 10:24:27.279 -----> Mks Pos Setting Finished in PressureControl
02/02 10:24:32.224 -----> Mks Pos Setting Started in PressureControl
02/02 10:24:32.240 -----> Mks Pos Setting Finished in PressureControl
02/02 10:24:32.255 -----> Mks Pos Monitoring Started
02/02 10:24:42.302 -----> Mks Pos Setting Started in PressureControl
02/02 10:24:42.302 -----> Mks Pos Setting Finished in PressureControl
02/02 10:24:42.302 -----> Mks Pos Monitoring Started
02/02 10:25:26.949 -----> Mks Pres Setting Started in PressureControl
02/02 10:25:26.949 -----> Mks Pres Setting Finished in PressureControl
02/02 10:25:27.011 -----> Mks Pres Monitoring Started
02/02 10:25:37.011 -----> Mks Pres Setting Started in PressureControl
02/02 10:25:37.011 -----> Mks Pres Setting Finished in PressureControl
02/02 10:25:37.042 -----> Mks Pres Monitoring Started
02/02 10:25:39.086 -----> Mks Pres Setting Started in PressureControl
02/02 10:25:39.086 -----> Mks Pres Setting Finished in PressureControl
02/02 10:25:39.101 -----> Mks Pres Monitoring Started
02/02 10:26:35.417 -----> Mks Pos Setting Started in PressureControl
02/02 10:26:35.417 -----> Mks Pos Setting Finished in PressureControl
02/02 10:26:35.433 -----> Mks Pos Monitoring Started
02/02 10:26:40.300 -----> Mks Pos Setting Started in PressureControl
02/02 10:26:40.316 -----> Mks Pos Setting Finished in PressureControl
02/02 10:26:40.316 -----> Mks Pos Monitoring Started
02/02 10:26:45.339 -----> Mks Pos Setting Started in PressureControl
02/02 10:26:45.339 -----> Mks Pos Setting Finished in PressureControl
02/02 10:26:45.355 -----> Mks Pos Monitoring Started
02/02 10:26:55.448 -----> Mks Pos Setting Started in PressureControl
02/02 10:26:55.448 -----> Mks Pos Monitoring Started
PressureControl
02/02 10:27:39.877 -----> Mks Pres Setting Started in PressureControl
02/02 10:27:39.877 -----> Mks Pres Setting Finished in PressureControl
02/02 10:27:39.970 -----> Mks Pres Monitoring Started
02/02 10:27:49.954 -----> Mks Pres Setting Started in PressureControl
02/02 10:27:49.954 -----> Mks Pres Setting Finished in PressureControl
02/02 10:27:50.048 -----> Mks Pres Monitoring Started
02/02 10:27:52.014 -----> Mks Pres Setting Started in PressureControl
02/02 10:27:52.029 -----> Mks Pres Setting Finished in PressureControl
02/02 10:27:52.045 -----> Mks Pres Monitoring Started
02/02 10:28:29.578 -----> Mks Pos Setting Started in PressureControl
02/02 10:28:29.578 -----> Mks Pos Setting Finished in PressureControl
02/02 10:28:29.594 -----> Mks Pos Monitoring Started
02/02 10:28:34.492 -----> Mks Pos Setting Started in PressureControl
02/02 10:28:34.492 -----> Mks Pos Setting Finished in PressureControl
02/02 10:28:34.508 -----> Mks Pos Monitoring Started
02/02 10:28:39.516 -----> Mks Pos Setting Started in PressureControl
02/02 10:28:39.531 -----> Mks Pos Setting Finished in PressureControl
02/02 10:28:39.531 -----> Mks Pos Monitoring Started
02/02 10:28:49.515 -----> Mks Pos Setting Started in PressureControl
02/02 10:28:49.515 -----> Mks Pos Setting Finished in PressureControl
02/02 10:28:49.531 -----> Mks Pos Monitoring Started
02/02 10:29:33.414 -----> Mks Pres Setting Started in PressureControl
02/02 10:29:33.414 -----> Mks Pres Setting Finished in PressureControl
02/02 10:29:33.507 -----> Mks Pres Monitoring Started
02/02 10:29:43.507 -----> Mks Pres Setting Started in PressureControl
02/02 10:29:43.507 -----> Mks Pres Setting Finished in PressureControl
02/02 10:29:43.616 -----> Mks Pres Monitoring Started
02/02 10:29:45.613 -----> Mks Pres Monitoring Started
02/02 10:29:45.613 -----> Mks Pres Setting Started in PressureControl
02/02 10:29:45.629 -----> Mks Pres Setting Finished in PressureControl
