2020/2/9 14:8:54	PMC_EVENT_LOG_CLI	FUNCTION/FUNCTION_MODULE_CTC/OBJ_EventLogClient/Sequence	2020/01/25 10:43:08	<NEW>
2020/2/9 14:8:54	MFC_EVENT_CONTROL	FUNCTION/FUNCTION_MODULE_CTC/OBJ_MFC_Event/Sequence	2020/01/25 10:43:08	<NEW>
2020/2/9 14:8:54	PM_INT_MONITOR	FUNCTION/FUNCTION_INT_Monitor/Sequence	2020/01/25 10:43:08	<NEW>
2020/2/9 14:8:54	ALARM_MANAGER	Engine/Exec/GUI_AlarmManager	2020/01/25 10:43:00	<NEW>	"Gui Alarm Manager 4.6(2009.08.28)"
2020/2/9 14:8:54	ALARM_HISTORY	Engine/Exec/GUI_AlarmHistory	2020/01/25 10:43:00	<NEW>	"Gui Alarm History 3.95(2009.09.04)"
2020/2/9 14:8:54	IO_MANAGER	Function/Function_GUI/Gui_IOManager/GUI_IOManager	2020/02/02 10:40:50	<NEW>	"Gui IO Manager 3.6(2005.05.11)"
2020/2/9 14:8:54	SCREEN_MANAGER_STATUS	Engine/Exec/GUI_Screen_Status2	2020/01/25 10:43:01	<NEW>	"Gui Status(2) 4.81(2009.09.09)"
2020/2/9 14:8:54	SCREEN_USER_CONTROL	Engine/Exec/GUI_Screen_User_Control	2020/01/25 10:43:01	<NEW>	"Gui User Control 3.94(2009.08.01)"
2020/2/9 14:8:54	SCREEN_MANAGER_BOTTOM	Engine/Exec/GUI_Screen_Bottom	2020/01/25 10:43:01	<NEW>	"Gui Bottom 4.81(2009.09.09)"
2020/2/9 14:8:54	SCREEN_MANAGER_RIGHT	Engine/Exec/GUI_Screen_Right	2020/01/25 10:43:01	<NEW>	"Gui Right 4.81(2009.09.09)"
2020/2/9 14:8:54	SCREEN_CLEAR	Engine/Exec/Screen_Clear	2020/01/25 10:43:05	<NEW>	"Gui Clear Generate 3.1(2004.06.29)"
2020/2/9 14:8:54	SCREEN_PLOTTING_PMC	Engine/Exec/GUI_Plotter	2020/01/25 10:43:02	<NEW>	"Gui Plotter 4.4(2011.12.07)"
2020/2/9 14:8:54	SCREEN_PLOTTING_PMC1	Parameter/GUI_Plotter/GUI_Plotter	2020/01/25 10:43:21	<NEW>	"Gui Plotter 4.14(2005.07.19)"
2020/2/9 14:8:54	SCREEN_PLOTTING_PMC2	Parameter/GUI_Plotter/GUI_Plotter	2020/01/25 10:43:21	<NEW>	"Gui Plotter 4.14(2005.07.19)"
2020/2/9 14:8:54	SCREEN_PMC	Engine/Exec/GUI_Standard2	2020/01/25 10:43:01	<NEW>	"Gui Standard 4.81(2009.09.09)"
2020/2/9 14:8:54	SCREEN_PMC_2	Engine/Exec/GUI_Standard2	2020/01/25 10:43:01	<NEW>	"Gui Standard 4.81(2009.09.09)"
2020/2/9 14:8:54	SCREEN_PARM_SAVE	Engine/Exec/GUI_Standard2	2020/01/25 10:43:01	<NEW>	"Gui Standard 4.81(2009.09.09)"
2020/2/9 14:8:54	SCREEN_HEATER_SET	Engine/Exec/GUI_Standard2	2020/01/25 10:43:01	<NEW>	"Gui Standard 4.81(2009.09.09)"
2020/2/9 14:8:54	SERV_MAIN	Engine/exec/MsgConverter	2020/01/25 10:43:02	<NEW>	"MessageConverter 3.4(2008.04.04)"
2020/2/9 14:8:54	GAS_CAL_CONTROL	FUNCTION/Function_MODULE_PMC/OBJ_Gas_Calibration/Sequence	2020/01/25 10:43:09	<NEW>
2020/2/9 14:8:54	CTRL_MONITOR	FUNCTION/FUNCTION_MODULE_PMC/OBJ_CtrlMonitor/Sequence	2020/01/25 10:43:09	<NEW>
2020/2/9 14:8:54	HB_CONTROL	FUNCTION/FUNCTION_MODULE_PMC/OBJ_HeartBeatCtrl/Sequence	2020/01/25 10:43:09	<NEW>
2020/2/9 14:8:54	PERSIST_IO_CONTROL	FUNCTION/FUNCTION_MODULE_PMC/OBJ_PersistIO/Sequence	2020/01/25 10:43:10	<NEW>
2020/2/9 14:8:54	IO_MONITOR	FUNCTION/FUNCTION_MODULE_PMC/OBJ_IOMonitor/Sequence	2020/01/25 10:43:09	<NEW>
2020/2/9 14:8:54	PLC_ALARM_MONITOR	FUNCTION/FUNCTION_MODULE_PMC/OBJ_PLCAlarmMonitor/Sequence	2020/01/25 10:43:10	<NEW>
2020/2/9 14:8:54	RECIPE_CONTROL	Engine/exec/RcpHandler	2020/01/25 10:43:03	<NEW>	"RecipeHandler 3.6(2006.04.14)"
2020/2/9 14:8:54	VACUUM_CONTROL	FUNCTION/FUNCTION_MODULE_PMC/OBJ_VACUUM/Sequence	2020/02/09 13:04:23	<NEW>
2020/2/9 14:8:54	ABORT_GAS	FUNCTION/FUNCTION_MODULE_PMC/OBJ_AbortGas/Sequence	2020/01/25 10:43:09	<NEW>
2020/2/9 14:8:54	PROCBGRUN_CONTROL	FUNCTION/FUNCTION_MODULE_PMC/OBJ_ProcBackgroundRun/Sequence	2020/01/25 10:43:10	<NEW>
2020/2/9 14:8:54	HTR_MONITOR	FUNCTION/FUNCTION_MODULE_PMC/OBJ_HeaterMonitor/Sequence	2020/01/25 10:43:09	<NEW>
2020/2/9 14:8:54	HTR_CONTROL	FUNCTION/FUNCTION_MODULE_PMC/OBJ_HeaterControl/Sequence	2020/02/09 13:34:20	<NEW>
2020/2/9 14:8:54	HTR_POW_MON	FUNCTION/FUNCTION_MODULE_PMC/OBJ_HeaterPowCheck/Sequence	2020/02/09 13:31:35	<NEW>
2020/2/9 14:8:54	STGHTR_MONITOR	FUNCTION/FUNCTION_MODULE_PMC/OBJ_StgHtrMonitor/Sequence	2020/01/25 10:43:11	<NEW>
2020/2/9 14:8:54	STGHTR_MONITOR2	FUNCTION/FUNCTION_MODULE_PMC/OBJ_StgHtrMonitor/Sequence	2020/01/25 10:43:11	<NEW>
2020/2/9 14:8:54	STGHTR_CONTROL	FUNCTION/FUNCTION_MODULE_PMC/OBJ_StgHtrControl/Sequence	2020/01/25 10:43:11	<NEW>
2020/2/9 14:8:54	STGHTR_CONTROL2	FUNCTION/FUNCTION_MODULE_PMC/OBJ_StgHtrControl/Sequence	2020/01/25 10:43:11	<NEW>
2020/2/9 14:8:54	TIME_MONITOR	FUNCTION/FUNCTION_MODULE_PMC/OBJ_TimeMonitor/Sequence	2020/01/25 10:43:11	<NEW>
2020/2/9 14:8:54	ABORT_PROCESS_PMC	FUNCTION/FUNCTION_MODULE_PMC/OBJ_AbortProcess/Sequence	2020/01/25 10:43:09	<NEW>
2020/2/9 14:8:54	VALVE_CONTROL	FUNCTION/FUNCTION_MODULE_PMC/OBJ_ValveControl/Sequence	2020/01/25 10:43:11	<NEW>
2020/2/9 14:8:54	MFC_CONTROL	FUNCTION/FUNCTION_MODULE_PMC/OBJ_MFCControl/Sequence	2020/01/25 10:43:09	<NEW>
2020/2/9 14:8:54	RF_CONTROL	FUNCTION/FUNCTION_MODULE_PMC/OBJ_RFControl/Sequence	2020/01/25 10:43:10	<NEW>
2020/2/9 14:8:54	RF_CONTROL2	FUNCTION/FUNCTION_MODULE_PMC/OBJ_RFControl2/Sequence	2020/01/25 10:43:10	<NEW>
2020/2/9 14:8:54	RF_COUNT_MONITOR	FUNCTION/FUNCTION_MODULE_PMC/OBJ_RFCountMonitor/Sequence	2020/01/25 10:43:10	<NEW>
2020/2/9 14:8:54	REFILL_CONTROL	FUNCTION/FUNCTION_MODULE_PMC/OBJ_AutoRefill/Sequence	2020/01/25 10:43:09	<NEW>
2020/2/9 14:8:54	PRESS_CONTROL	FUNCTION/FUNCTION_MODULE_PMC/OBJ_Pressure_MKS/Sequence	2020/01/25 10:43:10	<NEW>
2020/2/9 14:8:54	PRS_CONTROL	FUNCTION/FUNCTION_MODULE_PMC/OBJ_PressureControl/Sequence	2020/01/25 10:43:10	<NEW>
2020/2/9 14:8:54	PRS_MONITOR	FUNCTION/FUNCTION_MODULE_PMC/OBJ_PressureMonitor/Sequence	2020/01/25 10:43:10	<NEW>
2020/2/9 14:8:54	HT_ExchgControl	FUNCTION/FUNCTION_MODULE_PMC/OBJ_HeatExchangerCon/Sequence	2020/01/25 10:43:09	<NEW>
2020/2/9 14:8:54	MFCPrsMonitor	FUNCTION/FUNCTION_MODULE_PMC/OBJ_MFCPrsMonitor/Sequence	2020/01/25 10:43:10	<NEW>
2020/2/9 14:8:54	ALDIOMon	FUNCTION/FUNCTION_MODULE_PMC/OBJ_ALDValveCnt/Sequence	2020/01/25 10:43:08	<NEW>
2020/2/9 14:8:54	LOTPRE_SKIP_TIMER	FUNCTION/FUNCTION_MODULE_PMC/OBJ_LotPreSkipTimer/Sequence	2020/01/25 10:43:09	<NEW>
2020/2/9 14:8:54	MFC_FLOWTEST	FUNCTION/Function_MODULE_PMC/OBJ_MFCFlowTest/Sequence	2020/01/25 10:43:10	<NEW>
2020/2/9 14:8:54	ALD_VLV_CTRL	FUNCTION/Function_MODULE_PMC/OBJ_ALDVlvControl/Sequence	2020/01/25 10:43:08	<NEW>
2020/2/9 14:8:54	RF_MAT_PARAM_MON	FUNCTION/Function_MODULE_PMC/OBJ_RF_MAT_ParamMon/Sequence	2020/01/25 10:43:10	<NEW>
2020/2/9 14:8:54	OBJ_Alarm_Clear	FUNCTION/Function_MODULE_PMC/OBJ_Alarm_Clear/Sequence	2020/01/25 10:43:09	<NEW>
2020/2/9 14:8:54	PM_SIMULATOR	FUNCTION/FUNCTION_MODULE_SIMULATOR/OBJ_PMSimulator/Sequence	2020/01/25 10:43:11	<NEW>
2020/2/9 14:8:54	READY	Engine/EXEC/MsgReplacer	2020/01/25 10:43:02	<NEW>	"MessageReplacer 3.41(2007.01.02)"
2020/2/9 14:8:54	END	Engine/EXEC/MsgReplacer	2020/01/25 10:43:02	<NEW>	"MessageReplacer 3.41(2007.01.02)"
2020/2/9 14:8:54	PREPARE_SEND	Engine/EXEC/MsgReplacer	2020/01/25 10:43:02	<NEW>	"MessageReplacer 3.41(2007.01.02)"
2020/2/9 14:8:54	POST_SEND	Engine/EXEC/MsgReplacer	2020/01/25 10:43:02	<NEW>	"MessageReplacer 3.41(2007.01.02)"
2020/2/9 14:8:54	PREPARE_RECV	Engine/EXEC/MsgReplacer	2020/01/25 10:43:02	<NEW>	"MessageReplacer 3.41(2007.01.02)"
2020/2/9 14:8:54	POST_RECV	Engine/EXEC/MsgReplacer	2020/01/25 10:43:02	<NEW>	"MessageReplacer 3.41(2007.01.02)"
2020/2/9 14:8:54	PREPARE_PICK	Engine/EXEC/MsgReplacer	2020/01/25 10:43:02	<NEW>	"MessageReplacer 3.41(2007.01.02)"
2020/2/9 14:8:54	WAFER_PICK	Engine/EXEC/MsgReplacer	2020/01/25 10:43:02	<NEW>	"MessageReplacer 3.41(2007.01.02)"
2020/2/9 14:8:54	PREPARE_PLACE	Engine/EXEC/MsgReplacer	2020/01/25 10:43:02	<NEW>	"MessageReplacer 3.41(2007.01.02)"
2020/2/9 14:8:54	WAFER_PLACE	Engine/EXEC/MsgReplacer	2020/01/25 10:43:02	<NEW>	"MessageReplacer 3.41(2007.01.02)"
2020/2/9 14:8:54	PROCESS_IN	FUNCTION/FUNCTION_MODULE_PMC/OBJ_Process/Sequence	2020/01/25 10:43:10	<NEW>
2020/2/9 14:8:54	PROCESS_OUT	FUNCTION/FUNCTION_MODULE_PMC/OBJ_Process/Sequence	2020/01/25 10:43:10	<NEW>
2020/2/9 14:8:54	M_PROCESS	FUNCTION/FUNCTION_MODULE_PMC/OBJ_Process/Sequence	2020/01/25 10:43:10	<NEW>
2020/2/9 14:8:54	PROCESS_LOG	Engine/EXEC/Datalog	2020/01/25 10:43:00	<NEW>	"Datalog for Scheduler 3.99(2014.10.28)"
2020/2/9 14:8:54	TMC_PM_ABORT_GAS	FUNCTION/FUNCTION_MODULE_PMC/OBJ_AbortGas/Sequence	2020/01/25 10:43:09	<NEW>
