[GUI/PMC/Menu_Service.cfg]	2018/5/10 10:34:4	Save File to ... GUI/PMC/Menu_Service.cfg
[GUI/PMC/Menu_Heater_Set.cfg]	2020/1/8 16:29:56	Unknown Object name in Data IO Table - HT398_NameSM
[GUI/PMC/Menu_Heater_Set.cfg]	2020/1/13 10:15:48	Unknown Object name in Data IO Table - PRMA_HT01_OnOff_LT
[GUI/PMC/Menu_Heater_Set.cfg]	2020/1/13 10:15:48	Unknown Object name in Data IO Table - PRMA_HT02_OnOff_LT
[GUI/PMC/Menu_Heater_Set.cfg]	2020/1/13 10:15:48	Unknown Object name in Data IO Table - PRMA_HT03_OnOff_LT
[GUI/PMC/Menu_Heater_Set.cfg]	2020/1/13 10:15:48	Unknown Object name in Data IO Table - PRMA_HT04_OnOff_LT
[GUI/PMC/Menu_Heater_Set.cfg]	2020/1/13 10:15:48	Unknown Object name in Data IO Table - PRMA_HT05_OnOff_LT
[GUI/PMC/Menu_Heater_Set.cfg]	2020/1/13 10:15:48	Unknown Object name in Data IO Table - PRMA_HT06_OnOff_LT
[GUI/PMC/Menu_Heater_Set.cfg]	2020/1/13 10:15:48	Unknown Object name in Data IO Table - PRMA_HT07_OnOff_LT
[GUI/PMC/Menu_Heater_Set.cfg]	2020/1/13 10:15:48	Unknown Object name in Data IO Table - PRMA_HT08_OnOff_LT
[GUI/PMC/Menu_Heater_Set.cfg]	2020/1/13 10:15:48	Unknown Object name in Data IO Table - PRMA_HT09_OnOff_LT
[GUI/PMC/Menu_Heater_Set.cfg]	2020/1/13 10:15:48	Unknown Object name in Data IO Table - PRMA_HT10_OnOff_LT
[GUI/PMC/Menu_Heater_Set.cfg]	2020/1/13 10:15:48	Unknown Object name in Data IO Table - PRMA_HT11_OnOff_LT
[GUI/PMC/Menu_Heater_Set.cfg]	2020/1/13 10:15:48	Unknown Object name in Data IO Table - PRMA_HT12_OnOff_LT
[GUI/PMC/Menu_Heater_Set.cfg]	2020/1/13 10:15:48	Unknown Object name in Data IO Table - PRMA_HT13_OnOff_LT
[GUI/PMC/Menu_Heater_Set.cfg]	2020/1/13 10:15:48	Unknown Object name in Data IO Table - PRMA_HT14_OnOff_LT
[GUI/PMC/Menu_Heater_Set.cfg]	2020/1/13 10:15:48	Unknown Object name in Data IO Table - PRMA_HT15_OnOff_LT
[GUI/PMC/Menu_Heater_Set.cfg]	2020/1/13 10:15:48	Unknown Object name in Data IO Table - PRMA_HT16_OnOff_LT
[GUI/PMC/Menu_Heater_Set.cfg]	2020/1/13 10:15:48	Unknown Object name in Data IO Table - PRMA_HT01_TmpSp_LT
[GUI/PMC/Menu_Heater_Set.cfg]	2020/1/13 10:15:48	Unknown Object name in Data IO Table - PRMA_HT02_TmpSp_LT
[GUI/PMC/Menu_Heater_Set.cfg]	2020/1/13 10:15:48	Unknown Object name in Data IO Table - PRMA_HT03_TmpSp_LT
[GUI/PMC/Menu_Heater_Set.cfg]	2020/1/13 10:15:48	Unknown Object name in Data IO Table - PRMA_HT04_TmpSp_LT
[GUI/PMC/Menu_Heater_Set.cfg]	2020/1/13 10:15:48	Unknown Object name in Data IO Table - PRMA_HT05_TmpSp_LT
[GUI/PMC/Menu_Heater_Set.cfg]	2020/1/13 10:15:48	Unknown Object name in Data IO Table - PRMA_HT06_TmpSp_LT
[GUI/PMC/Menu_Heater_Set.cfg]	2020/1/13 10:15:48	Unknown Object name in Data IO Table - PRMA_HT07_TmpSp_LT
[GUI/PMC/Menu_Heater_Set.cfg]	2020/1/13 10:15:48	Unknown Object name in Data IO Table - PRMA_HT08_TmpSp_LT
[GUI/PMC/Menu_Heater_Set.cfg]	2020/1/13 10:15:48	Unknown Object name in Data IO Table - PRMA_HT09_TmpSp_LT
[GUI/PMC/Menu_Heater_Set.cfg]	2020/1/13 10:15:48	Unknown Object name in Data IO Table - PRMA_HT10_TmpSp_LT
[GUI/PMC/Menu_Heater_Set.cfg]	2020/1/13 10:15:48	Unknown Object name in Data IO Table - PRMA_HT11_TmpSp_LT
[GUI/PMC/Menu_Heater_Set.cfg]	2020/1/13 10:15:48	Unknown Object name in Data IO Table - PRMA_HT12_TmpSp_LT
[GUI/PMC/Menu_Heater_Set.cfg]	2020/1/13 10:15:48	Unknown Object name in Data IO Table - PRMA_HT13_TmpSp_LT
[GUI/PMC/Menu_Heater_Set.cfg]	2020/1/13 10:15:48	Unknown Object name in Data IO Table - PRMA_HT14_TmpSp_LT
[GUI/PMC/Menu_Heater_Set.cfg]	2020/1/13 10:15:48	Unknown Object name in Data IO Table - PRMA_HT15_TmpSp_LT
[GUI/PMC/Menu_Heater_Set.cfg]	2020/1/13 10:15:48	Unknown Object name in Data IO Table - PRMA_HT16_TmpSp_LT
[GUI/PMC/Menu_Heater_Set.cfg]	2020/1/13 10:15:48	Unknown Object name in Data IO Table - PRMA_HT01_CtrlMd_LT
[GUI/PMC/Menu_Heater_Set.cfg]	2020/1/13 10:15:48	Unknown Object name in Data IO Table - PRMA_HT02_CtrlMd_LT
[GUI/PMC/Menu_Heater_Set.cfg]	2020/1/13 10:15:48	Unknown Object name in Data IO Table - PRMA_HT03_CtrlMd_LT
[GUI/PMC/Menu_Heater_Set.cfg]	2020/1/13 10:15:48	Unknown Object name in Data IO Table - PRMA_HT04_CtrlMd_LT
[GUI/PMC/Menu_Heater_Set.cfg]	2020/1/13 10:15:48	Unknown Object name in Data IO Table - PRMA_HT05_CtrlMd_LT
[GUI/PMC/Menu_Heater_Set.cfg]	2020/1/13 10:15:48	Unknown Object name in Data IO Table - PRMA_HT06_CtrlMd_LT
[GUI/PMC/Menu_Heater_Set.cfg]	2020/1/13 10:15:48	Unknown Object name in Data IO Table - PRMA_HT07_CtrlMd_LT
[GUI/PMC/Menu_Heater_Set.cfg]	2020/1/13 10:15:48	Unknown Object name in Data IO Table - PRMA_HT08_CtrlMd_LT
[GUI/PMC/Menu_Heater_Set.cfg]	2020/1/13 10:15:48	Unknown Object name in Data IO Table - PRMA_HT09_CtrlMd_LT
[GUI/PMC/Menu_Heater_Set.cfg]	2020/1/13 10:15:48	Unknown Object name in Data IO Table - PRMA_HT10_CtrlMd_LT
[GUI/PMC/Menu_Heater_Set.cfg]	2020/1/13 10:15:48	Unknown Object name in Data IO Table - PRMA_HT11_CtrlMd_LT
[GUI/PMC/Menu_Heater_Set.cfg]	2020/1/13 10:15:48	Unknown Object name in Data IO Table - PRMA_HT12_CtrlMd_LT
[GUI/PMC/Menu_Heater_Set.cfg]	2020/1/13 10:15:48	Unknown Object name in Data IO Table - PRMA_HT13_CtrlMd_LT
[GUI/PMC/Menu_Heater_Set.cfg]	2020/1/13 10:15:48	Unknown Object name in Data IO Table - PRMA_HT14_CtrlMd_LT
[GUI/PMC/Menu_Heater_Set.cfg]	2020/1/13 10:15:48	Unknown Object name in Data IO Table - PRMA_HT15_CtrlMd_LT
[GUI/PMC/Menu_Heater_Set.cfg]	2020/1/13 10:15:48	Unknown Object name in Data IO Table - PRMA_HT16_CtrlMd_LT
[GUI/PMC/Menu_Heater_Set.cfg]	2020/1/13 10:15:48	Unknown Object name in Data IO Table - PRMA_HT01_TmpHgLmt_LT
[GUI/PMC/Menu_Heater_Set.cfg]	2020/1/13 10:15:48	Unknown Object name in Data IO Table - PRMA_HT02_TmpHgLmt_LT
[GUI/PMC/Menu_Heater_Set.cfg]	2020/1/13 10:15:48	Unknown Object name in Data IO Table - PRMA_HT03_TmpHgLmt_LT
[GUI/PMC/Menu_Heater_Set.cfg]	2020/1/13 10:15:48	Unknown Object name in Data IO Table - PRMA_HT04_TmpHgLmt_LT
[GUI/PMC/Menu_Heater_Set.cfg]	2020/1/13 10:15:48	Unknown Object name in Data IO Table - PRMA_HT05_TmpHgLmt_LT
[GUI/PMC/Menu_Heater_Set.cfg]	2020/1/13 10:15:48	Unknown Object name in Data IO Table - PRMA_HT06_TmpHgLmt_LT
[GUI/PMC/Menu_Heater_Set.cfg]	2020/1/13 10:15:48	Unknown Object name in Data IO Table - PRMA_HT07_TmpHgLmt_LT
[GUI/PMC/Menu_Heater_Set.cfg]	2020/1/13 10:15:48	Unknown Object name in Data IO Table - PRMA_HT08_TmpHgLmt_LT
[GUI/PMC/Menu_Heater_Set.cfg]	2020/1/13 10:15:48	Unknown Object name in Data IO Table - PRMA_HT09_TmpHgLmt_LT
[GUI/PMC/Menu_Heater_Set.cfg]	2020/1/13 10:15:48	Unknown Object name in Data IO Table - PRMA_HT10_TmpHgLmt_LT
[GUI/PMC/Menu_Heater_Set.cfg]	2020/1/13 10:15:48	Unknown Object name in Data IO Table - PRMA_HT11_TmpHgLmt_LT
[GUI/PMC/Menu_Heater_Set.cfg]	2020/1/13 10:15:48	Unknown Object name in Data IO Table - PRMA_HT12_TmpHgLmt_LT
[GUI/PMC/Menu_Heater_Set.cfg]	2020/1/13 10:15:48	Unknown Object name in Data IO Table - PRMA_HT13_TmpHgLmt_LT
[GUI/PMC/Menu_Heater_Set.cfg]	2020/1/13 10:15:48	Unknown Object name in Data IO Table - PRMA_HT14_TmpHgLmt_LT
[GUI/PMC/Menu_Heater_Set.cfg]	2020/1/13 10:15:48	Unknown Object name in Data IO Table - PRMA_HT15_TmpHgLmt_LT
[GUI/PMC/Menu_Heater_Set.cfg]	2020/1/13 10:15:48	Unknown Object name in Data IO Table - PRMA_HT16_TmpHgLmt_LT
[GUI/PMC/Menu_Heater_Set.cfg]	2020/1/13 10:15:48	Unknown Object name in Data IO Table - PRMA_HT01_TmpLwLmt_LT
[GUI/PMC/Menu_Heater_Set.cfg]	2020/1/13 10:15:48	Unknown Object name in Data IO Table - PRMA_HT02_TmpLwLmt_LT
[GUI/PMC/Menu_Heater_Set.cfg]	2020/1/13 10:15:48	Unknown Object name in Data IO Table - PRMA_HT03_TmpLwLmt_LT
[GUI/PMC/Menu_Heater_Set.cfg]	2020/1/13 10:15:48	Unknown Object name in Data IO Table - PRMA_HT04_TmpLwLmt_LT
[GUI/PMC/Menu_Heater_Set.cfg]	2020/1/13 10:15:48	Unknown Object name in Data IO Table - PRMA_HT05_TmpLwLmt_LT
[GUI/PMC/Menu_Heater_Set.cfg]	2020/1/13 10:15:48	Unknown Object name in Data IO Table - PRMA_HT06_TmpLwLmt_LT
[GUI/PMC/Menu_Heater_Set.cfg]	2020/1/13 10:15:48	Unknown Object name in Data IO Table - PRMA_HT07_TmpLwLmt_LT
[GUI/PMC/Menu_Heater_Set.cfg]	2020/1/13 10:15:48	Unknown Object name in Data IO Table - PRMA_HT08_TmpLwLmt_LT
[GUI/PMC/Menu_Heater_Set.cfg]	2020/1/13 10:15:48	Unknown Object name in Data IO Table - PRMA_HT09_TmpLwLmt_LT
[GUI/PMC/Menu_Heater_Set.cfg]	2020/1/13 10:15:48	Unknown Object name in Data IO Table - PRMA_HT10_TmpLwLmt_LT
[GUI/PMC/Menu_Heater_Set.cfg]	2020/1/13 10:15:48	Unknown Object name in Data IO Table - PRMA_HT11_TmpLwLmt_LT
[GUI/PMC/Menu_Heater_Set.cfg]	2020/1/13 10:15:48	Unknown Object name in Data IO Table - PRMA_HT12_TmpLwLmt_LT
[GUI/PMC/Menu_Heater_Set.cfg]	2020/1/13 10:15:48	Unknown Object name in Data IO Table - PRMA_HT13_TmpLwLmt_LT
[GUI/PMC/Menu_Heater_Set.cfg]	2020/1/13 10:15:48	Unknown Object name in Data IO Table - PRMA_HT14_TmpLwLmt_LT
[GUI/PMC/Menu_Heater_Set.cfg]	2020/1/13 10:15:48	Unknown Object name in Data IO Table - PRMA_HT15_TmpLwLmt_LT
[GUI/PMC/Menu_Heater_Set.cfg]	2020/1/13 10:15:48	Unknown Object name in Data IO Table - PRMA_HT16_TmpLwLmt_LT
[GUI/PMC/Menu_Heater_Set.cfg]	2020/1/13 10:15:48	Unknown Object name in Data IO Table - PRMA_HT01_Devi_LT
[GUI/PMC/Menu_Heater_Set.cfg]	2020/1/13 10:15:48	Unknown Object name in Data IO Table - PRMA_HT02_Devi_LT
[GUI/PMC/Menu_Heater_Set.cfg]	2020/1/13 10:15:48	Unknown Object name in Data IO Table - PRMA_HT03_Devi_LT
[GUI/PMC/Menu_Heater_Set.cfg]	2020/1/13 10:15:48	Unknown Object name in Data IO Table - PRMA_HT04_Devi_LT
[GUI/PMC/Menu_Heater_Set.cfg]	2020/1/13 10:15:48	Unknown Object name in Data IO Table - PRMA_HT05_Devi_LT
[GUI/PMC/Menu_Heater_Set.cfg]	2020/1/13 10:15:48	Unknown Object name in Data IO Table - PRMA_HT06_Devi_LT
[GUI/PMC/Menu_Heater_Set.cfg]	2020/1/13 10:15:48	Unknown Object name in Data IO Table - PRMA_HT07_Devi_LT
[GUI/PMC/Menu_Heater_Set.cfg]	2020/1/13 10:15:48	Unknown Object name in Data IO Table - PRMA_HT08_Devi_LT
[GUI/PMC/Menu_Heater_Set.cfg]	2020/1/13 10:15:48	Unknown Object name in Data IO Table - PRMA_HT09_Devi_LT
[GUI/PMC/Menu_Heater_Set.cfg]	2020/1/13 10:15:48	Unknown Object name in Data IO Table - PRMA_HT10_Devi_LT
[GUI/PMC/Menu_Heater_Set.cfg]	2020/1/13 10:15:48	Unknown Object name in Data IO Table - PRMA_HT11_Devi_LT
[GUI/PMC/Menu_Heater_Set.cfg]	2020/1/13 10:15:48	Unknown Object name in Data IO Table - PRMA_HT12_Devi_LT
[GUI/PMC/Menu_Heater_Set.cfg]	2020/1/13 10:15:48	Unknown Object name in Data IO Table - PRMA_HT13_Devi_LT
[GUI/PMC/Menu_Heater_Set.cfg]	2020/1/13 10:15:48	Unknown Object name in Data IO Table - PRMA_HT14_Devi_LT
[GUI/PMC/Menu_Heater_Set.cfg]	2020/1/13 10:15:48	Unknown Object name in Data IO Table - PRMA_HT15_Devi_LT
[GUI/PMC/Menu_Heater_Set.cfg]	2020/1/13 10:15:48	Unknown Object name in Data IO Table - PRMA_HT16_Devi_LT
[GUI/PMC/Menu_Heater_Set.cfg]	2020/1/13 10:15:48	Unknown Object name in Data IO Table - PRMA_HT01_OutPw_LT
[GUI/PMC/Menu_Heater_Set.cfg]	2020/1/13 10:15:48	Unknown Object name in Data IO Table - PRMA_HT02_OutPw_LT
[GUI/PMC/Menu_Heater_Set.cfg]	2020/1/13 10:15:48	Unknown Object name in Data IO Table - PRMA_HT03_OutPw_LT
[GUI/PMC/Menu_Heater_Set.cfg]	2020/1/13 10:15:48	Unknown Object name in Data IO Table - PRMA_HT04_OutPw_LT
[GUI/PMC/Menu_Heater_Set.cfg]	2020/1/13 10:15:48	Unknown Object name in Data IO Table - PRMA_HT05_OutPw_LT
[GUI/PMC/Menu_Heater_Set.cfg]	2020/1/13 10:15:48	Unknown Object name in Data IO Table - PRMA_HT06_OutPw_LT
[GUI/PMC/Menu_Heater_Set.cfg]	2020/1/13 10:15:48	Unknown Object name in Data IO Table - PRMA_HT07_OutPw_LT
[GUI/PMC/Menu_Heater_Set.cfg]	2020/1/13 10:15:48	Unknown Object name in Data IO Table - PRMA_HT08_OutPw_LT
[GUI/PMC/Menu_Heater_Set.cfg]	2020/1/13 10:15:48	Unknown Object name in Data IO Table - PRMA_HT09_OutPw_LT
[GUI/PMC/Menu_Heater_Set.cfg]	2020/1/13 10:15:48	Unknown Object name in Data IO Table - PRMA_HT10_OutPw_LT
[GUI/PMC/Menu_Heater_Set.cfg]	2020/1/13 10:15:48	Unknown Object name in Data IO Table - PRMA_HT11_OutPw_LT
[GUI/PMC/Menu_Heater_Set.cfg]	2020/1/13 10:15:48	Unknown Object name in Data IO Table - PRMA_HT12_OutPw_LT
[GUI/PMC/Menu_Heater_Set.cfg]	2020/1/13 10:15:48	Unknown Object name in Data IO Table - PRMA_HT13_OutPw_LT
[GUI/PMC/Menu_Heater_Set.cfg]	2020/1/13 10:15:48	Unknown Object name in Data IO Table - PRMA_HT14_OutPw_LT
[GUI/PMC/Menu_Heater_Set.cfg]	2020/1/13 10:15:48	Unknown Object name in Data IO Table - PRMA_HT15_OutPw_LT
[GUI/PMC/Menu_Heater_Set.cfg]	2020/1/13 10:15:48	Unknown Object name in Data IO Table - PRMA_HT16_OutPw_LT
[GUI/PMC/Menu_Heater_Set.cfg]	2020/1/13 10:15:48	Unknown Object name in Data IO Table - PRMA_HT01_OutPwLmt_LT
[GUI/PMC/Menu_Heater_Set.cfg]	2020/1/13 10:15:48	Unknown Object name in Data IO Table - PRMA_HT02_OutPwLmt_LT
[GUI/PMC/Menu_Heater_Set.cfg]	2020/1/13 10:15:48	Unknown Object name in Data IO Table - PRMA_HT03_OutPwLmt_LT
[GUI/PMC/Menu_Heater_Set.cfg]	2020/1/13 10:15:48	Unknown Object name in Data IO Table - PRMA_HT04_OutPwLmt_LT
[GUI/PMC/Menu_Heater_Set.cfg]	2020/1/13 10:15:48	Unknown Object name in Data IO Table - PRMA_HT05_OutPwLmt_LT
[GUI/PMC/Menu_Heater_Set.cfg]	2020/1/13 10:15:48	Unknown Object name in Data IO Table - PRMA_HT06_OutPwLmt_LT
[GUI/PMC/Menu_Heater_Set.cfg]	2020/1/13 10:15:48	Unknown Object name in Data IO Table - PRMA_HT07_OutPwLmt_LT
[GUI/PMC/Menu_Heater_Set.cfg]	2020/1/13 10:15:48	Unknown Object name in Data IO Table - PRMA_HT08_OutPwLmt_LT
[GUI/PMC/Menu_Heater_Set.cfg]	2020/1/13 10:15:48	Unknown Object name in Data IO Table - PRMA_HT09_OutPwLmt_LT
[GUI/PMC/Menu_Heater_Set.cfg]	2020/1/13 10:15:48	Unknown Object name in Data IO Table - PRMA_HT10_OutPwLmt_LT
[GUI/PMC/Menu_Heater_Set.cfg]	2020/1/13 10:15:48	Unknown Object name in Data IO Table - PRMA_HT11_OutPwLmt_LT
[GUI/PMC/Menu_Heater_Set.cfg]	2020/1/13 10:15:48	Unknown Object name in Data IO Table - PRMA_HT12_OutPwLmt_LT
[GUI/PMC/Menu_Heater_Set.cfg]	2020/1/13 10:15:48	Unknown Object name in Data IO Table - PRMA_HT13_OutPwLmt_LT
[GUI/PMC/Menu_Heater_Set.cfg]	2020/1/13 10:15:48	Unknown Object name in Data IO Table - PRMA_HT14_OutPwLmt_LT
[GUI/PMC/Menu_Heater_Set.cfg]	2020/1/13 10:15:48	Unknown Object name in Data IO Table - PRMA_HT15_OutPwLmt_LT
[GUI/PMC/Menu_Heater_Set.cfg]	2020/1/13 10:15:48	Unknown Object name in Data IO Table - PRMA_HT16_OutPwLmt_LT
[GUI/PMC/Menu_Heater_Set.cfg]	2020/1/13 10:15:48	Unknown Object name in Data IO Table - PRMA_HT17_OnOff_LT
[GUI/PMC/Menu_Heater_Set.cfg]	2020/1/13 10:15:48	Unknown Object name in Data IO Table - PRMA_HT18_OnOff_LT
[GUI/PMC/Menu_Heater_Set.cfg]	2020/1/13 10:15:48	Unknown Object name in Data IO Table - PRMA_HT19_OnOff_LT
[GUI/PMC/Menu_Heater_Set.cfg]	2020/1/13 10:15:48	Unknown Object name in Data IO Table - PRMA_HT20_OnOff_LT
[GUI/PMC/Menu_Heater_Set.cfg]	2020/1/13 10:15:48	Unknown Object name in Data IO Table - PRMA_HT21_OnOff_LT
[GUI/PMC/Menu_Heater_Set.cfg]	2020/1/13 10:15:48	Unknown Object name in Data IO Table - PRMA_HT22_OnOff_LT
[GUI/PMC/Menu_Heater_Set.cfg]	2020/1/13 10:15:48	Unknown Object name in Data IO Table - PRMA_HT23_OnOff_LT
[GUI/PMC/Menu_Heater_Set.cfg]	2020/1/13 10:15:48	Unknown Object name in Data IO Table - PRMA_HT24_OnOff_LT
[GUI/PMC/Menu_Heater_Set.cfg]	2020/1/13 10:15:48	Unknown Object name in Data IO Table - PRMA_HT25_OnOff_LT
[GUI/PMC/Menu_Heater_Set.cfg]	2020/1/13 10:15:48	Unknown Object name in Data IO Table - PRMA_HT26_OnOff_LT
[GUI/PMC/Menu_Heater_Set.cfg]	2020/1/13 10:15:48	Unknown Object name in Data IO Table - PRMA_HT27_OnOff_LT
[GUI/PMC/Menu_Heater_Set.cfg]	2020/1/13 10:15:48	Unknown Object name in Data IO Table - PRMA_HT28_OnOff_LT
[GUI/PMC/Menu_Heater_Set.cfg]	2020/1/13 10:15:48	Unknown Object name in Data IO Table - PRMA_HT29_OnOff_LT
[GUI/PMC/Menu_Heater_Set.cfg]	2020/1/13 10:15:48	Unknown Object name in Data IO Table - PRMA_HT30_OnOff_LT
[GUI/PMC/Menu_Heater_Set.cfg]	2020/1/13 10:15:48	Unknown Object name in Data IO Table - PRMA_HT31_OnOff_LT
[GUI/PMC/Menu_Heater_Set.cfg]	2020/1/13 10:15:48	Unknown Object name in Data IO Table - PRMA_HT32_OnOff_LT
[GUI/PMC/Menu_Heater_Set.cfg]	2020/1/13 10:15:48	Unknown Object name in Data IO Table - PRMA_HT17_TmpSp_LT
[GUI/PMC/Menu_Heater_Set.cfg]	2020/1/13 10:15:48	Unknown Object name in Data IO Table - PRMA_HT18_TmpSp_LT
[GUI/PMC/Menu_Heater_Set.cfg]	2020/1/13 10:15:48	Unknown Object name in Data IO Table - PRMA_HT19_TmpSp_LT
[GUI/PMC/Menu_Heater_Set.cfg]	2020/1/13 10:15:48	Unknown Object name in Data IO Table - PRMA_HT20_TmpSp_LT
[GUI/PMC/Menu_Heater_Set.cfg]	2020/1/13 10:15:48	Unknown Object name in Data IO Table - PRMA_HT21_TmpSp_LT
[GUI/PMC/Menu_Heater_Set.cfg]	2020/1/13 10:15:48	Unknown Object name in Data IO Table - PRMA_HT22_TmpSp_LT
[GUI/PMC/Menu_Heater_Set.cfg]	2020/1/13 10:15:48	Unknown Object name in Data IO Table - PRMA_HT23_TmpSp_LT
[GUI/PMC/Menu_Heater_Set.cfg]	2020/1/13 10:15:48	Unknown Object name in Data IO Table - PRMA_HT24_TmpSp_LT
[GUI/PMC/Menu_Heater_Set.cfg]	2020/1/13 10:15:48	Unknown Object name in Data IO Table - PRMA_HT25_TmpSp_LT
[GUI/PMC/Menu_Heater_Set.cfg]	2020/1/13 10:15:48	Unknown Object name in Data IO Table - PRMA_HT26_TmpSp_LT
[GUI/PMC/Menu_Heater_Set.cfg]	2020/1/13 10:15:48	Unknown Object name in Data IO Table - PRMA_HT27_TmpSp_LT
[GUI/PMC/Menu_Heater_Set.cfg]	2020/1/13 10:15:48	Unknown Object name in Data IO Table - PRMA_HT28_TmpSp_LT
[GUI/PMC/Menu_Heater_Set.cfg]	2020/1/13 10:15:48	Unknown Object name in Data IO Table - PRMA_HT29_TmpSp_LT
[GUI/PMC/Menu_Heater_Set.cfg]	2020/1/13 10:15:48	Unknown Object name in Data IO Table - PRMA_HT30_TmpSp_LT
[GUI/PMC/Menu_Heater_Set.cfg]	2020/1/13 10:15:48	Unknown Object name in Data IO Table - PRMA_HT31_TmpSp_LT
[GUI/PMC/Menu_Heater_Set.cfg]	2020/1/13 10:15:48	Unknown Object name in Data IO Table - PRMA_HT32_TmpSp_LT
[GUI/PMC/Menu_Heater_Set.cfg]	2020/1/13 10:15:48	Unknown Object name in Data IO Table - PRMA_HT17_CtrlMd_LT
[GUI/PMC/Menu_Heater_Set.cfg]	2020/1/13 10:15:48	Unknown Object name in Data IO Table - PRMA_HT18_CtrlMd_LT
[GUI/PMC/Menu_Heater_Set.cfg]	2020/1/13 10:15:48	Unknown Object name in Data IO Table - PRMA_HT19_CtrlMd_LT
[GUI/PMC/Menu_Heater_Set.cfg]	2020/1/13 10:15:48	Unknown Object name in Data IO Table - PRMA_HT20_CtrlMd_LT
[GUI/PMC/Menu_Heater_Set.cfg]	2020/1/13 10:15:48	Unknown Object name in Data IO Table - PRMA_HT21_CtrlMd_LT
[GUI/PMC/Menu_Heater_Set.cfg]	2020/1/13 10:15:48	Unknown Object name in Data IO Table - PRMA_HT22_CtrlMd_LT
[GUI/PMC/Menu_Heater_Set.cfg]	2020/1/13 10:15:48	Unknown Object name in Data IO Table - PRMA_HT23_CtrlMd_LT
[GUI/PMC/Menu_Heater_Set.cfg]	2020/1/13 10:15:48	Unknown Object name in Data IO Table - PRMA_HT24_CtrlMd_LT
[GUI/PMC/Menu_Heater_Set.cfg]	2020/1/13 10:15:48	Unknown Object name in Data IO Table - PRMA_HT25_CtrlMd_LT
[GUI/PMC/Menu_Heater_Set.cfg]	2020/1/13 10:15:48	Unknown Object name in Data IO Table - PRMA_HT26_CtrlMd_LT
[GUI/PMC/Menu_Heater_Set.cfg]	2020/1/13 10:15:48	Unknown Object name in Data IO Table - PRMA_HT27_CtrlMd_LT
[GUI/PMC/Menu_Heater_Set.cfg]	2020/1/13 10:15:48	Unknown Object name in Data IO Table - PRMA_HT28_CtrlMd_LT
[GUI/PMC/Menu_Heater_Set.cfg]	2020/1/13 10:15:48	Unknown Object name in Data IO Table - PRMA_HT29_CtrlMd_LT
[GUI/PMC/Menu_Heater_Set.cfg]	2020/1/13 10:15:48	Unknown Object name in Data IO Table - PRMA_HT30_CtrlMd_LT
[GUI/PMC/Menu_Heater_Set.cfg]	2020/1/13 10:15:48	Unknown Object name in Data IO Table - PRMA_HT31_CtrlMd_LT
[GUI/PMC/Menu_Heater_Set.cfg]	2020/1/13 10:15:48	Unknown Object name in Data IO Table - PRMA_HT32_CtrlMd_LT
[GUI/PMC/Menu_Heater_Set.cfg]	2020/1/13 10:15:48	Unknown Object name in Data IO Table - PRMA_HT17_TmpHgLmt_LT
[GUI/PMC/Menu_Heater_Set.cfg]	2020/1/13 10:15:48	Unknown Object name in Data IO Table - PRMA_HT18_TmpHgLmt_LT
[GUI/PMC/Menu_Heater_Set.cfg]	2020/1/13 10:15:48	Unknown Object name in Data IO Table - PRMA_HT19_TmpHgLmt_LT
[GUI/PMC/Menu_Heater_Set.cfg]	2020/1/13 10:15:48	Unknown Object name in Data IO Table - PRMA_HT20_TmpHgLmt_LT
[GUI/PMC/Menu_Heater_Set.cfg]	2020/1/13 10:15:48	Unknown Object name in Data IO Table - PRMA_HT21_TmpHgLmt_LT
[GUI/PMC/Menu_Heater_Set.cfg]	2020/1/13 10:15:48	Unknown Object name in Data IO Table - PRMA_HT22_TmpHgLmt_LT
[GUI/PMC/Menu_Heater_Set.cfg]	2020/1/13 10:15:48	Unknown Object name in Data IO Table - PRMA_HT23_TmpHgLmt_LT
[GUI/PMC/Menu_Heater_Set.cfg]	2020/1/13 10:15:48	Unknown Object name in Data IO Table - PRMA_HT24_TmpHgLmt_LT
[GUI/PMC/Menu_Heater_Set.cfg]	2020/1/13 10:15:48	Unknown Object name in Data IO Table - PRMA_HT25_TmpHgLmt_LT
[GUI/PMC/Menu_Heater_Set.cfg]	2020/1/13 10:15:48	Unknown Object name in Data IO Table - PRMA_HT26_TmpHgLmt_LT
[GUI/PMC/Menu_Heater_Set.cfg]	2020/1/13 10:15:48	Unknown Object name in Data IO Table - PRMA_HT27_TmpHgLmt_LT
[GUI/PMC/Menu_Heater_Set.cfg]	2020/1/13 10:15:48	Unknown Object name in Data IO Table - PRMA_HT28_TmpHgLmt_LT
[GUI/PMC/Menu_Heater_Set.cfg]	2020/1/13 10:15:48	Unknown Object name in Data IO Table - PRMA_HT29_TmpHgLmt_LT
[GUI/PMC/Menu_Heater_Set.cfg]	2020/1/13 10:15:48	Unknown Object name in Data IO Table - PRMA_HT30_TmpHgLmt_LT
[GUI/PMC/Menu_Heater_Set.cfg]	2020/1/13 10:15:48	Unknown Object name in Data IO Table - PRMA_HT31_TmpHgLmt_LT
[GUI/PMC/Menu_Heater_Set.cfg]	2020/1/13 10:15:48	Unknown Object name in Data IO Table - PRMA_HT32_TmpHgLmt_LT
[GUI/PMC/Menu_Heater_Set.cfg]	2020/1/13 10:15:48	Unknown Object name in Data IO Table - PRMA_HT17_TmpLwLmt_LT
[GUI/PMC/Menu_Heater_Set.cfg]	2020/1/13 10:15:48	Unknown Object name in Data IO Table - PRMA_HT18_TmpLwLmt_LT
[GUI/PMC/Menu_Heater_Set.cfg]	2020/1/13 10:15:48	Unknown Object name in Data IO Table - PRMA_HT19_TmpLwLmt_LT
[GUI/PMC/Menu_Heater_Set.cfg]	2020/1/13 10:15:48	Unknown Object name in Data IO Table - PRMA_HT20_TmpLwLmt_LT
[GUI/PMC/Menu_Heater_Set.cfg]	2020/1/13 10:15:48	Unknown Object name in Data IO Table - PRMA_HT21_TmpLwLmt_LT
[GUI/PMC/Menu_Heater_Set.cfg]	2020/1/13 10:15:48	Unknown Object name in Data IO Table - PRMA_HT22_TmpLwLmt_LT
[GUI/PMC/Menu_Heater_Set.cfg]	2020/1/13 10:15:48	Unknown Object name in Data IO Table - PRMA_HT23_TmpLwLmt_LT
[GUI/PMC/Menu_Heater_Set.cfg]	2020/1/13 10:15:48	Unknown Object name in Data IO Table - PRMA_HT24_TmpLwLmt_LT
[GUI/PMC/Menu_Heater_Set.cfg]	2020/1/13 10:15:48	Unknown Object name in Data IO Table - PRMA_HT25_TmpLwLmt_LT
[GUI/PMC/Menu_Heater_Set.cfg]	2020/1/13 10:15:48	Unknown Object name in Data IO Table - PRMA_HT26_TmpLwLmt_LT
[GUI/PMC/Menu_Heater_Set.cfg]	2020/1/13 10:15:48	Unknown Object name in Data IO Table - PRMA_HT27_TmpLwLmt_LT
[GUI/PMC/Menu_Heater_Set.cfg]	2020/1/13 10:15:48	Unknown Object name in Data IO Table - PRMA_HT28_TmpLwLmt_LT
[GUI/PMC/Menu_Heater_Set.cfg]	2020/1/13 10:15:48	Unknown Object name in Data IO Table - PRMA_HT29_TmpLwLmt_LT
[GUI/PMC/Menu_Heater_Set.cfg]	2020/1/13 10:15:48	Unknown Object name in Data IO Table - PRMA_HT30_TmpLwLmt_LT
[GUI/PMC/Menu_Heater_Set.cfg]	2020/1/13 10:15:48	Unknown Object name in Data IO Table - PRMA_HT31_TmpLwLmt_LT
[GUI/PMC/Menu_Heater_Set.cfg]	2020/1/13 10:15:48	Unknown Object name in Data IO Table - PRMA_HT32_TmpLwLmt_LT
[GUI/PMC/Menu_Heater_Set.cfg]	2020/1/13 10:15:48	Unknown Object name in Data IO Table - PRMA_HT17_Devi_LT
[GUI/PMC/Menu_Heater_Set.cfg]	2020/1/13 10:15:48	Unknown Object name in Data IO Table - PRMA_HT18_Devi_LT
[GUI/PMC/Menu_Heater_Set.cfg]	2020/1/13 10:15:48	Unknown Object name in Data IO Table - PRMA_HT19_Devi_LT
[GUI/PMC/Menu_Heater_Set.cfg]	2020/1/13 10:15:48	Unknown Object name in Data IO Table - PRMA_HT20_Devi_LT
[GUI/PMC/Menu_Heater_Set.cfg]	2020/1/13 10:15:48	Unknown Object name in Data IO Table - PRMA_HT21_Devi_LT
[GUI/PMC/Menu_Heater_Set.cfg]	2020/1/13 10:15:48	Unknown Object name in Data IO Table - PRMA_HT22_Devi_LT
[GUI/PMC/Menu_Heater_Set.cfg]	2020/1/13 10:15:48	Unknown Object name in Data IO Table - PRMA_HT23_Devi_LT
[GUI/PMC/Menu_Heater_Set.cfg]	2020/1/13 10:15:48	Unknown Object name in Data IO Table - PRMA_HT24_Devi_LT
[GUI/PMC/Menu_Heater_Set.cfg]	2020/1/13 10:15:48	Unknown Object name in Data IO Table - PRMA_HT25_Devi_LT
[GUI/PMC/Menu_Heater_Set.cfg]	2020/1/13 10:15:48	Unknown Object name in Data IO Table - PRMA_HT26_Devi_LT
[GUI/PMC/Menu_Heater_Set.cfg]	2020/1/13 10:15:48	Unknown Object name in Data IO Table - PRMA_HT27_Devi_LT
[GUI/PMC/Menu_Heater_Set.cfg]	2020/1/13 10:15:48	Unknown Object name in Data IO Table - PRMA_HT28_Devi_LT
[GUI/PMC/Menu_Heater_Set.cfg]	2020/1/13 10:15:48	Unknown Object name in Data IO Table - PRMA_HT29_Devi_LT
[GUI/PMC/Menu_Heater_Set.cfg]	2020/1/13 10:15:48	Unknown Object name in Data IO Table - PRMA_HT30_Devi_LT
[GUI/PMC/Menu_Heater_Set.cfg]	2020/1/13 10:15:48	Unknown Object name in Data IO Table - PRMA_HT31_Devi_LT
[GUI/PMC/Menu_Heater_Set.cfg]	2020/1/13 10:15:48	Unknown Object name in Data IO Table - PRMA_HT32_Devi_LT
[GUI/PMC/Menu_Heater_Set.cfg]	2020/1/13 10:15:48	Unknown Object name in Data IO Table - PRMA_HT17_OutPw_LT
[GUI/PMC/Menu_Heater_Set.cfg]	2020/1/13 10:15:48	Unknown Object name in Data IO Table - PRMA_HT18_OutPw_LT
[GUI/PMC/Menu_Heater_Set.cfg]	2020/1/13 10:15:48	Unknown Object name in Data IO Table - PRMA_HT19_OutPw_LT
[GUI/PMC/Menu_Heater_Set.cfg]	2020/1/13 10:15:48	Unknown Object name in Data IO Table - PRMA_HT20_OutPw_LT
[GUI/PMC/Menu_Heater_Set.cfg]	2020/1/13 10:15:48	Unknown Object name in Data IO Table - PRMA_HT21_OutPw_LT
[GUI/PMC/Menu_Heater_Set.cfg]	2020/1/13 10:15:48	Unknown Object name in Data IO Table - PRMA_HT22_OutPw_LT
[GUI/PMC/Menu_Heater_Set.cfg]	2020/1/13 10:15:48	Unknown Object name in Data IO Table - PRMA_HT23_OutPw_LT
[GUI/PMC/Menu_Heater_Set.cfg]	2020/1/13 10:15:48	Unknown Object name in Data IO Table - PRMA_HT24_OutPw_LT
[GUI/PMC/Menu_Heater_Set.cfg]	2020/1/13 10:15:48	Unknown Object name in Data IO Table - PRMA_HT25_OutPw_LT
[GUI/PMC/Menu_Heater_Set.cfg]	2020/1/13 10:15:48	Unknown Object name in Data IO Table - PRMA_HT26_OutPw_LT
[GUI/PMC/Menu_Heater_Set.cfg]	2020/1/13 10:15:48	Unknown Object name in Data IO Table - PRMA_HT27_OutPw_LT
[GUI/PMC/Menu_Heater_Set.cfg]	2020/1/13 10:15:48	Unknown Object name in Data IO Table - PRMA_HT28_OutPw_LT
[GUI/PMC/Menu_Heater_Set.cfg]	2020/1/13 10:15:48	Unknown Object name in Data IO Table - PRMA_HT29_OutPw_LT
[GUI/PMC/Menu_Heater_Set.cfg]	2020/1/13 10:15:48	Unknown Object name in Data IO Table - PRMA_HT30_OutPw_LT
[GUI/PMC/Menu_Heater_Set.cfg]	2020/1/13 10:15:48	Unknown Object name in Data IO Table - PRMA_HT31_OutPw_LT
[GUI/PMC/Menu_Heater_Set.cfg]	2020/1/13 10:15:48	Unknown Object name in Data IO Table - PRMA_HT32_OutPw_LT
[GUI/PMC/Menu_Heater_Set.cfg]	2020/1/13 10:15:48	Unknown Object name in Data IO Table - PRMA_HT17_OutPwLmt_LT
[GUI/PMC/Menu_Heater_Set.cfg]	2020/1/13 10:15:48	Unknown Object name in Data IO Table - PRMA_HT18_OutPwLmt_LT
[GUI/PMC/Menu_Heater_Set.cfg]	2020/1/13 10:15:48	Unknown Object name in Data IO Table - PRMA_HT19_OutPwLmt_LT
[GUI/PMC/Menu_Heater_Set.cfg]	2020/1/13 10:15:48	Unknown Object name in Data IO Table - PRMA_HT20_OutPwLmt_LT
[GUI/PMC/Menu_Heater_Set.cfg]	2020/1/13 10:15:48	Unknown Object name in Data IO Table - PRMA_HT21_OutPwLmt_LT
[GUI/PMC/Menu_Heater_Set.cfg]	2020/1/13 10:15:48	Unknown Object name in Data IO Table - PRMA_HT22_OutPwLmt_LT
[GUI/PMC/Menu_Heater_Set.cfg]	2020/1/13 10:15:48	Unknown Object name in Data IO Table - PRMA_HT23_OutPwLmt_LT
[GUI/PMC/Menu_Heater_Set.cfg]	2020/1/13 10:15:48	Unknown Object name in Data IO Table - PRMA_HT24_OutPwLmt_LT
[GUI/PMC/Menu_Heater_Set.cfg]	2020/1/13 10:15:48	Unknown Object name in Data IO Table - PRMA_HT25_OutPwLmt_LT
[GUI/PMC/Menu_Heater_Set.cfg]	2020/1/13 10:15:48	Unknown Object name in Data IO Table - PRMA_HT26_OutPwLmt_LT
[GUI/PMC/Menu_Heater_Set.cfg]	2020/1/13 10:15:48	Unknown Object name in Data IO Table - PRMA_HT27_OutPwLmt_LT
[GUI/PMC/Menu_Heater_Set.cfg]	2020/1/13 10:15:48	Unknown Object name in Data IO Table - PRMA_HT28_OutPwLmt_LT
[GUI/PMC/Menu_Heater_Set.cfg]	2020/1/13 10:15:48	Unknown Object name in Data IO Table - PRMA_HT29_OutPwLmt_LT
[GUI/PMC/Menu_Heater_Set.cfg]	2020/1/13 10:15:48	Unknown Object name in Data IO Table - PRMA_HT30_OutPwLmt_LT
[GUI/PMC/Menu_Heater_Set.cfg]	2020/1/13 10:15:48	Unknown Object name in Data IO Table - PRMA_HT31_OutPwLmt_LT
[GUI/PMC/Menu_Heater_Set.cfg]	2020/1/13 10:15:48	Unknown Object name in Data IO Table - PRMA_HT32_OutPwLmt_LT
[GUI/PMC/Menu_Heater_Set.cfg]	2020/1/13 10:15:48	Unknown Object name in Data IO Table - PRMA_HT01_OnOff_RT
[GUI/PMC/Menu_Heater_Set.cfg]	2020/1/13 10:15:48	Unknown Object name in Data IO Table - PRMA_HT02_OnOff_RT
[GUI/PMC/Menu_Heater_Set.cfg]	2020/1/13 10:15:48	Unknown Object name in Data IO Table - PRMA_HT03_OnOff_RT
[GUI/PMC/Menu_Heater_Set.cfg]	2020/1/13 10:15:48	Unknown Object name in Data IO Table - PRMA_HT04_OnOff_RT
[GUI/PMC/Menu_Heater_Set.cfg]	2020/1/13 10:15:48	Unknown Object name in Data IO Table - PRMA_HT05_OnOff_RT
[GUI/PMC/Menu_Heater_Set.cfg]	2020/1/13 10:15:48	Unknown Object name in Data IO Table - PRMA_HT06_OnOff_RT
[GUI/PMC/Menu_Heater_Set.cfg]	2020/1/13 10:15:48	Unknown Object name in Data IO Table - PRMA_HT07_OnOff_RT
[GUI/PMC/Menu_Heater_Set.cfg]	2020/1/13 10:15:48	Unknown Object name in Data IO Table - PRMA_HT08_OnOff_RT
[GUI/PMC/Menu_Heater_Set.cfg]	2020/1/13 10:15:48	Unknown Object name in Data IO Table - PRMA_HT09_OnOff_RT
[GUI/PMC/Menu_Heater_Set.cfg]	2020/1/13 10:15:48	Unknown Object name in Data IO Table - PRMA_HT10_OnOff_RT
[GUI/PMC/Menu_Heater_Set.cfg]	2020/1/13 10:15:48	Unknown Object name in Data IO Table - PRMA_HT11_OnOff_RT
[GUI/PMC/Menu_Heater_Set.cfg]	2020/1/13 10:15:48	Unknown Object name in Data IO Table - PRMA_HT12_OnOff_RT
[GUI/PMC/Menu_Heater_Set.cfg]	2020/1/13 10:15:48	Unknown Object name in Data IO Table - PRMA_HT13_OnOff_RT
[GUI/PMC/Menu_Heater_Set.cfg]	2020/1/13 10:15:48	Unknown Object name in Data IO Table - PRMA_HT14_OnOff_RT
[GUI/PMC/Menu_Heater_Set.cfg]	2020/1/13 10:15:48	Unknown Object name in Data IO Table - PRMA_HT15_OnOff_RT
[GUI/PMC/Menu_Heater_Set.cfg]	2020/1/13 10:15:48	Unknown Object name in Data IO Table - PRMA_HT16_OnOff_RT
[GUI/PMC/Menu_Heater_Set.cfg]	2020/1/13 10:15:48	Unknown Object name in Data IO Table - PRMA_HT01_TmpSp_RT
[GUI/PMC/Menu_Heater_Set.cfg]	2020/1/13 10:15:48	Unknown Object name in Data IO Table - PRMA_HT02_TmpSp_RT
[GUI/PMC/Menu_Heater_Set.cfg]	2020/1/13 10:15:48	Unknown Object name in Data IO Table - PRMA_HT03_TmpSp_RT
[GUI/PMC/Menu_Heater_Set.cfg]	2020/1/13 10:15:48	Unknown Object name in Data IO Table - PRMA_HT04_TmpSp_RT
[GUI/PMC/Menu_Heater_Set.cfg]	2020/1/13 10:15:48	Unknown Object name in Data IO Table - PRMA_HT05_TmpSp_RT
[GUI/PMC/Menu_Heater_Set.cfg]	2020/1/13 10:15:48	Unknown Object name in Data IO Table - PRMA_HT06_TmpSp_RT
[GUI/PMC/Menu_Heater_Set.cfg]	2020/1/13 10:15:48	Unknown Object name in Data IO Table - PRMA_HT07_TmpSp_RT
[GUI/PMC/Menu_Heater_Set.cfg]	2020/1/13 10:15:48	Unknown Object name in Data IO Table - PRMA_HT08_TmpSp_RT
[GUI/PMC/Menu_Heater_Set.cfg]	2020/1/13 10:15:48	Unknown Object name in Data IO Table - PRMA_HT09_TmpSp_RT
[GUI/PMC/Menu_Heater_Set.cfg]	2020/1/13 10:15:48	Unknown Object name in Data IO Table - PRMA_HT10_TmpSp_RT
[GUI/PMC/Menu_Heater_Set.cfg]	2020/1/13 10:15:48	Unknown Object name in Data IO Table - PRMA_HT11_TmpSp_RT
[GUI/PMC/Menu_Heater_Set.cfg]	2020/1/13 10:15:48	Unknown Object name in Data IO Table - PRMA_HT12_TmpSp_RT
[GUI/PMC/Menu_Heater_Set.cfg]	2020/1/13 10:15:48	Unknown Object name in Data IO Table - PRMA_HT13_TmpSp_RT
[GUI/PMC/Menu_Heater_Set.cfg]	2020/1/13 10:15:48	Unknown Object name in Data IO Table - PRMA_HT14_TmpSp_RT
[GUI/PMC/Menu_Heater_Set.cfg]	2020/1/13 10:15:48	Unknown Object name in Data IO Table - PRMA_HT15_TmpSp_RT
[GUI/PMC/Menu_Heater_Set.cfg]	2020/1/13 10:15:48	Unknown Object name in Data IO Table - PRMA_HT16_TmpSp_RT
[GUI/PMC/Menu_Heater_Set.cfg]	2020/1/13 10:15:48	Unknown Object name in Data IO Table - PRMA_HT01_CtrlMd_RT
[GUI/PMC/Menu_Heater_Set.cfg]	2020/1/13 10:15:48	Unknown Object name in Data IO Table - PRMA_HT02_CtrlMd_RT
[GUI/PMC/Menu_Heater_Set.cfg]	2020/1/13 10:15:48	Unknown Object name in Data IO Table - PRMA_HT03_CtrlMd_RT
[GUI/PMC/Menu_Heater_Set.cfg]	2020/1/13 10:15:48	Unknown Object name in Data IO Table - PRMA_HT04_CtrlMd_RT
[GUI/PMC/Menu_Heater_Set.cfg]	2020/1/13 10:15:48	Unknown Object name in Data IO Table - PRMA_HT05_CtrlMd_RT
[GUI/PMC/Menu_Heater_Set.cfg]	2020/1/13 10:15:48	Unknown Object name in Data IO Table - PRMA_HT06_CtrlMd_RT
[GUI/PMC/Menu_Heater_Set.cfg]	2020/1/13 10:15:48	Unknown Object name in Data IO Table - PRMA_HT07_CtrlMd_RT
[GUI/PMC/Menu_Heater_Set.cfg]	2020/1/13 10:15:48	Unknown Object name in Data IO Table - PRMA_HT08_CtrlMd_RT
[GUI/PMC/Menu_Heater_Set.cfg]	2020/1/13 10:15:48	Unknown Object name in Data IO Table - PRMA_HT09_CtrlMd_RT
[GUI/PMC/Menu_Heater_Set.cfg]	2020/1/13 10:15:48	Unknown Object name in Data IO Table - PRMA_HT10_CtrlMd_RT
[GUI/PMC/Menu_Heater_Set.cfg]	2020/1/13 10:15:48	Unknown Object name in Data IO Table - PRMA_HT11_CtrlMd_RT
[GUI/PMC/Menu_Heater_Set.cfg]	2020/1/13 10:15:48	Unknown Object name in Data IO Table - PRMA_HT12_CtrlMd_RT
[GUI/PMC/Menu_Heater_Set.cfg]	2020/1/13 10:15:48	Unknown Object name in Data IO Table - PRMA_HT13_CtrlMd_RT
[GUI/PMC/Menu_Heater_Set.cfg]	2020/1/13 10:15:48	Unknown Object name in Data IO Table - PRMA_HT14_CtrlMd_RT
[GUI/PMC/Menu_Heater_Set.cfg]	2020/1/13 10:15:48	Unknown Object name in Data IO Table - PRMA_HT15_CtrlMd_RT
[GUI/PMC/Menu_Heater_Set.cfg]	2020/1/13 10:15:48	Unknown Object name in Data IO Table - PRMA_HT16_CtrlMd_RT
[GUI/PMC/Menu_Heater_Set.cfg]	2020/1/13 10:15:48	Unknown Object name in Data IO Table - PRMA_HT01_TmpHgLmt_RT
[GUI/PMC/Menu_Heater_Set.cfg]	2020/1/13 10:15:48	Unknown Object name in Data IO Table - PRMA_HT02_TmpHgLmt_RT
[GUI/PMC/Menu_Heater_Set.cfg]	2020/1/13 10:15:48	Unknown Object name in Data IO Table - PRMA_HT03_TmpHgLmt_RT
[GUI/PMC/Menu_Heater_Set.cfg]	2020/1/13 10:15:48	Unknown Object name in Data IO Table - PRMA_HT04_TmpHgLmt_RT
[GUI/PMC/Menu_Heater_Set.cfg]	2020/1/13 10:15:48	Unknown Object name in Data IO Table - PRMA_HT05_TmpHgLmt_RT
[GUI/PMC/Menu_Heater_Set.cfg]	2020/1/13 10:15:48	Unknown Object name in Data IO Table - PRMA_HT06_TmpHgLmt_RT
[GUI/PMC/Menu_Heater_Set.cfg]	2020/1/13 10:15:48	Unknown Object name in Data IO Table - PRMA_HT07_TmpHgLmt_RT
[GUI/PMC/Menu_Heater_Set.cfg]	2020/1/13 10:15:48	Unknown Object name in Data IO Table - PRMA_HT08_TmpHgLmt_RT
[GUI/PMC/Menu_Heater_Set.cfg]	2020/1/13 10:15:48	Unknown Object name in Data IO Table - PRMA_HT09_TmpHgLmt_RT
[GUI/PMC/Menu_Heater_Set.cfg]	2020/1/13 10:15:48	Unknown Object name in Data IO Table - PRMA_HT10_TmpHgLmt_RT
[GUI/PMC/Menu_Heater_Set.cfg]	2020/1/13 10:15:48	Unknown Object name in Data IO Table - PRMA_HT11_TmpHgLmt_RT
[GUI/PMC/Menu_Heater_Set.cfg]	2020/1/13 10:15:48	Unknown Object name in Data IO Table - PRMA_HT12_TmpHgLmt_RT
[GUI/PMC/Menu_Heater_Set.cfg]	2020/1/13 10:15:48	Unknown Object name in Data IO Table - PRMA_HT13_TmpHgLmt_RT
[GUI/PMC/Menu_Heater_Set.cfg]	2020/1/13 10:15:48	Unknown Object name in Data IO Table - PRMA_HT14_TmpHgLmt_RT
[GUI/PMC/Menu_Heater_Set.cfg]	2020/1/13 10:15:48	Unknown Object name in Data IO Table - PRMA_HT15_TmpHgLmt_RT
[GUI/PMC/Menu_Heater_Set.cfg]	2020/1/13 10:15:48	Unknown Object name in Data IO Table - PRMA_HT16_TmpHgLmt_RT
[GUI/PMC/Menu_Heater_Set.cfg]	2020/1/13 10:15:48	Unknown Object name in Data IO Table - PRMA_HT01_TmpLwLmt_RT
[GUI/PMC/Menu_Heater_Set.cfg]	2020/1/13 10:15:48	Unknown Object name in Data IO Table - PRMA_HT02_TmpLwLmt_RT
[GUI/PMC/Menu_Heater_Set.cfg]	2020/1/13 10:15:48	Unknown Object name in Data IO Table - PRMA_HT03_TmpLwLmt_RT
[GUI/PMC/Menu_Heater_Set.cfg]	2020/1/13 10:15:48	Unknown Object name in Data IO Table - PRMA_HT04_TmpLwLmt_RT
[GUI/PMC/Menu_Heater_Set.cfg]	2020/1/13 10:15:48	Unknown Object name in Data IO Table - PRMA_HT05_TmpLwLmt_RT
[GUI/PMC/Menu_Heater_Set.cfg]	2020/1/13 10:15:48	Unknown Object name in Data IO Table - PRMA_HT06_TmpLwLmt_RT
[GUI/PMC/Menu_Heater_Set.cfg]	2020/1/13 10:15:48	Unknown Object name in Data IO Table - PRMA_HT07_TmpLwLmt_RT
[GUI/PMC/Menu_Heater_Set.cfg]	2020/1/13 10:15:48	Unknown Object name in Data IO Table - PRMA_HT08_TmpLwLmt_RT
[GUI/PMC/Menu_Heater_Set.cfg]	2020/1/13 10:15:48	Unknown Object name in Data IO Table - PRMA_HT09_TmpLwLmt_RT
[GUI/PMC/Menu_Heater_Set.cfg]	2020/1/13 10:15:48	Unknown Object name in Data IO Table - PRMA_HT10_TmpLwLmt_RT
[GUI/PMC/Menu_Heater_Set.cfg]	2020/1/13 10:15:48	Unknown Object name in Data IO Table - PRMA_HT11_TmpLwLmt_RT
[GUI/PMC/Menu_Heater_Set.cfg]	2020/1/13 10:15:48	Unknown Object name in Data IO Table - PRMA_HT12_TmpLwLmt_RT
[GUI/PMC/Menu_Heater_Set.cfg]	2020/1/13 10:15:48	Unknown Object name in Data IO Table - PRMA_HT13_TmpLwLmt_RT
[GUI/PMC/Menu_Heater_Set.cfg]	2020/1/13 10:15:48	Unknown Object name in Data IO Table - PRMA_HT14_TmpLwLmt_RT
[GUI/PMC/Menu_Heater_Set.cfg]	2020/1/13 10:15:48	Unknown Object name in Data IO Table - PRMA_HT15_TmpLwLmt_RT
[GUI/PMC/Menu_Heater_Set.cfg]	2020/1/13 10:15:48	Unknown Object name in Data IO Table - PRMA_HT16_TmpLwLmt_RT
[GUI/PMC/Menu_Heater_Set.cfg]	2020/1/13 10:15:48	Unknown Object name in Data IO Table - PRMA_HT01_Devi_RT
[GUI/PMC/Menu_Heater_Set.cfg]	2020/1/13 10:15:48	Unknown Object name in Data IO Table - PRMA_HT02_Devi_RT
[GUI/PMC/Menu_Heater_Set.cfg]	2020/1/13 10:15:48	Unknown Object name in Data IO Table - PRMA_HT03_Devi_RT
[GUI/PMC/Menu_Heater_Set.cfg]	2020/1/13 10:15:48	Unknown Object name in Data IO Table - PRMA_HT04_Devi_RT
[GUI/PMC/Menu_Heater_Set.cfg]	2020/1/13 10:15:48	Unknown Object name in Data IO Table - PRMA_HT05_Devi_RT
[GUI/PMC/Menu_Heater_Set.cfg]	2020/1/13 10:15:48	Unknown Object name in Data IO Table - PRMA_HT06_Devi_RT
[GUI/PMC/Menu_Heater_Set.cfg]	2020/1/13 10:15:48	Unknown Object name in Data IO Table - PRMA_HT07_Devi_RT
[GUI/PMC/Menu_Heater_Set.cfg]	2020/1/13 10:15:48	Unknown Object name in Data IO Table - PRMA_HT08_Devi_RT
[GUI/PMC/Menu_Heater_Set.cfg]	2020/1/13 10:15:48	Unknown Object name in Data IO Table - PRMA_HT09_Devi_RT
[GUI/PMC/Menu_Heater_Set.cfg]	2020/1/13 10:15:48	Unknown Object name in Data IO Table - PRMA_HT10_Devi_RT
[GUI/PMC/Menu_Heater_Set.cfg]	2020/1/13 10:15:48	Unknown Object name in Data IO Table - PRMA_HT11_Devi_RT
[GUI/PMC/Menu_Heater_Set.cfg]	2020/1/13 10:15:48	Unknown Object name in Data IO Table - PRMA_HT12_Devi_RT
[GUI/PMC/Menu_Heater_Set.cfg]	2020/1/13 10:15:48	Unknown Object name in Data IO Table - PRMA_HT13_Devi_RT
[GUI/PMC/Menu_Heater_Set.cfg]	2020/1/13 10:15:48	Unknown Object name in Data IO Table - PRMA_HT14_Devi_RT
[GUI/PMC/Menu_Heater_Set.cfg]	2020/1/13 10:15:48	Unknown Object name in Data IO Table - PRMA_HT15_Devi_RT
[GUI/PMC/Menu_Heater_Set.cfg]	2020/1/13 10:15:48	Unknown Object name in Data IO Table - PRMA_HT16_Devi_RT
[GUI/PMC/Menu_Heater_Set.cfg]	2020/1/13 10:15:48	Unknown Object name in Data IO Table - PRMA_HT01_OutPw_RT
[GUI/PMC/Menu_Heater_Set.cfg]	2020/1/13 10:15:48	Unknown Object name in Data IO Table - PRMA_HT02_OutPw_RT
[GUI/PMC/Menu_Heater_Set.cfg]	2020/1/13 10:15:48	Unknown Object name in Data IO Table - PRMA_HT03_OutPw_RT
[GUI/PMC/Menu_Heater_Set.cfg]	2020/1/13 10:15:48	Unknown Object name in Data IO Table - PRMA_HT04_OutPw_RT
[GUI/PMC/Menu_Heater_Set.cfg]	2020/1/13 10:15:48	Unknown Object name in Data IO Table - PRMA_HT05_OutPw_RT
[GUI/PMC/Menu_Heater_Set.cfg]	2020/1/13 10:15:48	Unknown Object name in Data IO Table - PRMA_HT06_OutPw_RT
[GUI/PMC/Menu_Heater_Set.cfg]	2020/1/13 10:15:48	Unknown Object name in Data IO Table - PRMA_HT07_OutPw_RT
[GUI/PMC/Menu_Heater_Set.cfg]	2020/1/13 10:15:48	Unknown Object name in Data IO Table - PRMA_HT08_OutPw_RT
[GUI/PMC/Menu_Heater_Set.cfg]	2020/1/13 10:15:48	Unknown Object name in Data IO Table - PRMA_HT09_OutPw_RT
[GUI/PMC/Menu_Heater_Set.cfg]	2020/1/13 10:15:48	Unknown Object name in Data IO Table - PRMA_HT10_OutPw_RT
[GUI/PMC/Menu_Heater_Set.cfg]	2020/1/13 10:15:48	Unknown Object name in Data IO Table - PRMA_HT11_OutPw_RT
[GUI/PMC/Menu_Heater_Set.cfg]	2020/1/13 10:15:48	Unknown Object name in Data IO Table - PRMA_HT12_OutPw_RT
[GUI/PMC/Menu_Heater_Set.cfg]	2020/1/13 10:15:48	Unknown Object name in Data IO Table - PRMA_HT13_OutPw_RT
[GUI/PMC/Menu_Heater_Set.cfg]	2020/1/13 10:15:48	Unknown Object name in Data IO Table - PRMA_HT14_OutPw_RT
[GUI/PMC/Menu_Heater_Set.cfg]	2020/1/13 10:15:48	Unknown Object name in Data IO Table - PRMA_HT15_OutPw_RT
[GUI/PMC/Menu_Heater_Set.cfg]	2020/1/13 10:15:48	Unknown Object name in Data IO Table - PRMA_HT16_OutPw_RT
[GUI/PMC/Menu_Heater_Set.cfg]	2020/1/13 10:15:48	Unknown Object name in Data IO Table - PRMA_HT01_OutPwLmt_RT
[GUI/PMC/Menu_Heater_Set.cfg]	2020/1/13 10:15:48	Unknown Object name in Data IO Table - PRMA_HT02_OutPwLmt_RT
[GUI/PMC/Menu_Heater_Set.cfg]	2020/1/13 10:15:48	Unknown Object name in Data IO Table - PRMA_HT03_OutPwLmt_RT
[GUI/PMC/Menu_Heater_Set.cfg]	2020/1/13 10:15:48	Unknown Object name in Data IO Table - PRMA_HT04_OutPwLmt_RT
[GUI/PMC/Menu_Heater_Set.cfg]	2020/1/13 10:15:48	Unknown Object name in Data IO Table - PRMA_HT05_OutPwLmt_RT
[GUI/PMC/Menu_Heater_Set.cfg]	2020/1/13 10:15:48	Unknown Object name in Data IO Table - PRMA_HT06_OutPwLmt_RT
[GUI/PMC/Menu_Heater_Set.cfg]	2020/1/13 10:15:48	Unknown Object name in Data IO Table - PRMA_HT07_OutPwLmt_RT
[GUI/PMC/Menu_Heater_Set.cfg]	2020/1/13 10:15:48	Unknown Object name in Data IO Table - PRMA_HT08_OutPwLmt_RT
[GUI/PMC/Menu_Heater_Set.cfg]	2020/1/13 10:15:48	Unknown Object name in Data IO Table - PRMA_HT09_OutPwLmt_RT
[GUI/PMC/Menu_Heater_Set.cfg]	2020/1/13 10:15:48	Unknown Object name in Data IO Table - PRMA_HT10_OutPwLmt_RT
[GUI/PMC/Menu_Heater_Set.cfg]	2020/1/13 10:15:48	Unknown Object name in Data IO Table - PRMA_HT11_OutPwLmt_RT
[GUI/PMC/Menu_Heater_Set.cfg]	2020/1/13 10:15:48	Unknown Object name in Data IO Table - PRMA_HT12_OutPwLmt_RT
[GUI/PMC/Menu_Heater_Set.cfg]	2020/1/13 10:15:48	Unknown Object name in Data IO Table - PRMA_HT13_OutPwLmt_RT
[GUI/PMC/Menu_Heater_Set.cfg]	2020/1/13 10:15:48	Unknown Object name in Data IO Table - PRMA_HT14_OutPwLmt_RT
[GUI/PMC/Menu_Heater_Set.cfg]	2020/1/13 10:15:48	Unknown Object name in Data IO Table - PRMA_HT15_OutPwLmt_RT
[GUI/PMC/Menu_Heater_Set.cfg]	2020/1/13 10:15:48	Unknown Object name in Data IO Table - PRMA_HT16_OutPwLmt_RT
[GUI/PMC/Menu_Heater_Set.cfg]	2020/1/13 10:15:48	Unknown Object name in Data IO Table - PRMA_HT17_OnOff_RT
[GUI/PMC/Menu_Heater_Set.cfg]	2020/1/13 10:15:48	Unknown Object name in Data IO Table - PRMA_HT18_OnOff_RT
[GUI/PMC/Menu_Heater_Set.cfg]	2020/1/13 10:15:48	Unknown Object name in Data IO Table - PRMA_HT19_OnOff_RT
[GUI/PMC/Menu_Heater_Set.cfg]	2020/1/13 10:15:48	Unknown Object name in Data IO Table - PRMA_HT20_OnOff_RT
[GUI/PMC/Menu_Heater_Set.cfg]	2020/1/13 10:15:48	Unknown Object name in Data IO Table - PRMA_HT21_OnOff_RT
[GUI/PMC/Menu_Heater_Set.cfg]	2020/1/13 10:15:48	Unknown Object name in Data IO Table - PRMA_HT22_OnOff_RT
[GUI/PMC/Menu_Heater_Set.cfg]	2020/1/13 10:15:48	Unknown Object name in Data IO Table - PRMA_HT23_OnOff_RT
[GUI/PMC/Menu_Heater_Set.cfg]	2020/1/13 10:15:48	Unknown Object name in Data IO Table - PRMA_HT24_OnOff_RT
[GUI/PMC/Menu_Heater_Set.cfg]	2020/1/13 10:15:48	Unknown Object name in Data IO Table - PRMA_HT25_OnOff_RT
[GUI/PMC/Menu_Heater_Set.cfg]	2020/1/13 10:15:48	Unknown Object name in Data IO Table - PRMA_HT26_OnOff_RT
[GUI/PMC/Menu_Heater_Set.cfg]	2020/1/13 10:15:48	Unknown Object name in Data IO Table - PRMA_HT27_OnOff_RT
[GUI/PMC/Menu_Heater_Set.cfg]	2020/1/13 10:15:48	Unknown Object name in Data IO Table - PRMA_HT28_OnOff_RT
[GUI/PMC/Menu_Heater_Set.cfg]	2020/1/13 10:15:48	Unknown Object name in Data IO Table - PRMA_HT29_OnOff_RT
[GUI/PMC/Menu_Heater_Set.cfg]	2020/1/13 10:15:48	Unknown Object name in Data IO Table - PRMA_HT30_OnOff_RT
[GUI/PMC/Menu_Heater_Set.cfg]	2020/1/13 10:15:48	Unknown Object name in Data IO Table - PRMA_HT31_OnOff_RT
[GUI/PMC/Menu_Heater_Set.cfg]	2020/1/13 10:15:48	Unknown Object name in Data IO Table - PRMA_HT32_OnOff_RT
[GUI/PMC/Menu_Heater_Set.cfg]	2020/1/13 10:15:48	Unknown Object name in Data IO Table - PRMA_HT17_TmpSp_RT
[GUI/PMC/Menu_Heater_Set.cfg]	2020/1/13 10:15:48	Unknown Object name in Data IO Table - PRMA_HT18_TmpSp_RT
[GUI/PMC/Menu_Heater_Set.cfg]	2020/1/13 10:15:48	Unknown Object name in Data IO Table - PRMA_HT19_TmpSp_RT
[GUI/PMC/Menu_Heater_Set.cfg]	2020/1/13 10:15:48	Unknown Object name in Data IO Table - PRMA_HT20_TmpSp_RT
[GUI/PMC/Menu_Heater_Set.cfg]	2020/1/13 10:15:48	Unknown Object name in Data IO Table - PRMA_HT21_TmpSp_RT
[GUI/PMC/Menu_Heater_Set.cfg]	2020/1/13 10:15:48	Unknown Object name in Data IO Table - PRMA_HT22_TmpSp_RT
[GUI/PMC/Menu_Heater_Set.cfg]	2020/1/13 10:15:48	Unknown Object name in Data IO Table - PRMA_HT23_TmpSp_RT
[GUI/PMC/Menu_Heater_Set.cfg]	2020/1/13 10:15:48	Unknown Object name in Data IO Table - PRMA_HT24_TmpSp_RT
[GUI/PMC/Menu_Heater_Set.cfg]	2020/1/13 10:15:48	Unknown Object name in Data IO Table - PRMA_HT25_TmpSp_RT
[GUI/PMC/Menu_Heater_Set.cfg]	2020/1/13 10:15:48	Unknown Object name in Data IO Table - PRMA_HT26_TmpSp_RT
[GUI/PMC/Menu_Heater_Set.cfg]	2020/1/13 10:15:48	Unknown Object name in Data IO Table - PRMA_HT27_TmpSp_RT
[GUI/PMC/Menu_Heater_Set.cfg]	2020/1/13 10:15:48	Unknown Object name in Data IO Table - PRMA_HT28_TmpSp_RT
[GUI/PMC/Menu_Heater_Set.cfg]	2020/1/13 10:15:48	Unknown Object name in Data IO Table - PRMA_HT29_TmpSp_RT
[GUI/PMC/Menu_Heater_Set.cfg]	2020/1/13 10:15:48	Unknown Object name in Data IO Table - PRMA_HT30_TmpSp_RT
[GUI/PMC/Menu_Heater_Set.cfg]	2020/1/13 10:15:48	Unknown Object name in Data IO Table - PRMA_HT31_TmpSp_RT
[GUI/PMC/Menu_Heater_Set.cfg]	2020/1/13 10:15:48	Unknown Object name in Data IO Table - PRMA_HT32_TmpSp_RT
[GUI/PMC/Menu_Heater_Set.cfg]	2020/1/13 10:15:48	Unknown Object name in Data IO Table - PRMA_HT17_CtrlMd_RT
[GUI/PMC/Menu_Heater_Set.cfg]	2020/1/13 10:15:48	Unknown Object name in Data IO Table - PRMA_HT18_CtrlMd_RT
[GUI/PMC/Menu_Heater_Set.cfg]	2020/1/13 10:15:48	Unknown Object name in Data IO Table - PRMA_HT19_CtrlMd_RT
[GUI/PMC/Menu_Heater_Set.cfg]	2020/1/13 10:15:48	Unknown Object name in Data IO Table - PRMA_HT20_CtrlMd_RT
[GUI/PMC/Menu_Heater_Set.cfg]	2020/1/13 10:15:48	Unknown Object name in Data IO Table - PRMA_HT21_CtrlMd_RT
[GUI/PMC/Menu_Heater_Set.cfg]	2020/1/13 10:15:48	Unknown Object name in Data IO Table - PRMA_HT22_CtrlMd_RT
[GUI/PMC/Menu_Heater_Set.cfg]	2020/1/13 10:15:48	Unknown Object name in Data IO Table - PRMA_HT23_CtrlMd_RT
[GUI/PMC/Menu_Heater_Set.cfg]	2020/1/13 10:15:48	Unknown Object name in Data IO Table - PRMA_HT24_CtrlMd_RT
[GUI/PMC/Menu_Heater_Set.cfg]	2020/1/13 10:15:48	Unknown Object name in Data IO Table - PRMA_HT25_CtrlMd_RT
[GUI/PMC/Menu_Heater_Set.cfg]	2020/1/13 10:15:48	Unknown Object name in Data IO Table - PRMA_HT26_CtrlMd_RT
[GUI/PMC/Menu_Heater_Set.cfg]	2020/1/13 10:15:48	Unknown Object name in Data IO Table - PRMA_HT27_CtrlMd_RT
[GUI/PMC/Menu_Heater_Set.cfg]	2020/1/13 10:15:48	Unknown Object name in Data IO Table - PRMA_HT28_CtrlMd_RT
[GUI/PMC/Menu_Heater_Set.cfg]	2020/1/13 10:15:48	Unknown Object name in Data IO Table - PRMA_HT29_CtrlMd_RT
[GUI/PMC/Menu_Heater_Set.cfg]	2020/1/13 10:15:48	Unknown Object name in Data IO Table - PRMA_HT30_CtrlMd_RT
[GUI/PMC/Menu_Heater_Set.cfg]	2020/1/13 10:15:48	Unknown Object name in Data IO Table - PRMA_HT31_CtrlMd_RT
[GUI/PMC/Menu_Heater_Set.cfg]	2020/1/13 10:15:48	Unknown Object name in Data IO Table - PRMA_HT32_CtrlMd_RT
[GUI/PMC/Menu_Heater_Set.cfg]	2020/1/13 10:15:48	Unknown Object name in Data IO Table - PRMA_HT17_TmpHgLmt_RT
[GUI/PMC/Menu_Heater_Set.cfg]	2020/1/13 10:15:48	Unknown Object name in Data IO Table - PRMA_HT18_TmpHgLmt_RT
[GUI/PMC/Menu_Heater_Set.cfg]	2020/1/13 10:15:48	Unknown Object name in Data IO Table - PRMA_HT19_TmpHgLmt_RT
[GUI/PMC/Menu_Heater_Set.cfg]	2020/1/13 10:15:48	Unknown Object name in Data IO Table - PRMA_HT20_TmpHgLmt_RT
[GUI/PMC/Menu_Heater_Set.cfg]	2020/1/13 10:15:48	Unknown Object name in Data IO Table - PRMA_HT21_TmpHgLmt_RT
[GUI/PMC/Menu_Heater_Set.cfg]	2020/1/13 10:15:48	Unknown Object name in Data IO Table - PRMA_HT22_TmpHgLmt_RT
[GUI/PMC/Menu_Heater_Set.cfg]	2020/1/13 10:15:48	Unknown Object name in Data IO Table - PRMA_HT23_TmpHgLmt_RT
[GUI/PMC/Menu_Heater_Set.cfg]	2020/1/13 10:15:48	Unknown Object name in Data IO Table - PRMA_HT24_TmpHgLmt_RT
[GUI/PMC/Menu_Heater_Set.cfg]	2020/1/13 10:15:48	Unknown Object name in Data IO Table - PRMA_HT25_TmpHgLmt_RT
[GUI/PMC/Menu_Heater_Set.cfg]	2020/1/13 10:15:48	Unknown Object name in Data IO Table - PRMA_HT26_TmpHgLmt_RT
[GUI/PMC/Menu_Heater_Set.cfg]	2020/1/13 10:15:48	Unknown Object name in Data IO Table - PRMA_HT27_TmpHgLmt_RT
[GUI/PMC/Menu_Heater_Set.cfg]	2020/1/13 10:15:48	Unknown Object name in Data IO Table - PRMA_HT28_TmpHgLmt_RT
[GUI/PMC/Menu_Heater_Set.cfg]	2020/1/13 10:15:48	Unknown Object name in Data IO Table - PRMA_HT29_TmpHgLmt_RT
[GUI/PMC/Menu_Heater_Set.cfg]	2020/1/13 10:15:48	Unknown Object name in Data IO Table - PRMA_HT30_TmpHgLmt_RT
[GUI/PMC/Menu_Heater_Set.cfg]	2020/1/13 10:15:48	Unknown Object name in Data IO Table - PRMA_HT31_TmpHgLmt_RT
[GUI/PMC/Menu_Heater_Set.cfg]	2020/1/13 10:15:48	Unknown Object name in Data IO Table - PRMA_HT32_TmpHgLmt_RT
[GUI/PMC/Menu_Heater_Set.cfg]	2020/1/13 10:15:48	Unknown Object name in Data IO Table - PRMA_HT17_TmpLwLmt_RT
[GUI/PMC/Menu_Heater_Set.cfg]	2020/1/13 10:15:48	Unknown Object name in Data IO Table - PRMA_HT18_TmpLwLmt_RT
[GUI/PMC/Menu_Heater_Set.cfg]	2020/1/13 10:15:48	Unknown Object name in Data IO Table - PRMA_HT19_TmpLwLmt_RT
[GUI/PMC/Menu_Heater_Set.cfg]	2020/1/13 10:15:48	Unknown Object name in Data IO Table - PRMA_HT20_TmpLwLmt_RT
[GUI/PMC/Menu_Heater_Set.cfg]	2020/1/13 10:15:48	Unknown Object name in Data IO Table - PRMA_HT21_TmpLwLmt_RT
[GUI/PMC/Menu_Heater_Set.cfg]	2020/1/13 10:15:48	Unknown Object name in Data IO Table - PRMA_HT22_TmpLwLmt_RT
[GUI/PMC/Menu_Heater_Set.cfg]	2020/1/13 10:15:48	Unknown Object name in Data IO Table - PRMA_HT23_TmpLwLmt_RT
[GUI/PMC/Menu_Heater_Set.cfg]	2020/1/13 10:15:48	Unknown Object name in Data IO Table - PRMA_HT24_TmpLwLmt_RT
[GUI/PMC/Menu_Heater_Set.cfg]	2020/1/13 10:15:48	Unknown Object name in Data IO Table - PRMA_HT25_TmpLwLmt_RT
[GUI/PMC/Menu_Heater_Set.cfg]	2020/1/13 10:15:48	Unknown Object name in Data IO Table - PRMA_HT26_TmpLwLmt_RT
[GUI/PMC/Menu_Heater_Set.cfg]	2020/1/13 10:15:48	Unknown Object name in Data IO Table - PRMA_HT27_TmpLwLmt_RT
[GUI/PMC/Menu_Heater_Set.cfg]	2020/1/13 10:15:48	Unknown Object name in Data IO Table - PRMA_HT28_TmpLwLmt_RT
[GUI/PMC/Menu_Heater_Set.cfg]	2020/1/13 10:15:48	Unknown Object name in Data IO Table - PRMA_HT29_TmpLwLmt_RT
[GUI/PMC/Menu_Heater_Set.cfg]	2020/1/13 10:15:48	Unknown Object name in Data IO Table - PRMA_HT30_TmpLwLmt_RT
[GUI/PMC/Menu_Heater_Set.cfg]	2020/1/13 10:15:48	Unknown Object name in Data IO Table - PRMA_HT31_TmpLwLmt_RT
[GUI/PMC/Menu_Heater_Set.cfg]	2020/1/13 10:15:48	Unknown Object name in Data IO Table - PRMA_HT32_TmpLwLmt_RT
[GUI/PMC/Menu_Heater_Set.cfg]	2020/1/13 10:15:48	Unknown Object name in Data IO Table - PRMA_HT17_Devi_RT
[GUI/PMC/Menu_Heater_Set.cfg]	2020/1/13 10:15:48	Unknown Object name in Data IO Table - PRMA_HT18_Devi_RT
[GUI/PMC/Menu_Heater_Set.cfg]	2020/1/13 10:15:48	Unknown Object name in Data IO Table - PRMA_HT19_Devi_RT
[GUI/PMC/Menu_Heater_Set.cfg]	2020/1/13 10:15:48	Unknown Object name in Data IO Table - PRMA_HT20_Devi_RT
[GUI/PMC/Menu_Heater_Set.cfg]	2020/1/13 10:15:48	Unknown Object name in Data IO Table - PRMA_HT21_Devi_RT
[GUI/PMC/Menu_Heater_Set.cfg]	2020/1/13 10:15:48	Unknown Object name in Data IO Table - PRMA_HT22_Devi_RT
[GUI/PMC/Menu_Heater_Set.cfg]	2020/1/13 10:15:48	Unknown Object name in Data IO Table - PRMA_HT23_Devi_RT
[GUI/PMC/Menu_Heater_Set.cfg]	2020/1/13 10:15:48	Unknown Object name in Data IO Table - PRMA_HT24_Devi_RT
[GUI/PMC/Menu_Heater_Set.cfg]	2020/1/13 10:15:48	Unknown Object name in Data IO Table - PRMA_HT25_Devi_RT
[GUI/PMC/Menu_Heater_Set.cfg]	2020/1/13 10:15:48	Unknown Object name in Data IO Table - PRMA_HT26_Devi_RT
[GUI/PMC/Menu_Heater_Set.cfg]	2020/1/13 10:15:48	Unknown Object name in Data IO Table - PRMA_HT27_Devi_RT
[GUI/PMC/Menu_Heater_Set.cfg]	2020/1/13 10:15:48	Unknown Object name in Data IO Table - PRMA_HT28_Devi_RT
[GUI/PMC/Menu_Heater_Set.cfg]	2020/1/13 10:15:48	Unknown Object name in Data IO Table - PRMA_HT29_Devi_RT
[GUI/PMC/Menu_Heater_Set.cfg]	2020/1/13 10:15:48	Unknown Object name in Data IO Table - PRMA_HT30_Devi_RT
[GUI/PMC/Menu_Heater_Set.cfg]	2020/1/13 10:15:48	Unknown Object name in Data IO Table - PRMA_HT31_Devi_RT
[GUI/PMC/Menu_Heater_Set.cfg]	2020/1/13 10:15:48	Unknown Object name in Data IO Table - PRMA_HT32_Devi_RT
[GUI/PMC/Menu_Heater_Set.cfg]	2020/1/13 10:15:48	Unknown Object name in Data IO Table - PRMA_HT17_OutPw_RT
[GUI/PMC/Menu_Heater_Set.cfg]	2020/1/13 10:15:48	Unknown Object name in Data IO Table - PRMA_HT18_OutPw_RT
[GUI/PMC/Menu_Heater_Set.cfg]	2020/1/13 10:15:48	Unknown Object name in Data IO Table - PRMA_HT19_OutPw_RT
[GUI/PMC/Menu_Heater_Set.cfg]	2020/1/13 10:15:48	Unknown Object name in Data IO Table - PRMA_HT20_OutPw_RT
[GUI/PMC/Menu_Heater_Set.cfg]	2020/1/13 10:15:48	Unknown Object name in Data IO Table - PRMA_HT21_OutPw_RT
[GUI/PMC/Menu_Heater_Set.cfg]	2020/1/13 10:15:48	Unknown Object name in Data IO Table - PRMA_HT22_OutPw_RT
[GUI/PMC/Menu_Heater_Set.cfg]	2020/1/13 10:15:48	Unknown Object name in Data IO Table - PRMA_HT23_OutPw_RT
[GUI/PMC/Menu_Heater_Set.cfg]	2020/1/13 10:15:48	Unknown Object name in Data IO Table - PRMA_HT24_OutPw_RT
[GUI/PMC/Menu_Heater_Set.cfg]	2020/1/13 10:15:48	Unknown Object name in Data IO Table - PRMA_HT25_OutPw_RT
[GUI/PMC/Menu_Heater_Set.cfg]	2020/1/13 10:15:48	Unknown Object name in Data IO Table - PRMA_HT26_OutPw_RT
[GUI/PMC/Menu_Heater_Set.cfg]	2020/1/13 10:15:48	Unknown Object name in Data IO Table - PRMA_HT27_OutPw_RT
[GUI/PMC/Menu_Heater_Set.cfg]	2020/1/13 10:15:48	Unknown Object name in Data IO Table - PRMA_HT28_OutPw_RT
[GUI/PMC/Menu_Heater_Set.cfg]	2020/1/13 10:15:48	Unknown Object name in Data IO Table - PRMA_HT29_OutPw_RT
[GUI/PMC/Menu_Heater_Set.cfg]	2020/1/13 10:15:48	Unknown Object name in Data IO Table - PRMA_HT30_OutPw_RT
[GUI/PMC/Menu_Heater_Set.cfg]	2020/1/13 10:15:48	Unknown Object name in Data IO Table - PRMA_HT31_OutPw_RT
[GUI/PMC/Menu_Heater_Set.cfg]	2020/1/13 10:15:48	Unknown Object name in Data IO Table - PRMA_HT32_OutPw_RT
[GUI/PMC/Menu_Heater_Set.cfg]	2020/1/13 10:15:48	Unknown Object name in Data IO Table - PRMA_HT17_OutPwLmt_RT
[GUI/PMC/Menu_Heater_Set.cfg]	2020/1/13 10:15:48	Unknown Object name in Data IO Table - PRMA_HT18_OutPwLmt_RT
[GUI/PMC/Menu_Heater_Set.cfg]	2020/1/13 10:15:48	Unknown Object name in Data IO Table - PRMA_HT19_OutPwLmt_RT
[GUI/PMC/Menu_Heater_Set.cfg]	2020/1/13 10:15:48	Unknown Object name in Data IO Table - PRMA_HT20_OutPwLmt_RT
[GUI/PMC/Menu_Heater_Set.cfg]	2020/1/13 10:15:48	Unknown Object name in Data IO Table - PRMA_HT21_OutPwLmt_RT
[GUI/PMC/Menu_Heater_Set.cfg]	2020/1/13 10:15:48	Unknown Object name in Data IO Table - PRMA_HT22_OutPwLmt_RT
[GUI/PMC/Menu_Heater_Set.cfg]	2020/1/13 10:15:48	Unknown Object name in Data IO Table - PRMA_HT23_OutPwLmt_RT
[GUI/PMC/Menu_Heater_Set.cfg]	2020/1/13 10:15:48	Unknown Object name in Data IO Table - PRMA_HT24_OutPwLmt_RT
[GUI/PMC/Menu_Heater_Set.cfg]	2020/1/13 10:15:48	Unknown Object name in Data IO Table - PRMA_HT25_OutPwLmt_RT
[GUI/PMC/Menu_Heater_Set.cfg]	2020/1/13 10:15:48	Unknown Object name in Data IO Table - PRMA_HT26_OutPwLmt_RT
[GUI/PMC/Menu_Heater_Set.cfg]	2020/1/13 10:15:48	Unknown Object name in Data IO Table - PRMA_HT27_OutPwLmt_RT
[GUI/PMC/Menu_Heater_Set.cfg]	2020/1/13 10:15:48	Unknown Object name in Data IO Table - PRMA_HT28_OutPwLmt_RT
[GUI/PMC/Menu_Heater_Set.cfg]	2020/1/13 10:15:48	Unknown Object name in Data IO Table - PRMA_HT29_OutPwLmt_RT
[GUI/PMC/Menu_Heater_Set.cfg]	2020/1/13 10:15:48	Unknown Object name in Data IO Table - PRMA_HT30_OutPwLmt_RT
[GUI/PMC/Menu_Heater_Set.cfg]	2020/1/13 10:15:48	Unknown Object name in Data IO Table - PRMA_HT31_OutPwLmt_RT
[GUI/PMC/Menu_Heater_Set.cfg]	2020/1/13 10:15:48	Unknown Object name in Data IO Table - PRMA_HT32_OutPwLmt_RT
