2016/7/1 19:22:25	SETPOINT INTERLOCKS -> V98ValveDO cannot action to 1
2017/4/7 18:49:43	SETPOINT INTERLOCKS -> V98ValveDO cannot action to 1 in SCREEN_PMC
2017/4/7 18:49:45	SETPOINT INTERLOCKS -> V100ValveDO cannot action to 1 in SCREEN_PMC
2017/4/11 10:42:21	SETPOINT INTERLOCKS -> V98ValveDO cannot action to 1
2017/4/11 10:42:22	SETPOINT INTERLOCKS -> V102ValveDO cannot action to 1
2017/4/11 10:42:25	SETPOINT INTERLOCKS -> V102ValveDO cannot action to 1
2017/5/15 17:30:7	SETPOINT INTERLOCKS -> V98ValveDO cannot action to 1
2017/5/15 17:30:8	SETPOINT INTERLOCKS -> V97ValveDO cannot action to 1
2017/5/15 17:30:8	SETPOINT INTERLOCKS -> V100ValveDO cannot action to 1
2017/5/15 17:30:9	SETPOINT INTERLOCKS -> V24ValveDO cannot action to 1
2017/5/15 17:30:13	SETPOINT INTERLOCKS -> V98ValveDO cannot action to 1
2017/5/16 16:55:18	SETPOINT INTERLOCKS -> V98ValveDO cannot action to 1 in SCREEN_PMC
2017/5/16 16:55:20	SETPOINT INTERLOCKS -> V97ValveDO cannot action to 1 in SCREEN_PMC
2017/5/16 16:55:21	SETPOINT INTERLOCKS -> V98ValveDO cannot action to 1 in SCREEN_PMC
2017/5/17 15:49:13	SETPOINT INTERLOCKS -> V106ValveDO cannot action to 1 in SCREEN_PMC
2017/5/17 15:49:14	SETPOINT INTERLOCKS -> V105ValveDO cannot action to 1 in SCREEN_PMC
2017/5/17 15:52:0	SETPOINT INTERLOCKS -> V105ValveDO cannot action to 1 in SCREEN_PMC
2018/1/9 18:40:29	SETPOINT INTERLOCKS -> V11ValveDO cannot action to 1
2018/5/10 10:55:33	SETPOINT INTERLOCKS -> ZMT_SetPosAM cannot action to 89.000000 in CHUCK_CONTROL
2018/5/10 10:55:33	SETPOINT INTERLOCKS -> ZMT_SetPos2AM cannot action to 89.000000 in CHUCK_CONTROL
2018/5/10 10:57:30	SETPOINT INTERLOCKS -> ZMT_SetPosAM cannot action to 89.000000
2018/5/10 10:57:40	SETPOINT INTERLOCKS -> ZMT_SetPosAM cannot action to 89.000000 in CHUCK_CONTROL
2018/5/10 10:58:21	SETPOINT INTERLOCKS -> ZMT_SetPosAM cannot action to 89.000000 in CHUCK_CONTROL
