2020/1/26 0:13:2	SETTING	[DIO] Right_Config_Parm_Nav with [8] at Page = 12(PM Param 7)
2020/1/26 0:13:2	BUTTON	[NAV CLICK] Right_Config_Parm_Nav - 8
2020/1/26 0:13:4	SETTING	[DIO] Right_Config_Parm_Nav with [9] at Page = 0(PM Param 8 (LT Heater Set 1))
2020/1/26 0:13:4	BUTTON	[NAV CLICK] Right_Config_Parm_Nav - 9
2020/1/26 0:13:4	SETTING	[DIO] Right_Config_Parm_Nav with [10] at Page = 1(PM Param 8-1 (LT Heater Set 2))
2020/1/26 0:13:4	BUTTON	[NAV CLICK] Right_Config_Parm_Nav - 10
2020/1/26 0:13:5	SETTING	[DIO] Right_Config_Parm_Nav with [11] at Page = 2(PM Param 8-2 (RT Heater Set 1))
2020/1/26 0:13:5	BUTTON	[NAV CLICK] Right_Config_Parm_Nav - 11
2020/1/26 0:13:5	SETTING	[DIO] Right_Config_Parm_Nav with [12] at Page = 3(PM Param 8-3 (RT Heater Set 2))
2020/1/26 0:13:5	BUTTON	[NAV CLICK] Right_Config_Parm_Nav - 12
2020/1/26 0:13:18	SETTING	[DIO] Right_Config_Parm_Nav with [11] at Page = 4(PM Param 8-4 (Line Heater Power Check))
2020/1/26 0:13:18	BUTTON	[NAV CLICK] Right_Config_Parm_Nav - 11
2020/1/26 0:13:18	SETTING	[DIO] Right_Config_Parm_Nav with [10] at Page = 3(PM Param 8-3 (RT Heater Set 2))
2020/1/26 0:13:18	BUTTON	[NAV CLICK] Right_Config_Parm_Nav - 10
2020/1/26 0:13:19	SETTING	[DIO] Right_Config_Parm_Nav with [9] at Page = 2(PM Param 8-2 (RT Heater Set 1))
2020/1/26 0:13:19	BUTTON	[NAV CLICK] Right_Config_Parm_Nav - 9
2020/1/26 0:13:20	SETTING	[DIO] Right_Config_Parm_Nav with [8] at Page = 1(PM Param 8-1 (LT Heater Set 2))
2020/1/26 0:13:20	BUTTON	[NAV CLICK] Right_Config_Parm_Nav - 8
2020/1/26 0:13:21	SETTING	[DIO] Right_Config_Parm_Nav with [12] at Page = 0(PM Param 8 (LT Heater Set 1))
2020/1/26 0:13:21	BUTTON	[NAV CLICK] Right_Config_Parm_Nav - 12
2020/1/26 0:13:22	SETTING	[DIO] Right_Config_Parm_Nav with [11] at Page = 4(PM Param 8-4 (Line Heater Power Check))
2020/1/26 0:13:22	BUTTON	[NAV CLICK] Right_Config_Parm_Nav - 11
2020/1/26 0:13:22	SETTING	[DIO] Right_Config_Parm_Nav with [10] at Page = 3(PM Param 8-3 (RT Heater Set 2))
2020/1/26 0:13:22	BUTTON	[NAV CLICK] Right_Config_Parm_Nav - 10
2020/1/26 0:13:23	SETTING	[DIO] Right_Config_Parm_Nav with [9] at Page = 2(PM Param 8-2 (RT Heater Set 1))
2020/1/26 0:13:23	BUTTON	[NAV CLICK] Right_Config_Parm_Nav - 9
2020/1/26 0:13:23	SETTING	[DIO] Right_Config_Parm_Nav with [8] at Page = 1(PM Param 8-1 (LT Heater Set 2))
2020/1/26 0:13:23	BUTTON	[NAV CLICK] Right_Config_Parm_Nav - 8
2020/1/26 0:13:29	SETTING	[DIO] Bottom_Service with [1] at Page = 0(PAGE 1)
2020/1/26 0:13:29	BUTTON	[BOTTOM CLICK] Bottom_Service
2020/1/26 0:13:51	SETTING	[DIO] Right_Service_Water with [1] at Page = 0(PAGE 1)
2020/1/26 0:13:51	BUTTON	[RIGHT CLICK] Right_Service_Water
2020/1/26 0:14:4	SETTING	[DIO] Right_Service_Leak with [1] at Page = 0(PAGE 1)
2020/1/26 0:14:4	BUTTON	[RIGHT CLICK] Right_Service_Leak
2020/1/26 0:14:6	SETTING	[DIO] Right_Service_Water with [1] at Page = 0(PAGE 1)
2020/1/26 0:14:6	BUTTON	[RIGHT CLICK] Right_Service_Water
2020/1/26 0:14:6	SETTING	[DIO] Right_Service_Leak with [1] at Page = 0(PAGE 1)
2020/1/26 0:14:6	BUTTON	[RIGHT CLICK] Right_Service_Leak
2020/1/26 0:14:9	SETTING	[DIO] Right_Service_Leak_Nav with [2] at Page = 1(Leak Check)
2020/1/26 0:14:9	BUTTON	[NAV CLICK] Right_Service_Leak_Nav - 2
2020/1/26 0:14:10	SETTING	[DIO] Right_Service_Leak_Nav with [3] at Page = 2(ALD ValveLeak Check)
2020/1/26 0:14:10	BUTTON	[NAV CLICK] Right_Service_Leak_Nav - 3
2020/1/26 0:14:10	SETTING	[DIO] Right_Service_Leak_Nav with [4] at Page = 3(GasLine Leak Check)
2020/1/26 0:14:10	BUTTON	[NAV CLICK] Right_Service_Leak_Nav - 4
2020/1/26 0:14:12	SETTING	[DIO] Right_Service_Leak_Nav with [3] at Page = 4(User Mode Leak Check)
2020/1/26 0:14:12	BUTTON	[NAV CLICK] Right_Service_Leak_Nav - 3
2020/1/26 0:14:13	SETTING	[DIO] Right_Service_Leak_Nav with [2] at Page = 3(GasLine Leak Check)
2020/1/26 0:14:13	BUTTON	[NAV CLICK] Right_Service_Leak_Nav - 2
2020/1/26 0:14:14	SETTING	[DIO] Right_Service_Leak_Nav with [1] at Page = 2(ALD ValveLeak Check)
2020/1/26 0:14:14	BUTTON	[NAV CLICK] Right_Service_Leak_Nav - 1
2020/1/26 0:14:42	SETTING	[DIO] Right_Service_Vrifi with [1] at Page = 0(PAGE 1)
2020/1/26 0:14:42	BUTTON	[RIGHT CLICK] Right_Service_Vrifi
2020/1/26 0:14:52	SETTING	[DIO] Right_Service_Vrifi_Nav with [2] at Page = 5(MFC Verification)
2020/1/26 0:14:52	BUTTON	[NAV CLICK] Right_Service_Vrifi_Nav - 2
2020/1/26 0:14:53	SETTING	[DIO] Right_Service_Vrifi_Nav with [3] at Page = 13(MFC Flow Test)
2020/1/26 0:14:53	BUTTON	[NAV CLICK] Right_Service_Vrifi_Nav - 3
2020/1/26 0:14:55	SETTING	[DIO] Right_Service_Vrifi_Nav with [4] at Page = 14(Chuck Motor Test)
2020/1/26 0:14:55	BUTTON	[NAV CLICK] Right_Service_Vrifi_Nav - 4
2020/1/26 0:15:2	SETTING	[DIO] Right_Service_Vrifi_Nav with [3] at Page = 15(ALD Valve Test)
2020/1/26 0:15:2	BUTTON	[NAV CLICK] Right_Service_Vrifi_Nav - 3
2020/1/26 0:15:3	SETTING	[DIO] Right_Service_Vrifi_Nav with [2] at Page = 14(Chuck Motor Test)
2020/1/26 0:15:3	BUTTON	[NAV CLICK] Right_Service_Vrifi_Nav - 2
2020/1/26 0:15:4	SETTING	[DIO] Right_Service_Vrifi_Nav with [1] at Page = 13(MFC Flow Test)
2020/1/26 0:15:4	BUTTON	[NAV CLICK] Right_Service_Vrifi_Nav - 1
2020/1/26 0:15:5	SETTING	[DIO] Main_Screen_Button with [1] at Page = 0(PAGE 1)
2020/1/26 0:15:5	BUTTON	[GO_DIRECT CLICK] Main_Screen_Button
2020/1/26 0:15:7	SETTING	[DIO] Right_System_Control with [1] at Page = 0(PAGE 1)
2020/1/26 0:15:7	BUTTON	[RIGHT CLICK] Right_System_Control
2020/1/26 0:15:9	SETTING	[DIO] Right_System_Main with [1] at Page = 0(PAGE 1)
2020/1/26 0:15:9	BUTTON	[RIGHT CLICK] Right_System_Main
2020/1/26 0:15:11	SETTING	[DIO] Right_System_Control with [1] at Page = 0(PAGE 1)
2020/1/26 0:15:11	BUTTON	[RIGHT CLICK] Right_System_Control
2020/1/26 0:15:19	SETTING	[DIO] Main_Screen_Button with [1] at Page = 0(PAGE 1)
2020/1/26 0:15:19	BUTTON	[GO_DIRECT CLICK] Main_Screen_Button
2020/1/26 0:17:7	SETTING	[DIO] Bottom_Config with [1] at Page = 0(PAGE 1)
2020/1/26 0:17:7	BUTTON	[BOTTOM CLICK] Bottom_Config
2020/1/26 0:17:9	SETTING	[DIO] Right_Config_Parm_Nav with [1] at Page = 0(PM Param 8 (LT Heater Set 1))
2020/1/26 0:17:9	BUTTON	[NAV CLICK] Right_Config_Parm_Nav - 1
2020/1/26 0:17:14	SETTING	[DIO] Right_Config_Parm_Nav with [2] at Page = 6(PM Param 1)
2020/1/26 0:17:14	BUTTON	[NAV CLICK] Right_Config_Parm_Nav - 2
2020/1/26 0:17:15	SETTING	[DIO] Right_Config_Parm_Nav with [3] at Page = 7(PM Param 2)
2020/1/26 0:17:15	BUTTON	[NAV CLICK] Right_Config_Parm_Nav - 3
2020/1/26 0:17:17	SETTING	[DIO] Right_Config_Parm_Nav with [2] at Page = 8(PM Param 3)
2020/1/26 0:17:17	BUTTON	[NAV CLICK] Right_Config_Parm_Nav - 2
2020/1/26 0:17:23	SETTING	[DIO] Right_Config_Parm_Nav with [3] at Page = 7(PM Param 2)
2020/1/26 0:17:23	BUTTON	[NAV CLICK] Right_Config_Parm_Nav - 3
2020/1/26 0:17:24	SETTING	[DIO] Right_Config_Parm_Nav with [4] at Page = 8(PM Param 3)
2020/1/26 0:17:24	BUTTON	[NAV CLICK] Right_Config_Parm_Nav - 4
2020/1/26 0:17:26	SETTING	[DIO] Right_Config_Parm_Nav with [5] at Page = 9(PM Param 4)
2020/1/26 0:17:26	BUTTON	[NAV CLICK] Right_Config_Parm_Nav - 5
2020/1/26 0:17:27	SETTING	[DIO] Right_Config_Parm_Nav with [6] at Page = 10(PM Param 5)
2020/1/26 0:17:27	BUTTON	[NAV CLICK] Right_Config_Parm_Nav - 6
2020/1/26 0:17:29	SETTING	[DIO] Right_Config_Parm_Nav with [7] at Page = 11(PM Param 6)
2020/1/26 0:17:29	BUTTON	[NAV CLICK] Right_Config_Parm_Nav - 7
2020/1/26 0:17:30	SETTING	[DIO] Right_Config_Parm_Nav with [8] at Page = 12(PM Param 7)
2020/1/26 0:17:30	BUTTON	[NAV CLICK] Right_Config_Parm_Nav - 8
2020/1/26 0:17:41	SETTING	[DIO] Right_Config_Parm_Nav with [7] at Page = 0(PM Param 8 (LT Heater Set 1))
2020/1/26 0:17:41	BUTTON	[NAV CLICK] Right_Config_Parm_Nav - 7
2020/1/26 0:17:42	SETTING	[DIO] Right_Config_Parm_Nav with [6] at Page = 12(PM Param 7)
2020/1/26 0:17:42	BUTTON	[NAV CLICK] Right_Config_Parm_Nav - 6
2020/1/26 0:17:43	SETTING	[DIO] Right_Config_Parm_Nav with [1] at Page = 11(PM Param 6)
2020/1/26 0:17:43	BUTTON	[NAV CLICK] Right_Config_Parm_Nav - 1
2020/1/26 0:17:55	SETTING	[DIO] Right_Config_Parm_Nav with [8] at Page = 6(PM Param 1)
2020/1/26 0:17:55	BUTTON	[NAV CLICK] Right_Config_Parm_Nav - 8
2020/1/26 0:18:9	SETTING	[DIO] Main_Screen_Button with [1] at Page = 0(PAGE 1)
2020/1/26 0:18:9	BUTTON	[GO_DIRECT CLICK] Main_Screen_Button
2020/1/26 0:18:19	SETTING	[DIO] Right_System_Control with [1] at Page = 0(PAGE 1)
2020/1/26 0:18:19	BUTTON	[RIGHT CLICK] Right_System_Control
2020/1/26 0:18:20	SETTING	[DIO] Right_System_Main with [1] at Page = 0(PAGE 1)
2020/1/26 0:18:20	BUTTON	[RIGHT CLICK] Right_System_Main
2020/1/26 0:18:21	SETTING	[DIO] Bottom_Recipe with [1] at Page = 0(PAGE 1)
2020/1/26 0:18:21	BUTTON	[BOTTOM CLICK] Bottom_Recipe
2020/1/26 0:18:22	SETTING	[DIO] Bottom_Service with [1] at Page = 0(PAGE 1)
2020/1/26 0:18:22	BUTTON	[BOTTOM CLICK] Bottom_Service
2020/1/26 0:18:23	SETTING	[DIO] Bottom_Config with [1] at Page = 0(PAGE 1)
2020/1/26 0:18:24	BUTTON	[BOTTOM CLICK] Bottom_Config
2020/1/26 0:18:25	SETTING	[DIO] Bottom_Utility with [1] at Page = 0(PAGE 1)
2020/1/26 0:18:25	BUTTON	[BOTTOM CLICK] Bottom_Utility
2020/1/26 0:18:32	SETTING	[DIO] Bottom_Config with [1] at Page = 0(PAGE 1)
2020/1/26 0:18:32	BUTTON	[BOTTOM CLICK] Bottom_Config
2020/1/26 0:18:34	SETTING	[DIO] Main_Screen_Button with [1] at Page = 0(PAGE 1)
2020/1/26 0:18:34	BUTTON	[GO_DIRECT CLICK] Main_Screen_Button
2020/1/26 10:41:16	USERCONTROL	[SYSTEM_START]
2020/1/26 10:41:46	POPUP	[OPEN] LogIn/Out at Page = 0(PAGE 1)
2020/1/26 10:41:48	USERCONTROL	[USER_LOG__IN] <IPS:Sysadmin>
2020/1/26 10:41:49	SETTING	[DIO] Bottom_Config with [1] at Page = 0(PAGE 1)
2020/1/26 10:41:49	BUTTON	[BOTTOM CLICK] Bottom_Config
2020/1/26 10:41:53	SETTING	[DIO] Right_Config_Parm_Nav with [2] at Page = 6(PM Param 1)
2020/1/26 10:41:53	BUTTON	[NAV CLICK] Right_Config_Parm_Nav - 2
2020/1/26 10:41:55	SETTING	[DIO] Right_Config_Parm_Nav with [3] at Page = 7(PM Param 2)
2020/1/26 10:41:55	BUTTON	[NAV CLICK] Right_Config_Parm_Nav - 3
2020/1/26 10:43:36	SETTING	[DIO] Bottom_Config with [1] at Page = 0(PAGE 1)
2020/1/26 10:43:36	BUTTON	[BOTTOM CLICK] Bottom_Config
2020/1/26 10:43:41	SETTING	[DIO] Right_Config_Parm_Nav with [4] at Page = 8(PM Param 3)
2020/1/26 10:43:41	BUTTON	[NAV CLICK] Right_Config_Parm_Nav - 4
2020/1/26 10:43:43	SETTING	[DIO] Right_Config_Parm_Nav with [5] at Page = 9(PM Param 4)
2020/1/26 10:43:43	BUTTON	[NAV CLICK] Right_Config_Parm_Nav - 5
2020/1/26 10:43:44	SETTING	[DIO] Right_Config_Parm_Nav with [6] at Page = 10(PM Param 5)
2020/1/26 10:43:44	BUTTON	[NAV CLICK] Right_Config_Parm_Nav - 6
2020/1/26 10:43:46	SETTING	[DIO] Right_Config_Parm_Nav with [7] at Page = 11(PM Param 6)
2020/1/26 10:43:46	BUTTON	[NAV CLICK] Right_Config_Parm_Nav - 7
2020/1/26 10:43:49	SETTING	[DIO] Right_Config_Parm_Nav with [8] at Page = 12(PM Param 7)
2020/1/26 10:43:49	BUTTON	[NAV CLICK] Right_Config_Parm_Nav - 8
2020/1/26 10:43:50	SETTING	[DIO] Right_Config_Parm_Nav with [1] at Page = 0(PM Param 8 (LT Heater Set 1))
2020/1/26 10:43:50	BUTTON	[NAV CLICK] Right_Config_Parm_Nav - 1
2020/1/26 10:47:0	SETTING	[DIO] Right_Config_Parm with [1] at Page = 0(PAGE 1)
2020/1/26 10:47:0	BUTTON	[RIGHT CLICK] Right_Config_Parm
2020/1/26 10:48:3	SETTING	[DIO] Right_Config_Parm with [1] at Page = 0(PAGE 1)
2020/1/26 10:48:3	BUTTON	[RIGHT CLICK] Right_Config_Parm
2020/1/26 10:53:17	SETTING	[DIO] Right_Config_Parm with [1] at Page = 0(PAGE 1)
2020/1/26 10:53:17	BUTTON	[RIGHT CLICK] Right_Config_Parm
2020/1/26 10:53:54	SETTING	[DIO] Right_Config_Parm_Nav with [2] at Page = 6(PM Param 1)
2020/1/26 10:53:54	BUTTON	[NAV CLICK] Right_Config_Parm_Nav - 2
2020/1/26 10:53:55	SETTING	[DIO] Right_Config_Parm_Nav with [3] at Page = 7(PM Param 2)
2020/1/26 10:53:55	BUTTON	[NAV CLICK] Right_Config_Parm_Nav - 3
2020/1/26 10:53:58	SETTING	[DIO] Right_Config_Parm_Nav with [1] at Page = 8(PM Param 3)
2020/1/26 10:53:58	BUTTON	[NAV CLICK] Right_Config_Parm_Nav - 1
2020/1/26 10:54:0	SETTING	[DIO] Right_Config_Parm_Nav with [2] at Page = 6(PM Param 1)
2020/1/26 10:54:0	BUTTON	[NAV CLICK] Right_Config_Parm_Nav - 2
2020/1/26 10:55:5	SETTING	[DIO] Right_Config_Parm with [1] at Page = 0(PAGE 1)
2020/1/26 10:55:5	BUTTON	[RIGHT CLICK] Right_Config_Parm
2020/1/26 10:55:12	SETTING	[DIO] Right_Config_Parm_Nav with [3] at Page = 7(PM Param 2)
2020/1/26 10:55:12	BUTTON	[NAV CLICK] Right_Config_Parm_Nav - 3
2020/1/26 10:58:52	SETTING	[DIO] Right_Config_Parm with [1] at Page = 0(PAGE 1)
2020/1/26 10:58:52	BUTTON	[RIGHT CLICK] Right_Config_Parm
2020/1/26 11:2:3	SETTING	[DIO] Bottom_Service with [1] at Page = 0(PAGE 1)
2020/1/26 11:2:3	BUTTON	[BOTTOM CLICK] Bottom_Service
2020/1/26 11:2:5	SETTING	[DIO] Right_Service_Vrifi with [1] at Page = 0(PAGE 1)
2020/1/26 11:2:5	BUTTON	[RIGHT CLICK] Right_Service_Vrifi
2020/1/26 11:2:24	SETTING	[DIO] Bottom_Config with [1] at Page = 0(PAGE 1)
2020/1/26 11:2:24	BUTTON	[BOTTOM CLICK] Bottom_Config
2020/1/26 11:2:46	SETTING	[DIO] Right_Config_Parm with [1] at Page = 0(PAGE 1)
2020/1/26 11:2:46	BUTTON	[RIGHT CLICK] Right_Config_Parm
2020/1/26 11:4:53	SETTING	[DIO] Right_Config_Parm_Nav with [1] at Page = 8(PM Param 3)
2020/1/26 11:4:53	BUTTON	[NAV CLICK] Right_Config_Parm_Nav - 1
2020/1/26 11:7:54	SETTING	[DIO] Right_Config_Parm with [1] at Page = 0(PAGE 1)
2020/1/26 11:7:54	BUTTON	[RIGHT CLICK] Right_Config_Parm
2020/1/26 11:8:7	SETTING	[DIO] Right_Config_Parm_Nav with [2] at Page = 6(PM Param 1)
2020/1/26 11:8:7	BUTTON	[NAV CLICK] Right_Config_Parm_Nav - 2
2020/1/26 11:8:9	SETTING	[DIO] Right_Config_Parm_Nav with [3] at Page = 7(PM Param 2)
2020/1/26 11:8:9	BUTTON	[NAV CLICK] Right_Config_Parm_Nav - 3
2020/1/26 11:10:30	SETTING	[DIO] Right_Config_Parm_Nav with [1] at Page = 8(PM Param 3)
2020/1/26 11:10:30	BUTTON	[NAV CLICK] Right_Config_Parm_Nav - 1
2020/1/26 11:10:35	SETTING	[DIO] Right_Config_Parm_Nav with [3] at Page = 6(PM Param 1)
2020/1/26 11:10:35	BUTTON	[NAV CLICK] Right_Config_Parm_Nav - 3
2020/1/26 11:11:41	SETTING	[DIO] Right_Config_Parm_Nav with [4] at Page = 8(PM Param 3)
2020/1/26 11:11:41	BUTTON	[NAV CLICK] Right_Config_Parm_Nav - 4
2020/1/26 11:13:11	SETTING	[DIO] Right_Config_Parm_Nav with [5] at Page = 9(PM Param 4)
2020/1/26 11:13:11	BUTTON	[NAV CLICK] Right_Config_Parm_Nav - 5
2020/1/26 11:13:17	SETTING	[DIO] Right_Config_Parm_Nav with [4] at Page = 10(PM Param 5)
2020/1/26 11:13:17	BUTTON	[NAV CLICK] Right_Config_Parm_Nav - 4
2020/1/26 11:13:25	SETTING	[DIO] Right_Config_Parm with [1] at Page = 0(PAGE 1)
2020/1/26 11:13:25	BUTTON	[RIGHT CLICK] Right_Config_Parm
2020/1/26 11:13:32	SETTING	[DIO] Right_Config_Parm_Nav with [6] at Page = 9(PM Param 4)
2020/1/26 11:13:32	BUTTON	[NAV CLICK] Right_Config_Parm_Nav - 6
2020/1/26 11:13:54	SETTING	[DIO] Right_Config_Parm_Nav with [3] at Page = 11(PM Param 6)
2020/1/26 11:13:54	BUTTON	[NAV CLICK] Right_Config_Parm_Nav - 3
2020/1/26 11:14:0	SETTING	[DIO] Right_Config_Parm_Nav with [5] at Page = 8(PM Param 3)
2020/1/26 11:14:0	BUTTON	[NAV CLICK] Right_Config_Parm_Nav - 5
2020/1/26 11:14:1	SETTING	[DIO] Right_Config_Parm_Nav with [6] at Page = 10(PM Param 5)
2020/1/26 11:14:1	BUTTON	[NAV CLICK] Right_Config_Parm_Nav - 6
2020/1/26 11:29:5	SETTING	[DIO] Right_Config_Parm with [1] at Page = 0(PAGE 1)
2020/1/26 11:29:5	BUTTON	[RIGHT CLICK] Right_Config_Parm
2020/1/26 11:34:3	SETTING	[DIO] Right_Config_Parm with [1] at Page = 0(PAGE 1)
2020/1/26 11:34:3	BUTTON	[RIGHT CLICK] Right_Config_Parm
2020/1/26 11:35:16	SETTING	[DIO] Right_Config_Parm with [1] at Page = 0(PAGE 1)
2020/1/26 11:35:16	BUTTON	[RIGHT CLICK] Right_Config_Parm
2020/1/26 11:35:28	SETTING	[DIO] Right_Config_Parm_Nav with [7] at Page = 11(PM Param 6)
2020/1/26 11:35:28	BUTTON	[NAV CLICK] Right_Config_Parm_Nav - 7
2020/1/26 11:36:24	SETTING	[DIO] Right_Config_Parm_Nav with [6] at Page = 12(PM Param 7)
2020/1/26 11:36:24	BUTTON	[NAV CLICK] Right_Config_Parm_Nav - 6
2020/1/26 11:36:43	SETTING	[DIO] Right_Config_Parm_Nav with [7] at Page = 11(PM Param 6)
2020/1/26 11:36:43	BUTTON	[NAV CLICK] Right_Config_Parm_Nav - 7
2020/1/26 11:36:56	SETTING	[DIO] Right_Config_Parm with [1] at Page = 0(PAGE 1)
2020/1/26 11:36:56	BUTTON	[RIGHT CLICK] Right_Config_Parm
2020/1/26 11:37:5	SETTING	[DIO] Right_Config_Parm_Nav with [8] at Page = 12(PM Param 7)
2020/1/26 11:37:5	BUTTON	[NAV CLICK] Right_Config_Parm_Nav - 8
2020/1/26 11:37:8	SETTING	[DIO] Right_Config_Parm_Nav with [1] at Page = 0(PM Param 8 (LT Heater Set 1))
2020/1/26 11:37:8	BUTTON	[NAV CLICK] Right_Config_Parm_Nav - 1
2020/1/26 11:37:26	SETTING	[DIO] Right_Config_Parm_Nav with [8] at Page = 6(PM Param 1)
2020/1/26 11:37:26	BUTTON	[NAV CLICK] Right_Config_Parm_Nav - 8
2020/1/26 11:52:14	SETTING	[DIO] Right_Config_Parm_Nav with [12] at Page = 0(PM Param 8 (LT Heater Set 1))
2020/1/26 11:52:14	BUTTON	[NAV CLICK] Right_Config_Parm_Nav - 12
2020/1/26 11:52:16	SETTING	[DIO] Right_Config_Parm_Nav with [8] at Page = 4(PM Param 8-4 (Line Heater Power Check))
2020/1/26 11:52:16	BUTTON	[NAV CLICK] Right_Config_Parm_Nav - 8
2020/1/26 12:13:10	SETTING	[DIO] Right_Config_Parm with [1] at Page = 0(PAGE 1)
2020/1/26 12:13:10	BUTTON	[RIGHT CLICK] Right_Config_Parm
2020/1/26 12:13:17	SETTING	[DIO] Right_Config_Parm_Nav with [9] at Page = 0(PM Param 8 (LT Heater Set 1))
2020/1/26 12:13:17	BUTTON	[NAV CLICK] Right_Config_Parm_Nav - 9
2020/1/26 12:13:18	SETTING	[DIO] Right_Config_Parm_Nav with [10] at Page = 1(PM Param 8-1 (LT Heater Set 2))
2020/1/26 12:13:18	BUTTON	[NAV CLICK] Right_Config_Parm_Nav - 10
2020/1/26 12:13:19	SETTING	[DIO] Right_Config_Parm_Nav with [11] at Page = 2(PM Param 8-2 (RT Heater Set 1))
2020/1/26 12:13:19	BUTTON	[NAV CLICK] Right_Config_Parm_Nav - 11
2020/1/26 12:13:20	SETTING	[DIO] Right_Config_Parm_Nav with [12] at Page = 3(PM Param 8-3 (RT Heater Set 2))
2020/1/26 12:13:20	BUTTON	[NAV CLICK] Right_Config_Parm_Nav - 12
2020/1/26 12:13:28	SETTING	[DIO] Right_Config_Parm_Nav with [8] at Page = 4(PM Param 8-4 (Line Heater Power Check))
2020/1/26 12:13:28	BUTTON	[NAV CLICK] Right_Config_Parm_Nav - 8
2020/1/26 12:18:19	SETTING	[DIO] Right_Config_Parm with [1] at Page = 0(PAGE 1)
2020/1/26 12:18:19	BUTTON	[RIGHT CLICK] Right_Config_Parm
2020/1/26 12:18:22	SETTING	[DIO] Right_Config_Parm_Nav with [12] at Page = 0(PM Param 8 (LT Heater Set 1))
2020/1/26 12:18:22	BUTTON	[NAV CLICK] Right_Config_Parm_Nav - 12
2020/1/26 12:18:34	SETTING	[DIO] Right_Config_Parm_Nav with [11] at Page = 4(PM Param 8-4 (Line Heater Power Check))
2020/1/26 12:18:34	BUTTON	[NAV CLICK] Right_Config_Parm_Nav - 11
2020/1/26 12:18:35	SETTING	[DIO] Right_Config_Parm_Nav with [12] at Page = 3(PM Param 8-3 (RT Heater Set 2))
2020/1/26 12:18:35	BUTTON	[NAV CLICK] Right_Config_Parm_Nav - 12
2020/1/26 12:18:37	SETTING	[DIO] Right_Config_Parm_Nav with [10] at Page = 4(PM Param 8-4 (Line Heater Power Check))
2020/1/26 12:18:37	BUTTON	[NAV CLICK] Right_Config_Parm_Nav - 10
2020/1/26 12:18:38	SETTING	[DIO] Right_Config_Parm_Nav with [9] at Page = 2(PM Param 8-2 (RT Heater Set 1))
2020/1/26 12:18:38	BUTTON	[NAV CLICK] Right_Config_Parm_Nav - 9
2020/1/26 12:18:41	SETTING	[DIO] Right_Config_Parm_Nav with [8] at Page = 1(PM Param 8-1 (LT Heater Set 2))
2020/1/26 12:18:41	BUTTON	[NAV CLICK] Right_Config_Parm_Nav - 8
2020/1/26 12:18:42	SETTING	[DIO] Right_Config_Parm_Nav with [9] at Page = 0(PM Param 8 (LT Heater Set 1))
2020/1/26 12:18:42	BUTTON	[NAV CLICK] Right_Config_Parm_Nav - 9
2020/1/26 12:18:43	SETTING	[DIO] Right_Config_Parm_Nav with [10] at Page = 1(PM Param 8-1 (LT Heater Set 2))
2020/1/26 12:18:43	BUTTON	[NAV CLICK] Right_Config_Parm_Nav - 10
2020/1/26 12:18:44	SETTING	[DIO] Right_Config_Parm_Nav with [11] at Page = 2(PM Param 8-2 (RT Heater Set 1))
2020/1/26 12:18:44	BUTTON	[NAV CLICK] Right_Config_Parm_Nav - 11
2020/1/26 12:18:45	SETTING	[DIO] Right_Config_Parm_Nav with [12] at Page = 3(PM Param 8-3 (RT Heater Set 2))
2020/1/26 12:18:45	BUTTON	[NAV CLICK] Right_Config_Parm_Nav - 12
2020/1/26 12:20:6	SETTING	[DIO] Right_Config_Parm_Nav with [4] at Page = 4(PM Param 8-4 (Line Heater Power Check))
2020/1/26 12:20:6	BUTTON	[NAV CLICK] Right_Config_Parm_Nav - 4
2020/1/26 12:20:8	SETTING	[DIO] Right_Config_Parm_Nav with [8] at Page = 9(PM Param 4)
2020/1/26 12:20:8	BUTTON	[NAV CLICK] Right_Config_Parm_Nav - 8
2020/1/26 12:21:12	SETTING	[DIO] Right_Config_Parm with [1] at Page = 0(PAGE 1)
2020/1/26 12:21:12	BUTTON	[RIGHT CLICK] Right_Config_Parm
2020/1/26 12:22:43	SETTING	[DIO] Main_Screen_Button with [1] at Page = 0(PAGE 1)
2020/1/26 12:22:43	BUTTON	[GO_DIRECT CLICK] Main_Screen_Button
2020/1/26 12:22:48	SETTING	[DIO] Bottom_Config with [1] at Page = 0(PAGE 1)
2020/1/26 12:22:48	BUTTON	[BOTTOM CLICK] Bottom_Config
2020/1/26 12:22:52	SETTING	[DIO] Right_Config_Parm_Nav with [1] at Page = 0(PM Param 8 (LT Heater Set 1))
2020/1/26 12:22:52	BUTTON	[NAV CLICK] Right_Config_Parm_Nav - 1
2020/1/26 12:23:30	SETTING	[DIO] Bottom_System with [1] at Page = 0(PAGE 1)
2020/1/26 12:23:30	BUTTON	[BOTTOM CLICK] Bottom_System
2020/1/26 12:23:31	SETTING	[DIO] Bottom_Recipe with [1] at Page = 0(PAGE 1)
2020/1/26 12:23:31	BUTTON	[BOTTOM CLICK] Bottom_Recipe
2020/1/26 12:23:38	SETTING	[DIO] Bottom_Service with [1] at Page = 0(PAGE 1)
2020/1/26 12:23:38	BUTTON	[BOTTOM CLICK] Bottom_Service
2020/1/26 12:23:42	SETTING	[DIO] Bottom_Config with [1] at Page = 0(PAGE 1)
2020/1/26 12:23:42	BUTTON	[BOTTOM CLICK] Bottom_Config
2020/1/26 12:23:43	SETTING	[DIO] Bottom_Utility with [1] at Page = 0(PAGE 1)
2020/1/26 12:23:43	BUTTON	[BOTTOM CLICK] Bottom_Utility
2020/1/26 12:23:45	SETTING	[DIO] Bottom_Config with [1] at Page = 0(PAGE 1)
2020/1/26 12:23:45	BUTTON	[BOTTOM CLICK] Bottom_Config
2020/1/26 12:24:21	SETTING	[DIO] Bottom_System with [1] at Page = 0(PAGE 1)
2020/1/26 12:24:21	BUTTON	[BOTTOM CLICK] Bottom_System
