2017/5/17 9:23:48	SETTING	[DIO] Bottom_Service with [1] at Page = 0(PAGE 1)
2017/5/17 9:23:48	BUTTON	[BOTTOM CLICK] Bottom_Service
2017/5/17 9:23:49	SETTING	[DIO] Right_Service_Leak with [1] at Page = 0(PAGE 1)
2017/5/17 9:23:49	BUTTON	[RIGHT CLICK] Right_Service_Leak
2017/5/17 9:23:53	SETTING	[AIO] LeakChkBasePressAM with [17.000] at Page = 1(Leak Check)
2017/5/17 9:23:56	SETTING	[AIO] LeakChkLimitPressAM with [170.000] at Page = 1(Leak Check)
2017/5/17 9:23:59	SETTING	[AIO] LeakChkDelayTimeAM with [5.000] at Page = 1(Leak Check)
2017/5/17 9:24:1	SETTING	[AIO] RoRLimitAM with [5.000] at Page = 1(Leak Check)
2017/5/17 9:24:4	SETTING	[AIO] LeakChkCountSPAM with [10.000] at Page = 1(Leak Check)
2017/5/17 9:24:7	SETTING	[AIO] LeakChkPumpTimeOutAM with [10.000] at Page = 1(Leak Check)
2017/5/17 9:24:10	SETTING	[AIO] BaseDelayTimeAM with [10.000] at Page = 1(Leak Check)
2017/5/17 9:24:12	SETTING	[DIO] Bottom_System with [1] at Page = 0(PAGE 1)
2017/5/17 9:24:12	BUTTON	[BOTTOM CLICK] Bottom_System
2017/5/17 9:24:12	SETTING	[DIO] Bottom_Service with [1] at Page = 0(PAGE 1)
2017/5/17 9:24:12	BUTTON	[BOTTOM CLICK] Bottom_Service
2017/5/17 9:24:14	FUNCTION	[START] SERV_MAIN with [LEAK_CHECK] at Page = 1(Leak Check)
2017/5/17 9:24:15	SETTING	[DIO] Bottom_System with [1] at Page = 0(PAGE 1)
2017/5/17 9:24:15	BUTTON	[BOTTOM CLICK] Bottom_System
2017/5/17 9:24:23	SETTING	[DIO] Bottom_Service with [1] at Page = 0(PAGE 1)
2017/5/17 9:24:23	BUTTON	[BOTTOM CLICK] Bottom_Service
2017/5/17 9:24:25	SETTING	[DIO] Bottom_System with [1] at Page = 0(PAGE 1)
2017/5/17 9:24:25	BUTTON	[BOTTOM CLICK] Bottom_System
2017/5/17 9:24:27	SETTING	[DIO] V111ValveDO with [Open(1)] at Page = 0(Main)
2017/5/17 9:24:28	SETTING	[DIO] V103ValveDO with [Open(1)] at Page = 0(Main)
2017/5/17 9:24:29	SETTING	[DIO] V68ValveDO with [Open(1)] at Page = 0(Main)
2017/5/17 9:24:30	SETTING	[DIO] V101ValveDO with [Open(1)] at Page = 0(Main)
2017/5/17 9:24:31	SETTING	[DIO] V98ValveDO with [Open(1)] at Page = 0(Main)
2017/5/17 9:24:32	SETTING	[DIO] V102ValveDO with [Open(1)] at Page = 0(Main)
2017/5/17 9:24:32	SETTING	[DIO] V97ValveDO with [Open(1)] at Page = 0(Main)
2017/5/17 9:24:33	SETTING	[DIO] V100ValveDO with [Open(1)] at Page = 0(Main)
2017/5/17 9:24:33	SETTING	[DIO] V24ValveDO with [Open(1)] at Page = 0(Main)
2017/5/17 9:24:35	SETTING	[DIO] V21ValveDO with [Open(1)] at Page = 0(Main)
2017/5/17 9:24:35	SETTING	[DIO] V23ValveDO with [Open(1)] at Page = 0(Main)
2017/5/17 9:24:36	SETTING	[DIO] V22ValveDO with [Open(1)] at Page = 0(Main)
2017/5/17 9:24:37	SETTING	[DIO] V2ValveDO with [Open(1)] at Page = 0(Main)
2017/5/17 9:24:37	SETTING	[DIO] V4ValveDO with [Open(1)] at Page = 0(Main)
2017/5/17 9:24:38	SETTING	[DIO] V6ValveDO with [Open(1)] at Page = 0(Main)
2017/5/17 9:24:40	SETTING	[AIO] MFC01StPtAO with [5000.000] at Page = 0(Main)
2017/5/17 9:24:41	SETTING	[AIO] MFC02StPtAO with [1000.000] at Page = 0(Main)
2017/5/17 9:24:43	SETTING	[AIO] MFC03StPtAO with [5000.000] at Page = 0(Main)
2017/5/17 9:24:45	SETTING	[DIO] V1ValveDO with [Open(1)] at Page = 0(Main)
2017/5/17 9:24:45	SETTING	[DIO] V3ValveDO with [Open(1)] at Page = 0(Main)
2017/5/17 9:24:46	SETTING	[DIO] V5ValveDO with [Open(1)] at Page = 0(Main)
2017/5/17 9:24:47	SETTING	[DIO] V20ValveDO with [Open(1)] at Page = 0(Main)
2017/5/17 9:24:49	SETTING	[DIO] V106ValveDO with [Open(1)] at Page = 0(Main)
2017/5/17 9:24:49	SETTING	[DIO] V109ValveDO with [Open(1)] at Page = 0(Main)
2017/5/17 9:24:50	SETTING	[DIO] V110ValveDO with [Open(1)] at Page = 0(Main)
2017/5/17 9:24:51	SETTING	[DIO] V105ValveDO with [Open(1)] at Page = 0(Main)
2017/5/17 9:24:51	SETTING	[DIO] V108ValveDO with [Open(1)] at Page = 0(Main)
2017/5/17 9:24:52	SETTING	[DIO] V66ValveDO with [Open(1)] at Page = 0(Main)
2017/5/17 9:24:53	SETTING	[DIO] V63ValveDO with [Open(1)] at Page = 0(Main)
2017/5/17 9:24:53	SETTING	[DIO] V65ValveDO with [Open(1)] at Page = 0(Main)
2017/5/17 9:24:54	SETTING	[DIO] V64ValveDO with [Open(1)] at Page = 0(Main)
2017/5/17 9:24:55	SETTING	[DIO] V61ValveDO with [Open(1)] at Page = 0(Main)
2017/5/17 9:24:55	SETTING	[DIO] V59ValveDO with [Open(1)] at Page = 0(Main)
2017/5/17 9:24:56	SETTING	[DIO] V57ValveDO with [Open(1)] at Page = 0(Main)
2017/5/17 9:24:58	SETTING	[AIO] MFC09StPtAO with [5000.000] at Page = 0(Main)
2017/5/17 9:25:0	SETTING	[AIO] MFC08StPtAO with [1000.000] at Page = 0(Main)
2017/5/17 9:25:1	SETTING	[DIO] V60ValveDO with [Open(1)] at Page = 0(Main)
2017/5/17 9:25:2	SETTING	[DIO] V58ValveDO with [Open(1)] at Page = 0(Main)
2017/5/17 9:25:3	SETTING	[DIO] Bottom_Service with [1] at Page = 0(PAGE 1)
2017/5/17 9:25:3	BUTTON	[BOTTOM CLICK] Bottom_Service
2017/5/17 9:25:4	SETTING	[DIO] Bottom_System with [1] at Page = 0(PAGE 1)
2017/5/17 9:25:4	BUTTON	[BOTTOM CLICK] Bottom_System
2017/5/17 9:25:7	SETTING	[DIO] V62ValveDO with [Open(1)] at Page = 0(Main)
2017/5/17 9:25:7	SETTING	[DIO] V11ValveDO with [Open(1)] at Page = 0(Main)
2017/5/17 9:25:8	SETTING	[DIO] V17ValveDO with [Open(1)] at Page = 0(Main)
2017/5/17 9:25:9	SETTING	[DIO] V18ValveDO with [Open(1)] at Page = 0(Main)
2017/5/17 9:25:9	SETTING	[DIO] V19ValveDO with [Open(1)] at Page = 0(Main)
2017/5/17 9:25:10	SETTING	[DIO] V15ValveDO with [Open(1)] at Page = 0(Main)
2017/5/17 9:25:11	SETTING	[DIO] V13ValveDO with [Open(1)] at Page = 0(Main)
2017/5/17 9:25:12	SETTING	[DIO] V12ValveDO with [Open(1)] at Page = 0(Main)
2017/5/17 9:25:13	SETTING	[DIO] V50ValveDO with [Open(1)] at Page = 0(Main)
2017/5/17 9:25:13	SETTING	[DIO] V53ValveDO with [Open(1)] at Page = 0(Main)
2017/5/17 9:25:14	SETTING	[DIO] V55ValveDO with [Open(1)] at Page = 0(Main)
2017/5/17 9:25:15	SETTING	[DIO] V56ValveDO with [Open(1)] at Page = 0(Main)
2017/5/17 9:25:16	SETTING	[DIO] V54ValveDO with [Open(1)] at Page = 0(Main)
2017/5/17 9:25:17	SETTING	[DIO] V51ValveDO with [Open(1)] at Page = 0(Main)
2017/5/17 9:25:17	SETTING	[DIO] V52ValveDO with [Open(1)] at Page = 0(Main)
2017/5/17 9:25:18	SETTING	[DIO] V49ValveDO with [Open(1)] at Page = 0(Main)
2017/5/17 9:25:20	SETTING	[AIO] MFC04StPtAO with [1000.000] at Page = 0(Main)
2017/5/17 9:25:22	SETTING	[AIO] MFC05StPtAO with [5000.000] at Page = 0(Main)
2017/5/17 9:25:24	SETTING	[AIO] MFC06StPtAO with [5000.000] at Page = 0(Main)
2017/5/17 9:25:26	SETTING	[AIO] MFC07StPtAO with [5000.000] at Page = 0(Main)
2017/5/17 9:25:27	SETTING	[DIO] Bottom_Service with [1] at Page = 0(PAGE 1)
2017/5/17 9:25:27	BUTTON	[BOTTOM CLICK] Bottom_Service
2017/5/17 9:25:29	SETTING	[DIO] Bottom_Recipe with [1] at Page = 0(PAGE 1)
2017/5/17 9:25:29	BUTTON	[BOTTOM CLICK] Bottom_Recipe
2017/5/17 9:25:29	SETTING	[DIO] Bottom_System with [1] at Page = 0(PAGE 1)
2017/5/17 9:25:29	BUTTON	[BOTTOM CLICK] Bottom_System
2017/5/17 9:25:33	SETTING	[DIO] Bottom_Service with [1] at Page = 0(PAGE 1)
2017/5/17 9:25:33	BUTTON	[BOTTOM CLICK] Bottom_Service
2017/5/17 9:38:57	SETTING	[DIO] Bottom_System with [1] at Page = 0(PAGE 1)
2017/5/17 9:38:57	BUTTON	[BOTTOM CLICK] Bottom_System
2017/5/17 9:38:58	SETTING	[DIO] FastRoughVlvDO with [Close(0)] at Page = 0(Main)
2017/5/17 9:38:59	SETTING	[DIO] M651_Valve with [Close(2)] at Page = 0(Main)
2017/5/17 10:28:23	SETTING	[DIO] Bottom_Service with [1] at Page = 0(PAGE 1)
2017/5/17 10:28:23	BUTTON	[BOTTOM CLICK] Bottom_Service
2017/5/17 10:28:24	SETTING	[DIO] Right_Service_Htr with [1] at Page = 0(PAGE 1)
2017/5/17 10:28:24	BUTTON	[RIGHT CLICK] Right_Service_Htr
2017/5/17 10:28:26	SETTING	[DIO] Right_Service_Htr_Nav with [2] at Page = 2(Main Heater)
2017/5/17 10:28:26	BUTTON	[NAV CLICK] Right_Service_Htr_Nav - 2
2017/5/17 10:28:27	SETTING	[DIO] Right_Service_Htr_Nav with [3] at Page = 3(Heater1)
2017/5/17 10:28:27	BUTTON	[NAV CLICK] Right_Service_Htr_Nav - 3
2017/5/17 10:28:48	SETTING	[DIO] Right_Service_Htr_Nav with [2] at Page = 4(Heater2)
2017/5/17 10:28:48	BUTTON	[NAV CLICK] Right_Service_Htr_Nav - 2
2017/5/17 10:28:51	SETTING	[DIO] Right_Service_Htr_Nav with [3] at Page = 3(Heater1)
2017/5/17 10:28:51	BUTTON	[NAV CLICK] Right_Service_Htr_Nav - 3
2017/5/17 10:29:0	SETTING	[DIO] HTREditEnableDisable with [1] at Page = 4(Heater2)
2017/5/17 10:29:7	SETTING	[DIO] Bottom_System with [1] at Page = 0(PAGE 1)
2017/5/17 10:29:7	BUTTON	[BOTTOM CLICK] Bottom_System
2017/5/17 10:52:45	SETTING	[DIO] Bottom_Service with [1] at Page = 0(PAGE 1)
2017/5/17 10:52:45	BUTTON	[BOTTOM CLICK] Bottom_Service
2017/5/17 10:52:45	SETTING	[DIO] Bottom_Service with [1] at Page = 0(PAGE 1)
2017/5/17 10:52:45	BUTTON	[BOTTOM CLICK] Bottom_Service
2017/5/17 10:52:45	SETTING	[DIO] Bottom_Service with [1] at Page = 0(PAGE 1)
2017/5/17 10:52:45	BUTTON	[BOTTOM CLICK] Bottom_Service
2017/5/17 10:52:46	SETTING	[DIO] Bottom_Service with [1] at Page = 0(PAGE 1)
2017/5/17 10:52:46	BUTTON	[BOTTOM CLICK] Bottom_Service
2017/5/17 10:52:46	SETTING	[DIO] Bottom_Service with [1] at Page = 0(PAGE 1)
2017/5/17 10:52:46	BUTTON	[BOTTOM CLICK] Bottom_Service
2017/5/17 10:52:47	SETTING	[DIO] Right_Service_Leak with [1] at Page = 0(PAGE 1)
2017/5/17 10:52:47	BUTTON	[RIGHT CLICK] Right_Service_Leak
2017/5/17 10:52:48	SETTING	[DIO] Right_Service_Leak with [1] at Page = 0(PAGE 1)
2017/5/17 10:52:48	BUTTON	[RIGHT CLICK] Right_Service_Leak
2017/5/17 10:52:48	SETTING	[DIO] Right_Service_Leak with [1] at Page = 0(PAGE 1)
2017/5/17 10:52:48	BUTTON	[RIGHT CLICK] Right_Service_Leak
2017/5/17 10:52:49	SETTING	[DIO] Bottom_System with [1] at Page = 0(PAGE 1)
2017/5/17 10:52:49	BUTTON	[BOTTOM CLICK] Bottom_System
2017/5/17 14:12:10	SETTING	[DIO] Bottom_Service with [1] at Page = 0(PAGE 1)
2017/5/17 14:12:10	BUTTON	[BOTTOM CLICK] Bottom_Service
2017/5/17 14:12:11	SETTING	[DIO] Right_Service_DirectIO with [1] at Page = 0(PAGE 1)
2017/5/17 14:12:11	BUTTON	[RIGHT CLICK] Right_Service_DirectIO
2017/5/17 14:21:11	SETTING	[DIO] Bottom_System with [1] at Page = 0(PAGE 1)
2017/5/17 14:21:11	BUTTON	[BOTTOM CLICK] Bottom_System
2017/5/17 14:21:18	SETTING	[DIO] FastRoughVlvDO with [Open(1)] at Page = 0(Main)
2017/5/17 14:29:25	SETTING	[DIO] Bottom_Service with [1] at Page = 0(PAGE 1)
2017/5/17 14:29:25	BUTTON	[BOTTOM CLICK] Bottom_Service
2017/5/17 14:57:19	SETTING	[DIO] Bottom_Utility with [1] at Page = 0(PAGE 1)
2017/5/17 14:57:19	BUTTON	[BOTTOM CLICK] Bottom_Utility
2017/5/17 14:57:21	SETTING	[DIO] Bottom_System with [1] at Page = 0(PAGE 1)
2017/5/17 14:57:21	BUTTON	[BOTTOM CLICK] Bottom_System
2017/5/17 14:57:41	SETTING	[DIO] V106ValveDO with [Open(1)] at Page = 0(Main)
2017/5/17 14:57:46	SETTING	[DIO] V106ValveDO with [Open(1)] at Page = 0(Main)
2017/5/17 14:57:49	SETTING	[DIO] Bottom_Service with [1] at Page = 0(PAGE 1)
2017/5/17 14:57:49	BUTTON	[BOTTOM CLICK] Bottom_Service
2017/5/17 14:57:57	SETTING	[DIO] Bottom_System with [1] at Page = 0(PAGE 1)
2017/5/17 14:57:57	BUTTON	[BOTTOM CLICK] Bottom_System
2017/5/17 14:58:55	SETTING	[DIO] V106ValveDO with [Open(1)] at Page = 0(Main)
2017/5/17 14:58:57	SETTING	[DIO] V106ValveDO with [Open(1)] at Page = 0(Main)
2017/5/17 14:59:1	SETTING	[DIO] Bottom_Utility with [1] at Page = 0(PAGE 1)
2017/5/17 14:59:1	BUTTON	[BOTTOM CLICK] Bottom_Utility
2017/5/17 14:59:2	SETTING	[DIO] Bottom_Config with [1] at Page = 0(PAGE 1)
2017/5/17 14:59:2	BUTTON	[BOTTOM CLICK] Bottom_Config
2017/5/17 14:59:3	SETTING	[DIO] Bottom_Recipe with [1] at Page = 0(PAGE 1)
2017/5/17 14:59:3	BUTTON	[BOTTOM CLICK] Bottom_Recipe
2017/5/17 14:59:4	SETTING	[DIO] Bottom_System with [1] at Page = 0(PAGE 1)
2017/5/17 14:59:4	BUTTON	[BOTTOM CLICK] Bottom_System
2017/5/17 14:59:7	SETTING	[DIO] Bottom_Utility with [1] at Page = 0(PAGE 1)
2017/5/17 14:59:7	BUTTON	[BOTTOM CLICK] Bottom_Utility
2017/5/17 14:59:10	SETTING	[DIO] Bottom_Config with [1] at Page = 0(PAGE 1)
2017/5/17 14:59:10	BUTTON	[BOTTOM CLICK] Bottom_Config
2017/5/17 14:59:11	SETTING	[DIO] Bottom_Service with [1] at Page = 0(PAGE 1)
2017/5/17 14:59:11	BUTTON	[BOTTOM CLICK] Bottom_Service
2017/5/17 14:59:29	SETTING	[DIO] Bottom_System with [1] at Page = 0(PAGE 1)
2017/5/17 14:59:29	BUTTON	[BOTTOM CLICK] Bottom_System
2017/5/17 14:59:36	SETTING	[DIO] V106ValveDO with [Open(1)] at Page = 0(Main)
2017/5/17 14:59:38	SETTING	[DIO] V106ValveDO with [Open(1)] at Page = 0(Main)
2017/5/17 14:59:48	SETTING	[DIO] V14ValveDO with [Open(1)] at Page = 0(Main)
2017/5/17 14:59:53	SETTING	[DIO] Bottom_Alarm with [1] at Page = 0(PAGE 1)
2017/5/17 14:59:53	BUTTON	[BOTTOM CLICK] Bottom_Alarm
2017/5/17 15:0:10	SETTING	[DIO] Bottom_Service with [1] at Page = 0(PAGE 1)
2017/5/17 15:0:10	BUTTON	[BOTTOM CLICK] Bottom_Service
2017/5/17 15:0:20	SETTING	[DIO] Bottom_System with [1] at Page = 0(PAGE 1)
2017/5/17 15:0:20	BUTTON	[BOTTOM CLICK] Bottom_System
2017/5/17 15:0:23	SETTING	[DIO] V106ValveDO with [Open(1)] at Page = 0(Main)
2017/5/17 15:0:26	SETTING	[DIO] Bottom_Alarm with [1] at Page = 0(PAGE 1)
2017/5/17 15:0:26	BUTTON	[BOTTOM CLICK] Bottom_Alarm
2017/5/17 15:0:28	FUNCTION	[START] OBJ_Alarm_Clear with [CLEAR] at Page = 0(PAGE 1)
2017/5/17 15:0:31	SETTING	[DIO] Bottom_System with [1] at Page = 0(PAGE 1)
2017/5/17 15:0:31	BUTTON	[BOTTOM CLICK] Bottom_System
2017/5/17 15:0:34	SETTING	[DIO] V106ValveDO with [Open(1)] at Page = 0(Main)
2017/5/17 15:0:37	SETTING	[DIO] V111ValveDO with [Open(1)] at Page = 0(Main)
2017/5/17 15:0:40	SETTING	[DIO] V111ValveDO with [Close(0)] at Page = 0(Main)
2017/5/17 15:0:43	SETTING	[DIO] V103ValveDO with [Open(1)] at Page = 0(Main)
2017/5/17 15:0:45	SETTING	[DIO] V103ValveDO with [Close(0)] at Page = 0(Main)
2017/5/17 15:0:46	SETTING	[DIO] Bottom_Service with [1] at Page = 0(PAGE 1)
2017/5/17 15:0:46	BUTTON	[BOTTOM CLICK] Bottom_Service
2017/5/17 15:0:48	SETTING	[DIO] Bottom_Alarm with [1] at Page = 0(PAGE 1)
2017/5/17 15:0:48	BUTTON	[BOTTOM CLICK] Bottom_Alarm
2017/5/17 15:0:55	SETTING	[DIO] Bottom_System with [1] at Page = 0(PAGE 1)
2017/5/17 15:0:55	BUTTON	[BOTTOM CLICK] Bottom_System
2017/5/17 15:3:26	SETTING	[DIO] V17ValveDO with [Open(1)] at Page = 0(Main)
2017/5/17 15:3:30	SETTING	[DIO] V19ValveDO with [Open(1)] at Page = 0(Main)
2017/5/17 15:3:32	SETTING	[DIO] V13ValveDO with [Open(1)] at Page = 0(Main)
2017/5/17 15:14:18	SETTING	[DIO] V14ValveDO with [Close(0)] at Page = 0(Main)
2017/5/17 15:14:21	SETTING	[DIO] V13ValveDO with [Close(0)] at Page = 0(Main)
2017/5/17 15:14:22	SETTING	[DIO] V19ValveDO with [Close(0)] at Page = 0(Main)
2017/5/17 15:14:24	SETTING	[DIO] V17ValveDO with [Close(0)] at Page = 0(Main)
2017/5/17 15:14:27	SETTING	[DIO] V62ValveDO with [Close(0)] at Page = 0(Main)
2017/5/17 15:14:30	SETTING	[DIO] V106ValveDO with [Close(0)] at Page = 0(Main)
2017/5/17 15:48:3	SETTING	[DIO] V111ValveDO with [Open(1)] at Page = 0(Main)
2017/5/17 15:48:4	SETTING	[DIO] V103ValveDO with [Open(1)] at Page = 0(Main)
2017/5/17 15:48:5	SETTING	[DIO] V68ValveDO with [Open(1)] at Page = 0(Main)
2017/5/17 15:48:6	SETTING	[DIO] V106ValveDO with [Open(1)] at Page = 0(Main)
2017/5/17 15:48:7	SETTING	[DIO] V110ValveDO with [Close(0)] at Page = 0(Main)
2017/5/17 15:48:8	SETTING	[DIO] V63ValveDO with [Open(1)] at Page = 0(Main)
2017/5/17 15:48:9	SETTING	[DIO] V59ValveDO with [Open(1)] at Page = 0(Main)
2017/5/17 15:48:11	SETTING	[DIO] V52ValveDO with [Open(1)] at Page = 0(Main)
2017/5/17 15:48:12	SETTING	[DIO] V53ValveDO with [Open(1)] at Page = 0(Main)
2017/5/17 15:48:16	SETTING	[DIO] V53ValveDO with [Close(0)] at Page = 0(Main)
2017/5/17 15:48:18	SETTING	[DIO] V52ValveDO with [Close(0)] at Page = 0(Main)
2017/5/17 15:48:19	SETTING	[DIO] V59ValveDO with [Close(0)] at Page = 0(Main)
2017/5/17 15:48:19	SETTING	[DIO] V63ValveDO with [Close(0)] at Page = 0(Main)
2017/5/17 15:48:20	SETTING	[DIO] V106ValveDO with [Close(0)] at Page = 0(Main)
2017/5/17 15:48:21	SETTING	[DIO] V68ValveDO with [Close(0)] at Page = 0(Main)
2017/5/17 15:48:23	SETTING	[DIO] V111ValveDO with [Close(0)] at Page = 0(Main)
2017/5/17 15:48:23	SETTING	[DIO] V103ValveDO with [Close(0)] at Page = 0(Main)
2017/5/17 15:48:25	SETTING	[DIO] V103ValveDO with [Open(1)] at Page = 0(Main)
2017/5/17 15:48:26	SETTING	[DIO] V111ValveDO with [Open(1)] at Page = 0(Main)
2017/5/17 15:48:30	SETTING	[DIO] V98ValveDO with [Open(1)] at Page = 0(Main)
2017/5/17 15:48:31	SETTING	[DIO] V97ValveDO with [Open(1)] at Page = 0(Main)
2017/5/17 15:48:33	SETTING	[DIO] V102ValveDO with [Open(1)] at Page = 0(Main)
2017/5/17 15:48:38	SETTING	[DIO] V52ValveDO with [Open(1)] at Page = 0(Main)
2017/5/17 15:48:39	SETTING	[DIO] V53ValveDO with [Open(1)] at Page = 0(Main)
2017/5/17 15:48:41	SETTING	[DIO] V98ValveDO with [Close(0)] at Page = 0(Main)
2017/5/17 15:48:42	SETTING	[DIO] V102ValveDO with [Close(0)] at Page = 0(Main)
2017/5/17 15:48:43	SETTING	[DIO] V97ValveDO with [Close(0)] at Page = 0(Main)
2017/5/17 15:48:48	SETTING	[DIO] V52ValveDO with [Close(0)] at Page = 0(Main)
2017/5/17 15:48:49	SETTING	[DIO] V53ValveDO with [Close(0)] at Page = 0(Main)
2017/5/17 15:48:50	SETTING	[DIO] Bottom_Service with [1] at Page = 0(PAGE 1)
2017/5/17 15:48:50	BUTTON	[BOTTOM CLICK] Bottom_Service
2017/5/17 15:48:57	IOEDIT	DirectIO Edit => DIO:IOLockDO , VALUE:1
2017/5/17 15:49:0	IOEDIT	DirectIO Edit => DIO:INTLKS_CONTROL , VALUE:0
2017/5/17 15:49:1	SETTING	[DIO] Bottom_System with [1] at Page = 0(PAGE 1)
2017/5/17 15:49:1	BUTTON	[BOTTOM CLICK] Bottom_System
2017/5/17 15:49:4	SETTING	[DIO] V111ValveDO with [Close(0)] at Page = 0(Main)
2017/5/17 15:49:5	SETTING	[DIO] V111ValveDO with [Open(1)] at Page = 0(Main)
2017/5/17 15:49:8	SETTING	[DIO] V111ValveDO with [Close(0)] at Page = 0(Main)
2017/5/17 15:49:9	SETTING	[DIO] V103ValveDO with [Close(0)] at Page = 0(Main)
2017/5/17 15:49:10	SETTING	[DIO] V111ValveDO with [Open(1)] at Page = 0(Main)
2017/5/17 15:49:11	SETTING	[DIO] V103ValveDO with [Open(1)] at Page = 0(Main)
2017/5/17 15:49:13	SETTING	[DIO] V106ValveDO with [Open(1)] at Page = 0(Main)
2017/5/17 15:49:14	SETTING	[DIO] V105ValveDO with [Open(1)] at Page = 0(Main)
2017/5/17 15:49:18	SETTING	[DIO] Right_System_Control with [1] at Page = 0(PAGE 1)
2017/5/17 15:49:18	BUTTON	[RIGHT CLICK] Right_System_Control
2017/5/17 15:49:20	FUNCTION	[START] SERV_MAIN with [ABORT_GAS] at Page = 1(Control)
2017/5/17 15:49:20	SETTING	[DIO] Right_System_Main with [1] at Page = 0(PAGE 1)
2017/5/17 15:49:20	BUTTON	[RIGHT CLICK] Right_System_Main
2017/5/17 15:49:20	SETTING	[DIO] Right_System_Main with [1] at Page = 0(PAGE 1)
2017/5/17 15:49:20	BUTTON	[RIGHT CLICK] Right_System_Main
2017/5/17 15:51:45	SETTING	[DIO] Bottom_Alarm with [1] at Page = 0(PAGE 1)
2017/5/17 15:51:45	BUTTON	[BOTTOM CLICK] Bottom_Alarm
2017/5/17 15:51:46	FUNCTION	[START] OBJ_Alarm_Clear with [CLEAR] at Page = 0(PAGE 1)
2017/5/17 15:51:55	SETTING	[DIO] Bottom_System with [1] at Page = 0(PAGE 1)
2017/5/17 15:51:55	BUTTON	[BOTTOM CLICK] Bottom_System
2017/5/17 15:51:58	SETTING	[DIO] V106ValveDO with [Open(1)] at Page = 0(Main)
2017/5/17 15:52:0	SETTING	[DIO] V105ValveDO with [Open(1)] at Page = 0(Main)
2017/5/17 15:52:3	SETTING	[DIO] V106ValveDO with [Close(0)] at Page = 0(Main)
