2017/3/31 10:16:55	SETTING	[DIO] Bottom_Service with [1] at Page = 0(PAGE 1)
2017/3/31 10:16:55	BUTTON	[BOTTOM CLICK] Bottom_Service
2017/3/31 10:16:58	SETTING	[DIO] Bottom_System with [1] at Page = 0(PAGE 1)
2017/3/31 10:16:58	BUTTON	[BOTTOM CLICK] Bottom_System
2017/3/31 10:17:6	SETTING	[DIO] Bottom_Service with [1] at Page = 0(PAGE 1)
2017/3/31 10:17:6	BUTTON	[BOTTOM CLICK] Bottom_Service
2017/3/31 10:17:9	SETTING	[DIO] Right_Service_DirectIO with [1] at Page = 0(PAGE 1)
2017/3/31 10:17:9	BUTTON	[RIGHT CLICK] Right_Service_DirectIO
2017/3/31 10:17:21	IOEDIT	DirectIO Edit => DIO:IOLockDO , VALUE:1
2017/3/31 10:17:28	SETTING	[DIO] Bottom_Alarm with [1] at Page = 0(PAGE 1)
2017/3/31 10:17:28	BUTTON	[BOTTOM CLICK] Bottom_Alarm
2017/3/31 10:17:31	FUNCTION	[START] OBJ_Alarm_Clear with [CLEAR] at Page = 0(PAGE 1)
2017/3/31 10:17:40	SETTING	[DIO] Bottom_Service with [1] at Page = 0(PAGE 1)
2017/3/31 10:17:40	BUTTON	[BOTTOM CLICK] Bottom_Service
2017/3/31 10:17:41	SETTING	[DIO] Bottom_System with [1] at Page = 0(PAGE 1)
2017/3/31 10:17:41	BUTTON	[BOTTOM CLICK] Bottom_System
2017/3/31 10:17:44	SETTING	[DIO] V109ValveDO with [Open(1)] at Page = 0(Main)
2017/3/31 10:17:45	SETTING	[DIO] V110ValveDO with [Open(1)] at Page = 0(Main)
2017/3/31 10:17:46	SETTING	[DIO] V65ValveDO with [Open(1)] at Page = 0(Main)
2017/3/31 10:17:47	SETTING	[DIO] V64ValveDO with [Open(1)] at Page = 0(Main)
2017/3/31 10:17:48	SETTING	[DIO] V63ValveDO with [Open(1)] at Page = 0(Main)
2017/3/31 10:17:48	SETTING	[DIO] V105ValveDO with [Open(1)] at Page = 0(Main)
2017/3/31 10:17:49	SETTING	[DIO] V106ValveDO with [Open(1)] at Page = 0(Main)
2017/3/31 10:17:50	SETTING	[DIO] V108ValveDO with [Open(1)] at Page = 0(Main)
2017/3/31 10:17:50	SETTING	[DIO] V66ValveDO with [Open(1)] at Page = 0(Main)
2017/3/31 10:17:51	SETTING	[DIO] V57ValveDO with [Open(1)] at Page = 0(Main)
2017/3/31 10:17:52	SETTING	[DIO] V59ValveDO with [Open(1)] at Page = 0(Main)
2017/3/31 10:17:53	SETTING	[DIO] V61ValveDO with [Open(1)] at Page = 0(Main)
2017/3/31 10:17:53	SETTING	[DIO] V60ValveDO with [Open(1)] at Page = 0(Main)
2017/3/31 10:17:54	SETTING	[DIO] V58ValveDO with [Open(1)] at Page = 0(Main)
2017/3/31 10:17:57	SETTING	[AIO] MFC09StPtAO with [5000.000] at Page = 0(Main)
2017/3/31 10:17:59	SETTING	[AIO] MFC08StPtAO with [1000.000] at Page = 0(Main)
2017/3/31 10:18:1	SETTING	[DIO] V101ValveDO with [Open(1)] at Page = 0(Main)
2017/3/31 10:18:2	SETTING	[DIO] V22ValveDO with [Open(1)] at Page = 0(Main)
2017/3/31 10:18:3	SETTING	[DIO] V2ValveDO with [Open(1)] at Page = 0(Main)
2017/3/31 10:18:3	SETTING	[DIO] V4ValveDO with [Open(1)] at Page = 0(Main)
2017/3/31 10:18:4	SETTING	[DIO] V6ValveDO with [Open(1)] at Page = 0(Main)
2017/3/31 10:18:4	SETTING	[DIO] V21ValveDO with [Open(1)] at Page = 0(Main)
2017/3/31 10:18:5	SETTING	[DIO] V23ValveDO with [Open(1)] at Page = 0(Main)
2017/3/31 10:18:6	SETTING	[DIO] V102ValveDO with [Open(1)] at Page = 0(Main)
2017/3/31 10:18:6	SETTING	[DIO] V98ValveDO with [Open(1)] at Page = 0(Main)
2017/3/31 10:18:7	SETTING	[DIO] V97ValveDO with [Open(1)] at Page = 0(Main)
2017/3/31 10:18:7	SETTING	[DIO] V100ValveDO with [Open(1)] at Page = 0(Main)
2017/3/31 10:18:8	SETTING	[DIO] V24ValveDO with [Open(1)] at Page = 0(Main)
2017/3/31 10:18:9	SETTING	[DIO] V5ValveDO with [Open(1)] at Page = 0(Main)
2017/3/31 10:18:10	SETTING	[DIO] V3ValveDO with [Open(1)] at Page = 0(Main)
2017/3/31 10:18:10	SETTING	[DIO] V1ValveDO with [Open(1)] at Page = 0(Main)
2017/3/31 10:18:13	SETTING	[AIO] MFC01StPtAO with [5000.000] at Page = 0(Main)
2017/3/31 10:18:16	SETTING	[AIO] MFC02StPtAO with [1000.000] at Page = 0(Main)
2017/3/31 10:18:19	SETTING	[AIO] MFC03StPtAO with [5000.000] at Page = 0(Main)
2017/3/31 10:18:20	SETTING	[DIO] V20ValveDO with [Open(1)] at Page = 0(Main)
2017/3/31 10:18:21	SETTING	[DIO] V62ValveDO with [Open(1)] at Page = 0(Main)
2017/3/31 10:18:23	SETTING	[DIO] V11ValveDO with [Open(1)] at Page = 0(Main)
2017/3/31 10:18:25	SETTING	[DIO] V17ValveDO with [Open(1)] at Page = 0(Main)
2017/3/31 10:18:26	SETTING	[DIO] V12ValveDO with [Open(1)] at Page = 0(Main)
2017/3/31 10:18:30	SETTING	[DIO] V50ValveDO with [Open(1)] at Page = 0(Main)
2017/3/31 10:18:31	SETTING	[DIO] V49ValveDO with [Open(1)] at Page = 0(Main)
2017/3/31 10:18:34	SETTING	[AIO] MFC04StPtAO with [1000.000] at Page = 0(Main)
2017/3/31 10:18:38	SETTING	[DIO] V56ValveDO with [Open(1)] at Page = 0(Main)
2017/3/31 10:18:39	SETTING	[DIO] V55ValveDO with [Open(1)] at Page = 0(Main)
2017/3/31 10:18:40	SETTING	[DIO] V54ValveDO with [Open(1)] at Page = 0(Main)
2017/3/31 10:18:43	SETTING	[AIO] MFC07StPtAO with [5000.000] at Page = 0(Main)
2017/3/31 10:18:45	SETTING	[AIO] MFC06StPtAO with [5000.000] at Page = 0(Main)
2017/3/31 10:18:47	SETTING	[DIO] V53ValveDO with [Open(1)] at Page = 0(Main)
2017/3/31 10:18:49	SETTING	[DIO] V52ValveDO with [Open(1)] at Page = 0(Main)
2017/3/31 10:18:53	SETTING	[AIO] MFC05StPtAO with [5000.000] at Page = 0(Main)
2017/3/31 10:18:57	SETTING	[DIO] Bottom_Alarm with [1] at Page = 0(PAGE 1)
2017/3/31 10:18:57	BUTTON	[BOTTOM CLICK] Bottom_Alarm
2017/3/31 10:19:6	SETTING	[DIO] Bottom_Service with [1] at Page = 0(PAGE 1)
2017/3/31 10:19:6	BUTTON	[BOTTOM CLICK] Bottom_Service
2017/3/31 10:19:7	SETTING	[DIO] Bottom_System with [1] at Page = 0(PAGE 1)
2017/3/31 10:19:7	BUTTON	[BOTTOM CLICK] Bottom_System
2017/3/31 10:19:17	SETTING	[DIO] V53ValveDO with [Close(0)] at Page = 0(Main)
2017/3/31 10:19:18	SETTING	[DIO] V52ValveDO with [Close(0)] at Page = 0(Main)
2017/3/31 10:19:20	SETTING	[AIO] MFC05StPtAO with [0.000] at Page = 0(Main)
2017/3/31 10:19:22	SETTING	[DIO] V103ValveDO with [Close(0)] at Page = 0(Main)
2017/3/31 10:19:23	SETTING	[DIO] V111ValveDO with [Close(0)] at Page = 0(Main)
2017/3/31 10:19:24	SETTING	[DIO] V68ValveDO with [Open(1)] at Page = 0(Main)
2017/3/31 10:19:27	SETTING	[DIO] V111ValveDO with [Open(1)] at Page = 0(Main)
2017/3/31 10:19:28	SETTING	[DIO] V103ValveDO with [Open(1)] at Page = 0(Main)
2017/3/31 10:19:57	SETTING	[AIO] M651_Set_Pressure with [10.000] at Page = 0(Main)
2017/3/31 10:20:4	SETTING	[DIO] M651_Valve with [Open(1)] at Page = 0(Main)
2017/3/31 10:20:16	SETTING	[DIO] V18ValveDO with [Open(1)] at Page = 0(Main)
2017/3/31 10:20:18	SETTING	[DIO] V18ValveDO with [Close(0)] at Page = 0(Main)
2017/3/31 10:50:42	SETTING	[DIO] V18ValveDO with [Open(1)] at Page = 0(Main)
2017/3/31 10:50:43	SETTING	[DIO] V19ValveDO with [Open(1)] at Page = 0(Main)
2017/3/31 10:50:43	SETTING	[DIO] V15ValveDO with [Open(1)] at Page = 0(Main)
2017/3/31 10:50:44	SETTING	[DIO] V13ValveDO with [Open(1)] at Page = 0(Main)
2017/3/31 10:50:44	SETTING	[DIO] V14ValveDO with [Open(1)] at Page = 0(Main)
2017/3/31 10:50:47	SETTING	[DIO] Bottom_Alarm with [1] at Page = 0(PAGE 1)
2017/3/31 10:50:47	BUTTON	[BOTTOM CLICK] Bottom_Alarm
2017/3/31 10:50:49	FUNCTION	[START] OBJ_Alarm_Clear with [CLEAR] at Page = 0(PAGE 1)
2017/3/31 10:50:51	SETTING	[DIO] Bottom_Service with [1] at Page = 0(PAGE 1)
2017/3/31 10:50:51	BUTTON	[BOTTOM CLICK] Bottom_Service
2017/3/31 10:50:52	SETTING	[DIO] Bottom_System with [1] at Page = 0(PAGE 1)
2017/3/31 10:50:52	BUTTON	[BOTTOM CLICK] Bottom_System
2017/3/31 10:50:55	SETTING	[DIO] V111ValveDO with [Open(1)] at Page = 0(Main)
2017/3/31 10:51:4	SETTING	[DIO] V103ValveDO with [Open(1)] at Page = 0(Main)
2017/3/31 10:51:5	SETTING	[DIO] V62ValveDO with [Open(1)] at Page = 0(Main)
2017/3/31 10:51:6	SETTING	[DIO] V11ValveDO with [Open(1)] at Page = 0(Main)
2017/3/31 10:51:6	SETTING	[DIO] V17ValveDO with [Open(1)] at Page = 0(Main)
2017/3/31 10:51:8	SETTING	[DIO] V12ValveDO with [Open(1)] at Page = 0(Main)
2017/3/31 10:51:8	SETTING	[DIO] V18ValveDO with [Open(1)] at Page = 0(Main)
2017/3/31 10:51:9	SETTING	[DIO] V18ValveDO with [Close(0)] at Page = 0(Main)
2017/3/31 10:51:10	SETTING	[DIO] V50ValveDO with [Open(1)] at Page = 0(Main)
2017/3/31 10:51:10	SETTING	[DIO] V49ValveDO with [Open(1)] at Page = 0(Main)
2017/3/31 10:51:11	SETTING	[DIO] V55ValveDO with [Open(1)] at Page = 0(Main)
2017/3/31 10:51:12	SETTING	[DIO] V54ValveDO with [Open(1)] at Page = 0(Main)
2017/3/31 10:51:13	SETTING	[AIO] MFC06StPtAO with [5000.000] at Page = 0(Main)
2017/3/31 10:51:14	SETTING	[DIO] V98ValveDO with [Open(1)] at Page = 0(Main)
2017/3/31 10:51:15	SETTING	[DIO] V102ValveDO with [Open(1)] at Page = 0(Main)
2017/3/31 10:51:15	SETTING	[DIO] V97ValveDO with [Open(1)] at Page = 0(Main)
2017/3/31 10:51:16	SETTING	[DIO] V100ValveDO with [Open(1)] at Page = 0(Main)
2017/3/31 10:51:16	SETTING	[DIO] V24ValveDO with [Open(1)] at Page = 0(Main)
2017/3/31 10:51:17	SETTING	[DIO] V6ValveDO with [Open(1)] at Page = 0(Main)
2017/3/31 10:51:17	SETTING	[DIO] V4ValveDO with [Open(1)] at Page = 0(Main)
2017/3/31 10:51:18	SETTING	[DIO] V21ValveDO with [Open(1)] at Page = 0(Main)
2017/3/31 10:51:18	SETTING	[DIO] V23ValveDO with [Open(1)] at Page = 0(Main)
2017/3/31 10:51:19	SETTING	[DIO] V22ValveDO with [Open(1)] at Page = 0(Main)
2017/3/31 10:51:20	SETTING	[DIO] V101ValveDO with [Open(1)] at Page = 0(Main)
2017/3/31 10:51:20	SETTING	[DIO] V2ValveDO with [Open(1)] at Page = 0(Main)
2017/3/31 10:51:22	SETTING	[AIO] MFC01StPtAO with [5000.000] at Page = 0(Main)
2017/3/31 10:51:23	SETTING	[DIO] V1ValveDO with [Open(1)] at Page = 0(Main)
2017/3/31 10:51:23	SETTING	[DIO] V3ValveDO with [Open(1)] at Page = 0(Main)
2017/3/31 10:51:24	SETTING	[DIO] V5ValveDO with [Open(1)] at Page = 0(Main)
2017/3/31 10:51:25	SETTING	[AIO] MFC03StPtAO with [5000.000] at Page = 0(Main)
2017/3/31 10:51:26	SETTING	[AIO] MFC02StPtAO with [1000.000] at Page = 0(Main)
2017/3/31 10:51:27	SETTING	[DIO] V109ValveDO with [Open(1)] at Page = 0(Main)
2017/3/31 10:51:28	SETTING	[DIO] V106ValveDO with [Open(1)] at Page = 0(Main)
2017/3/31 10:51:28	SETTING	[DIO] V110ValveDO with [Open(1)] at Page = 0(Main)
2017/3/31 10:51:29	SETTING	[DIO] V105ValveDO with [Open(1)] at Page = 0(Main)
2017/3/31 10:51:29	SETTING	[DIO] V108ValveDO with [Open(1)] at Page = 0(Main)
2017/3/31 10:51:30	SETTING	[DIO] V63ValveDO with [Open(1)] at Page = 0(Main)
2017/3/31 10:51:30	SETTING	[DIO] V65ValveDO with [Open(1)] at Page = 0(Main)
2017/3/31 10:51:31	SETTING	[DIO] V61ValveDO with [Open(1)] at Page = 0(Main)
2017/3/31 10:51:31	SETTING	[DIO] V64ValveDO with [Open(1)] at Page = 0(Main)
2017/3/31 10:51:32	SETTING	[DIO] V59ValveDO with [Open(1)] at Page = 0(Main)
2017/3/31 10:51:32	SETTING	[DIO] V57ValveDO with [Open(1)] at Page = 0(Main)
2017/3/31 10:51:33	SETTING	[DIO] V66ValveDO with [Open(1)] at Page = 0(Main)
2017/3/31 10:51:34	SETTING	[DIO] V56ValveDO with [Open(1)] at Page = 0(Main)
2017/3/31 10:51:35	SETTING	[AIO] MFC07StPtAO with [5000.000] at Page = 0(Main)
2017/3/31 10:51:38	SETTING	[AIO] MFC08StPtAO with [1000.000] at Page = 0(Main)
2017/3/31 10:51:39	SETTING	[DIO] V58ValveDO with [Open(1)] at Page = 0(Main)
2017/3/31 10:51:40	SETTING	[DIO] V60ValveDO with [Open(1)] at Page = 0(Main)
2017/3/31 10:51:42	SETTING	[AIO] MFC09StPtAO with [5000.000] at Page = 0(Main)
2017/3/31 10:51:44	SETTING	[AIO] MFC04StPtAO with [1000.000] at Page = 0(Main)
2017/3/31 10:51:47	SETTING	[DIO] V20ValveDO with [Open(1)] at Page = 0(Main)
2017/3/31 10:51:48	SETTING	[DIO] V68ValveDO with [Open(1)] at Page = 0(Main)
2017/3/31 10:51:50	SETTING	[DIO] V69ValveDO with [Open(1)] at Page = 0(Main)
2017/3/31 10:51:50	SETTING	[DIO] V70ValveDO with [Open(1)] at Page = 0(Main)
2017/3/31 10:52:40	SETTING	[DIO] Bottom_Service with [1] at Page = 0(PAGE 1)
2017/3/31 10:52:40	BUTTON	[BOTTOM CLICK] Bottom_Service
2017/3/31 10:52:42	SETTING	[DIO] Right_Service_Htr with [1] at Page = 0(PAGE 1)
2017/3/31 10:52:42	BUTTON	[RIGHT CLICK] Right_Service_Htr
2017/3/31 10:52:51	SETTING	[DIO] HTREditEnableDisable with [1] at Page = 2(Main Heater)
2017/3/31 10:52:55	SETTING	[AIO] SHT1_TmpSpAIO with [50.000] at Page = 2(Main Heater)
2017/3/31 10:52:58	SETTING	[AIO] SHT2_TmpSpAIO with [50.000] at Page = 2(Main Heater)
2017/3/31 10:53:0	SETTING	[AIO] SHT1_TmpHgLmtAIO with [70.000] at Page = 2(Main Heater)
2017/3/31 10:53:3	SETTING	[AIO] SHT2_TmpHgLmtAIO with [70.000] at Page = 2(Main Heater)
2017/3/31 10:53:8	SETTING	[DIO] StgHtr1RelayDO with [1] at Page = 2(Main Heater)
2017/3/31 10:53:26	SETTING	[DIO] StgHtr1RelayDO with [1] at Page = 2(Main Heater)
2017/3/31 10:53:37	SETTING	[DIO] Bottom_Alarm with [1] at Page = 0(PAGE 1)
2017/3/31 10:53:37	BUTTON	[BOTTOM CLICK] Bottom_Alarm
2017/3/31 10:54:5	SETTING	[DIO] Bottom_Service with [1] at Page = 0(PAGE 1)
2017/3/31 10:54:5	BUTTON	[BOTTOM CLICK] Bottom_Service
2017/3/31 10:54:8	SETTING	[DIO] Right_Service_DirectIO with [1] at Page = 0(PAGE 1)
2017/3/31 10:54:8	BUTTON	[RIGHT CLICK] Right_Service_DirectIO
2017/3/31 10:55:2	SETTING	[DIO] Bottom_System with [1] at Page = 0(PAGE 1)
2017/3/31 10:55:2	BUTTON	[BOTTOM CLICK] Bottom_System
2017/3/31 10:55:3	SETTING	[DIO] Bottom_Service with [1] at Page = 0(PAGE 1)
2017/3/31 10:55:3	BUTTON	[BOTTOM CLICK] Bottom_Service
2017/3/31 10:55:5	SETTING	[DIO] Right_Service_Htr with [1] at Page = 0(PAGE 1)
2017/3/31 10:55:5	BUTTON	[RIGHT CLICK] Right_Service_Htr
2017/3/31 10:55:8	SETTING	[DIO] StgHtr1RelayDO with [1] at Page = 2(Main Heater)
2017/3/31 10:55:11	SETTING	[DIO] HTREditEnableDisable with [0] at Page = 2(Main Heater)
2017/3/31 10:55:13	SETTING	[DIO] StgHtr1RelayDO with [1] at Page = 2(Main Heater)
2017/3/31 10:55:15	SETTING	[DIO] HTREditEnableDisable with [1] at Page = 2(Main Heater)
2017/3/31 10:55:17	SETTING	[DIO] StgHtr1RelayDO with [1] at Page = 2(Main Heater)
2017/3/31 10:55:18	SETTING	[DIO] StgHtr2RelayDO with [1] at Page = 2(Main Heater)
2017/3/31 10:55:30	SETTING	[DIO] StgHtr2RelayDO with [0] at Page = 2(Main Heater)
2017/3/31 10:55:52	SETTING	[AIO] SHT1_TmpSpAIO with [30.000] at Page = 2(Main Heater)
2017/3/31 10:56:16	SETTING	[DIO] Right_Service_Htr_Nav with [1] at Page = 2(Main Heater)
2017/3/31 10:56:16	BUTTON	[NAV CLICK] Right_Service_Htr_Nav - 1
2017/3/31 10:56:16	SETTING	[DIO] Right_Service_Htr_Nav with [2] at Page = 2(Main Heater)
2017/3/31 10:56:16	BUTTON	[NAV CLICK] Right_Service_Htr_Nav - 2
2017/3/31 10:56:17	SETTING	[DIO] Right_Service_Htr_Nav with [3] at Page = 3(Heater1)
2017/3/31 10:56:17	BUTTON	[NAV CLICK] Right_Service_Htr_Nav - 3
2017/3/31 10:56:20	SETTING	[DIO] Right_Service_Htr_Nav with [1] at Page = 4(Heater2)
2017/3/31 10:56:20	BUTTON	[NAV CLICK] Right_Service_Htr_Nav - 1
2017/3/31 10:56:26	SETTING	[AIO] SHT1_TmpHgLmtAIO with [70.000] at Page = 2(Main Heater)
2017/3/31 10:56:57	SETTING	[AIO] SHT2_TmpSpAIO with [30.000] at Page = 2(Main Heater)
2017/3/31 10:59:2	SETTING	[DIO] StgHtr1RelayDO with [0] at Page = 2(Main Heater)
2017/3/31 10:59:15	SETTING	[DIO] Bottom_Alarm with [1] at Page = 0(PAGE 1)
2017/3/31 10:59:15	BUTTON	[BOTTOM CLICK] Bottom_Alarm
2017/3/31 10:59:31	SETTING	[DIO] Bottom_System with [1] at Page = 0(PAGE 1)
2017/3/31 10:59:31	BUTTON	[BOTTOM CLICK] Bottom_System
2017/3/31 10:59:33	SETTING	[DIO] Bottom_Service with [1] at Page = 0(PAGE 1)
2017/3/31 10:59:33	BUTTON	[BOTTOM CLICK] Bottom_Service
2017/3/31 10:59:45	SETTING	[DIO] StgHtr1RelayDO with [1] at Page = 2(Main Heater)
2017/3/31 11:2:19	SETTING	[DIO] Bottom_Alarm with [1] at Page = 0(PAGE 1)
2017/3/31 11:2:19	BUTTON	[BOTTOM CLICK] Bottom_Alarm
2017/3/31 11:2:52	SETTING	[DIO] Bottom_System with [1] at Page = 0(PAGE 1)
2017/3/31 11:2:52	BUTTON	[BOTTOM CLICK] Bottom_System
2017/3/31 11:2:53	SETTING	[DIO] Bottom_Service with [1] at Page = 0(PAGE 1)
2017/3/31 11:2:53	BUTTON	[BOTTOM CLICK] Bottom_Service
2017/3/31 11:2:56	SETTING	[DIO] StgHtr2RelayDO with [1] at Page = 2(Main Heater)
2017/3/31 11:4:24	SETTING	[DIO] StgHtr2RelayDO with [0] at Page = 2(Main Heater)
2017/3/31 11:4:50	SETTING	[AIO] SHT1_TmpSpAIO with [30.000] at Page = 2(Main Heater)
2017/3/31 11:4:53	SETTING	[AIO] SHT1_TmpHgLmtAIO with [70.000] at Page = 2(Main Heater)
2017/3/31 11:4:57	SETTING	[AIO] SHT1_HiPwLmtAIO with [100.000] at Page = 2(Main Heater)
2017/3/31 11:5:48	SETTING	[DIO] Bottom_Alarm with [1] at Page = 0(PAGE 1)
2017/3/31 11:5:48	BUTTON	[BOTTOM CLICK] Bottom_Alarm
2017/3/31 11:5:57	SETTING	[DIO] Bottom_System with [1] at Page = 0(PAGE 1)
2017/3/31 11:5:57	BUTTON	[BOTTOM CLICK] Bottom_System
2017/3/31 11:5:59	SETTING	[DIO] Bottom_Service with [1] at Page = 0(PAGE 1)
2017/3/31 11:5:59	BUTTON	[BOTTOM CLICK] Bottom_Service
2017/3/31 11:6:1	SETTING	[DIO] StgHtr2RelayDO with [1] at Page = 2(Main Heater)
2017/3/31 11:6:4	SETTING	[DIO] Bottom_Alarm with [1] at Page = 0(PAGE 1)
2017/3/31 11:6:4	BUTTON	[BOTTOM CLICK] Bottom_Alarm
2017/3/31 11:6:38	SETTING	[DIO] Bottom_Service with [1] at Page = 0(PAGE 1)
2017/3/31 11:6:38	BUTTON	[BOTTOM CLICK] Bottom_Service
2017/3/31 11:8:0	SETTING	[DIO] Right_Service_DirectIO with [1] at Page = 0(PAGE 1)
2017/3/31 11:8:0	BUTTON	[RIGHT CLICK] Right_Service_DirectIO
2017/3/31 11:9:24	SETTING	[DIO] Bottom_Alarm with [1] at Page = 0(PAGE 1)
2017/3/31 11:9:24	BUTTON	[BOTTOM CLICK] Bottom_Alarm
2017/3/31 11:9:32	SETTING	[DIO] Bottom_Service with [1] at Page = 0(PAGE 1)
2017/3/31 11:9:32	BUTTON	[BOTTOM CLICK] Bottom_Service
2017/3/31 11:9:33	SETTING	[DIO] Bottom_System with [1] at Page = 0(PAGE 1)
2017/3/31 11:9:33	BUTTON	[BOTTOM CLICK] Bottom_System
2017/3/31 11:9:41	SETTING	[DIO] Bottom_Service with [1] at Page = 0(PAGE 1)
2017/3/31 11:9:41	BUTTON	[BOTTOM CLICK] Bottom_Service
2017/3/31 11:9:43	SETTING	[DIO] Right_Service_Htr with [1] at Page = 0(PAGE 1)
2017/3/31 11:9:43	BUTTON	[RIGHT CLICK] Right_Service_Htr
2017/3/31 11:9:56	SETTING	[DIO] Bottom_System with [1] at Page = 0(PAGE 1)
2017/3/31 11:9:56	BUTTON	[BOTTOM CLICK] Bottom_System
2017/3/31 11:9:59	SETTING	[DIO] FastRoughVlvDO with [Close(0)] at Page = 0(Main)
2017/3/31 11:10:2	SETTING	[DIO] Bottom_Service with [1] at Page = 0(PAGE 1)
2017/3/31 11:10:2	BUTTON	[BOTTOM CLICK] Bottom_Service
2017/3/31 11:10:4	SETTING	[DIO] Bottom_System with [1] at Page = 0(PAGE 1)
2017/3/31 11:10:4	BUTTON	[BOTTOM CLICK] Bottom_System
2017/3/31 11:10:10	SETTING	[DIO] M651_Valve with [Close(2)] at Page = 0(Main)
2017/3/31 11:10:18	SETTING	[DIO] Bottom_Service with [1] at Page = 0(PAGE 1)
2017/3/31 11:10:18	BUTTON	[BOTTOM CLICK] Bottom_Service
2017/3/31 11:10:43	SETTING	[DIO] Bottom_System with [1] at Page = 0(PAGE 1)
2017/3/31 11:10:43	BUTTON	[BOTTOM CLICK] Bottom_System
2017/3/31 11:10:55	SETTING	[DIO] Bottom_Service with [1] at Page = 0(PAGE 1)
2017/3/31 11:10:55	BUTTON	[BOTTOM CLICK] Bottom_Service
2017/3/31 11:11:15	SETTING	[DIO] Bottom_System with [1] at Page = 0(PAGE 1)
2017/3/31 11:11:15	BUTTON	[BOTTOM CLICK] Bottom_System
2017/3/31 11:11:18	SETTING	[DIO] Bottom_Service with [1] at Page = 0(PAGE 1)
2017/3/31 11:11:18	BUTTON	[BOTTOM CLICK] Bottom_Service
2017/3/31 11:11:27	SETTING	[DIO] StgHtr1RelayDO with [0] at Page = 2(Main Heater)
2017/3/31 11:11:33	SETTING	[DIO] StgHtr1RelayDO with [1] at Page = 2(Main Heater)
2017/3/31 11:11:35	SETTING	[DIO] StgHtr2RelayDO with [1] at Page = 2(Main Heater)
2017/3/31 11:13:23	SETTING	[DIO] Bottom_System with [1] at Page = 0(PAGE 1)
2017/3/31 11:13:23	BUTTON	[BOTTOM CLICK] Bottom_System
2017/3/31 11:13:34	SETTING	[DIO] Bottom_Service with [1] at Page = 0(PAGE 1)
2017/3/31 11:13:34	BUTTON	[BOTTOM CLICK] Bottom_Service
2017/3/31 11:13:38	SETTING	[DIO] Bottom_System with [1] at Page = 0(PAGE 1)
2017/3/31 11:13:38	BUTTON	[BOTTOM CLICK] Bottom_System
2017/3/31 11:13:53	SETTING	[DIO] FastRoughVlvDO with [Close(0)] at Page = 0(Main)
2017/3/31 11:13:54	SETTING	[DIO] FastRoughVlvDO with [Open(1)] at Page = 0(Main)
2017/3/31 11:14:0	SETTING	[AIO] M651_Set_Position with [5.000] at Page = 0(Main)
2017/3/31 11:14:15	SETTING	[DIO] FastRoughVlvDO with [Open(1)] at Page = 0(Main)
2017/3/31 11:14:17	SETTING	[DIO] FastRoughVlvDO with [Open(1)] at Page = 0(Main)
2017/3/31 11:14:18	SETTING	[DIO] Bottom_Alarm with [1] at Page = 0(PAGE 1)
2017/3/31 11:14:18	BUTTON	[BOTTOM CLICK] Bottom_Alarm
2017/3/31 11:14:20	FUNCTION	[START] OBJ_Alarm_Clear with [CLEAR] at Page = 0(PAGE 1)
2017/3/31 11:14:21	SETTING	[DIO] Bottom_Service with [1] at Page = 0(PAGE 1)
2017/3/31 11:14:21	BUTTON	[BOTTOM CLICK] Bottom_Service
2017/3/31 11:14:22	SETTING	[DIO] Bottom_System with [1] at Page = 0(PAGE 1)
2017/3/31 11:14:22	BUTTON	[BOTTOM CLICK] Bottom_System
2017/3/31 11:14:23	SETTING	[DIO] Right_System_Control with [1] at Page = 0(PAGE 1)
2017/3/31 11:14:23	BUTTON	[RIGHT CLICK] Right_System_Control
2017/3/31 11:14:24	FUNCTION	[START] SERV_MAIN with [ABORT_GAS] at Page = 1(Control)
2017/3/31 11:14:25	SETTING	[DIO] Right_System_Main with [1] at Page = 0(PAGE 1)
2017/3/31 11:14:25	BUTTON	[RIGHT CLICK] Right_System_Main
2017/3/31 11:14:27	SETTING	[DIO] FastRoughVlvDO with [Open(1)] at Page = 0(Main)
2017/3/31 11:15:54	SETTING	[AIO] M651_Set_Position with [100.000] at Page = 0(Main)
2017/3/31 11:18:49	SETTING	[DIO] FastRoughVlvDO with [Close(0)] at Page = 0(Main)
2017/3/31 11:18:50	SETTING	[DIO] M651_Valve with [Close(2)] at Page = 0(Main)
2017/3/31 11:24:11	SETTING	[DIO] FastRoughVlvDO with [Open(1)] at Page = 0(Main)
2017/3/31 11:24:19	SETTING	[DIO] M651_Valve with [Open(1)] at Page = 0(Main)
2017/3/31 11:25:6	SETTING	[DIO] Bottom_Service with [1] at Page = 0(PAGE 1)
2017/3/31 11:25:6	BUTTON	[BOTTOM CLICK] Bottom_Service
2017/3/31 11:25:9	SETTING	[DIO] Right_Service_DirectIO with [1] at Page = 0(PAGE 1)
2017/3/31 11:25:9	BUTTON	[RIGHT CLICK] Right_Service_DirectIO
2017/3/31 11:25:10	SETTING	[DIO] Bottom_System with [1] at Page = 0(PAGE 1)
2017/3/31 11:25:10	BUTTON	[BOTTOM CLICK] Bottom_System
2017/3/31 13:24:31	SETTING	[DIO] Bottom_Service with [1] at Page = 0(PAGE 1)
2017/3/31 13:24:31	BUTTON	[BOTTOM CLICK] Bottom_Service
2017/3/31 13:24:32	SETTING	[DIO] Right_Service_Htr with [1] at Page = 0(PAGE 1)
2017/3/31 13:24:32	BUTTON	[RIGHT CLICK] Right_Service_Htr
2017/3/31 13:24:36	SETTING	[DIO] StgHtr1RelayDO with [1] at Page = 2(Main Heater)
2017/3/31 13:25:14	SETTING	[DIO] StgHtr2RelayDO with [1] at Page = 2(Main Heater)
2017/3/31 13:25:55	SETTING	[DIO] Bottom_System with [1] at Page = 0(PAGE 1)
2017/3/31 13:25:55	BUTTON	[BOTTOM CLICK] Bottom_System
2017/3/31 13:25:57	SETTING	[DIO] FastRoughVlvDO with [Close(0)] at Page = 0(Main)
2017/3/31 13:25:58	SETTING	[DIO] M651_Valve with [Close(2)] at Page = 0(Main)
2017/3/31 13:26:0	SETTING	[DIO] Bottom_Service with [1] at Page = 0(PAGE 1)
2017/3/31 13:26:0	BUTTON	[BOTTOM CLICK] Bottom_Service
2017/3/31 13:26:18	SETTING	[DIO] Right_Service_DirectIO with [1] at Page = 0(PAGE 1)
2017/3/31 13:26:18	BUTTON	[RIGHT CLICK] Right_Service_DirectIO
2017/3/31 13:26:43	SETTING	[DIO] Bottom_System with [1] at Page = 0(PAGE 1)
2017/3/31 13:26:43	BUTTON	[BOTTOM CLICK] Bottom_System
2017/3/31 13:26:47	SETTING	[DIO] Bottom_Service with [1] at Page = 0(PAGE 1)
2017/3/31 13:26:47	BUTTON	[BOTTOM CLICK] Bottom_Service
2017/3/31 13:26:48	SETTING	[DIO] Right_Service_Htr with [1] at Page = 0(PAGE 1)
2017/3/31 13:26:48	BUTTON	[RIGHT CLICK] Right_Service_Htr
2017/3/31 13:26:53	SETTING	[DIO] StgHtr2RelayDO with [0] at Page = 2(Main Heater)
2017/3/31 13:26:55	SETTING	[DIO] StgHtr1RelayDO with [0] at Page = 2(Main Heater)
2017/3/31 13:28:17	SETTING	[AIO] SHT1_TmpSpAIO with [20.000] at Page = 2(Main Heater)
2017/3/31 13:28:20	SETTING	[AIO] SHT2_TmpSpAIO with [20.000] at Page = 2(Main Heater)
2017/3/31 13:28:22	SETTING	[DIO] StgHtr1RelayDO with [1] at Page = 2(Main Heater)
2017/3/31 13:28:25	SETTING	[DIO] StgHtr1RelayDO with [1] at Page = 2(Main Heater)
2017/3/31 13:28:28	SETTING	[DIO] Bottom_Alarm with [1] at Page = 0(PAGE 1)
2017/3/31 13:28:28	BUTTON	[BOTTOM CLICK] Bottom_Alarm
2017/3/31 13:28:30	FUNCTION	[START] OBJ_Alarm_Clear with [CLEAR] at Page = 0(PAGE 1)
2017/3/31 13:28:31	SETTING	[DIO] Bottom_Service with [1] at Page = 0(PAGE 1)
2017/3/31 13:28:31	BUTTON	[BOTTOM CLICK] Bottom_Service
2017/3/31 13:30:27	SETTING	[AIO] SHT1_TmpSpAIO with [30.000] at Page = 2(Main Heater)
2017/3/31 13:32:32	SETTING	[DIO] StgHtr2RelayDO with [1] at Page = 2(Main Heater)
2017/3/31 13:32:44	SETTING	[AIO] SHT2_TmpSpAIO with [30.000] at Page = 2(Main Heater)
2017/3/31 13:34:45	SETTING	[DIO] Bottom_Config with [1] at Page = 0(PAGE 1)
2017/3/31 13:34:45	BUTTON	[BOTTOM CLICK] Bottom_Config
2017/3/31 13:34:48	SETTING	[DIO] Right_Config_Parm_Nav with [2] at Page = 6(PM Param 1)
2017/3/31 13:34:48	BUTTON	[NAV CLICK] Right_Config_Parm_Nav - 2
2017/3/31 13:34:50	SETTING	[DIO] Right_Config_Parm_Nav with [3] at Page = 7(PM Param 2)
2017/3/31 13:34:50	BUTTON	[NAV CLICK] Right_Config_Parm_Nav - 3
2017/3/31 13:34:51	SETTING	[DIO] Right_Config_Parm_Nav with [4] at Page = 8(PM Param 3)
2017/3/31 13:34:51	BUTTON	[NAV CLICK] Right_Config_Parm_Nav - 4
2017/3/31 13:34:53	SETTING	[DIO] Right_Config_Parm_Nav with [5] at Page = 9(PM Param 4)
2017/3/31 13:34:53	BUTTON	[NAV CLICK] Right_Config_Parm_Nav - 5
2017/3/31 13:34:54	SETTING	[DIO] Right_Config_Parm_Nav with [4] at Page = 10(PM Param 5)
2017/3/31 13:34:54	BUTTON	[NAV CLICK] Right_Config_Parm_Nav - 4
2017/3/31 13:34:56	SETTING	[DIO] Right_Config_Parm_Nav with [5] at Page = 9(PM Param 4)
2017/3/31 13:34:56	BUTTON	[NAV CLICK] Right_Config_Parm_Nav - 5
2017/3/31 13:35:1	SETTING	[DIO] Right_Config_Parm_Nav with [6] at Page = 10(PM Param 5)
2017/3/31 13:35:1	BUTTON	[NAV CLICK] Right_Config_Parm_Nav - 6
2017/3/31 13:35:2	SETTING	[DIO] Right_Config_Parm_Nav with [7] at Page = 11(PM Param 6)
2017/3/31 13:35:2	BUTTON	[NAV CLICK] Right_Config_Parm_Nav - 7
2017/3/31 13:35:6	SETTING	[DIO] Bottom_Service with [1] at Page = 0(PAGE 1)
2017/3/31 13:35:6	BUTTON	[BOTTOM CLICK] Bottom_Service
2017/3/31 13:36:48	SETTING	[DIO] Right_Service_DirectIO with [1] at Page = 0(PAGE 1)
2017/3/31 13:36:48	BUTTON	[RIGHT CLICK] Right_Service_DirectIO
2017/3/31 13:39:15	SETTING	[DIO] Bottom_System with [1] at Page = 0(PAGE 1)
2017/3/31 13:39:15	BUTTON	[BOTTOM CLICK] Bottom_System
2017/3/31 13:39:16	SETTING	[DIO] Bottom_Service with [1] at Page = 0(PAGE 1)
2017/3/31 13:39:16	BUTTON	[BOTTOM CLICK] Bottom_Service
2017/3/31 13:39:17	SETTING	[DIO] Right_Service_Htr with [1] at Page = 0(PAGE 1)
2017/3/31 13:39:17	BUTTON	[RIGHT CLICK] Right_Service_Htr
2017/3/31 13:39:28	SETTING	[AIO] SHT2_TmpSpAIO with [30.000] at Page = 2(Main Heater)
2017/3/31 13:39:37	SETTING	[AIO] SHT1_TmpSpAIO with [30.000] at Page = 2(Main Heater)
2017/3/31 13:39:39	SETTING	[AIO] SHT2_TmpSpAIO with [30.000] at Page = 2(Main Heater)
2017/3/31 13:45:29	SETTING	[AIO] SHT1_TmpSpAIO with [50.000] at Page = 2(Main Heater)
2017/3/31 13:45:32	SETTING	[AIO] SHT2_TmpSpAIO with [50.000] at Page = 2(Main Heater)
2017/3/31 13:46:10	SETTING	[DIO] Bottom_Config with [1] at Page = 0(PAGE 1)
2017/3/31 13:46:10	BUTTON	[BOTTOM CLICK] Bottom_Config
2017/3/31 13:46:12	SETTING	[DIO] Right_Config_Parm_Nav with [6] at Page = 12(PM Param 7)
2017/3/31 13:46:12	BUTTON	[NAV CLICK] Right_Config_Parm_Nav - 6
2017/3/31 13:46:13	SETTING	[DIO] Right_Config_Parm_Nav with [5] at Page = 11(PM Param 6)
2017/3/31 13:46:13	BUTTON	[NAV CLICK] Right_Config_Parm_Nav - 5
2017/3/31 13:46:15	SETTING	[DIO] Right_Config_Parm_Nav with [4] at Page = 10(PM Param 5)
2017/3/31 13:46:15	BUTTON	[NAV CLICK] Right_Config_Parm_Nav - 4
2017/3/31 13:46:26	SETTING	[DIO] Right_Config_Parm_Nav with [3] at Page = 9(PM Param 4)
2017/3/31 13:46:26	BUTTON	[NAV CLICK] Right_Config_Parm_Nav - 3
2017/3/31 13:46:35	SETTING	[DIO] Right_Config_Parm_Nav with [2] at Page = 8(PM Param 3)
2017/3/31 13:46:35	BUTTON	[NAV CLICK] Right_Config_Parm_Nav - 2
2017/3/31 13:46:43	SETTING	[DIO] Right_Config_Parm_Nav with [1] at Page = 7(PM Param 2)
2017/3/31 13:46:43	BUTTON	[NAV CLICK] Right_Config_Parm_Nav - 1
2017/3/31 13:46:48	SETTING	[DIO] Bottom_Service with [1] at Page = 0(PAGE 1)
2017/3/31 13:46:48	BUTTON	[BOTTOM CLICK] Bottom_Service
2017/3/31 14:20:40	SETTING	[DIO] Bottom_System with [1] at Page = 0(PAGE 1)
2017/3/31 14:20:40	BUTTON	[BOTTOM CLICK] Bottom_System
2017/3/31 14:20:41	SETTING	[DIO] Bottom_Service with [1] at Page = 0(PAGE 1)
2017/3/31 14:20:41	BUTTON	[BOTTOM CLICK] Bottom_Service
2017/3/31 14:20:41	SETTING	[DIO] Right_Service_DirectIO with [1] at Page = 0(PAGE 1)
2017/3/31 14:20:41	BUTTON	[RIGHT CLICK] Right_Service_DirectIO
2017/3/31 14:21:35	SETTING	[DIO] Bottom_System with [1] at Page = 0(PAGE 1)
2017/3/31 14:21:35	BUTTON	[BOTTOM CLICK] Bottom_System
2017/3/31 14:32:28	SETTING	[DIO] Bottom_Service with [1] at Page = 0(PAGE 1)
2017/3/31 14:32:28	BUTTON	[BOTTOM CLICK] Bottom_Service
2017/3/31 14:32:29	SETTING	[DIO] Right_Service_Leak with [1] at Page = 0(PAGE 1)
2017/3/31 14:32:29	BUTTON	[RIGHT CLICK] Right_Service_Leak
2017/3/31 14:32:30	SETTING	[DIO] Right_Service_Htr with [1] at Page = 0(PAGE 1)
2017/3/31 14:32:30	BUTTON	[RIGHT CLICK] Right_Service_Htr
2017/3/31 15:9:7	SETTING	[DIO] StgHtr2RelayDO with [0] at Page = 2(Main Heater)
2017/3/31 15:9:8	SETTING	[DIO] StgHtr1RelayDO with [0] at Page = 2(Main Heater)
2017/3/31 15:9:12	SETTING	[AIO] SHT2_TmpSpAIO with [25.000] at Page = 2(Main Heater)
2017/3/31 15:9:14	SETTING	[AIO] SHT1_TmpSpAIO with [25.000] at Page = 2(Main Heater)
