2016/5/31 13:47:44	USERCONTROL	[SYSTEM_START]
2016/5/31 13:47:58	POPUP	[OPEN] LogIn/Out at Page = 0(PAGE 1)
2016/5/31 13:48:0	USERCONTROL	[USER_LOG__IN] <IPS:Sysadmin>
2016/5/31 13:48:1	SETTING	[DIO] Main_Screen_Button with [1] at Page = 0(PAGE 1)
2016/5/31 13:48:1	BUTTON	[GO_DIRECT CLICK] Main_Screen_Button
2016/5/31 13:48:28	SETTING	[DIO] Bottom_Service with [1] at Page = 0(PAGE 1)
2016/5/31 13:48:28	BUTTON	[BOTTOM CLICK] Bottom_Service
2016/5/31 13:48:29	SETTING	[DIO] Right_Service_DirectIO with [1] at Page = 0(PAGE 1)
2016/5/31 13:48:29	BUTTON	[RIGHT CLICK] Right_Service_DirectIO
2016/5/31 13:48:45	IOEDIT	DirectIO Edit => DIO:IOLockDO , VALUE:1
2016/5/31 13:48:46	IOEDIT	DirectIO Edit => DIO:PRO_RunStsDM , VALUE:1
2016/5/31 13:48:47	SETTING	[DIO] Bottom_System with [1] at Page = 0(PAGE 1)
2016/5/31 13:48:47	BUTTON	[BOTTOM CLICK] Bottom_System
2016/5/31 13:48:52	SETTING	[DIO] Bottom_Service with [1] at Page = 0(PAGE 1)
2016/5/31 13:48:52	BUTTON	[BOTTOM CLICK] Bottom_Service
2016/5/31 13:48:54	IOEDIT	DirectIO Edit => DIO:PRO_RunStsDM , VALUE:0
2016/5/31 13:48:55	SETTING	[DIO] Bottom_System with [1] at Page = 0(PAGE 1)
2016/5/31 13:48:55	BUTTON	[BOTTOM CLICK] Bottom_System
2016/5/31 14:19:48	USERCONTROL	[SYSTEM_START]
2016/5/31 14:20:48	POPUP	[OPEN] LogIn/Out at Page = 0(PAGE 1)
2016/5/31 14:20:50	USERCONTROL	[USER_LOG__IN] <IPS:Sysadmin>
2016/5/31 14:20:51	BUTTON	[BOTTOM CLICK] Bottom_Service
2016/5/31 14:20:51	SETTING	[DIO] Bottom_Service with [1] at Page = 0(PAGE 1)
2016/5/31 14:20:54	SETTING	[DIO] Right_Service_Htr_Nav with [3] at Page = 2(Main Heater)
2016/5/31 14:20:54	BUTTON	[NAV CLICK] Right_Service_Htr_Nav - 3
2016/5/31 14:22:35	USERCONTROL	[SYSTEM_START]
2016/5/31 14:22:46	POPUP	[OPEN] LogIn/Out at Page = 0(PAGE 1)
2016/5/31 14:22:48	USERCONTROL	[USER_LOG__IN] <IPS:Sysadmin>
2016/5/31 14:22:49	SETTING	[DIO] Main_Screen_Button with [1] at Page = 0(PAGE 1)
2016/5/31 14:22:49	BUTTON	[GO_DIRECT CLICK] Main_Screen_Button
2016/5/31 14:22:50	SETTING	[DIO] Bottom_Config with [1] at Page = 0(PAGE 1)
2016/5/31 14:22:50	BUTTON	[BOTTOM CLICK] Bottom_Config
2016/5/31 14:22:51	SETTING	[DIO] Bottom_Service with [1] at Page = 0(PAGE 1)
2016/5/31 14:22:51	BUTTON	[BOTTOM CLICK] Bottom_Service
2016/5/31 14:22:53	SETTING	[DIO] Right_Service_Htr_Nav with [3] at Page = 2(Main Heater)
2016/5/31 14:22:53	BUTTON	[NAV CLICK] Right_Service_Htr_Nav - 3
