2017/5/16 9:22:40	FUNCTION	[START] SERV_MAIN with [LEAK_CHECK] at Page = 1(Leak Check)
2017/5/16 9:22:41	SETTING	[DIO] Bottom_System with [1] at Page = 0(PAGE 1)
2017/5/16 9:22:41	BUTTON	[BOTTOM CLICK] Bottom_System
2017/5/16 9:22:43	SETTING	[DIO] Bottom_Service with [1] at Page = 0(PAGE 1)
2017/5/16 9:22:43	BUTTON	[BOTTOM CLICK] Bottom_Service
2017/5/16 9:22:50	SETTING	[DIO] Bottom_System with [1] at Page = 0(PAGE 1)
2017/5/16 9:22:50	BUTTON	[BOTTOM CLICK] Bottom_System
2017/5/16 9:22:51	SETTING	[DIO] Bottom_Service with [1] at Page = 0(PAGE 1)
2017/5/16 9:22:51	BUTTON	[BOTTOM CLICK] Bottom_Service
2017/5/16 9:22:54	SETTING	[DIO] Bottom_System with [1] at Page = 0(PAGE 1)
2017/5/16 9:22:54	BUTTON	[BOTTOM CLICK] Bottom_System
2017/5/16 9:22:55	SETTING	[DIO] Bottom_Service with [1] at Page = 0(PAGE 1)
2017/5/16 9:22:55	BUTTON	[BOTTOM CLICK] Bottom_Service
2017/5/16 9:22:57	SETTING	[DIO] Bottom_System with [1] at Page = 0(PAGE 1)
2017/5/16 9:22:57	BUTTON	[BOTTOM CLICK] Bottom_System
2017/5/16 9:22:59	SETTING	[DIO] V111ValveDO with [Open(1)] at Page = 0(Main)
2017/5/16 9:23:0	SETTING	[DIO] V103ValveDO with [Open(1)] at Page = 0(Main)
2017/5/16 9:23:1	SETTING	[DIO] V68ValveDO with [Open(1)] at Page = 0(Main)
2017/5/16 9:23:2	SETTING	[DIO] V101ValveDO with [Open(1)] at Page = 0(Main)
2017/5/16 9:23:3	SETTING	[DIO] V98ValveDO with [Open(1)] at Page = 0(Main)
2017/5/16 9:23:3	SETTING	[DIO] V102ValveDO with [Open(1)] at Page = 0(Main)
2017/5/16 9:23:5	SETTING	[DIO] V97ValveDO with [Open(1)] at Page = 0(Main)
2017/5/16 9:23:5	SETTING	[DIO] V100ValveDO with [Open(1)] at Page = 0(Main)
2017/5/16 9:23:6	SETTING	[DIO] V24ValveDO with [Open(1)] at Page = 0(Main)
2017/5/16 9:23:7	SETTING	[DIO] V22ValveDO with [Open(1)] at Page = 0(Main)
2017/5/16 9:23:8	SETTING	[DIO] V23ValveDO with [Open(1)] at Page = 0(Main)
2017/5/16 9:23:8	SETTING	[DIO] V21ValveDO with [Open(1)] at Page = 0(Main)
2017/5/16 9:23:9	SETTING	[DIO] V4ValveDO with [Open(1)] at Page = 0(Main)
2017/5/16 9:23:10	SETTING	[DIO] V6ValveDO with [Open(1)] at Page = 0(Main)
2017/5/16 9:23:11	SETTING	[DIO] V2ValveDO with [Open(1)] at Page = 0(Main)
2017/5/16 9:23:13	SETTING	[AIO] MFC01StPtAO with [5000.000] at Page = 0(Main)
2017/5/16 9:23:15	SETTING	[AIO] MFC02StPtAO with [1000.000] at Page = 0(Main)
2017/5/16 9:23:18	SETTING	[AIO] MFC03StPtAO with [5000.000] at Page = 0(Main)
2017/5/16 9:23:19	SETTING	[DIO] V1ValveDO with [Open(1)] at Page = 0(Main)
2017/5/16 9:23:19	SETTING	[DIO] V3ValveDO with [Open(1)] at Page = 0(Main)
2017/5/16 9:23:20	SETTING	[DIO] V5ValveDO with [Open(1)] at Page = 0(Main)
2017/5/16 9:24:0	SETTING	[DIO] Bottom_Service with [1] at Page = 0(PAGE 1)
2017/5/16 9:24:0	BUTTON	[BOTTOM CLICK] Bottom_Service
2017/5/16 9:24:2	FUNCTION	[ABORT] SERV_MAIN at Page = 1(Leak Check)
2017/5/16 9:24:3	SETTING	[DIO] Bottom_System with [1] at Page = 0(PAGE 1)
2017/5/16 9:24:3	BUTTON	[BOTTOM CLICK] Bottom_System
2017/5/16 9:25:36	SETTING	[DIO] Bottom_Service with [1] at Page = 0(PAGE 1)
2017/5/16 9:25:36	BUTTON	[BOTTOM CLICK] Bottom_Service
2017/5/16 9:25:37	SETTING	[DIO] Right_Service_DirectIO with [1] at Page = 0(PAGE 1)
2017/5/16 9:25:37	BUTTON	[RIGHT CLICK] Right_Service_DirectIO
2017/5/16 9:25:39	SETTING	[DIO] Bottom_System with [1] at Page = 0(PAGE 1)
2017/5/16 9:25:39	BUTTON	[BOTTOM CLICK] Bottom_System
2017/5/16 9:25:40	SETTING	[DIO] V61ValveDO with [Open(1)] at Page = 0(Main)
2017/5/16 9:25:41	SETTING	[DIO] V59ValveDO with [Open(1)] at Page = 0(Main)
2017/5/16 9:25:42	SETTING	[DIO] V57ValveDO with [Open(1)] at Page = 0(Main)
2017/5/16 9:25:42	SETTING	[DIO] V66ValveDO with [Open(1)] at Page = 0(Main)
2017/5/16 9:25:44	SETTING	[DIO] V62ValveDO with [Open(1)] at Page = 0(Main)
2017/5/16 9:25:45	SETTING	[DIO] V11ValveDO with [Open(1)] at Page = 0(Main)
2017/5/16 9:25:46	SETTING	[DIO] V17ValveDO with [Open(1)] at Page = 0(Main)
2017/5/16 9:25:46	SETTING	[DIO] V18ValveDO with [Open(1)] at Page = 0(Main)
2017/5/16 9:25:47	SETTING	[DIO] V19ValveDO with [Open(1)] at Page = 0(Main)
2017/5/16 9:25:48	SETTING	[DIO] V13ValveDO with [Open(1)] at Page = 0(Main)
2017/5/16 9:25:48	SETTING	[DIO] V15ValveDO with [Open(1)] at Page = 0(Main)
2017/5/16 9:25:49	SETTING	[DIO] V12ValveDO with [Open(1)] at Page = 0(Main)
2017/5/16 9:25:50	SETTING	[DIO] V50ValveDO with [Open(1)] at Page = 0(Main)
2017/5/16 9:25:51	SETTING	[DIO] V53ValveDO with [Open(1)] at Page = 0(Main)
2017/5/16 9:25:52	SETTING	[DIO] V55ValveDO with [Open(1)] at Page = 0(Main)
2017/5/16 9:25:55	SETTING	[AIO] MFC09StPtAO with [5000.000] at Page = 0(Main)
2017/5/16 9:25:57	SETTING	[AIO] MFC08StPtAO with [1000.000] at Page = 0(Main)
2017/5/16 9:25:59	SETTING	[AIO] MFC07StPtAO with [5000.000] at Page = 0(Main)
2017/5/16 9:26:1	SETTING	[AIO] MFC06StPtAO with [5000.000] at Page = 0(Main)
2017/5/16 9:26:4	SETTING	[AIO] MFC05StPtAO with [5000.000] at Page = 0(Main)
2017/5/16 9:26:6	SETTING	[AIO] MFC04StPtAO with [1000.000] at Page = 0(Main)
2017/5/16 9:26:8	SETTING	[DIO] V60ValveDO with [Open(1)] at Page = 0(Main)
2017/5/16 9:26:8	SETTING	[DIO] V58ValveDO with [Open(1)] at Page = 0(Main)
2017/5/16 9:26:9	SETTING	[DIO] V54ValveDO with [Open(1)] at Page = 0(Main)
2017/5/16 9:26:10	SETTING	[DIO] V56ValveDO with [Open(1)] at Page = 0(Main)
2017/5/16 9:26:11	SETTING	[DIO] V52ValveDO with [Open(1)] at Page = 0(Main)
2017/5/16 9:26:12	SETTING	[DIO] V51ValveDO with [Open(1)] at Page = 0(Main)
2017/5/16 9:26:13	SETTING	[DIO] V49ValveDO with [Open(1)] at Page = 0(Main)
2017/5/16 9:27:45	SETTING	[DIO] V20ValveDO with [Open(1)] at Page = 0(Main)
2017/5/16 9:31:46	SETTING	[DIO] FastRoughVlvDO with [Close(0)] at Page = 0(Main)
2017/5/16 9:32:16	SETTING	[DIO] FastRoughVlvDO with [Open(1)] at Page = 0(Main)
2017/5/16 9:32:51	SETTING	[DIO] Bottom_Service with [1] at Page = 0(PAGE 1)
2017/5/16 9:32:51	BUTTON	[BOTTOM CLICK] Bottom_Service
2017/5/16 9:32:53	SETTING	[DIO] Right_Service_Leak with [1] at Page = 0(PAGE 1)
2017/5/16 9:32:53	BUTTON	[RIGHT CLICK] Right_Service_Leak
2017/5/16 9:32:56	SETTING	[AIO] LeakChkBasePressAM with [19.000] at Page = 1(Leak Check)
2017/5/16 9:32:59	SETTING	[AIO] LeakChkLimitPressAM with [190.000] at Page = 1(Leak Check)
2017/5/16 9:33:1	FUNCTION	[START] SERV_MAIN with [LEAK_CHECK] at Page = 1(Leak Check)
2017/5/16 9:33:2	SETTING	[DIO] Bottom_System with [1] at Page = 0(PAGE 1)
2017/5/16 9:33:2	BUTTON	[BOTTOM CLICK] Bottom_System
2017/5/16 9:33:4	SETTING	[DIO] Bottom_Service with [1] at Page = 0(PAGE 1)
2017/5/16 9:33:4	BUTTON	[BOTTOM CLICK] Bottom_Service
2017/5/16 9:33:9	SETTING	[DIO] Bottom_System with [1] at Page = 0(PAGE 1)
2017/5/16 9:33:9	BUTTON	[BOTTOM CLICK] Bottom_System
2017/5/16 9:33:13	SETTING	[DIO] V111ValveDO with [Open(1)] at Page = 0(Main)
2017/5/16 9:33:14	SETTING	[DIO] V103ValveDO with [Open(1)] at Page = 0(Main)
2017/5/16 9:33:15	SETTING	[DIO] V68ValveDO with [Open(1)] at Page = 0(Main)
2017/5/16 9:33:16	SETTING	[DIO] V101ValveDO with [Open(1)] at Page = 0(Main)
2017/5/16 9:33:16	SETTING	[DIO] V98ValveDO with [Open(1)] at Page = 0(Main)
2017/5/16 9:33:17	SETTING	[DIO] V102ValveDO with [Open(1)] at Page = 0(Main)
2017/5/16 9:33:18	SETTING	[DIO] V97ValveDO with [Open(1)] at Page = 0(Main)
2017/5/16 9:33:18	SETTING	[DIO] V100ValveDO with [Open(1)] at Page = 0(Main)
2017/5/16 9:33:18	SETTING	[DIO] V24ValveDO with [Open(1)] at Page = 0(Main)
2017/5/16 9:33:19	SETTING	[DIO] V21ValveDO with [Open(1)] at Page = 0(Main)
2017/5/16 9:33:20	SETTING	[DIO] V23ValveDO with [Open(1)] at Page = 0(Main)
2017/5/16 9:33:21	SETTING	[DIO] V22ValveDO with [Open(1)] at Page = 0(Main)
2017/5/16 9:33:22	SETTING	[DIO] V2ValveDO with [Open(1)] at Page = 0(Main)
2017/5/16 9:33:23	SETTING	[DIO] V4ValveDO with [Open(1)] at Page = 0(Main)
2017/5/16 9:33:24	SETTING	[DIO] V6ValveDO with [Open(1)] at Page = 0(Main)
2017/5/16 9:33:26	SETTING	[AIO] MFC01StPtAO with [5000.000] at Page = 0(Main)
2017/5/16 9:33:28	SETTING	[AIO] MFC02StPtAO with [1000.000] at Page = 0(Main)
2017/5/16 9:33:30	SETTING	[AIO] MFC03StPtAO with [5000.000] at Page = 0(Main)
2017/5/16 9:33:32	SETTING	[DIO] V1ValveDO with [Open(1)] at Page = 0(Main)
2017/5/16 9:33:32	SETTING	[DIO] V3ValveDO with [Open(1)] at Page = 0(Main)
2017/5/16 9:33:33	SETTING	[DIO] V5ValveDO with [Open(1)] at Page = 0(Main)
2017/5/16 9:33:35	SETTING	[DIO] V61ValveDO with [Open(1)] at Page = 0(Main)
2017/5/16 9:33:35	SETTING	[DIO] V59ValveDO with [Open(1)] at Page = 0(Main)
2017/5/16 9:33:36	SETTING	[DIO] V57ValveDO with [Open(1)] at Page = 0(Main)
2017/5/16 9:33:37	SETTING	[DIO] V66ValveDO with [Open(1)] at Page = 0(Main)
2017/5/16 9:33:37	SETTING	[DIO] V108ValveDO with [Open(1)] at Page = 0(Main)
2017/5/16 9:33:37	SETTING	[DIO] V105ValveDO with [Open(1)] at Page = 0(Main)
2017/5/16 9:33:38	SETTING	[DIO] V110ValveDO with [Open(1)] at Page = 0(Main)
2017/5/16 9:33:39	SETTING	[DIO] V106ValveDO with [Open(1)] at Page = 0(Main)
2017/5/16 9:33:39	SETTING	[DIO] V109ValveDO with [Open(1)] at Page = 0(Main)
2017/5/16 9:33:40	SETTING	[DIO] V63ValveDO with [Open(1)] at Page = 0(Main)
2017/5/16 9:33:41	SETTING	[DIO] V65ValveDO with [Open(1)] at Page = 0(Main)
2017/5/16 9:33:41	SETTING	[DIO] V64ValveDO with [Open(1)] at Page = 0(Main)
2017/5/16 9:33:43	SETTING	[DIO] V62ValveDO with [Open(1)] at Page = 0(Main)
2017/5/16 9:33:44	SETTING	[DIO] V11ValveDO with [Open(1)] at Page = 0(Main)
2017/5/16 9:33:45	SETTING	[DIO] V17ValveDO with [Open(1)] at Page = 0(Main)
2017/5/16 9:33:45	SETTING	[DIO] V18ValveDO with [Open(1)] at Page = 0(Main)
2017/5/16 9:33:46	SETTING	[DIO] V19ValveDO with [Open(1)] at Page = 0(Main)
2017/5/16 9:33:46	SETTING	[DIO] V15ValveDO with [Open(1)] at Page = 0(Main)
2017/5/16 9:33:48	SETTING	[DIO] V13ValveDO with [Open(1)] at Page = 0(Main)
2017/5/16 9:33:49	SETTING	[DIO] V12ValveDO with [Open(1)] at Page = 0(Main)
2017/5/16 9:33:50	SETTING	[DIO] V50ValveDO with [Open(1)] at Page = 0(Main)
2017/5/16 9:33:50	SETTING	[DIO] V53ValveDO with [Open(1)] at Page = 0(Main)
2017/5/16 9:33:51	SETTING	[DIO] V55ValveDO with [Open(1)] at Page = 0(Main)
2017/5/16 9:33:55	SETTING	[AIO] MFC09StPtAO with [5000.000] at Page = 0(Main)
2017/5/16 9:33:58	SETTING	[AIO] MFC08StPtAO with [1000.000] at Page = 0(Main)
2017/5/16 9:34:0	SETTING	[AIO] MFC07StPtAO with [5000.000] at Page = 0(Main)
2017/5/16 9:34:2	SETTING	[AIO] MFC06StPtAO with [5000.000] at Page = 0(Main)
2017/5/16 9:34:4	SETTING	[AIO] MFC05StPtAO with [5000.000] at Page = 0(Main)
2017/5/16 9:34:6	SETTING	[AIO] MFC04StPtAO with [1000.000] at Page = 0(Main)
2017/5/16 9:34:8	SETTING	[DIO] V60ValveDO with [Open(1)] at Page = 0(Main)
2017/5/16 9:34:9	SETTING	[DIO] V58ValveDO with [Open(1)] at Page = 0(Main)
2017/5/16 9:34:10	SETTING	[DIO] V56ValveDO with [Open(1)] at Page = 0(Main)
2017/5/16 9:34:10	SETTING	[DIO] V54ValveDO with [Open(1)] at Page = 0(Main)
2017/5/16 9:34:11	SETTING	[DIO] V51ValveDO with [Open(1)] at Page = 0(Main)
2017/5/16 9:34:11	SETTING	[DIO] V52ValveDO with [Open(1)] at Page = 0(Main)
2017/5/16 9:34:12	SETTING	[DIO] V49ValveDO with [Open(1)] at Page = 0(Main)
2017/5/16 9:34:15	SETTING	[DIO] Bottom_Service with [1] at Page = 0(PAGE 1)
2017/5/16 9:34:15	BUTTON	[BOTTOM CLICK] Bottom_Service
2017/5/16 9:34:18	SETTING	[DIO] Bottom_System with [1] at Page = 0(PAGE 1)
2017/5/16 9:34:18	BUTTON	[BOTTOM CLICK] Bottom_System
2017/5/16 9:34:20	SETTING	[DIO] Bottom_Service with [1] at Page = 0(PAGE 1)
2017/5/16 9:34:20	BUTTON	[BOTTOM CLICK] Bottom_Service
2017/5/16 9:34:23	SETTING	[DIO] Bottom_System with [1] at Page = 0(PAGE 1)
2017/5/16 9:34:23	BUTTON	[BOTTOM CLICK] Bottom_System
2017/5/16 9:34:32	SETTING	[DIO] Bottom_Service with [1] at Page = 0(PAGE 1)
2017/5/16 9:34:32	BUTTON	[BOTTOM CLICK] Bottom_Service
2017/5/16 9:34:33	SETTING	[DIO] Bottom_System with [1] at Page = 0(PAGE 1)
2017/5/16 9:34:33	BUTTON	[BOTTOM CLICK] Bottom_System
2017/5/16 9:34:38	SETTING	[DIO] Bottom_Service with [1] at Page = 0(PAGE 1)
2017/5/16 9:34:38	BUTTON	[BOTTOM CLICK] Bottom_Service
2017/5/16 9:34:39	SETTING	[DIO] Bottom_System with [1] at Page = 0(PAGE 1)
2017/5/16 9:34:39	BUTTON	[BOTTOM CLICK] Bottom_System
2017/5/16 9:34:43	SETTING	[DIO] Bottom_Service with [1] at Page = 0(PAGE 1)
2017/5/16 9:34:43	BUTTON	[BOTTOM CLICK] Bottom_Service
2017/5/16 9:52:52	SETTING	[DIO] Right_Service_Htr with [1] at Page = 0(PAGE 1)
2017/5/16 9:52:52	BUTTON	[RIGHT CLICK] Right_Service_Htr
2017/5/16 9:52:54	SETTING	[DIO] GLHtrRelayDO with [1] at Page = 4(Heater2)
2017/5/16 9:52:56	SETTING	[DIO] StgHtr2RelayDO with [1] at Page = 4(Heater2)
2017/5/16 9:52:57	SETTING	[DIO] StgHtr1RelayDO with [1] at Page = 4(Heater2)
2017/5/16 9:53:59	SETTING	[DIO] Bottom_System with [1] at Page = 0(PAGE 1)
2017/5/16 9:53:59	BUTTON	[BOTTOM CLICK] Bottom_System
2017/5/16 9:54:0	SETTING	[DIO] Right_System_Control with [1] at Page = 0(PAGE 1)
2017/5/16 9:54:0	BUTTON	[RIGHT CLICK] Right_System_Control
2017/5/16 9:54:1	SETTING	[DIO] ZMT_StageSelectDM with [StageAll(2)] at Page = 1(Control)
2017/5/16 9:54:2	FUNCTION	[START] SERV_MAIN with [CHUCKHOME] at Page = 1(Control)
2017/5/16 9:54:25	SETTING	[DIO] Bottom_Service with [1] at Page = 0(PAGE 1)
2017/5/16 9:54:25	BUTTON	[BOTTOM CLICK] Bottom_Service
2017/5/16 10:6:38	SETTING	[DIO] Bottom_System with [1] at Page = 0(PAGE 1)
2017/5/16 10:6:38	BUTTON	[BOTTOM CLICK] Bottom_System
2017/5/16 10:6:42	SETTING	[DIO] Right_System_Main with [1] at Page = 0(PAGE 1)
2017/5/16 10:6:42	BUTTON	[RIGHT CLICK] Right_System_Main
2017/5/16 11:32:3	SETTING	[DIO] Bottom_Alarm with [1] at Page = 0(PAGE 1)
2017/5/16 11:32:3	BUTTON	[BOTTOM CLICK] Bottom_Alarm
2017/5/16 11:32:5	FUNCTION	[START] OBJ_Alarm_Clear with [CLEAR] at Page = 0(PAGE 1)
2017/5/16 11:32:9	SETTING	[DIO] Bottom_Service with [1] at Page = 0(PAGE 1)
2017/5/16 11:32:9	BUTTON	[BOTTOM CLICK] Bottom_Service
2017/5/16 11:32:11	SETTING	[DIO] Right_Service_DirectIO with [1] at Page = 0(PAGE 1)
2017/5/16 11:32:11	BUTTON	[RIGHT CLICK] Right_Service_DirectIO
2017/5/16 11:32:21	IOEDIT	DirectIO Edit => DIO:IOLockDO , VALUE:1
2017/5/16 11:32:25	IOEDIT	DirectIO Edit => DIO:INTLKS_CONTROL , VALUE:0
2017/5/16 11:32:26	SETTING	[DIO] Bottom_Alarm with [1] at Page = 0(PAGE 1)
2017/5/16 11:32:26	BUTTON	[BOTTOM CLICK] Bottom_Alarm
2017/5/16 11:32:32	FUNCTION	[START] OBJ_Alarm_Clear with [CLEAR] at Page = 0(PAGE 1)
2017/5/16 11:32:35	SETTING	[DIO] Bottom_Service with [1] at Page = 0(PAGE 1)
2017/5/16 11:32:35	BUTTON	[BOTTOM CLICK] Bottom_Service
2017/5/16 11:33:43	SETTING	[DIO] Bottom_Alarm with [1] at Page = 0(PAGE 1)
2017/5/16 11:33:43	BUTTON	[BOTTOM CLICK] Bottom_Alarm
2017/5/16 13:44:9	FUNCTION	[START] OBJ_Alarm_Clear with [CLEAR] at Page = 0(PAGE 1)
2017/5/16 13:44:17	SETTING	[DIO] Bottom_Service with [1] at Page = 0(PAGE 1)
2017/5/16 13:44:17	BUTTON	[BOTTOM CLICK] Bottom_Service
2017/5/16 13:46:7	SETTING	[DIO] Bottom_Alarm with [1] at Page = 0(PAGE 1)
2017/5/16 13:46:7	BUTTON	[BOTTOM CLICK] Bottom_Alarm
2017/5/16 13:51:45	FUNCTION	[START] OBJ_Alarm_Clear with [CLEAR] at Page = 0(PAGE 1)
2017/5/16 13:51:48	SETTING	[DIO] Bottom_Service with [1] at Page = 0(PAGE 1)
2017/5/16 13:51:48	BUTTON	[BOTTOM CLICK] Bottom_Service
2017/5/16 13:51:49	SETTING	[DIO] Bottom_System with [1] at Page = 0(PAGE 1)
2017/5/16 13:51:49	BUTTON	[BOTTOM CLICK] Bottom_System
2017/5/16 13:52:50	SETTING	[DIO] Bottom_Alarm with [1] at Page = 0(PAGE 1)
2017/5/16 13:52:50	BUTTON	[BOTTOM CLICK] Bottom_Alarm
2017/5/16 13:52:51	FUNCTION	[START] OBJ_Alarm_Clear with [CLEAR] at Page = 0(PAGE 1)
2017/5/16 13:55:50	SETTING	[DIO] Bottom_Service with [1] at Page = 0(PAGE 1)
2017/5/16 13:55:50	BUTTON	[BOTTOM CLICK] Bottom_Service
2017/5/16 13:55:51	SETTING	[DIO] Right_Service_Htr with [1] at Page = 0(PAGE 1)
2017/5/16 13:55:51	BUTTON	[RIGHT CLICK] Right_Service_Htr
2017/5/16 13:55:54	SETTING	[DIO] StgHtr1RelayDO with [1] at Page = 4(Heater2)
2017/5/16 13:55:56	SETTING	[DIO] StgHtr1RelayDO with [1] at Page = 4(Heater2)
2017/5/16 13:55:58	SETTING	[DIO] StgHtr2RelayDO with [1] at Page = 4(Heater2)
2017/5/16 13:56:0	SETTING	[DIO] Bottom_Alarm with [1] at Page = 0(PAGE 1)
2017/5/16 13:56:0	BUTTON	[BOTTOM CLICK] Bottom_Alarm
2017/5/16 13:56:17	FUNCTION	[START] OBJ_Alarm_Clear with [CLEAR] at Page = 0(PAGE 1)
2017/5/16 13:56:19	SETTING	[DIO] Bottom_Service with [1] at Page = 0(PAGE 1)
2017/5/16 13:56:19	BUTTON	[BOTTOM CLICK] Bottom_Service
2017/5/16 13:56:21	SETTING	[DIO] StgHtr1RelayDO with [1] at Page = 4(Heater2)
2017/5/16 13:56:23	SETTING	[DIO] StgHtr2RelayDO with [1] at Page = 4(Heater2)
2017/5/16 13:56:24	SETTING	[DIO] Bottom_Alarm with [1] at Page = 0(PAGE 1)
2017/5/16 13:56:24	BUTTON	[BOTTOM CLICK] Bottom_Alarm
2017/5/16 13:56:26	SETTING	[DIO] Bottom_Service with [1] at Page = 0(PAGE 1)
2017/5/16 13:56:26	BUTTON	[BOTTOM CLICK] Bottom_Service
2017/5/16 13:56:28	SETTING	[DIO] Right_Service_Water with [1] at Page = 0(PAGE 1)
2017/5/16 13:56:28	BUTTON	[RIGHT CLICK] Right_Service_Water
2017/5/16 13:56:30	SETTING	[DIO] Right_Service_Htr with [1] at Page = 0(PAGE 1)
2017/5/16 13:56:30	BUTTON	[RIGHT CLICK] Right_Service_Htr
2017/5/16 13:56:31	SETTING	[DIO] Right_Service_Htr_Nav with [1] at Page = 4(Heater2)
2017/5/16 13:56:31	BUTTON	[NAV CLICK] Right_Service_Htr_Nav - 1
2017/5/16 13:56:35	SETTING	[AIO] SHT1_TmpSpAIO with [25.000] at Page = 2(Main Heater)
2017/5/16 13:56:37	SETTING	[AIO] SHT2_TmpSpAIO with [25.000] at Page = 2(Main Heater)
2017/5/16 13:56:42	SETTING	[DIO] StgHtr1RelayDO with [1] at Page = 2(Main Heater)
2017/5/16 13:56:45	SETTING	[AIO] SHT1_RampRateAIO with [0.000] at Page = 2(Main Heater)
2017/5/16 13:56:49	SETTING	[AIO] SHT1_RampRateAIO with [5.000] at Page = 2(Main Heater)
2017/5/16 13:56:51	SETTING	[AIO] SHT2_RampRateAIO with [0.000] at Page = 2(Main Heater)
2017/5/16 13:56:54	SETTING	[AIO] SHT2_RampRateAIO with [5.000] at Page = 2(Main Heater)
2017/5/16 13:56:55	SETTING	[DIO] Bottom_Alarm with [1] at Page = 0(PAGE 1)
2017/5/16 13:56:55	BUTTON	[BOTTOM CLICK] Bottom_Alarm
2017/5/16 13:56:57	FUNCTION	[START] OBJ_Alarm_Clear with [CLEAR] at Page = 0(PAGE 1)
2017/5/16 13:57:50	FUNCTION	[START] OBJ_Alarm_Clear with [CLEAR] at Page = 0(PAGE 1)
2017/5/16 13:58:38	FUNCTION	[START] OBJ_Alarm_Clear with [CLEAR] at Page = 0(PAGE 1)
2017/5/16 13:59:38	SETTING	[DIO] Bottom_Service with [1] at Page = 0(PAGE 1)
2017/5/16 13:59:38	BUTTON	[BOTTOM CLICK] Bottom_Service
2017/5/16 13:59:40	SETTING	[DIO] Right_Service_Htr_Nav with [2] at Page = 2(Main Heater)
2017/5/16 13:59:40	BUTTON	[NAV CLICK] Right_Service_Htr_Nav - 2
2017/5/16 13:59:42	SETTING	[DIO] Right_Service_Htr_Nav with [3] at Page = 3(Heater1)
2017/5/16 13:59:42	BUTTON	[NAV CLICK] Right_Service_Htr_Nav - 3
2017/5/16 13:59:50	SETTING	[AIO] HT32_CtrlGnAIO with [35.000] at Page = 4(Heater2)
2017/5/16 13:59:52	SETTING	[DIO] Bottom_Alarm with [1] at Page = 0(PAGE 1)
2017/5/16 13:59:52	BUTTON	[BOTTOM CLICK] Bottom_Alarm
2017/5/16 14:0:3	SETTING	[DIO] Bottom_Service with [1] at Page = 0(PAGE 1)
2017/5/16 14:0:3	BUTTON	[BOTTOM CLICK] Bottom_Service
2017/5/16 14:0:5	SETTING	[DIO] Right_Service_Htr_Nav with [2] at Page = 4(Heater2)
2017/5/16 14:0:5	BUTTON	[NAV CLICK] Right_Service_Htr_Nav - 2
2017/5/16 14:0:6	SETTING	[DIO] Right_Service_Htr_Nav with [3] at Page = 3(Heater1)
2017/5/16 14:0:6	BUTTON	[NAV CLICK] Right_Service_Htr_Nav - 3
2017/5/16 14:0:11	SETTING	[DIO] Right_Service_Htr_Nav with [2] at Page = 4(Heater2)
2017/5/16 14:0:11	BUTTON	[NAV CLICK] Right_Service_Htr_Nav - 2
2017/5/16 14:0:15	SETTING	[DIO] Bottom_Config with [1] at Page = 0(PAGE 1)
2017/5/16 14:0:15	BUTTON	[BOTTOM CLICK] Bottom_Config
2017/5/16 14:0:16	SETTING	[DIO] Right_Config_Parm_Nav with [4] at Page = 6(PM Param 1)
2017/5/16 14:0:16	BUTTON	[NAV CLICK] Right_Config_Parm_Nav - 4
2017/5/16 14:0:17	SETTING	[DIO] Right_Config_Parm_Nav with [3] at Page = 9(PM Param 4)
2017/5/16 14:0:17	BUTTON	[NAV CLICK] Right_Config_Parm_Nav - 3
2017/5/16 14:0:19	SETTING	[DIO] Right_Config_Parm_Nav with [5] at Page = 8(PM Param 3)
2017/5/16 14:0:19	BUTTON	[NAV CLICK] Right_Config_Parm_Nav - 5
2017/5/16 14:0:53	SETTING	[DIO] Bottom_Alarm with [1] at Page = 0(PAGE 1)
2017/5/16 14:0:53	BUTTON	[BOTTOM CLICK] Bottom_Alarm
2017/5/16 14:1:16	SETTING	[DIO] Bottom_Service with [1] at Page = 0(PAGE 1)
2017/5/16 14:1:16	BUTTON	[BOTTOM CLICK] Bottom_Service
2017/5/16 14:1:17	SETTING	[DIO] Bottom_System with [1] at Page = 0(PAGE 1)
2017/5/16 14:1:17	BUTTON	[BOTTOM CLICK] Bottom_System
2017/5/16 14:4:56	SETTING	[DIO] Bottom_Alarm with [1] at Page = 0(PAGE 1)
2017/5/16 14:4:56	BUTTON	[BOTTOM CLICK] Bottom_Alarm
2017/5/16 14:36:5	USERCONTROL	[SYSTEM_START]
2017/5/16 14:36:37	POPUP	[OPEN] LogIn/Out at Page = 0(PAGE 1)
2017/5/16 14:36:38	USERCONTROL	[USER_LOG__IN] <IPS:Sysadmin>
2017/5/16 14:36:39	SETTING	[DIO] Bottom_Alarm with [1] at Page = 0(PAGE 1)
2017/5/16 14:36:39	BUTTON	[BOTTOM CLICK] Bottom_Alarm
2017/5/16 14:36:41	FUNCTION	[START] OBJ_Alarm_Clear with [CLEAR] at Page = 0(PAGE 1)
2017/5/16 14:36:51	SETTING	[DIO] Bottom_Service with [1] at Page = 0(PAGE 1)
2017/5/16 14:36:51	BUTTON	[BOTTOM CLICK] Bottom_Service
2017/5/16 14:36:59	SETTING	[DIO] Bottom_System with [1] at Page = 0(PAGE 1)
2017/5/16 14:36:59	BUTTON	[BOTTOM CLICK] Bottom_System
2017/5/16 14:37:0	SETTING	[DIO] Bottom_Service with [1] at Page = 0(PAGE 1)
2017/5/16 14:37:0	BUTTON	[BOTTOM CLICK] Bottom_Service
2017/5/16 14:37:1	SETTING	[DIO] Bottom_Alarm with [1] at Page = 0(PAGE 1)
2017/5/16 14:37:1	BUTTON	[BOTTOM CLICK] Bottom_Alarm
2017/5/16 14:38:11	FUNCTION	[START] OBJ_Alarm_Clear with [CLEAR] at Page = 0(PAGE 1)
2017/5/16 14:40:2	SETTING	[DIO] Bottom_Service with [1] at Page = 0(PAGE 1)
2017/5/16 14:40:2	BUTTON	[BOTTOM CLICK] Bottom_Service
2017/5/16 14:40:8	SETTING	[DIO] Bottom_Alarm with [1] at Page = 0(PAGE 1)
2017/5/16 14:40:8	BUTTON	[BOTTOM CLICK] Bottom_Alarm
2017/5/16 14:40:52	FUNCTION	[START] OBJ_Alarm_Clear with [CLEAR] at Page = 0(PAGE 1)
2017/5/16 15:18:43	SETTING	[DIO] Bottom_Recipe with [1] at Page = 0(PAGE 1)
2017/5/16 15:18:43	BUTTON	[BOTTOM CLICK] Bottom_Recipe
2017/5/16 15:18:44	SETTING	[DIO] Bottom_System with [1] at Page = 0(PAGE 1)
2017/5/16 15:18:44	BUTTON	[BOTTOM CLICK] Bottom_System
2017/5/16 15:18:46	SETTING	[DIO] Right_System_Control with [1] at Page = 0(PAGE 1)
2017/5/16 15:18:46	BUTTON	[RIGHT CLICK] Right_System_Control
2017/5/16 15:18:52	POPUP	[OPEN] RF1 Parameter Monitoring at Page = 1(Control)
2017/5/16 15:18:56	FUNCTION	[START] SERV_MAIN with [RF1_PARAM_MON] at Page = 40(GUI/PMC/PopUp_RF1ParamMon.cfg)
2017/5/16 15:19:1	SETTING	[AIO] HF_LOAD_PRESET_A with [0.000] at Page = 1(Control)
2017/5/16 15:19:3	SETTING	[AIO] HF_TUNE_PRESET_A with [0.000] at Page = 1(Control)
2017/5/16 15:19:5	SETTING	[AIO] HF_TUNE_PRESET_B with [0.000] at Page = 1(Control)
2017/5/16 15:19:41	USERCONTROL	[SYSTEM_START]
2017/5/16 15:19:45	POPUP	[OPEN] LogIn/Out at Page = 0(PAGE 1)
2017/5/16 15:19:47	USERCONTROL	[USER_LOG__IN] <IPS:Sysadmin>
2017/5/16 15:19:48	SETTING	[DIO] Bottom_System with [1] at Page = 0(PAGE 1)
2017/5/16 15:19:48	BUTTON	[BOTTOM CLICK] Bottom_System
2017/5/16 15:19:49	SETTING	[DIO] Right_System_Control with [1] at Page = 0(PAGE 1)
2017/5/16 15:19:49	BUTTON	[RIGHT CLICK] Right_System_Control
2017/5/16 15:33:26	SETTING	[DIO] Bottom_Service with [1] at Page = 0(PAGE 1)
2017/5/16 15:33:26	BUTTON	[BOTTOM CLICK] Bottom_Service
2017/5/16 15:33:27	SETTING	[DIO] Right_Service_DirectIO with [1] at Page = 0(PAGE 1)
2017/5/16 15:33:27	BUTTON	[RIGHT CLICK] Right_Service_DirectIO
2017/5/16 15:33:35	IOEDIT	DirectIO Edit => DIO:IOLockDO , VALUE:1
2017/5/16 15:33:56	SETTING	[DIO] Bottom_System with [1] at Page = 0(PAGE 1)
2017/5/16 15:33:56	BUTTON	[BOTTOM CLICK] Bottom_System
2017/5/16 15:34:1	POPUP	[OPEN] RF1 Parameter Monitoring at Page = 1(Control)
2017/5/16 15:34:19	SETTING	[AIO] HF_LOAD_PRESET_B with [0.000] at Page = 1(Control)
2017/5/16 15:39:4	SETTING	[DIO] Bottom_Service with [1] at Page = 0(PAGE 1)
2017/5/16 15:39:4	BUTTON	[BOTTOM CLICK] Bottom_Service
2017/5/16 15:39:12	IOEDIT	DirectIO Edit => DIO:IOLockDO , VALUE:1
2017/5/16 15:39:16	IOEDIT	DirectIO Edit => DIO:INTLKS_CONTROL , VALUE:3
2017/5/16 16:55:6	SETTING	[DIO] Right_Service_Htr with [1] at Page = 0(PAGE 1)
2017/5/16 16:55:6	BUTTON	[RIGHT CLICK] Right_Service_Htr
2017/5/16 16:55:8	SETTING	[DIO] GLHtrRelayDO with [0] at Page = 2(Main Heater)
2017/5/16 16:55:11	SETTING	[DIO] Bottom_System with [1] at Page = 0(PAGE 1)
2017/5/16 16:55:11	BUTTON	[BOTTOM CLICK] Bottom_System
2017/5/16 16:55:12	SETTING	[DIO] Right_System_Main with [1] at Page = 0(PAGE 1)
2017/5/16 16:55:12	BUTTON	[RIGHT CLICK] Right_System_Main
2017/5/16 16:55:14	SETTING	[DIO] V111ValveDO with [Open(1)] at Page = 0(Main)
2017/5/16 16:55:15	SETTING	[DIO] V103ValveDO with [Open(1)] at Page = 0(Main)
2017/5/16 16:55:16	SETTING	[DIO] V68ValveDO with [Open(1)] at Page = 0(Main)
2017/5/16 16:55:17	SETTING	[DIO] V101ValveDO with [Open(1)] at Page = 0(Main)
2017/5/16 16:55:18	SETTING	[DIO] V98ValveDO with [Open(1)] at Page = 0(Main)
2017/5/16 16:55:18	SETTING	[DIO] V102ValveDO with [Open(1)] at Page = 0(Main)
2017/5/16 16:55:20	SETTING	[DIO] V102ValveDO with [Open(1)] at Page = 0(Main)
2017/5/16 16:55:20	SETTING	[DIO] V97ValveDO with [Open(1)] at Page = 0(Main)
2017/5/16 16:55:21	SETTING	[DIO] V98ValveDO with [Open(1)] at Page = 0(Main)
2017/5/16 16:55:22	SETTING	[DIO] Bottom_Service with [1] at Page = 0(PAGE 1)
2017/5/16 16:55:22	BUTTON	[BOTTOM CLICK] Bottom_Service
2017/5/16 16:55:23	SETTING	[DIO] Right_Service_DirectIO with [1] at Page = 0(PAGE 1)
2017/5/16 16:55:23	BUTTON	[RIGHT CLICK] Right_Service_DirectIO
2017/5/16 16:55:27	IOEDIT	DirectIO Edit => DIO:IOLockDO , VALUE:1
2017/5/16 16:55:31	IOEDIT	DirectIO Edit => DIO:INTLKS_CONTROL , VALUE:3
2017/5/16 16:55:31	SETTING	[DIO] Bottom_System with [1] at Page = 0(PAGE 1)
2017/5/16 16:55:31	BUTTON	[BOTTOM CLICK] Bottom_System
2017/5/16 16:55:33	SETTING	[DIO] V98ValveDO with [Open(1)] at Page = 0(Main)
2017/5/16 16:55:33	SETTING	[DIO] V97ValveDO with [Open(1)] at Page = 0(Main)
2017/5/16 16:55:34	SETTING	[DIO] V100ValveDO with [Open(1)] at Page = 0(Main)
2017/5/16 16:55:34	SETTING	[DIO] V24ValveDO with [Open(1)] at Page = 0(Main)
2017/5/16 16:55:35	SETTING	[DIO] V21ValveDO with [Open(1)] at Page = 0(Main)
2017/5/16 16:55:35	SETTING	[DIO] V23ValveDO with [Open(1)] at Page = 0(Main)
2017/5/16 16:55:36	SETTING	[DIO] V22ValveDO with [Open(1)] at Page = 0(Main)
2017/5/16 16:55:38	SETTING	[DIO] V111ValveDO with [Close(0)] at Page = 0(Main)
2017/5/16 16:55:39	SETTING	[DIO] V103ValveDO with [Open(1)] at Page = 0(Main)
2017/5/16 16:55:40	SETTING	[DIO] V111ValveDO with [Open(1)] at Page = 0(Main)
2017/5/16 16:55:43	SETTING	[DIO] Bottom_Service with [1] at Page = 0(PAGE 1)
2017/5/16 16:55:43	BUTTON	[BOTTOM CLICK] Bottom_Service
2017/5/16 16:55:44	SETTING	[DIO] Bottom_System with [1] at Page = 0(PAGE 1)
2017/5/16 16:55:44	BUTTON	[BOTTOM CLICK] Bottom_System
2017/5/16 16:55:47	SETTING	[DIO] V111ValveDO with [Open(1)] at Page = 0(Main)
2017/5/16 16:55:48	SETTING	[DIO] V103ValveDO with [Open(1)] at Page = 0(Main)
2017/5/16 16:55:49	SETTING	[DIO] Bottom_Alarm with [1] at Page = 0(PAGE 1)
2017/5/16 16:55:49	BUTTON	[BOTTOM CLICK] Bottom_Alarm
2017/5/16 16:55:57	SETTING	[DIO] Bottom_System with [1] at Page = 0(PAGE 1)
2017/5/16 16:55:57	BUTTON	[BOTTOM CLICK] Bottom_System
2017/5/16 16:55:59	SETTING	[DIO] V111ValveDO with [Open(1)] at Page = 0(Main)
2017/5/16 16:56:0	SETTING	[DIO] V103ValveDO with [Open(1)] at Page = 0(Main)
2017/5/16 16:56:1	SETTING	[DIO] Bottom_Alarm with [1] at Page = 0(PAGE 1)
2017/5/16 16:56:1	BUTTON	[BOTTOM CLICK] Bottom_Alarm
2017/5/16 16:56:40	SETTING	[DIO] Bottom_System with [1] at Page = 0(PAGE 1)
2017/5/16 16:56:40	BUTTON	[BOTTOM CLICK] Bottom_System
2017/5/16 16:56:41	SETTING	[DIO] Right_System_Control with [1] at Page = 0(PAGE 1)
2017/5/16 16:56:41	BUTTON	[RIGHT CLICK] Right_System_Control
2017/5/16 16:56:42	FUNCTION	[START] SERV_MAIN with [ABORT_GAS] at Page = 1(Control)
2017/5/16 16:56:43	SETTING	[DIO] Right_System_Main with [1] at Page = 0(PAGE 1)
2017/5/16 16:56:43	BUTTON	[RIGHT CLICK] Right_System_Main
2017/5/16 16:58:3	USERCONTROL	[SYSTEM_START]
2017/5/16 16:59:2	POPUP	[OPEN] LogIn/Out at Page = 0(PAGE 1)
2017/5/16 16:59:3	USERCONTROL	[USER_LOG__IN] <IPS:Sysadmin>
2017/5/16 16:59:4	SETTING	[DIO] Bottom_System with [1] at Page = 0(PAGE 1)
2017/5/16 16:59:4	BUTTON	[BOTTOM CLICK] Bottom_System
2017/5/16 16:59:6	SETTING	[DIO] Bottom_Service with [1] at Page = 0(PAGE 1)
2017/5/16 16:59:6	BUTTON	[BOTTOM CLICK] Bottom_Service
2017/5/16 16:59:7	SETTING	[DIO] Right_Service_DirectIO with [1] at Page = 0(PAGE 1)
2017/5/16 16:59:7	BUTTON	[RIGHT CLICK] Right_Service_DirectIO
2017/5/16 16:59:13	IOEDIT	DirectIO Edit => DIO:IOLockDO , VALUE:1
2017/5/16 16:59:17	IOEDIT	DirectIO Edit => DIO:INTLKS_CONTROL , VALUE:3
2017/5/16 16:59:17	SETTING	[DIO] Bottom_System with [1] at Page = 0(PAGE 1)
2017/5/16 16:59:17	BUTTON	[BOTTOM CLICK] Bottom_System
2017/5/16 16:59:19	SETTING	[DIO] V111ValveDO with [Open(1)] at Page = 0(Main)
2017/5/16 16:59:19	SETTING	[DIO] V103ValveDO with [Open(1)] at Page = 0(Main)
2017/5/16 16:59:21	SETTING	[DIO] V68ValveDO with [Open(1)] at Page = 0(Main)
2017/5/16 16:59:23	SETTING	[DIO] V101ValveDO with [Open(1)] at Page = 0(Main)
2017/5/16 16:59:23	SETTING	[DIO] V98ValveDO with [Open(1)] at Page = 0(Main)
2017/5/16 16:59:24	SETTING	[DIO] V102ValveDO with [Open(1)] at Page = 0(Main)
2017/5/16 16:59:26	SETTING	[DIO] V97ValveDO with [Open(1)] at Page = 0(Main)
2017/5/16 16:59:27	SETTING	[DIO] Bottom_Alarm with [1] at Page = 0(PAGE 1)
2017/5/16 16:59:27	BUTTON	[BOTTOM CLICK] Bottom_Alarm
2017/5/16 17:5:51	SETTING	[DIO] Bottom_Service with [1] at Page = 0(PAGE 1)
2017/5/16 17:5:51	BUTTON	[BOTTOM CLICK] Bottom_Service
2017/5/16 17:5:53	SETTING	[DIO] Bottom_Alarm with [1] at Page = 0(PAGE 1)
2017/5/16 17:5:53	BUTTON	[BOTTOM CLICK] Bottom_Alarm
2017/5/16 17:5:55	FUNCTION	[START] OBJ_Alarm_Clear with [CLEAR] at Page = 0(PAGE 1)
2017/5/16 17:5:55	SETTING	[DIO] Bottom_Service with [1] at Page = 0(PAGE 1)
2017/5/16 17:5:55	BUTTON	[BOTTOM CLICK] Bottom_Service
2017/5/16 17:5:56	SETTING	[DIO] Bottom_System with [1] at Page = 0(PAGE 1)
2017/5/16 17:5:56	BUTTON	[BOTTOM CLICK] Bottom_System
2017/5/16 17:5:59	SETTING	[DIO] V100ValveDO with [Open(1)] at Page = 0(Main)
2017/5/16 17:5:59	SETTING	[DIO] V24ValveDO with [Open(1)] at Page = 0(Main)
2017/5/16 17:6:0	SETTING	[DIO] V21ValveDO with [Open(1)] at Page = 0(Main)
2017/5/16 17:6:0	SETTING	[DIO] V23ValveDO with [Open(1)] at Page = 0(Main)
2017/5/16 17:6:1	SETTING	[DIO] V22ValveDO with [Open(1)] at Page = 0(Main)
2017/5/16 17:6:2	SETTING	[DIO] V2ValveDO with [Open(1)] at Page = 0(Main)
2017/5/16 17:6:2	SETTING	[DIO] V4ValveDO with [Open(1)] at Page = 0(Main)
2017/5/16 17:6:3	SETTING	[DIO] V6ValveDO with [Open(1)] at Page = 0(Main)
2017/5/16 17:6:4	SETTING	[AIO] MFC01StPtAO with [5000.000] at Page = 0(Main)
2017/5/16 17:6:6	SETTING	[AIO] MFC02StPtAO with [1000.000] at Page = 0(Main)
2017/5/16 17:6:8	SETTING	[AIO] MFC03StPtAO with [5000.000] at Page = 0(Main)
2017/5/16 17:6:10	SETTING	[DIO] V1ValveDO with [Open(1)] at Page = 0(Main)
2017/5/16 17:6:10	SETTING	[DIO] V3ValveDO with [Open(1)] at Page = 0(Main)
2017/5/16 17:6:11	SETTING	[DIO] V5ValveDO with [Open(1)] at Page = 0(Main)
2017/5/16 17:6:13	SETTING	[DIO] V111ValveDO with [Close(0)] at Page = 0(Main)
2017/5/16 17:6:14	SETTING	[DIO] V111ValveDO with [Open(1)] at Page = 0(Main)
2017/5/16 17:6:16	SETTING	[DIO] V109ValveDO with [Open(1)] at Page = 0(Main)
2017/5/16 17:6:17	SETTING	[DIO] V106ValveDO with [Open(1)] at Page = 0(Main)
2017/5/16 17:6:17	SETTING	[DIO] V110ValveDO with [Open(1)] at Page = 0(Main)
2017/5/16 17:6:18	SETTING	[DIO] V105ValveDO with [Open(1)] at Page = 0(Main)
2017/5/16 17:6:18	SETTING	[DIO] V108ValveDO with [Open(1)] at Page = 0(Main)
2017/5/16 17:6:19	SETTING	[DIO] V66ValveDO with [Open(1)] at Page = 0(Main)
2017/5/16 17:6:19	SETTING	[DIO] V63ValveDO with [Open(1)] at Page = 0(Main)
2017/5/16 17:6:20	SETTING	[DIO] V65ValveDO with [Open(1)] at Page = 0(Main)
2017/5/16 17:6:20	SETTING	[DIO] V64ValveDO with [Open(1)] at Page = 0(Main)
2017/5/16 17:6:21	SETTING	[DIO] V61ValveDO with [Open(1)] at Page = 0(Main)
2017/5/16 17:6:22	SETTING	[DIO] V59ValveDO with [Open(1)] at Page = 0(Main)
2017/5/16 17:6:22	SETTING	[DIO] V57ValveDO with [Open(1)] at Page = 0(Main)
2017/5/16 17:6:24	SETTING	[DIO] V55ValveDO with [Open(1)] at Page = 0(Main)
2017/5/16 17:6:25	SETTING	[DIO] V53ValveDO with [Open(1)] at Page = 0(Main)
2017/5/16 17:6:26	SETTING	[DIO] V62ValveDO with [Open(1)] at Page = 0(Main)
2017/5/16 17:6:27	SETTING	[DIO] V20ValveDO with [Open(1)] at Page = 0(Main)
2017/5/16 17:6:29	SETTING	[DIO] V50ValveDO with [Open(1)] at Page = 0(Main)
2017/5/16 17:6:30	SETTING	[DIO] V11ValveDO with [Open(1)] at Page = 0(Main)
2017/5/16 17:6:30	SETTING	[DIO] V17ValveDO with [Open(1)] at Page = 0(Main)
2017/5/16 17:6:31	SETTING	[DIO] V18ValveDO with [Open(1)] at Page = 0(Main)
2017/5/16 17:6:31	SETTING	[DIO] V19ValveDO with [Open(1)] at Page = 0(Main)
2017/5/16 17:6:32	SETTING	[DIO] V13ValveDO with [Open(1)] at Page = 0(Main)
2017/5/16 17:6:32	SETTING	[DIO] V15ValveDO with [Open(1)] at Page = 0(Main)
2017/5/16 17:6:33	SETTING	[DIO] V12ValveDO with [Open(1)] at Page = 0(Main)
2017/5/16 17:6:35	SETTING	[AIO] MFC04StPtAO with [1000.000] at Page = 0(Main)
2017/5/16 17:6:37	SETTING	[AIO] MFC05StPtAO with [5000.000] at Page = 0(Main)
2017/5/16 17:6:39	SETTING	[AIO] MFC06StPtAO with [5000.000] at Page = 0(Main)
2017/5/16 17:6:41	SETTING	[AIO] MFC07StPtAO with [5000.000] at Page = 0(Main)
2017/5/16 17:6:43	SETTING	[AIO] MFC08StPtAO with [1000.000] at Page = 0(Main)
2017/5/16 17:6:45	SETTING	[AIO] MFC09StPtAO with [5000.000] at Page = 0(Main)
2017/5/16 17:6:47	SETTING	[DIO] V60ValveDO with [Open(1)] at Page = 0(Main)
2017/5/16 17:6:47	SETTING	[DIO] V58ValveDO with [Open(1)] at Page = 0(Main)
2017/5/16 17:6:48	SETTING	[DIO] V56ValveDO with [Open(1)] at Page = 0(Main)
2017/5/16 17:6:49	SETTING	[DIO] V54ValveDO with [Open(1)] at Page = 0(Main)
2017/5/16 17:6:50	SETTING	[DIO] V52ValveDO with [Open(1)] at Page = 0(Main)
2017/5/16 17:6:51	SETTING	[DIO] V51ValveDO with [Open(1)] at Page = 0(Main)
2017/5/16 17:6:51	SETTING	[DIO] V49ValveDO with [Open(1)] at Page = 0(Main)
