2017/3/29 14:37:9	USERCONTROL	[SYSTEM_START]
2017/3/29 14:37:44	POPUP	[OPEN] LogIn/Out at Page = 0(PAGE 1)
2017/3/29 14:37:46	USERCONTROL	[USER_LOG__IN] <IPS:Sysadmin>
2017/3/29 14:37:47	SETTING	[DIO] Main_Screen_Button with [1] at Page = 0(PAGE 1)
2017/3/29 14:37:47	BUTTON	[GO_DIRECT CLICK] Main_Screen_Button
2017/3/29 14:37:48	SETTING	[DIO] Bottom_Service with [1] at Page = 0(PAGE 1)
2017/3/29 14:37:48	BUTTON	[BOTTOM CLICK] Bottom_Service
2017/3/29 14:37:49	SETTING	[DIO] Right_Service_DirectIO with [1] at Page = 0(PAGE 1)
2017/3/29 14:37:49	BUTTON	[RIGHT CLICK] Right_Service_DirectIO
2017/3/29 14:38:9	IOEDIT	DirectIO Edit => DIO:MFCInfoComDO , VALUE:1
2017/3/29 14:55:30	IOEDIT	DirectIO Edit => DIO:MFCInfoComDO , VALUE:0
2017/3/29 14:57:24	IOEDIT	DirectIO Edit => DIO:MFCInfoComDO , VALUE:1
2017/3/29 15:2:50	IOEDIT	DirectIO Edit => DIO:MFCInfoComDO , VALUE:0
2017/3/29 15:3:42	IOEDIT	DirectIO Edit => DIO:MFCInfoComDO , VALUE:1
2017/3/29 15:8:10	IOEDIT	DirectIO Edit => DIO:MFCInfoComDO , VALUE:0
2017/3/29 15:8:20	IOEDIT	DirectIO Edit => DIO:MFCInfoComDO , VALUE:1
2017/3/29 15:9:57	SETTING	[DIO] Bottom_System with [1] at Page = 0(PAGE 1)
2017/3/29 15:9:57	BUTTON	[BOTTOM CLICK] Bottom_System
2017/3/29 15:11:14	SETTING	[DIO] Bottom_Service with [1] at Page = 0(PAGE 1)
2017/3/29 15:11:14	BUTTON	[BOTTOM CLICK] Bottom_Service
2017/3/29 15:11:16	IOEDIT	DirectIO Edit => DIO:MFCInfoComDO , VALUE:0
2017/3/29 15:12:25	SETTING	[DIO] Bottom_System with [1] at Page = 0(PAGE 1)
2017/3/29 15:12:25	BUTTON	[BOTTOM CLICK] Bottom_System
2017/3/29 15:25:19	USERCONTROL	[SYSTEM_START]
2017/3/29 15:25:37	POPUP	[OPEN] LogIn/Out at Page = 0(PAGE 1)
2017/3/29 15:25:40	USERCONTROL	[USER_LOG__IN] <IPS:Sysadmin>
2017/3/29 15:25:40	SETTING	[DIO] Main_Screen_Button with [1] at Page = 0(PAGE 1)
2017/3/29 15:25:40	BUTTON	[GO_DIRECT CLICK] Main_Screen_Button
2017/3/29 15:25:41	SETTING	[DIO] Bottom_Service with [1] at Page = 0(PAGE 1)
2017/3/29 15:25:41	BUTTON	[BOTTOM CLICK] Bottom_Service
2017/3/29 15:25:42	SETTING	[DIO] Right_Service_DirectIO with [1] at Page = 0(PAGE 1)
2017/3/29 15:25:42	BUTTON	[RIGHT CLICK] Right_Service_DirectIO
2017/3/29 15:26:50	IOEDIT	DirectIO Edit => DIO:MFCInfoComDO , VALUE:0
2017/3/29 15:26:54	IOEDIT	DirectIO Edit => DIO:MFCInfoComDO , VALUE:1
2017/3/29 15:30:26	IOEDIT	DirectIO Edit => DIO:MFCInfoComDO , VALUE:0
2017/3/29 15:36:47	USERCONTROL	[SYSTEM_START]
2017/3/29 15:37:5	POPUP	[OPEN] LogIn/Out at Page = 0(PAGE 1)
2017/3/29 15:37:7	USERCONTROL	[USER_LOG__IN] <IPS:Sysadmin>
2017/3/29 15:37:7	SETTING	[DIO] Bottom_Service with [1] at Page = 0(PAGE 1)
2017/3/29 15:37:7	BUTTON	[BOTTOM CLICK] Bottom_Service
2017/3/29 15:37:9	SETTING	[DIO] Right_Service_DirectIO with [1] at Page = 0(PAGE 1)
2017/3/29 15:37:9	BUTTON	[RIGHT CLICK] Right_Service_DirectIO
2017/3/29 16:33:39	USERCONTROL	[SYSTEM_START]
2017/3/29 16:33:58	POPUP	[OPEN] LogIn/Out at Page = 0(PAGE 1)
2017/3/29 16:34:0	USERCONTROL	[USER_LOG__IN] <IPS:Sysadmin>
2017/3/29 16:34:0	SETTING	[DIO] Main_Screen_Button with [1] at Page = 0(PAGE 1)
2017/3/29 16:34:0	BUTTON	[GO_DIRECT CLICK] Main_Screen_Button
2017/3/29 16:34:3	SETTING	[DIO] Bottom_Service with [1] at Page = 0(PAGE 1)
2017/3/29 16:34:3	BUTTON	[BOTTOM CLICK] Bottom_Service
2017/3/29 16:34:4	SETTING	[DIO] Right_Service_DirectIO with [1] at Page = 0(PAGE 1)
2017/3/29 16:34:4	BUTTON	[RIGHT CLICK] Right_Service_DirectIO
2017/3/29 16:34:37	IOEDIT	DirectIO Edit => DIO:MFCInfoComDO , VALUE:0
2017/3/29 16:34:39	IOEDIT	DirectIO Edit => DIO:MFCInfoComDO , VALUE:1
2017/3/29 16:37:30	IOEDIT	DirectIO Edit => DIO:MFCInfoComDO , VALUE:0
2017/3/29 16:46:58	USERCONTROL	[SYSTEM_START]
2017/3/29 16:48:6	POPUP	[OPEN] LogIn/Out at Page = 0(PAGE 1)
2017/3/29 16:48:8	USERCONTROL	[USER_LOG__IN] <IPS:Sysadmin>
2017/3/29 16:48:9	SETTING	[DIO] Main_Screen_Button with [1] at Page = 0(PAGE 1)
2017/3/29 16:48:9	BUTTON	[GO_DIRECT CLICK] Main_Screen_Button
2017/3/29 16:48:10	SETTING	[DIO] Bottom_Recipe with [1] at Page = 0(PAGE 1)
2017/3/29 16:48:10	BUTTON	[BOTTOM CLICK] Bottom_Recipe
2017/3/29 16:48:12	SETTING	[DIO] Bottom_Service with [1] at Page = 0(PAGE 1)
2017/3/29 16:48:12	BUTTON	[BOTTOM CLICK] Bottom_Service
2017/3/29 16:48:13	SETTING	[DIO] Right_Service_DirectIO with [1] at Page = 0(PAGE 1)
2017/3/29 16:48:13	BUTTON	[RIGHT CLICK] Right_Service_DirectIO
2017/3/29 16:49:18	IOEDIT	DirectIO Edit => DIO:MFCInfoComDO , VALUE:0
2017/3/29 17:20:50	USERCONTROL	[SYSTEM_START]
2017/3/29 17:21:8	POPUP	[OPEN] LogIn/Out at Page = 0(PAGE 1)
2017/3/29 17:21:10	USERCONTROL	[USER_LOG__IN] <IPS:Sysadmin>
2017/3/29 17:21:11	SETTING	[DIO] Main_Screen_Button with [1] at Page = 0(PAGE 1)
2017/3/29 17:21:11	BUTTON	[GO_DIRECT CLICK] Main_Screen_Button
2017/3/29 17:21:12	SETTING	[DIO] Bottom_Service with [1] at Page = 0(PAGE 1)
2017/3/29 17:21:12	BUTTON	[BOTTOM CLICK] Bottom_Service
2017/3/29 17:21:13	SETTING	[DIO] Right_Service_DirectIO with [1] at Page = 0(PAGE 1)
2017/3/29 17:21:13	BUTTON	[RIGHT CLICK] Right_Service_DirectIO
2017/3/29 17:21:37	IOEDIT	DirectIO Edit => DIO:DN_MFCInfoRead_DO , VALUE:1
2017/3/29 17:21:48	IOEDIT	DirectIO Edit => DIO:DN_MFCInfoRead_DO , VALUE:0
2017/3/29 17:26:4	IOEDIT	DirectIO Edit => DIO:DN_MFCInfoRead_DO , VALUE:1
2017/3/29 17:26:20	IOEDIT	DirectIO Edit => DIO:DN_MFCInfoRead_DO , VALUE:0
2017/3/29 17:28:40	USERCONTROL	[SYSTEM_START]
2017/3/29 17:29:4	POPUP	[OPEN] LogIn/Out at Page = 0(PAGE 1)
2017/3/29 17:29:6	USERCONTROL	[USER_LOG__IN] <IPS:Sysadmin>
2017/3/29 17:29:7	SETTING	[DIO] Bottom_Service with [1] at Page = 0(PAGE 1)
2017/3/29 17:29:7	BUTTON	[BOTTOM CLICK] Bottom_Service
2017/3/29 17:29:8	SETTING	[DIO] Right_Service_DirectIO with [1] at Page = 0(PAGE 1)
2017/3/29 17:29:8	BUTTON	[RIGHT CLICK] Right_Service_DirectIO
2017/3/29 17:29:15	IOEDIT	DirectIO Edit => DIO:DN_MFCInfoRead_DO , VALUE:1
2017/3/29 17:29:18	IOEDIT	DirectIO Edit => DIO:DN_MFCInfoRead_DO , VALUE:0
2017/3/29 17:34:13	IOEDIT	DirectIO Edit => DIO:MFCInfoComDO , VALUE:0
2017/3/29 17:34:30	IOEDIT	DirectIO Edit => DIO:DN_MFCInfoRead_DO , VALUE:1
2017/3/29 17:34:33	IOEDIT	DirectIO Edit => DIO:DN_MFCInfoRead_DO , VALUE:0
2017/3/29 17:34:35	IOEDIT	DirectIO Edit => DIO:MFCInfoComDO , VALUE:1
2017/3/29 17:36:5	IOEDIT	DirectIO Edit => DIO:DN_MFCInfoRead_DO , VALUE:1
2017/3/29 17:36:9	IOEDIT	DirectIO Edit => DIO:DN_MFCInfoRead_DO , VALUE:0
2017/3/29 17:36:45	IOEDIT	DirectIO Edit => DIO:MFCInfoComDO , VALUE:0
2017/3/29 17:37:7	IOEDIT	DirectIO Edit => DIO:DN_MFCInfoRead_DO , VALUE:1
2017/3/29 17:37:9	IOEDIT	DirectIO Edit => DIO:DN_MFCInfoRead_DO , VALUE:0
2017/3/29 17:37:14	SETTING	[DIO] Main_Screen_Button with [1] at Page = 0(PAGE 1)
2017/3/29 17:37:14	BUTTON	[GO_DIRECT CLICK] Main_Screen_Button
