2020/2/9 13:45:5	USERCONTROL	[SYSTEM_START]
2020/2/9 13:51:34	POPUP	[OPEN] LogIn/Out at Page = 0(PAGE 1)
2020/2/9 13:51:36	USERCONTROL	[USER_LOG__IN] <IPS:Sysadmin>
2020/2/9 13:51:37	SETTING	[DIO] Bottom_Service with [1] at Page = 0(PAGE 1)
2020/2/9 13:51:37	BUTTON	[BOTTOM CLICK] Bottom_Service
2020/2/9 13:51:38	SETTING	[DIO] Bottom_Config with [1] at Page = 0(PAGE 1)
2020/2/9 13:51:38	BUTTON	[BOTTOM CLICK] Bottom_Config
2020/2/9 13:51:39	SETTING	[DIO] Right_Config_Parm_Nav with [8] at Page = 6(PM Param 1)
2020/2/9 13:51:39	BUTTON	[NAV CLICK] Right_Config_Parm_Nav - 8
2020/2/9 14:0:45	USERCONTROL	[SYSTEM_START]
2020/2/9 14:0:55	POPUP	[OPEN] LogIn/Out at Page = 0(PAGE 1)
2020/2/9 14:0:56	USERCONTROL	[USER_LOG__IN] <IPS:Sysadmin>
2020/2/9 14:0:58	SETTING	[DIO] Bottom_Config with [1] at Page = 0(PAGE 1)
2020/2/9 14:0:58	BUTTON	[BOTTOM CLICK] Bottom_Config
2020/2/9 14:0:59	SETTING	[DIO] Right_Config_Parm_Nav with [8] at Page = 6(PM Param 1)
2020/2/9 14:0:59	BUTTON	[NAV CLICK] Right_Config_Parm_Nav - 8
2020/2/9 14:1:2	SETTING	[DIO] Right_Config_Parm_Nav with [9] at Page = 0(PM Param 8 (LT Heater Set 1))
2020/2/9 14:1:2	BUTTON	[NAV CLICK] Right_Config_Parm_Nav - 9
2020/2/9 14:1:3	SETTING	[DIO] Right_Config_Parm_Nav with [10] at Page = 1(PM Param 8-1 (LT Heater Set 2))
2020/2/9 14:1:3	BUTTON	[NAV CLICK] Right_Config_Parm_Nav - 10
2020/2/9 14:1:4	SETTING	[DIO] Right_Config_Parm_Nav with [11] at Page = 2(PM Param 8-2 (RT Heater Set 1))
2020/2/9 14:1:4	BUTTON	[NAV CLICK] Right_Config_Parm_Nav - 11
2020/2/9 14:1:5	SETTING	[DIO] Right_Config_Parm_Nav with [12] at Page = 3(PM Param 8-3 (RT Heater Set 2))
2020/2/9 14:1:5	BUTTON	[NAV CLICK] Right_Config_Parm_Nav - 12
2020/2/9 14:1:6	SETTING	[DIO] Right_Config_Parm_Nav with [8] at Page = 4(PM Param 8-4 (Line Heater Power Check))
2020/2/9 14:1:6	BUTTON	[NAV CLICK] Right_Config_Parm_Nav - 8
2020/2/9 14:2:34	SETTING	[DIO] Right_Config_Parm_Nav with [9] at Page = 0(PM Param 8 (LT Heater Set 1))
2020/2/9 14:2:34	BUTTON	[NAV CLICK] Right_Config_Parm_Nav - 9
2020/2/9 14:2:36	SETTING	[DIO] Right_Config_Parm_Nav with [10] at Page = 1(PM Param 8-1 (LT Heater Set 2))
2020/2/9 14:2:36	BUTTON	[NAV CLICK] Right_Config_Parm_Nav - 10
2020/2/9 14:2:37	SETTING	[DIO] Right_Config_Parm_Nav with [11] at Page = 2(PM Param 8-2 (RT Heater Set 1))
2020/2/9 14:2:37	BUTTON	[NAV CLICK] Right_Config_Parm_Nav - 11
2020/2/9 14:2:39	SETTING	[DIO] Right_Config_Parm_Nav with [8] at Page = 3(PM Param 8-3 (RT Heater Set 2))
2020/2/9 14:2:39	BUTTON	[NAV CLICK] Right_Config_Parm_Nav - 8
2020/2/9 14:3:47	USERCONTROL	[SYSTEM_START]
2020/2/9 14:6:23	USERCONTROL	[SYSTEM_START]
