2020/1/7 9:45:42	USERCONTROL	[SYSTEM_START]
2020/1/7 9:45:55	POPUP	[OPEN] LogIn/Out at Page = 0(PAGE 1)
2020/1/7 9:45:57	USERCONTROL	[USER_LOG__IN] <IPS:Sysadmin>
2020/1/7 9:45:58	SETTING	[DIO] Main_Screen_Button with [1] at Page = 0(PAGE 1)
2020/1/7 9:45:58	BUTTON	[GO_DIRECT CLICK] Main_Screen_Button
2020/1/7 9:46:1	SETTING	[DIO] Bottom_Config with [1] at Page = 0(PAGE 1)
2020/1/7 9:46:1	BUTTON	[BOTTOM CLICK] Bottom_Config
2020/1/7 9:46:4	SETTING	[DIO] Right_Config_Parm_Nav with [8] at Page = 6(PM Param 1)
2020/1/7 9:46:4	BUTTON	[NAV CLICK] Right_Config_Parm_Nav - 8
2020/1/7 9:54:29	SETTING	[DIO] Right_Config_Parm_Nav with [7] at Page = 0(PM Param 8 (LT Heater Set 1))
2020/1/7 9:54:29	BUTTON	[NAV CLICK] Right_Config_Parm_Nav - 7
2020/1/7 9:54:30	SETTING	[DIO] Right_Config_Parm_Nav with [6] at Page = 12(PM Param 7)
2020/1/7 9:54:30	BUTTON	[NAV CLICK] Right_Config_Parm_Nav - 6
2020/1/7 9:54:33	SETTING	[DIO] Right_Config_Parm_Nav with [5] at Page = 11(PM Param 6)
2020/1/7 9:54:33	BUTTON	[NAV CLICK] Right_Config_Parm_Nav - 5
2020/1/7 9:54:34	SETTING	[DIO] Right_Config_Parm_Nav with [4] at Page = 10(PM Param 5)
2020/1/7 9:54:34	BUTTON	[NAV CLICK] Right_Config_Parm_Nav - 4
2020/1/7 9:54:35	SETTING	[DIO] Right_Config_Parm_Nav with [3] at Page = 9(PM Param 4)
2020/1/7 9:54:35	BUTTON	[NAV CLICK] Right_Config_Parm_Nav - 3
2020/1/7 9:54:38	SETTING	[DIO] Right_Config_Parm_Nav with [2] at Page = 8(PM Param 3)
2020/1/7 9:54:38	BUTTON	[NAV CLICK] Right_Config_Parm_Nav - 2
2020/1/7 9:54:40	SETTING	[DIO] Right_Config_Parm_Nav with [1] at Page = 7(PM Param 2)
2020/1/7 9:54:40	BUTTON	[NAV CLICK] Right_Config_Parm_Nav - 1
2020/1/7 9:54:45	SETTING	[DIO] Right_Config_Parm_Nav with [2] at Page = 6(PM Param 1)
2020/1/7 9:54:45	BUTTON	[NAV CLICK] Right_Config_Parm_Nav - 2
2020/1/7 9:54:46	SETTING	[DIO] Right_Config_Parm_Nav with [3] at Page = 7(PM Param 2)
2020/1/7 9:54:46	BUTTON	[NAV CLICK] Right_Config_Parm_Nav - 3
2020/1/7 9:54:48	SETTING	[DIO] Right_Config_Parm_Nav with [4] at Page = 8(PM Param 3)
2020/1/7 9:54:48	BUTTON	[NAV CLICK] Right_Config_Parm_Nav - 4
2020/1/7 9:54:51	SETTING	[DIO] Right_Config_Parm_Nav with [5] at Page = 9(PM Param 4)
2020/1/7 9:54:51	BUTTON	[NAV CLICK] Right_Config_Parm_Nav - 5
2020/1/7 9:54:55	SETTING	[DIO] Right_Config_Parm_Nav with [6] at Page = 10(PM Param 5)
2020/1/7 9:54:55	BUTTON	[NAV CLICK] Right_Config_Parm_Nav - 6
2020/1/7 9:55:3	SETTING	[DIO] Right_Config_Parm_Nav with [7] at Page = 11(PM Param 6)
2020/1/7 9:55:3	BUTTON	[NAV CLICK] Right_Config_Parm_Nav - 7
2020/1/7 9:55:8	SETTING	[DIO] Right_Config_Parm_Nav with [8] at Page = 12(PM Param 7)
2020/1/7 9:55:8	BUTTON	[NAV CLICK] Right_Config_Parm_Nav - 8
2020/1/7 9:59:36	SETTING	[DIO] Bottom_System with [1] at Page = 0(PAGE 1)
2020/1/7 9:59:36	BUTTON	[BOTTOM CLICK] Bottom_System
2020/1/7 9:59:37	SETTING	[DIO] Bottom_Service with [1] at Page = 0(PAGE 1)
2020/1/7 9:59:37	BUTTON	[BOTTOM CLICK] Bottom_Service
2020/1/7 9:59:40	SETTING	[DIO] Right_Service_Htr_Nav with [2] at Page = 2(Main Heater)
2020/1/7 9:59:40	BUTTON	[NAV CLICK] Right_Service_Htr_Nav - 2
2020/1/7 9:59:44	SETTING	[DIO] Right_Service_Htr_Nav with [3] at Page = 3(Heater1)
2020/1/7 9:59:44	BUTTON	[NAV CLICK] Right_Service_Htr_Nav - 3
2020/1/7 9:59:48	SETTING	[DIO] Right_Service_Htr_Nav with [2] at Page = 4(Heater2)
2020/1/7 9:59:48	BUTTON	[NAV CLICK] Right_Service_Htr_Nav - 2
2020/1/7 10:0:9	SETTING	[DIO] Bottom_Config with [1] at Page = 0(PAGE 1)
2020/1/7 10:0:9	BUTTON	[BOTTOM CLICK] Bottom_Config
2020/1/7 10:0:59	SETTING	[DIO] Right_Config_Parm_Nav with [9] at Page = 0(PM Param 8 (LT Heater Set 1))
2020/1/7 10:0:59	BUTTON	[NAV CLICK] Right_Config_Parm_Nav - 9
2020/1/7 10:1:8	SETTING	[DIO] Right_Config_Parm_Nav with [10] at Page = 1(PM Param 8-1 (LT Heater Set 2))
2020/1/7 10:1:8	BUTTON	[NAV CLICK] Right_Config_Parm_Nav - 10
2020/1/7 10:1:9	SETTING	[DIO] Right_Config_Parm_Nav with [11] at Page = 2(PM Param 8-2 (RT Heater Set 1))
2020/1/7 10:1:9	BUTTON	[NAV CLICK] Right_Config_Parm_Nav - 11
2020/1/7 10:1:11	SETTING	[DIO] Right_Config_Parm_Nav with [7] at Page = 3(PM Param 8-3 (RT Heater Set 2))
2020/1/7 10:1:11	BUTTON	[NAV CLICK] Right_Config_Parm_Nav - 7
2020/1/7 10:1:13	SETTING	[DIO] Right_Config_Parm_Nav with [1] at Page = 12(PM Param 7)
2020/1/7 10:1:13	BUTTON	[NAV CLICK] Right_Config_Parm_Nav - 1
2020/1/7 10:1:16	SETTING	[DIO] Right_Config_Parm_Nav with [6] at Page = 6(PM Param 1)
2020/1/7 10:1:16	BUTTON	[NAV CLICK] Right_Config_Parm_Nav - 6
2020/1/7 10:1:17	SETTING	[DIO] Right_Config_Parm_Nav with [2] at Page = 11(PM Param 6)
2020/1/7 10:1:17	BUTTON	[NAV CLICK] Right_Config_Parm_Nav - 2
2020/1/7 10:1:17	SETTING	[DIO] Right_Config_Parm_Nav with [3] at Page = 7(PM Param 2)
2020/1/7 10:1:17	BUTTON	[NAV CLICK] Right_Config_Parm_Nav - 3
2020/1/7 10:1:18	SETTING	[DIO] Right_Config_Parm_Nav with [4] at Page = 8(PM Param 3)
2020/1/7 10:1:18	BUTTON	[NAV CLICK] Right_Config_Parm_Nav - 4
2020/1/7 10:1:18	SETTING	[DIO] Right_Config_Parm_Nav with [5] at Page = 9(PM Param 4)
2020/1/7 10:1:18	BUTTON	[NAV CLICK] Right_Config_Parm_Nav - 5
2020/1/7 10:1:19	SETTING	[DIO] Right_Config_Parm_Nav with [8] at Page = 10(PM Param 5)
2020/1/7 10:1:19	BUTTON	[NAV CLICK] Right_Config_Parm_Nav - 8
2020/1/7 10:4:7	SETTING	[DIO] Right_Config_Parm_Nav with [11] at Page = 0(PM Param 8 (LT Heater Set 1))
2020/1/7 10:4:7	BUTTON	[NAV CLICK] Right_Config_Parm_Nav - 11
2020/1/7 10:4:8	SETTING	[DIO] Right_Config_Parm_Nav with [10] at Page = 3(PM Param 8-3 (RT Heater Set 2))
2020/1/7 10:4:8	BUTTON	[NAV CLICK] Right_Config_Parm_Nav - 10
2020/1/7 10:4:8	SETTING	[DIO] Right_Config_Parm_Nav with [9] at Page = 2(PM Param 8-2 (RT Heater Set 1))
2020/1/7 10:4:8	BUTTON	[NAV CLICK] Right_Config_Parm_Nav - 9
2020/1/7 10:4:9	SETTING	[DIO] Right_Config_Parm_Nav with [8] at Page = 1(PM Param 8-1 (LT Heater Set 2))
2020/1/7 10:4:9	BUTTON	[NAV CLICK] Right_Config_Parm_Nav - 8
2020/1/7 10:4:10	SETTING	[DIO] Right_Config_Parm_Nav with [10] at Page = 0(PM Param 8 (LT Heater Set 1))
2020/1/7 10:4:10	BUTTON	[NAV CLICK] Right_Config_Parm_Nav - 10
2020/1/7 10:4:10	SETTING	[DIO] Right_Config_Parm_Nav with [9] at Page = 2(PM Param 8-2 (RT Heater Set 1))
2020/1/7 10:4:10	BUTTON	[NAV CLICK] Right_Config_Parm_Nav - 9
2020/1/7 10:4:11	SETTING	[DIO] Right_Config_Parm_Nav with [11] at Page = 1(PM Param 8-1 (LT Heater Set 2))
2020/1/7 10:4:11	BUTTON	[NAV CLICK] Right_Config_Parm_Nav - 11
2020/1/7 10:4:21	SETTING	[DIO] Right_Config_Parm_Nav with [10] at Page = 3(PM Param 8-3 (RT Heater Set 2))
2020/1/7 10:4:21	BUTTON	[NAV CLICK] Right_Config_Parm_Nav - 10
2020/1/7 10:4:21	SETTING	[DIO] Right_Config_Parm_Nav with [9] at Page = 2(PM Param 8-2 (RT Heater Set 1))
2020/1/7 10:4:21	BUTTON	[NAV CLICK] Right_Config_Parm_Nav - 9
2020/1/7 10:4:22	SETTING	[DIO] Right_Config_Parm_Nav with [8] at Page = 1(PM Param 8-1 (LT Heater Set 2))
2020/1/7 10:4:22	BUTTON	[NAV CLICK] Right_Config_Parm_Nav - 8
2020/1/7 10:4:23	SETTING	[DIO] Right_Config_Parm_Nav with [9] at Page = 0(PM Param 8 (LT Heater Set 1))
2020/1/7 10:4:23	BUTTON	[NAV CLICK] Right_Config_Parm_Nav - 9
2020/1/7 10:4:24	SETTING	[DIO] Right_Config_Parm_Nav with [10] at Page = 1(PM Param 8-1 (LT Heater Set 2))
2020/1/7 10:4:24	BUTTON	[NAV CLICK] Right_Config_Parm_Nav - 10
2020/1/7 10:4:24	SETTING	[DIO] Right_Config_Parm_Nav with [11] at Page = 2(PM Param 8-2 (RT Heater Set 1))
2020/1/7 10:4:24	BUTTON	[NAV CLICK] Right_Config_Parm_Nav - 11
2020/1/7 10:4:27	SETTING	[DIO] Right_Config_Parm_Nav with [8] at Page = 3(PM Param 8-3 (RT Heater Set 2))
2020/1/7 10:4:27	BUTTON	[NAV CLICK] Right_Config_Parm_Nav - 8
2020/1/7 10:6:32	SETTING	[DIO] Right_Config_Parm_Nav with [9] at Page = 0(PM Param 8 (LT Heater Set 1))
2020/1/7 10:6:32	BUTTON	[NAV CLICK] Right_Config_Parm_Nav - 9
2020/1/7 10:6:36	SETTING	[DIO] Bottom_Recipe with [1] at Page = 0(PAGE 1)
2020/1/7 10:6:36	BUTTON	[BOTTOM CLICK] Bottom_Recipe
2020/1/7 10:6:36	SETTING	[DIO] Bottom_System with [1] at Page = 0(PAGE 1)
2020/1/7 10:6:36	BUTTON	[BOTTOM CLICK] Bottom_System
2020/1/7 10:6:37	SETTING	[DIO] Bottom_Recipe with [1] at Page = 0(PAGE 1)
2020/1/7 10:6:37	BUTTON	[BOTTOM CLICK] Bottom_Recipe
2020/1/7 10:6:39	SETTING	[DIO] Bottom_Service with [1] at Page = 0(PAGE 1)
2020/1/7 10:6:39	BUTTON	[BOTTOM CLICK] Bottom_Service
2020/1/7 10:6:43	SETTING	[DIO] HTREditEnableDisable with [1] at Page = 3(Heater1)
2020/1/7 10:6:46	SETTING	[DIO] Bottom_Config with [1] at Page = 0(PAGE 1)
2020/1/7 10:6:46	BUTTON	[BOTTOM CLICK] Bottom_Config
2020/1/7 10:7:45	SETTING	[DIO] Right_Config_Parm_Nav with [9] at Page = 1(PM Param 8-1 (LT Heater Set 2))
2020/1/7 10:7:45	BUTTON	[NAV CLICK] Right_Config_Parm_Nav - 9
2020/1/7 10:7:46	SETTING	[DIO] Right_Config_Parm_Nav with [10] at Page = 1(PM Param 8-1 (LT Heater Set 2))
2020/1/7 10:7:46	BUTTON	[NAV CLICK] Right_Config_Parm_Nav - 10
2020/1/7 10:7:50	SETTING	[DIO] Right_Config_Parm_Nav with [11] at Page = 2(PM Param 8-2 (RT Heater Set 1))
2020/1/7 10:7:50	BUTTON	[NAV CLICK] Right_Config_Parm_Nav - 11
2020/1/7 10:7:51	SETTING	[DIO] Right_Config_Parm_Nav with [9] at Page = 3(PM Param 8-3 (RT Heater Set 2))
2020/1/7 10:7:51	BUTTON	[NAV CLICK] Right_Config_Parm_Nav - 9
2020/1/7 10:7:52	SETTING	[DIO] Right_Config_Parm_Nav with [8] at Page = 1(PM Param 8-1 (LT Heater Set 2))
2020/1/7 10:7:52	BUTTON	[NAV CLICK] Right_Config_Parm_Nav - 8
2020/1/7 10:7:56	SETTING	[DIO] Bottom_System with [1] at Page = 0(PAGE 1)
2020/1/7 10:7:56	BUTTON	[BOTTOM CLICK] Bottom_System
2020/1/7 10:7:59	SETTING	[DIO] Bottom_Recipe with [1] at Page = 0(PAGE 1)
2020/1/7 10:7:59	BUTTON	[BOTTOM CLICK] Bottom_Recipe
2020/1/7 10:8:0	SETTING	[DIO] Bottom_Service with [1] at Page = 0(PAGE 1)
2020/1/7 10:8:0	BUTTON	[BOTTOM CLICK] Bottom_Service
2020/1/7 10:8:16	SETTING	[DIO] Bottom_Config with [1] at Page = 0(PAGE 1)
2020/1/7 10:8:16	BUTTON	[BOTTOM CLICK] Bottom_Config
2020/1/7 10:8:24	SETTING	[DIO] Right_Config_Parm_Nav with [7] at Page = 0(PM Param 8 (LT Heater Set 1))
2020/1/7 10:8:24	BUTTON	[NAV CLICK] Right_Config_Parm_Nav - 7
2020/1/7 10:8:25	SETTING	[DIO] Right_Config_Parm_Nav with [6] at Page = 12(PM Param 7)
2020/1/7 10:8:25	BUTTON	[NAV CLICK] Right_Config_Parm_Nav - 6
2020/1/7 10:8:27	SETTING	[DIO] Right_Config_Parm_Nav with [5] at Page = 11(PM Param 6)
2020/1/7 10:8:27	BUTTON	[NAV CLICK] Right_Config_Parm_Nav - 5
2020/1/7 10:8:28	SETTING	[DIO] Right_Config_Parm_Nav with [4] at Page = 10(PM Param 5)
2020/1/7 10:8:28	BUTTON	[NAV CLICK] Right_Config_Parm_Nav - 4
2020/1/7 10:8:29	SETTING	[DIO] Right_Config_Parm_Nav with [3] at Page = 9(PM Param 4)
2020/1/7 10:8:29	BUTTON	[NAV CLICK] Right_Config_Parm_Nav - 3
2020/1/7 10:8:31	SETTING	[DIO] Right_Config_Parm_Nav with [2] at Page = 8(PM Param 3)
2020/1/7 10:8:31	BUTTON	[NAV CLICK] Right_Config_Parm_Nav - 2
2020/1/7 10:8:32	SETTING	[DIO] Right_Config_Parm_Nav with [1] at Page = 7(PM Param 2)
2020/1/7 10:8:32	BUTTON	[NAV CLICK] Right_Config_Parm_Nav - 1
2020/1/7 10:8:42	SETTING	[DIO] Right_Config_Parm_Nav with [8] at Page = 6(PM Param 1)
2020/1/7 10:8:42	BUTTON	[NAV CLICK] Right_Config_Parm_Nav - 8
2020/1/7 12:51:1	USERCONTROL	[SYSTEM_START]
2020/1/7 12:51:13	POPUP	[OPEN] LogIn/Out at Page = 0(PAGE 1)
2020/1/7 12:51:16	USERCONTROL	[USER_LOG__IN] <IPS:Sysadmin>
2020/1/7 12:51:17	SETTING	[DIO] Bottom_Service with [1] at Page = 0(PAGE 1)
2020/1/7 12:51:17	BUTTON	[BOTTOM CLICK] Bottom_Service
2020/1/7 12:51:18	SETTING	[DIO] Bottom_Config with [1] at Page = 0(PAGE 1)
2020/1/7 12:51:18	BUTTON	[BOTTOM CLICK] Bottom_Config
2020/1/7 12:51:22	SETTING	[DIO] Right_Config_Parm_Nav with [8] at Page = 6(PM Param 1)
2020/1/7 12:51:22	BUTTON	[NAV CLICK] Right_Config_Parm_Nav - 8
2020/1/7 12:51:27	SETTING	[DIO] Right_Config_Parm_Nav with [7] at Page = 0(PM Param 8 (LT Heater Set 1))
2020/1/7 12:51:27	BUTTON	[NAV CLICK] Right_Config_Parm_Nav - 7
2020/1/7 12:51:29	SETTING	[DIO] Right_Config_Parm_Nav with [6] at Page = 12(PM Param 7)
2020/1/7 12:51:29	BUTTON	[NAV CLICK] Right_Config_Parm_Nav - 6
2020/1/7 12:51:32	SETTING	[DIO] Right_Config_Parm_Nav with [8] at Page = 11(PM Param 6)
2020/1/7 12:51:32	BUTTON	[NAV CLICK] Right_Config_Parm_Nav - 8
2020/1/7 12:51:35	SETTING	[DIO] Right_Config_Parm_Nav with [5] at Page = 0(PM Param 8 (LT Heater Set 1))
2020/1/7 12:51:35	BUTTON	[NAV CLICK] Right_Config_Parm_Nav - 5
2020/1/7 12:51:36	SETTING	[DIO] Right_Config_Parm_Nav with [4] at Page = 10(PM Param 5)
2020/1/7 12:51:36	BUTTON	[NAV CLICK] Right_Config_Parm_Nav - 4
2020/1/7 12:51:37	SETTING	[DIO] Right_Config_Parm_Nav with [3] at Page = 9(PM Param 4)
2020/1/7 12:51:37	BUTTON	[NAV CLICK] Right_Config_Parm_Nav - 3
2020/1/7 12:51:37	SETTING	[DIO] Right_Config_Parm_Nav with [2] at Page = 8(PM Param 3)
2020/1/7 12:51:37	BUTTON	[NAV CLICK] Right_Config_Parm_Nav - 2
2020/1/7 12:51:38	SETTING	[DIO] Right_Config_Parm_Nav with [1] at Page = 7(PM Param 2)
2020/1/7 12:51:38	BUTTON	[NAV CLICK] Right_Config_Parm_Nav - 1
2020/1/7 12:51:43	SETTING	[DIO] Right_Config_Parm_Nav with [5] at Page = 6(PM Param 1)
2020/1/7 12:51:43	BUTTON	[NAV CLICK] Right_Config_Parm_Nav - 5
2020/1/7 13:7:27	SETTING	[DIO] Right_Config_Parm_Nav with [4] at Page = 10(PM Param 5)
2020/1/7 13:7:27	BUTTON	[NAV CLICK] Right_Config_Parm_Nav - 4
2020/1/7 13:7:29	SETTING	[DIO] Right_Config_Parm_Nav with [2] at Page = 9(PM Param 4)
2020/1/7 13:7:29	BUTTON	[NAV CLICK] Right_Config_Parm_Nav - 2
2020/1/7 13:7:30	SETTING	[DIO] Right_Config_Parm_Nav with [1] at Page = 7(PM Param 2)
2020/1/7 13:7:30	BUTTON	[NAV CLICK] Right_Config_Parm_Nav - 1
2020/1/7 13:7:33	SETTING	[DIO] Right_Config_Parm_Nav with [4] at Page = 6(PM Param 1)
2020/1/7 13:7:33	BUTTON	[NAV CLICK] Right_Config_Parm_Nav - 4
2020/1/7 13:7:33	SETTING	[DIO] Right_Config_Parm_Nav with [8] at Page = 9(PM Param 4)
2020/1/7 13:7:33	BUTTON	[NAV CLICK] Right_Config_Parm_Nav - 8
2020/1/7 13:7:33	SETTING	[DIO] Right_Config_Parm_Nav with [7] at Page = 0(PM Param 8 (LT Heater Set 1))
2020/1/7 13:7:33	BUTTON	[NAV CLICK] Right_Config_Parm_Nav - 7
2020/1/7 13:7:34	SETTING	[DIO] Right_Config_Parm_Nav with [6] at Page = 12(PM Param 7)
2020/1/7 13:7:34	BUTTON	[NAV CLICK] Right_Config_Parm_Nav - 6
2020/1/7 13:7:38	SETTING	[DIO] Right_Config_Parm_Nav with [7] at Page = 11(PM Param 6)
2020/1/7 13:7:38	BUTTON	[NAV CLICK] Right_Config_Parm_Nav - 7
2020/1/7 13:7:38	SETTING	[DIO] Right_Config_Parm_Nav with [8] at Page = 12(PM Param 7)
2020/1/7 13:7:38	BUTTON	[NAV CLICK] Right_Config_Parm_Nav - 8
2020/1/7 13:10:52	SETTING	[DIO] Right_Config_Parm_Nav with [1] at Page = 0(PM Param 8 (LT Heater Set 1))
2020/1/7 13:10:52	BUTTON	[NAV CLICK] Right_Config_Parm_Nav - 1
2020/1/7 13:10:55	SETTING	[DIO] Right_Config_Parm_Nav with [2] at Page = 6(PM Param 1)
2020/1/7 13:10:55	BUTTON	[NAV CLICK] Right_Config_Parm_Nav - 2
2020/1/7 13:10:57	SETTING	[DIO] Right_Config_Parm_Nav with [5] at Page = 7(PM Param 2)
2020/1/7 13:10:57	BUTTON	[NAV CLICK] Right_Config_Parm_Nav - 5
2020/1/7 14:29:8	USERCONTROL	[SYSTEM_START]
2020/1/7 14:29:20	POPUP	[OPEN] LogIn/Out at Page = 0(PAGE 1)
2020/1/7 14:29:22	USERCONTROL	[USER_LOG__IN] <IPS:Sysadmin>
2020/1/7 14:29:23	SETTING	[DIO] Bottom_Config with [1] at Page = 0(PAGE 1)
2020/1/7 14:29:23	BUTTON	[BOTTOM CLICK] Bottom_Config
2020/1/7 14:29:27	SETTING	[DIO] Right_Config_Parm_Nav with [5] at Page = 6(PM Param 1)
2020/1/7 14:29:27	BUTTON	[NAV CLICK] Right_Config_Parm_Nav - 5
2020/1/7 14:38:55	USERCONTROL	[SYSTEM_START]
2020/1/7 14:39:6	POPUP	[OPEN] LogIn/Out at Page = 0(PAGE 1)
2020/1/7 14:39:8	USERCONTROL	[USER_LOG__IN] <IPS:Sysadmin>
2020/1/7 14:39:9	SETTING	[DIO] Bottom_Service with [1] at Page = 0(PAGE 1)
2020/1/7 14:39:9	BUTTON	[BOTTOM CLICK] Bottom_Service
2020/1/7 14:39:11	SETTING	[DIO] Bottom_Config with [1] at Page = 0(PAGE 1)
2020/1/7 14:39:11	BUTTON	[BOTTOM CLICK] Bottom_Config
2020/1/7 14:39:12	SETTING	[DIO] Right_Config_Parm_Nav with [5] at Page = 6(PM Param 1)
2020/1/7 14:39:12	BUTTON	[NAV CLICK] Right_Config_Parm_Nav - 5
2020/1/7 14:39:36	SETTING	[DIO] Right_Config_Parm_Nav with [4] at Page = 10(PM Param 5)
2020/1/7 14:39:36	BUTTON	[NAV CLICK] Right_Config_Parm_Nav - 4
2020/1/7 14:39:37	SETTING	[DIO] Right_Config_Parm_Nav with [5] at Page = 9(PM Param 4)
2020/1/7 14:39:37	BUTTON	[NAV CLICK] Right_Config_Parm_Nav - 5
2020/1/7 14:39:41	SETTING	[DIO] Right_Config_Parm_Nav with [3] at Page = 10(PM Param 5)
2020/1/7 14:39:41	BUTTON	[NAV CLICK] Right_Config_Parm_Nav - 3
2020/1/7 14:39:42	SETTING	[DIO] Right_Config_Parm_Nav with [2] at Page = 8(PM Param 3)
2020/1/7 14:39:42	BUTTON	[NAV CLICK] Right_Config_Parm_Nav - 2
2020/1/7 14:39:45	SETTING	[DIO] Right_Config_Parm_Nav with [1] at Page = 7(PM Param 2)
2020/1/7 14:39:45	BUTTON	[NAV CLICK] Right_Config_Parm_Nav - 1
2020/1/7 14:39:46	SETTING	[DIO] Right_Config_Parm_Nav with [6] at Page = 6(PM Param 1)
2020/1/7 14:39:46	BUTTON	[NAV CLICK] Right_Config_Parm_Nav - 6
2020/1/7 14:39:47	SETTING	[DIO] Right_Config_Parm_Nav with [7] at Page = 11(PM Param 6)
2020/1/7 14:39:47	BUTTON	[NAV CLICK] Right_Config_Parm_Nav - 7
2020/1/7 14:39:48	SETTING	[DIO] Right_Config_Parm_Nav with [8] at Page = 12(PM Param 7)
2020/1/7 14:39:48	BUTTON	[NAV CLICK] Right_Config_Parm_Nav - 8
2020/1/7 14:39:50	SETTING	[DIO] Right_Config_Parm_Nav with [4] at Page = 0(PM Param 8 (LT Heater Set 1))
2020/1/7 14:39:50	BUTTON	[NAV CLICK] Right_Config_Parm_Nav - 4
2020/1/7 14:39:51	SETTING	[DIO] Right_Config_Parm_Nav with [5] at Page = 9(PM Param 4)
2020/1/7 14:39:51	BUTTON	[NAV CLICK] Right_Config_Parm_Nav - 5
2020/1/7 14:43:40	SETTING	[DIO] Bottom_Config with [1] at Page = 0(PAGE 1)
2020/1/7 14:43:40	BUTTON	[BOTTOM CLICK] Bottom_Config
2020/1/7 14:43:54	SETTING	[DIO] Right_Config_Parm_Nav with [4] at Page = 10(PM Param 5)
2020/1/7 14:43:54	BUTTON	[NAV CLICK] Right_Config_Parm_Nav - 4
2020/1/7 14:43:57	SETTING	[DIO] Right_Config_Parm_Nav with [3] at Page = 9(PM Param 4)
2020/1/7 14:43:57	BUTTON	[NAV CLICK] Right_Config_Parm_Nav - 3
2020/1/7 14:43:57	SETTING	[DIO] Right_Config_Parm_Nav with [4] at Page = 8(PM Param 3)
2020/1/7 14:43:57	BUTTON	[NAV CLICK] Right_Config_Parm_Nav - 4
2020/1/7 14:43:58	SETTING	[DIO] Right_Config_Parm_Nav with [5] at Page = 9(PM Param 4)
2020/1/7 14:43:58	BUTTON	[NAV CLICK] Right_Config_Parm_Nav - 5
2020/1/7 14:43:58	SETTING	[DIO] Right_Config_Parm_Nav with [4] at Page = 10(PM Param 5)
2020/1/7 14:43:58	BUTTON	[NAV CLICK] Right_Config_Parm_Nav - 4
2020/1/7 14:43:59	SETTING	[DIO] Right_Config_Parm_Nav with [4] at Page = 9(PM Param 4)
2020/1/7 14:43:59	BUTTON	[NAV CLICK] Right_Config_Parm_Nav - 4
2020/1/7 14:44:0	SETTING	[DIO] Right_Config_Parm_Nav with [3] at Page = 9(PM Param 4)
2020/1/7 14:44:0	BUTTON	[NAV CLICK] Right_Config_Parm_Nav - 3
2020/1/7 14:44:0	SETTING	[DIO] Right_Config_Parm_Nav with [2] at Page = 8(PM Param 3)
2020/1/7 14:44:0	BUTTON	[NAV CLICK] Right_Config_Parm_Nav - 2
2020/1/7 14:44:1	SETTING	[DIO] Right_Config_Parm_Nav with [1] at Page = 7(PM Param 2)
2020/1/7 14:44:1	BUTTON	[NAV CLICK] Right_Config_Parm_Nav - 1
2020/1/7 14:44:1	SETTING	[DIO] Right_Config_Parm_Nav with [1] at Page = 6(PM Param 1)
2020/1/7 14:44:1	BUTTON	[NAV CLICK] Right_Config_Parm_Nav - 1
2020/1/7 14:44:2	SETTING	[DIO] Right_Config_Parm_Nav with [2] at Page = 6(PM Param 1)
2020/1/7 14:44:2	BUTTON	[NAV CLICK] Right_Config_Parm_Nav - 2
2020/1/7 14:44:3	SETTING	[DIO] Right_Config_Parm_Nav with [3] at Page = 7(PM Param 2)
2020/1/7 14:44:3	BUTTON	[NAV CLICK] Right_Config_Parm_Nav - 3
2020/1/7 14:44:3	SETTING	[DIO] Right_Config_Parm_Nav with [4] at Page = 8(PM Param 3)
2020/1/7 14:44:3	BUTTON	[NAV CLICK] Right_Config_Parm_Nav - 4
2020/1/7 14:44:4	SETTING	[DIO] Right_Config_Parm_Nav with [5] at Page = 9(PM Param 4)
2020/1/7 14:44:4	BUTTON	[NAV CLICK] Right_Config_Parm_Nav - 5
2020/1/7 14:46:3	SETTING	[DIO] Right_Config_Parm with [1] at Page = 0(PAGE 1)
2020/1/7 14:46:3	BUTTON	[RIGHT CLICK] Right_Config_Parm
2020/1/7 14:49:53	USERCONTROL	[SYSTEM_START]
2020/1/7 14:50:6	POPUP	[OPEN] LogIn/Out at Page = 0(PAGE 1)
2020/1/7 14:50:8	USERCONTROL	[USER_LOG__IN] <IPS:Sysadmin>
2020/1/7 14:50:10	SETTING	[DIO] Bottom_Service with [1] at Page = 0(PAGE 1)
2020/1/7 14:50:10	BUTTON	[BOTTOM CLICK] Bottom_Service
2020/1/7 14:50:10	SETTING	[DIO] Bottom_Config with [1] at Page = 0(PAGE 1)
2020/1/7 14:50:10	BUTTON	[BOTTOM CLICK] Bottom_Config
2020/1/7 14:50:11	SETTING	[DIO] Right_Config_Parm_Nav with [5] at Page = 6(PM Param 1)
2020/1/7 14:50:11	BUTTON	[NAV CLICK] Right_Config_Parm_Nav - 5
2020/1/7 14:51:4	USERCONTROL	[SYSTEM_START]
2020/1/7 14:51:16	POPUP	[OPEN] LogIn/Out at Page = 0(PAGE 1)
2020/1/7 14:51:18	USERCONTROL	[USER_LOG__IN] <IPS:Sysadmin>
2020/1/7 14:51:19	SETTING	[DIO] Bottom_Config with [1] at Page = 0(PAGE 1)
2020/1/7 14:51:19	BUTTON	[BOTTOM CLICK] Bottom_Config
2020/1/7 14:51:21	SETTING	[DIO] Right_Config_Parm_Nav with [5] at Page = 6(PM Param 1)
2020/1/7 14:51:21	BUTTON	[NAV CLICK] Right_Config_Parm_Nav - 5
2020/1/7 14:54:4	SETTING	[DIO] Right_Config_Parm with [1] at Page = 0(PAGE 1)
2020/1/7 14:54:4	BUTTON	[RIGHT CLICK] Right_Config_Parm
2020/1/7 14:55:28	SETTING	[DIO] Right_Config_Parm with [1] at Page = 0(PAGE 1)
2020/1/7 14:55:28	BUTTON	[RIGHT CLICK] Right_Config_Parm
2020/1/7 14:56:37	SETTING	[DIO] Right_Config_Parm with [1] at Page = 0(PAGE 1)
2020/1/7 14:56:37	BUTTON	[RIGHT CLICK] Right_Config_Parm
2020/1/7 15:0:3	SETTING	[DIO] Right_Config_Parm with [1] at Page = 0(PAGE 1)
2020/1/7 15:0:3	BUTTON	[RIGHT CLICK] Right_Config_Parm
2020/1/7 15:8:50	SETTING	[DIO] Right_Config_Parm with [1] at Page = 0(PAGE 1)
2020/1/7 15:8:50	BUTTON	[RIGHT CLICK] Right_Config_Parm
2020/1/7 15:10:30	SETTING	[DIO] Bottom_Service with [1] at Page = 0(PAGE 1)
2020/1/7 15:10:30	BUTTON	[BOTTOM CLICK] Bottom_Service
2020/1/7 15:10:32	SETTING	[DIO] Right_Service_Leak with [1] at Page = 0(PAGE 1)
2020/1/7 15:10:32	BUTTON	[RIGHT CLICK] Right_Service_Leak
2020/1/7 15:12:41	FUNCTION	[START] SERV_MAIN with [LEAK_CHECK] at Page = 1(Leak Check)
2020/1/7 15:14:5	FUNCTION	[ABORT] SERV_MAIN at Page = 1(Leak Check)
2020/1/7 15:14:30	SETTING	[DIO] Bottom_Config with [1] at Page = 0(PAGE 1)
2020/1/7 15:14:30	BUTTON	[BOTTOM CLICK] Bottom_Config
2020/1/7 15:15:17	SETTING	[DIO] Right_Config_Parm with [1] at Page = 0(PAGE 1)
2020/1/7 15:15:17	BUTTON	[RIGHT CLICK] Right_Config_Parm
2020/1/7 15:42:17	SETTING	[DIO] Right_Config_Parm with [1] at Page = 0(PAGE 1)
2020/1/7 15:42:17	BUTTON	[RIGHT CLICK] Right_Config_Parm
2020/1/7 15:52:35	SETTING	[DIO] Right_Config_Parm with [1] at Page = 0(PAGE 1)
2020/1/7 15:52:35	BUTTON	[RIGHT CLICK] Right_Config_Parm
2020/1/7 15:53:30	SETTING	[DIO] Right_Config_Parm with [1] at Page = 0(PAGE 1)
2020/1/7 15:53:30	BUTTON	[RIGHT CLICK] Right_Config_Parm
2020/1/7 15:56:34	SETTING	[DIO] Right_Config_Parm with [1] at Page = 0(PAGE 1)
2020/1/7 15:56:34	BUTTON	[RIGHT CLICK] Right_Config_Parm
2020/1/7 15:59:54	SETTING	[DIO] Right_Config_Parm with [1] at Page = 0(PAGE 1)
2020/1/7 15:59:54	BUTTON	[RIGHT CLICK] Right_Config_Parm
2020/1/7 16:1:28	SETTING	[DIO] Right_Config_Parm with [1] at Page = 0(PAGE 1)
2020/1/7 16:1:28	BUTTON	[RIGHT CLICK] Right_Config_Parm
2020/1/7 16:12:54	USERCONTROL	[SYSTEM_START]
2020/1/7 16:13:5	POPUP	[OPEN] LogIn/Out at Page = 0(PAGE 1)
2020/1/7 16:13:7	USERCONTROL	[USER_LOG__IN] <IPS:Sysadmin>
2020/1/7 16:13:8	SETTING	[DIO] Bottom_Config with [1] at Page = 0(PAGE 1)
2020/1/7 16:13:8	BUTTON	[BOTTOM CLICK] Bottom_Config
2020/1/7 16:13:10	SETTING	[DIO] Right_Config_Parm_Nav with [5] at Page = 6(PM Param 1)
2020/1/7 16:13:10	BUTTON	[NAV CLICK] Right_Config_Parm_Nav - 5
2020/1/7 16:13:40	SETTING	[DIO] Right_Config_Parm_Nav with [4] at Page = 10(PM Param 5)
2020/1/7 16:13:40	BUTTON	[NAV CLICK] Right_Config_Parm_Nav - 4
2020/1/7 16:13:41	SETTING	[DIO] Right_Config_Parm_Nav with [3] at Page = 9(PM Param 4)
2020/1/7 16:13:41	BUTTON	[NAV CLICK] Right_Config_Parm_Nav - 3
2020/1/7 16:13:46	SETTING	[DIO] Right_Config_Parm_Nav with [5] at Page = 8(PM Param 3)
2020/1/7 16:13:46	BUTTON	[NAV CLICK] Right_Config_Parm_Nav - 5
2020/1/7 16:24:55	USERCONTROL	[SYSTEM_START]
2020/1/7 16:25:15	POPUP	[OPEN] LogIn/Out at Page = 0(PAGE 1)
2020/1/7 16:25:17	USERCONTROL	[USER_LOG__IN] <IPS:Sysadmin>
2020/1/7 16:25:34	SETTING	[DIO] Bottom_System with [1] at Page = 0(PAGE 1)
2020/1/7 16:25:34	BUTTON	[BOTTOM CLICK] Bottom_System
2020/1/7 16:28:53	USERCONTROL	[SYSTEM_START]
2020/1/7 16:29:5	POPUP	[OPEN] LogIn/Out at Page = 0(PAGE 1)
2020/1/7 16:29:7	SETTING	[DIO] Bottom_Config with [1] at Page = 0(PAGE 1)
2020/1/7 16:29:7	USERCONTROL	[USER_LOG__IN] <IPS:Sysadmin>
2020/1/7 16:29:8	SETTING	[DIO] Bottom_Config with [1] at Page = 0(PAGE 1)
2020/1/7 16:29:8	BUTTON	[BOTTOM CLICK] Bottom_Config
2020/1/7 16:29:10	SETTING	[DIO] Right_Config_Parm_Nav with [5] at Page = 6(PM Param 1)
2020/1/7 16:29:10	BUTTON	[NAV CLICK] Right_Config_Parm_Nav - 5
