2020/1/8 15:57:48	USERCONTROL	[SYSTEM_START]
2020/1/8 15:57:59	POPUP	[OPEN] LogIn/Out at Page = 0(PAGE 1)
2020/1/8 15:58:1	USERCONTROL	[USER_LOG__IN] <IPS:Sysadmin>
2020/1/8 15:58:2	SETTING	[DIO] Bottom_System with [1] at Page = 0(PAGE 1)
2020/1/8 15:58:2	BUTTON	[BOTTOM CLICK] Bottom_System
2020/1/8 15:58:3	SETTING	[DIO] Bottom_Config with [1] at Page = 0(PAGE 1)
2020/1/8 15:58:3	BUTTON	[BOTTOM CLICK] Bottom_Config
2020/1/8 15:58:4	SETTING	[DIO] Right_Config_Parm_Nav with [8] at Page = 6(PM Param 1)
2020/1/8 15:58:4	BUTTON	[NAV CLICK] Right_Config_Parm_Nav - 8
2020/1/8 15:58:15	SETTING	[DIO] Right_Config_Parm_Nav with [5] at Page = 0(PM Param 8 (LT Heater Set 1))
2020/1/8 15:58:15	BUTTON	[NAV CLICK] Right_Config_Parm_Nav - 5
2020/1/8 15:58:16	SETTING	[DIO] Right_Config_Parm_Nav with [5] at Page = 10(PM Param 5)
2020/1/8 15:58:16	BUTTON	[NAV CLICK] Right_Config_Parm_Nav - 5
2020/1/8 15:58:17	SETTING	[DIO] Right_Config_Parm_Nav with [4] at Page = 10(PM Param 5)
2020/1/8 15:58:17	BUTTON	[NAV CLICK] Right_Config_Parm_Nav - 4
2020/1/8 15:58:17	SETTING	[DIO] Right_Config_Parm_Nav with [3] at Page = 9(PM Param 4)
2020/1/8 15:58:17	BUTTON	[NAV CLICK] Right_Config_Parm_Nav - 3
2020/1/8 15:58:18	SETTING	[DIO] Right_Config_Parm_Nav with [2] at Page = 8(PM Param 3)
2020/1/8 15:58:18	BUTTON	[NAV CLICK] Right_Config_Parm_Nav - 2
2020/1/8 15:58:18	SETTING	[DIO] Right_Config_Parm_Nav with [1] at Page = 7(PM Param 2)
2020/1/8 15:58:18	BUTTON	[NAV CLICK] Right_Config_Parm_Nav - 1
2020/1/8 15:58:19	SETTING	[DIO] Right_Config_Parm_Nav with [6] at Page = 6(PM Param 1)
2020/1/8 15:58:19	BUTTON	[NAV CLICK] Right_Config_Parm_Nav - 6
2020/1/8 15:58:19	SETTING	[DIO] Right_Config_Parm_Nav with [7] at Page = 11(PM Param 6)
2020/1/8 15:58:19	BUTTON	[NAV CLICK] Right_Config_Parm_Nav - 7
2020/1/8 15:58:20	SETTING	[DIO] Right_Config_Parm_Nav with [8] at Page = 12(PM Param 7)
2020/1/8 15:58:20	BUTTON	[NAV CLICK] Right_Config_Parm_Nav - 8
2020/1/8 15:59:37	SETTING	[DIO] Right_Config_Parm_Nav with [7] at Page = 0(PM Param 8 (LT Heater Set 1))
2020/1/8 15:59:37	BUTTON	[NAV CLICK] Right_Config_Parm_Nav - 7
2020/1/8 15:59:40	SETTING	[DIO] Right_Config_Parm_Nav with [8] at Page = 12(PM Param 7)
2020/1/8 15:59:40	BUTTON	[NAV CLICK] Right_Config_Parm_Nav - 8
2020/1/8 16:0:1	SETTING	[DIO] Right_Config_Parm_Nav with [5] at Page = 0(PM Param 8 (LT Heater Set 1))
2020/1/8 16:0:1	BUTTON	[NAV CLICK] Right_Config_Parm_Nav - 5
2020/1/8 16:0:1	SETTING	[DIO] Right_Config_Parm_Nav with [4] at Page = 10(PM Param 5)
2020/1/8 16:0:1	BUTTON	[NAV CLICK] Right_Config_Parm_Nav - 4
2020/1/8 16:0:2	SETTING	[DIO] Right_Config_Parm_Nav with [8] at Page = 9(PM Param 4)
2020/1/8 16:0:2	BUTTON	[NAV CLICK] Right_Config_Parm_Nav - 8
2020/1/8 16:0:3	SETTING	[DIO] Right_Config_Parm_Nav with [5] at Page = 0(PM Param 8 (LT Heater Set 1))
2020/1/8 16:0:3	BUTTON	[NAV CLICK] Right_Config_Parm_Nav - 5
2020/1/8 16:0:3	SETTING	[DIO] Right_Config_Parm_Nav with [8] at Page = 10(PM Param 5)
2020/1/8 16:0:3	BUTTON	[NAV CLICK] Right_Config_Parm_Nav - 8
2020/1/8 16:0:4	SETTING	[DIO] Right_Config_Parm_Nav with [5] at Page = 0(PM Param 8 (LT Heater Set 1))
2020/1/8 16:0:4	BUTTON	[NAV CLICK] Right_Config_Parm_Nav - 5
2020/1/8 16:0:4	SETTING	[DIO] Right_Config_Parm_Nav with [8] at Page = 10(PM Param 5)
2020/1/8 16:0:4	BUTTON	[NAV CLICK] Right_Config_Parm_Nav - 8
2020/1/8 16:0:6	SETTING	[DIO] Right_Config_Parm_Nav with [5] at Page = 0(PM Param 8 (LT Heater Set 1))
2020/1/8 16:0:6	BUTTON	[NAV CLICK] Right_Config_Parm_Nav - 5
2020/1/8 16:0:7	SETTING	[DIO] Right_Config_Parm_Nav with [8] at Page = 10(PM Param 5)
2020/1/8 16:0:7	BUTTON	[NAV CLICK] Right_Config_Parm_Nav - 8
2020/1/8 16:0:7	SETTING	[DIO] Right_Config_Parm_Nav with [5] at Page = 0(PM Param 8 (LT Heater Set 1))
2020/1/8 16:0:7	BUTTON	[NAV CLICK] Right_Config_Parm_Nav - 5
2020/1/8 16:0:8	SETTING	[DIO] Right_Config_Parm_Nav with [8] at Page = 10(PM Param 5)
2020/1/8 16:0:8	BUTTON	[NAV CLICK] Right_Config_Parm_Nav - 8
2020/1/8 16:0:8	SETTING	[DIO] Right_Config_Parm_Nav with [5] at Page = 0(PM Param 8 (LT Heater Set 1))
2020/1/8 16:0:8	BUTTON	[NAV CLICK] Right_Config_Parm_Nav - 5
2020/1/8 16:0:9	SETTING	[DIO] Right_Config_Parm_Nav with [8] at Page = 10(PM Param 5)
2020/1/8 16:0:9	BUTTON	[NAV CLICK] Right_Config_Parm_Nav - 8
2020/1/8 16:1:2	SETTING	[DIO] Right_Config_Parm_Nav with [9] at Page = 0(PM Param 8 (LT Heater Set 1))
2020/1/8 16:1:2	BUTTON	[NAV CLICK] Right_Config_Parm_Nav - 9
2020/1/8 16:1:2	SETTING	[DIO] Right_Config_Parm_Nav with [10] at Page = 1(PM Param 8-1 (LT Heater Set 2))
2020/1/8 16:1:2	BUTTON	[NAV CLICK] Right_Config_Parm_Nav - 10
2020/1/8 16:1:3	SETTING	[DIO] Right_Config_Parm_Nav with [11] at Page = 2(PM Param 8-2 (RT Heater Set 1))
2020/1/8 16:1:3	BUTTON	[NAV CLICK] Right_Config_Parm_Nav - 11
2020/1/8 16:1:4	SETTING	[DIO] Right_Config_Parm_Nav with [10] at Page = 3(PM Param 8-3 (RT Heater Set 2))
2020/1/8 16:1:4	BUTTON	[NAV CLICK] Right_Config_Parm_Nav - 10
2020/1/8 16:1:4	SETTING	[DIO] Right_Config_Parm_Nav with [9] at Page = 2(PM Param 8-2 (RT Heater Set 1))
2020/1/8 16:1:4	BUTTON	[NAV CLICK] Right_Config_Parm_Nav - 9
2020/1/8 16:1:4	SETTING	[DIO] Right_Config_Parm_Nav with [8] at Page = 1(PM Param 8-1 (LT Heater Set 2))
2020/1/8 16:1:4	BUTTON	[NAV CLICK] Right_Config_Parm_Nav - 8
2020/1/8 16:1:5	SETTING	[DIO] Right_Config_Parm_Nav with [9] at Page = 0(PM Param 8 (LT Heater Set 1))
2020/1/8 16:1:5	BUTTON	[NAV CLICK] Right_Config_Parm_Nav - 9
2020/1/8 16:1:5	SETTING	[DIO] Right_Config_Parm_Nav with [10] at Page = 1(PM Param 8-1 (LT Heater Set 2))
2020/1/8 16:1:5	BUTTON	[NAV CLICK] Right_Config_Parm_Nav - 10
2020/1/8 16:1:6	SETTING	[DIO] Right_Config_Parm_Nav with [11] at Page = 2(PM Param 8-2 (RT Heater Set 1))
2020/1/8 16:1:6	BUTTON	[NAV CLICK] Right_Config_Parm_Nav - 11
2020/1/8 16:1:6	SETTING	[DIO] Right_Config_Parm_Nav with [10] at Page = 3(PM Param 8-3 (RT Heater Set 2))
2020/1/8 16:1:6	BUTTON	[NAV CLICK] Right_Config_Parm_Nav - 10
2020/1/8 16:1:7	SETTING	[DIO] Right_Config_Parm_Nav with [9] at Page = 2(PM Param 8-2 (RT Heater Set 1))
2020/1/8 16:1:7	BUTTON	[NAV CLICK] Right_Config_Parm_Nav - 9
2020/1/8 16:1:7	SETTING	[DIO] Right_Config_Parm_Nav with [8] at Page = 1(PM Param 8-1 (LT Heater Set 2))
2020/1/8 16:1:7	BUTTON	[NAV CLICK] Right_Config_Parm_Nav - 8
2020/1/8 16:4:51	SETTING	[DIO] Right_Config_Parm_Nav with [9] at Page = 0(PM Param 8 (LT Heater Set 1))
2020/1/8 16:4:51	BUTTON	[NAV CLICK] Right_Config_Parm_Nav - 9
2020/1/8 16:4:51	SETTING	[DIO] Right_Config_Parm_Nav with [10] at Page = 1(PM Param 8-1 (LT Heater Set 2))
2020/1/8 16:4:51	BUTTON	[NAV CLICK] Right_Config_Parm_Nav - 10
2020/1/8 16:4:51	SETTING	[DIO] Right_Config_Parm_Nav with [11] at Page = 2(PM Param 8-2 (RT Heater Set 1))
2020/1/8 16:4:51	BUTTON	[NAV CLICK] Right_Config_Parm_Nav - 11
2020/1/8 16:4:52	SETTING	[DIO] Right_Config_Parm_Nav with [8] at Page = 3(PM Param 8-3 (RT Heater Set 2))
2020/1/8 16:4:52	BUTTON	[NAV CLICK] Right_Config_Parm_Nav - 8
2020/1/8 16:4:52	SETTING	[DIO] Right_Config_Parm_Nav with [9] at Page = 0(PM Param 8 (LT Heater Set 1))
2020/1/8 16:4:52	BUTTON	[NAV CLICK] Right_Config_Parm_Nav - 9
2020/1/8 16:4:53	SETTING	[DIO] Right_Config_Parm_Nav with [10] at Page = 1(PM Param 8-1 (LT Heater Set 2))
2020/1/8 16:4:53	BUTTON	[NAV CLICK] Right_Config_Parm_Nav - 10
2020/1/8 16:4:53	SETTING	[DIO] Right_Config_Parm_Nav with [11] at Page = 2(PM Param 8-2 (RT Heater Set 1))
2020/1/8 16:4:53	BUTTON	[NAV CLICK] Right_Config_Parm_Nav - 11
2020/1/8 16:4:53	SETTING	[DIO] Right_Config_Parm_Nav with [8] at Page = 3(PM Param 8-3 (RT Heater Set 2))
2020/1/8 16:4:53	BUTTON	[NAV CLICK] Right_Config_Parm_Nav - 8
2020/1/8 16:4:54	SETTING	[DIO] Right_Config_Parm_Nav with [7] at Page = 0(PM Param 8 (LT Heater Set 1))
2020/1/8 16:4:54	BUTTON	[NAV CLICK] Right_Config_Parm_Nav - 7
2020/1/8 16:4:56	SETTING	[DIO] Right_Config_Parm_Nav with [8] at Page = 12(PM Param 7)
2020/1/8 16:4:56	BUTTON	[NAV CLICK] Right_Config_Parm_Nav - 8
2020/1/8 16:5:3	SETTING	[DIO] Right_Config_Parm_Nav with [9] at Page = 0(PM Param 8 (LT Heater Set 1))
2020/1/8 16:5:3	BUTTON	[NAV CLICK] Right_Config_Parm_Nav - 9
2020/1/8 16:5:3	SETTING	[DIO] Right_Config_Parm_Nav with [10] at Page = 1(PM Param 8-1 (LT Heater Set 2))
2020/1/8 16:5:3	BUTTON	[NAV CLICK] Right_Config_Parm_Nav - 10
2020/1/8 16:5:3	SETTING	[DIO] Right_Config_Parm_Nav with [11] at Page = 2(PM Param 8-2 (RT Heater Set 1))
2020/1/8 16:5:3	BUTTON	[NAV CLICK] Right_Config_Parm_Nav - 11
2020/1/8 16:5:8	SETTING	[DIO] Right_Config_Parm_Nav with [10] at Page = 3(PM Param 8-3 (RT Heater Set 2))
2020/1/8 16:5:8	BUTTON	[NAV CLICK] Right_Config_Parm_Nav - 10
2020/1/8 16:5:9	SETTING	[DIO] Right_Config_Parm_Nav with [11] at Page = 2(PM Param 8-2 (RT Heater Set 1))
2020/1/8 16:5:9	BUTTON	[NAV CLICK] Right_Config_Parm_Nav - 11
2020/1/8 16:5:9	SETTING	[DIO] Right_Config_Parm_Nav with [10] at Page = 3(PM Param 8-3 (RT Heater Set 2))
2020/1/8 16:5:9	BUTTON	[NAV CLICK] Right_Config_Parm_Nav - 10
2020/1/8 16:5:10	SETTING	[DIO] Right_Config_Parm_Nav with [9] at Page = 2(PM Param 8-2 (RT Heater Set 1))
2020/1/8 16:5:10	BUTTON	[NAV CLICK] Right_Config_Parm_Nav - 9
2020/1/8 16:5:11	SETTING	[DIO] Right_Config_Parm_Nav with [9] at Page = 1(PM Param 8-1 (LT Heater Set 2))
2020/1/8 16:5:11	BUTTON	[NAV CLICK] Right_Config_Parm_Nav - 9
2020/1/8 16:5:11	SETTING	[DIO] Right_Config_Parm_Nav with [10] at Page = 1(PM Param 8-1 (LT Heater Set 2))
2020/1/8 16:5:11	BUTTON	[NAV CLICK] Right_Config_Parm_Nav - 10
2020/1/8 16:5:13	SETTING	[DIO] Right_Config_Parm_Nav with [11] at Page = 2(PM Param 8-2 (RT Heater Set 1))
2020/1/8 16:5:13	BUTTON	[NAV CLICK] Right_Config_Parm_Nav - 11
2020/1/8 16:5:13	SETTING	[DIO] Right_Config_Parm_Nav with [9] at Page = 3(PM Param 8-3 (RT Heater Set 2))
2020/1/8 16:5:13	BUTTON	[NAV CLICK] Right_Config_Parm_Nav - 9
2020/1/8 16:5:48	SETTING	[DIO] Right_Config_Parm_Nav with [11] at Page = 1(PM Param 8-1 (LT Heater Set 2))
2020/1/8 16:5:48	BUTTON	[NAV CLICK] Right_Config_Parm_Nav - 11
2020/1/8 16:5:48	SETTING	[DIO] Right_Config_Parm_Nav with [10] at Page = 3(PM Param 8-3 (RT Heater Set 2))
2020/1/8 16:5:48	BUTTON	[NAV CLICK] Right_Config_Parm_Nav - 10
2020/1/8 16:5:49	SETTING	[DIO] Right_Config_Parm_Nav with [9] at Page = 2(PM Param 8-2 (RT Heater Set 1))
2020/1/8 16:5:49	BUTTON	[NAV CLICK] Right_Config_Parm_Nav - 9
2020/1/8 16:5:49	SETTING	[DIO] Right_Config_Parm_Nav with [8] at Page = 1(PM Param 8-1 (LT Heater Set 2))
2020/1/8 16:5:49	BUTTON	[NAV CLICK] Right_Config_Parm_Nav - 8
2020/1/8 16:5:50	SETTING	[DIO] Right_Config_Parm_Nav with [10] at Page = 0(PM Param 8 (LT Heater Set 1))
2020/1/8 16:5:50	BUTTON	[NAV CLICK] Right_Config_Parm_Nav - 10
2020/1/8 16:5:50	SETTING	[DIO] Right_Config_Parm_Nav with [11] at Page = 2(PM Param 8-2 (RT Heater Set 1))
2020/1/8 16:5:50	BUTTON	[NAV CLICK] Right_Config_Parm_Nav - 11
2020/1/8 16:16:39	SETTING	[DIO] Right_Config_Parm with [1] at Page = 0(PAGE 1)
2020/1/8 16:16:39	BUTTON	[RIGHT CLICK] Right_Config_Parm
2020/1/8 16:16:40	SETTING	[DIO] Right_Config_Parm_Nav with [12] at Page = 3(PM Param 8-3 (RT Heater Set 2))
2020/1/8 16:16:40	BUTTON	[NAV CLICK] Right_Config_Parm_Nav - 12
2020/1/8 16:16:42	SETTING	[DIO] Right_Config_Parm with [1] at Page = 0(PAGE 1)
2020/1/8 16:16:42	BUTTON	[RIGHT CLICK] Right_Config_Parm
2020/1/8 16:16:42	SETTING	[DIO] Main_Screen_Button with [1] at Page = 0(PAGE 1)
2020/1/8 16:16:42	BUTTON	[GO_DIRECT CLICK] Main_Screen_Button
2020/1/8 16:16:43	SETTING	[DIO] Right_System_Main with [1] at Page = 0(PAGE 1)
2020/1/8 16:16:43	BUTTON	[RIGHT CLICK] Right_System_Main
2020/1/8 16:16:44	SETTING	[DIO] Bottom_Config with [1] at Page = 0(PAGE 1)
2020/1/8 16:16:44	BUTTON	[BOTTOM CLICK] Bottom_Config
2020/1/8 16:21:14	SETTING	[DIO] Right_Config_Parm with [1] at Page = 0(PAGE 1)
2020/1/8 16:21:14	BUTTON	[RIGHT CLICK] Right_Config_Parm
2020/1/8 16:21:15	SETTING	[DIO] Right_Config_Parm with [1] at Page = 0(PAGE 1)
2020/1/8 16:21:15	BUTTON	[RIGHT CLICK] Right_Config_Parm
2020/1/8 16:21:15	SETTING	[DIO] Right_Config_Parm with [1] at Page = 0(PAGE 1)
2020/1/8 16:21:15	BUTTON	[RIGHT CLICK] Right_Config_Parm
2020/1/8 16:21:15	SETTING	[DIO] Main_Screen_Button with [1] at Page = 0(PAGE 1)
2020/1/8 16:21:15	BUTTON	[GO_DIRECT CLICK] Main_Screen_Button
2020/1/8 16:21:16	SETTING	[DIO] Right_System_Main with [1] at Page = 0(PAGE 1)
2020/1/8 16:21:16	BUTTON	[RIGHT CLICK] Right_System_Main
2020/1/8 16:21:16	SETTING	[DIO] Bottom_Config with [1] at Page = 0(PAGE 1)
2020/1/8 16:21:16	BUTTON	[BOTTOM CLICK] Bottom_Config
2020/1/8 16:22:32	USERCONTROL	[SYSTEM_START]
2020/1/8 16:22:43	POPUP	[OPEN] LogIn/Out at Page = 0(PAGE 1)
2020/1/8 16:22:45	USERCONTROL	[USER_LOG__IN] <IPS:Sysadmin>
2020/1/8 16:22:45	SETTING	[DIO] Bottom_System with [1] at Page = 0(PAGE 1)
2020/1/8 16:22:45	BUTTON	[BOTTOM CLICK] Bottom_System
2020/1/8 16:22:46	SETTING	[DIO] Bottom_Service with [1] at Page = 0(PAGE 1)
2020/1/8 16:22:46	BUTTON	[BOTTOM CLICK] Bottom_Service
2020/1/8 16:22:46	SETTING	[DIO] Bottom_Config with [1] at Page = 0(PAGE 1)
2020/1/8 16:22:46	BUTTON	[BOTTOM CLICK] Bottom_Config
2020/1/8 16:22:48	SETTING	[DIO] Right_Config_Parm_Nav with [8] at Page = 6(PM Param 1)
2020/1/8 16:22:48	BUTTON	[NAV CLICK] Right_Config_Parm_Nav - 8
2020/1/8 16:22:49	SETTING	[DIO] Right_Config_Parm_Nav with [12] at Page = 0(PM Param 8 (LT Heater Set 1))
2020/1/8 16:22:49	BUTTON	[NAV CLICK] Right_Config_Parm_Nav - 12
2020/1/8 16:22:57	SETTING	[DIO] Right_Config_Parm_Nav with [10] at Page = 4(PM Param 8-4 (Line Heater Power Check))
2020/1/8 16:22:57	BUTTON	[NAV CLICK] Right_Config_Parm_Nav - 10
2020/1/8 16:22:58	SETTING	[DIO] Right_Config_Parm_Nav with [11] at Page = 2(PM Param 8-2 (RT Heater Set 1))
2020/1/8 16:22:58	BUTTON	[NAV CLICK] Right_Config_Parm_Nav - 11
2020/1/8 16:22:59	SETTING	[DIO] Right_Config_Parm_Nav with [12] at Page = 3(PM Param 8-3 (RT Heater Set 2))
2020/1/8 16:22:59	BUTTON	[NAV CLICK] Right_Config_Parm_Nav - 12
2020/1/8 16:23:0	SETTING	[DIO] Right_Config_Parm_Nav with [11] at Page = 4(PM Param 8-4 (Line Heater Power Check))
2020/1/8 16:23:0	BUTTON	[NAV CLICK] Right_Config_Parm_Nav - 11
2020/1/8 16:23:2	SETTING	[DIO] Right_Config_Parm_Nav with [12] at Page = 3(PM Param 8-3 (RT Heater Set 2))
2020/1/8 16:23:2	BUTTON	[NAV CLICK] Right_Config_Parm_Nav - 12
2020/1/8 16:23:3	SETTING	[DIO] Right_Config_Parm_Nav with [11] at Page = 4(PM Param 8-4 (Line Heater Power Check))
2020/1/8 16:23:3	BUTTON	[NAV CLICK] Right_Config_Parm_Nav - 11
2020/1/8 16:23:4	SETTING	[DIO] Right_Config_Parm_Nav with [12] at Page = 3(PM Param 8-3 (RT Heater Set 2))
2020/1/8 16:23:4	BUTTON	[NAV CLICK] Right_Config_Parm_Nav - 12
2020/1/8 16:23:5	SETTING	[DIO] Right_Config_Parm_Nav with [11] at Page = 4(PM Param 8-4 (Line Heater Power Check))
2020/1/8 16:23:5	BUTTON	[NAV CLICK] Right_Config_Parm_Nav - 11
2020/1/8 16:23:6	SETTING	[DIO] Right_Config_Parm_Nav with [12] at Page = 3(PM Param 8-3 (RT Heater Set 2))
2020/1/8 16:23:6	BUTTON	[NAV CLICK] Right_Config_Parm_Nav - 12
2020/1/8 16:23:7	SETTING	[DIO] Right_Config_Parm_Nav with [11] at Page = 4(PM Param 8-4 (Line Heater Power Check))
2020/1/8 16:23:7	BUTTON	[NAV CLICK] Right_Config_Parm_Nav - 11
2020/1/8 16:23:8	SETTING	[DIO] Right_Config_Parm_Nav with [12] at Page = 3(PM Param 8-3 (RT Heater Set 2))
2020/1/8 16:23:8	BUTTON	[NAV CLICK] Right_Config_Parm_Nav - 12
2020/1/8 16:23:8	SETTING	[DIO] Right_Config_Parm_Nav with [11] at Page = 4(PM Param 8-4 (Line Heater Power Check))
2020/1/8 16:23:8	BUTTON	[NAV CLICK] Right_Config_Parm_Nav - 11
2020/1/8 16:26:6	SETTING	[DIO] Right_Config_Parm_Nav with [10] at Page = 3(PM Param 8-3 (RT Heater Set 2))
2020/1/8 16:26:6	BUTTON	[NAV CLICK] Right_Config_Parm_Nav - 10
2020/1/8 16:28:15	SETTING	[DIO] Right_Config_Parm with [1] at Page = 0(PAGE 1)
2020/1/8 16:28:15	BUTTON	[RIGHT CLICK] Right_Config_Parm
2020/1/8 16:28:17	SETTING	[DIO] Right_Config_Parm_Nav with [12] at Page = 2(PM Param 8-2 (RT Heater Set 1))
2020/1/8 16:28:17	BUTTON	[NAV CLICK] Right_Config_Parm_Nav - 12
2020/1/8 16:28:19	SETTING	[DIO] Right_Config_Parm_Nav with [11] at Page = 4(PM Param 8-4 (Line Heater Power Check))
2020/1/8 16:28:19	BUTTON	[NAV CLICK] Right_Config_Parm_Nav - 11
2020/1/8 16:28:20	SETTING	[DIO] Right_Config_Parm_Nav with [12] at Page = 3(PM Param 8-3 (RT Heater Set 2))
2020/1/8 16:28:20	BUTTON	[NAV CLICK] Right_Config_Parm_Nav - 12
2020/1/8 16:28:20	SETTING	[DIO] Right_Config_Parm_Nav with [11] at Page = 4(PM Param 8-4 (Line Heater Power Check))
2020/1/8 16:28:20	BUTTON	[NAV CLICK] Right_Config_Parm_Nav - 11
2020/1/8 16:28:21	SETTING	[DIO] Right_Config_Parm_Nav with [12] at Page = 3(PM Param 8-3 (RT Heater Set 2))
2020/1/8 16:28:21	BUTTON	[NAV CLICK] Right_Config_Parm_Nav - 12
2020/1/8 16:28:22	SETTING	[DIO] Right_Config_Parm_Nav with [11] at Page = 4(PM Param 8-4 (Line Heater Power Check))
2020/1/8 16:28:22	BUTTON	[NAV CLICK] Right_Config_Parm_Nav - 11
2020/1/8 16:28:23	SETTING	[DIO] Right_Config_Parm_Nav with [12] at Page = 3(PM Param 8-3 (RT Heater Set 2))
2020/1/8 16:28:23	BUTTON	[NAV CLICK] Right_Config_Parm_Nav - 12
2020/1/8 16:28:24	SETTING	[DIO] Right_Config_Parm_Nav with [11] at Page = 4(PM Param 8-4 (Line Heater Power Check))
2020/1/8 16:28:24	BUTTON	[NAV CLICK] Right_Config_Parm_Nav - 11
2020/1/8 16:28:24	SETTING	[DIO] Right_Config_Parm_Nav with [12] at Page = 3(PM Param 8-3 (RT Heater Set 2))
2020/1/8 16:28:24	BUTTON	[NAV CLICK] Right_Config_Parm_Nav - 12
2020/1/8 16:28:25	SETTING	[DIO] Right_Config_Parm_Nav with [11] at Page = 4(PM Param 8-4 (Line Heater Power Check))
2020/1/8 16:28:25	BUTTON	[NAV CLICK] Right_Config_Parm_Nav - 11
2020/1/8 16:28:25	SETTING	[DIO] Right_Config_Parm_Nav with [12] at Page = 3(PM Param 8-3 (RT Heater Set 2))
2020/1/8 16:28:25	BUTTON	[NAV CLICK] Right_Config_Parm_Nav - 12
2020/1/8 16:28:26	SETTING	[DIO] Right_Config_Parm_Nav with [11] at Page = 4(PM Param 8-4 (Line Heater Power Check))
2020/1/8 16:28:26	BUTTON	[NAV CLICK] Right_Config_Parm_Nav - 11
2020/1/8 16:29:10	SETTING	[DIO] Right_Config_Parm_Nav with [12] at Page = 3(PM Param 8-3 (RT Heater Set 2))
2020/1/8 16:29:10	BUTTON	[NAV CLICK] Right_Config_Parm_Nav - 12
2020/1/8 16:30:1	SETTING	[DIO] Right_Config_Parm with [1] at Page = 0(PAGE 1)
2020/1/8 16:30:1	BUTTON	[RIGHT CLICK] Right_Config_Parm
2020/1/8 16:30:29	SETTING	[DIO] Right_Config_Parm with [1] at Page = 0(PAGE 1)
2020/1/8 16:30:29	BUTTON	[RIGHT CLICK] Right_Config_Parm
2020/1/8 16:30:30	SETTING	[DIO] Right_Config_Parm_Nav with [12] at Page = 4(PM Param 8-4 (Line Heater Power Check))
2020/1/8 16:30:30	BUTTON	[NAV CLICK] Right_Config_Parm_Nav - 12
2020/1/8 17:51:49	USERCONTROL	[SYSTEM_START]
2020/1/8 17:52:4	POPUP	[OPEN] LogIn/Out at Page = 0(PAGE 1)
2020/1/8 17:52:6	USERCONTROL	[USER_LOG__IN] <IPS:Sysadmin>
2020/1/8 17:52:7	SETTING	[DIO] Bottom_Config with [1] at Page = 0(PAGE 1)
2020/1/8 17:52:7	BUTTON	[BOTTOM CLICK] Bottom_Config
2020/1/8 17:52:9	SETTING	[DIO] Right_Config_Parm_Nav with [8] at Page = 6(PM Param 1)
2020/1/8 17:52:9	BUTTON	[NAV CLICK] Right_Config_Parm_Nav - 8
2020/1/8 17:52:13	SETTING	[DIO] Right_Config_Parm_Nav with [12] at Page = 0(PM Param 8 (LT Heater Set 1))
2020/1/8 17:52:13	BUTTON	[NAV CLICK] Right_Config_Parm_Nav - 12
2020/1/8 18:17:25	USERCONTROL	[SYSTEM_START]
2020/1/8 18:17:39	POPUP	[OPEN] LogIn/Out at Page = 0(PAGE 1)
2020/1/8 18:17:40	USERCONTROL	[USER_LOG__IN] <IPS:Sysadmin>
2020/1/8 18:17:41	SETTING	[DIO] Bottom_Config with [1] at Page = 0(PAGE 1)
2020/1/8 18:17:41	BUTTON	[BOTTOM CLICK] Bottom_Config
2020/1/8 18:17:42	SETTING	[DIO] Right_Config_Parm_Nav with [8] at Page = 6(PM Param 1)
2020/1/8 18:17:42	BUTTON	[NAV CLICK] Right_Config_Parm_Nav - 8
2020/1/8 18:17:44	SETTING	[DIO] Right_Config_Parm_Nav with [9] at Page = 0(PM Param 8 (LT Heater Set 1))
2020/1/8 18:17:44	BUTTON	[NAV CLICK] Right_Config_Parm_Nav - 9
2020/1/8 18:17:45	SETTING	[DIO] Right_Config_Parm_Nav with [9] at Page = 1(PM Param 8-1 (LT Heater Set 2))
2020/1/8 18:17:45	BUTTON	[NAV CLICK] Right_Config_Parm_Nav - 9
2020/1/8 18:17:46	SETTING	[DIO] Right_Config_Parm_Nav with [9] at Page = 1(PM Param 8-1 (LT Heater Set 2))
2020/1/8 18:17:46	BUTTON	[NAV CLICK] Right_Config_Parm_Nav - 9
2020/1/8 18:19:2	POPUP	[OPEN] LogIn/Out at Page = 0(PAGE 1)
2020/1/8 18:19:4	SETTING	[DIO] Bottom_Config with [1] at Page = 0(PAGE 1)
2020/1/8 18:19:4	BUTTON	[BOTTOM CLICK] Bottom_Config
2020/1/8 18:22:44	SETTING	[DIO] Right_Config_Parm with [1] at Page = 0(PAGE 1)
2020/1/8 18:22:44	BUTTON	[RIGHT CLICK] Right_Config_Parm
2020/1/8 18:22:46	SETTING	[DIO] Right_Config_Parm_Nav with [8] at Page = 1(PM Param 8-1 (LT Heater Set 2))
2020/1/8 18:22:46	BUTTON	[NAV CLICK] Right_Config_Parm_Nav - 8
2020/1/8 18:22:47	SETTING	[DIO] Right_Config_Parm_Nav with [10] at Page = 0(PM Param 8 (LT Heater Set 1))
2020/1/8 18:22:47	BUTTON	[NAV CLICK] Right_Config_Parm_Nav - 10
2020/1/8 18:22:47	SETTING	[DIO] Right_Config_Parm_Nav with [11] at Page = 2(PM Param 8-2 (RT Heater Set 1))
2020/1/8 18:22:47	BUTTON	[NAV CLICK] Right_Config_Parm_Nav - 11
2020/1/8 18:22:48	SETTING	[DIO] Right_Config_Parm_Nav with [12] at Page = 3(PM Param 8-3 (RT Heater Set 2))
2020/1/8 18:22:48	BUTTON	[NAV CLICK] Right_Config_Parm_Nav - 12
2020/1/8 18:22:52	SETTING	[DIO] Right_Config_Parm_Nav with [11] at Page = 4(PM Param 8-4 (Line Heater Power Check))
2020/1/8 18:22:52	BUTTON	[NAV CLICK] Right_Config_Parm_Nav - 11
2020/1/8 18:22:52	SETTING	[DIO] Right_Config_Parm_Nav with [10] at Page = 3(PM Param 8-3 (RT Heater Set 2))
2020/1/8 18:22:52	BUTTON	[NAV CLICK] Right_Config_Parm_Nav - 10
2020/1/8 18:22:53	SETTING	[DIO] Right_Config_Parm_Nav with [9] at Page = 2(PM Param 8-2 (RT Heater Set 1))
2020/1/8 18:22:53	BUTTON	[NAV CLICK] Right_Config_Parm_Nav - 9
2020/1/8 18:22:53	SETTING	[DIO] Right_Config_Parm_Nav with [8] at Page = 1(PM Param 8-1 (LT Heater Set 2))
2020/1/8 18:22:53	BUTTON	[NAV CLICK] Right_Config_Parm_Nav - 8
2020/1/8 18:22:54	SETTING	[DIO] Right_Config_Parm_Nav with [12] at Page = 0(PM Param 8 (LT Heater Set 1))
2020/1/8 18:22:54	BUTTON	[NAV CLICK] Right_Config_Parm_Nav - 12
2020/1/8 18:22:55	SETTING	[DIO] Right_Config_Parm_Nav with [11] at Page = 4(PM Param 8-4 (Line Heater Power Check))
2020/1/8 18:22:55	BUTTON	[NAV CLICK] Right_Config_Parm_Nav - 11
2020/1/8 18:22:55	SETTING	[DIO] Right_Config_Parm_Nav with [10] at Page = 3(PM Param 8-3 (RT Heater Set 2))
2020/1/8 18:22:55	BUTTON	[NAV CLICK] Right_Config_Parm_Nav - 10
2020/1/8 18:22:56	SETTING	[DIO] Right_Config_Parm_Nav with [9] at Page = 2(PM Param 8-2 (RT Heater Set 1))
2020/1/8 18:22:56	BUTTON	[NAV CLICK] Right_Config_Parm_Nav - 9
2020/1/8 18:22:56	SETTING	[DIO] Right_Config_Parm_Nav with [8] at Page = 1(PM Param 8-1 (LT Heater Set 2))
2020/1/8 18:22:56	BUTTON	[NAV CLICK] Right_Config_Parm_Nav - 8
2020/1/8 18:22:56	SETTING	[DIO] Right_Config_Parm_Nav with [12] at Page = 0(PM Param 8 (LT Heater Set 1))
2020/1/8 18:22:56	BUTTON	[NAV CLICK] Right_Config_Parm_Nav - 12
2020/1/8 18:23:1	SETTING	[DIO] Right_Config_Parm_Nav with [11] at Page = 4(PM Param 8-4 (Line Heater Power Check))
2020/1/8 18:23:1	BUTTON	[NAV CLICK] Right_Config_Parm_Nav - 11
2020/1/8 18:23:1	SETTING	[DIO] Right_Config_Parm_Nav with [12] at Page = 3(PM Param 8-3 (RT Heater Set 2))
2020/1/8 18:23:1	BUTTON	[NAV CLICK] Right_Config_Parm_Nav - 12
2020/1/8 18:23:2	SETTING	[DIO] Right_Config_Parm_Nav with [11] at Page = 4(PM Param 8-4 (Line Heater Power Check))
2020/1/8 18:23:2	BUTTON	[NAV CLICK] Right_Config_Parm_Nav - 11
2020/1/8 18:23:2	SETTING	[DIO] Right_Config_Parm_Nav with [12] at Page = 3(PM Param 8-3 (RT Heater Set 2))
2020/1/8 18:23:2	BUTTON	[NAV CLICK] Right_Config_Parm_Nav - 12
2020/1/8 18:23:2	SETTING	[DIO] Right_Config_Parm_Nav with [11] at Page = 4(PM Param 8-4 (Line Heater Power Check))
2020/1/8 18:23:2	BUTTON	[NAV CLICK] Right_Config_Parm_Nav - 11
2020/1/8 18:23:3	SETTING	[DIO] Right_Config_Parm_Nav with [10] at Page = 3(PM Param 8-3 (RT Heater Set 2))
2020/1/8 18:23:3	BUTTON	[NAV CLICK] Right_Config_Parm_Nav - 10
2020/1/8 18:23:3	SETTING	[DIO] Right_Config_Parm_Nav with [9] at Page = 2(PM Param 8-2 (RT Heater Set 1))
2020/1/8 18:23:3	BUTTON	[NAV CLICK] Right_Config_Parm_Nav - 9
2020/1/8 18:23:3	SETTING	[DIO] Right_Config_Parm_Nav with [8] at Page = 1(PM Param 8-1 (LT Heater Set 2))
2020/1/8 18:23:3	BUTTON	[NAV CLICK] Right_Config_Parm_Nav - 8
2020/1/8 18:23:4	SETTING	[DIO] Right_Config_Parm_Nav with [9] at Page = 0(PM Param 8 (LT Heater Set 1))
2020/1/8 18:23:4	BUTTON	[NAV CLICK] Right_Config_Parm_Nav - 9
2020/1/8 18:23:4	SETTING	[DIO] Right_Config_Parm_Nav with [10] at Page = 1(PM Param 8-1 (LT Heater Set 2))
2020/1/8 18:23:4	BUTTON	[NAV CLICK] Right_Config_Parm_Nav - 10
2020/1/8 18:23:4	SETTING	[DIO] Right_Config_Parm_Nav with [11] at Page = 2(PM Param 8-2 (RT Heater Set 1))
2020/1/8 18:23:4	BUTTON	[NAV CLICK] Right_Config_Parm_Nav - 11
2020/1/8 18:23:5	SETTING	[DIO] Right_Config_Parm_Nav with [12] at Page = 3(PM Param 8-3 (RT Heater Set 2))
2020/1/8 18:23:5	BUTTON	[NAV CLICK] Right_Config_Parm_Nav - 12
