2017/5/9 9:25:56	SETTING	[DIO] Bottom_Service with [1] at Page = 0(PAGE 1)
2017/5/9 9:25:56	BUTTON	[BOTTOM CLICK] Bottom_Service
2017/5/9 9:54:33	SETTING	[DIO] Bottom_System with [1] at Page = 0(PAGE 1)
2017/5/9 9:54:33	BUTTON	[BOTTOM CLICK] Bottom_System
2017/5/9 9:54:34	SETTING	[DIO] Bottom_Service with [1] at Page = 0(PAGE 1)
2017/5/9 9:54:34	BUTTON	[BOTTOM CLICK] Bottom_Service
2017/5/9 9:54:35	SETTING	[DIO] Right_Service_Water with [1] at Page = 0(PAGE 1)
2017/5/9 9:54:35	BUTTON	[RIGHT CLICK] Right_Service_Water
2017/5/9 9:54:36	SETTING	[DIO] Right_Service_Leak with [1] at Page = 0(PAGE 1)
2017/5/9 9:54:36	BUTTON	[RIGHT CLICK] Right_Service_Leak
2017/5/9 9:54:38	SETTING	[DIO] Bottom_System with [1] at Page = 0(PAGE 1)
2017/5/9 9:54:38	BUTTON	[BOTTOM CLICK] Bottom_System
2017/5/9 9:54:39	SETTING	[DIO] Right_System_Control with [1] at Page = 0(PAGE 1)
2017/5/9 9:54:39	BUTTON	[RIGHT CLICK] Right_System_Control
2017/5/9 9:54:48	SETTING	[DIO] ZMT_StageSelectDM with [StageAll(2)] at Page = 1(Control)
2017/5/9 9:54:49	FUNCTION	[START] SERV_MAIN with [CHUCKHOME] at Page = 1(Control)
2017/5/9 9:55:2	SETTING	[DIO] Right_System_Main with [1] at Page = 0(PAGE 1)
2017/5/9 9:55:2	BUTTON	[RIGHT CLICK] Right_System_Main
2017/5/9 10:21:21	SETTING	[DIO] Bottom_Service with [1] at Page = 0(PAGE 1)
2017/5/9 10:21:21	BUTTON	[BOTTOM CLICK] Bottom_Service
2017/5/9 10:21:22	SETTING	[DIO] Right_Service_DirectIO with [1] at Page = 0(PAGE 1)
2017/5/9 10:21:22	BUTTON	[RIGHT CLICK] Right_Service_DirectIO
2017/5/9 10:42:51	SETTING	[DIO] Right_Service_Htr with [1] at Page = 0(PAGE 1)
2017/5/9 10:42:51	BUTTON	[RIGHT CLICK] Right_Service_Htr
2017/5/9 10:45:43	SETTING	[DIO] HTREditEnableDisable with [1] at Page = 2(Main Heater)
2017/5/9 10:45:45	SETTING	[DIO] StgHtr1RelayDO with [1] at Page = 2(Main Heater)
2017/5/9 10:45:51	SETTING	[DIO] Bottom_Alarm with [1] at Page = 0(PAGE 1)
2017/5/9 10:45:51	BUTTON	[BOTTOM CLICK] Bottom_Alarm
2017/5/9 10:45:53	FUNCTION	[START] OBJ_Alarm_Clear with [CLEAR] at Page = 0(PAGE 1)
2017/5/9 10:45:56	SETTING	[DIO] Bottom_System with [1] at Page = 0(PAGE 1)
2017/5/9 10:45:56	BUTTON	[BOTTOM CLICK] Bottom_System
2017/5/9 10:46:0	SETTING	[DIO] Right_System_Control with [1] at Page = 0(PAGE 1)
2017/5/9 10:46:0	BUTTON	[RIGHT CLICK] Right_System_Control
2017/5/9 10:46:1	SETTING	[DIO] Right_System_Main with [1] at Page = 0(PAGE 1)
2017/5/9 10:46:1	BUTTON	[RIGHT CLICK] Right_System_Main
2017/5/9 10:46:19	SETTING	[DIO] Right_System_Control with [1] at Page = 0(PAGE 1)
2017/5/9 10:46:19	BUTTON	[RIGHT CLICK] Right_System_Control
2017/5/9 10:46:21	SETTING	[DIO] Right_System_Main with [1] at Page = 0(PAGE 1)
2017/5/9 10:46:21	BUTTON	[RIGHT CLICK] Right_System_Main
2017/5/9 10:46:22	SETTING	[DIO] Right_System_Control with [1] at Page = 0(PAGE 1)
2017/5/9 10:46:22	BUTTON	[RIGHT CLICK] Right_System_Control
2017/5/9 10:46:47	SETTING	[DIO] Right_System_Main with [1] at Page = 0(PAGE 1)
2017/5/9 10:46:47	BUTTON	[RIGHT CLICK] Right_System_Main
2017/5/9 10:46:51	SETTING	[DIO] Bottom_Service with [1] at Page = 0(PAGE 1)
2017/5/9 10:46:51	BUTTON	[BOTTOM CLICK] Bottom_Service
2017/5/9 11:3:20	SETTING	[DIO] Right_Service_DirectIO with [1] at Page = 0(PAGE 1)
2017/5/9 11:3:20	BUTTON	[RIGHT CLICK] Right_Service_DirectIO
2017/5/9 11:3:33	IOEDIT	DirectIO Edit => DIO:IOLockDO , VALUE:1
2017/5/9 11:3:42	SETTING	[DIO] Bottom_System with [1] at Page = 0(PAGE 1)
2017/5/9 11:3:42	BUTTON	[BOTTOM CLICK] Bottom_System
2017/5/9 11:3:45	SETTING	[DIO] Right_System_Control with [1] at Page = 0(PAGE 1)
2017/5/9 11:3:45	BUTTON	[RIGHT CLICK] Right_System_Control
2017/5/9 11:3:47	SETTING	[DIO] Bottom_Service with [1] at Page = 0(PAGE 1)
2017/5/9 11:3:47	BUTTON	[BOTTOM CLICK] Bottom_Service
2017/5/9 11:3:49	SETTING	[DIO] Right_Service_Htr with [1] at Page = 0(PAGE 1)
2017/5/9 11:3:49	BUTTON	[RIGHT CLICK] Right_Service_Htr
2017/5/9 11:3:54	SETTING	[DIO] GLHtrRelayDO with [1] at Page = 2(Main Heater)
2017/5/9 11:3:58	SETTING	[DIO] GLHtrRelayDO with [0] at Page = 2(Main Heater)
2017/5/9 11:4:3	SETTING	[DIO] StgHtr1RelayDO with [1] at Page = 2(Main Heater)
2017/5/9 11:4:13	SETTING	[DIO] Bottom_Alarm with [1] at Page = 0(PAGE 1)
2017/5/9 11:4:13	BUTTON	[BOTTOM CLICK] Bottom_Alarm
2017/5/9 11:4:22	FUNCTION	[START] OBJ_Alarm_Clear with [CLEAR] at Page = 0(PAGE 1)
2017/5/9 11:4:46	SETTING	[DIO] Bottom_Service with [1] at Page = 0(PAGE 1)
2017/5/9 11:4:46	BUTTON	[BOTTOM CLICK] Bottom_Service
2017/5/9 11:4:51	SETTING	[AIO] SHT1_TmpSpAIO with [25.000] at Page = 2(Main Heater)
2017/5/9 11:4:53	SETTING	[AIO] SHT2_TmpSpAIO with [25.000] at Page = 2(Main Heater)
2017/5/9 11:5:5	SETTING	[AIO] SHT1_TmpHgLmtAIO with [500.000] at Page = 2(Main Heater)
2017/5/9 11:5:9	SETTING	[AIO] SHT2_TmpHgLmtAIO with [500.000] at Page = 2(Main Heater)
2017/5/9 11:5:17	SETTING	[AIO] SHT1_RampRateAIO with [5.000] at Page = 2(Main Heater)
2017/5/9 11:5:19	SETTING	[AIO] SHT2_RampRateAIO with [5.000] at Page = 2(Main Heater)
2017/5/9 11:5:22	SETTING	[DIO] StgHtr1RelayDO with [1] at Page = 2(Main Heater)
2017/5/9 11:5:24	SETTING	[DIO] StgHtr2RelayDO with [1] at Page = 2(Main Heater)
2017/5/9 11:5:27	SETTING	[DIO] HTREditEnableDisable with [0] at Page = 2(Main Heater)
2017/5/9 11:5:30	SETTING	[DIO] StgHtr2RelayDO with [1] at Page = 2(Main Heater)
2017/5/9 11:5:32	SETTING	[DIO] HTREditEnableDisable with [1] at Page = 2(Main Heater)
2017/5/9 11:5:34	SETTING	[DIO] StgHtr1RelayDO with [1] at Page = 2(Main Heater)
2017/5/9 11:5:39	SETTING	[DIO] StgHtr1RelayDO with [1] at Page = 2(Main Heater)
2017/5/9 11:5:41	SETTING	[DIO] StgHtr2RelayDO with [1] at Page = 2(Main Heater)
2017/5/9 11:6:10	SETTING	[DIO] StgHtr1RelayDO with [1] at Page = 2(Main Heater)
2017/5/9 11:6:11	SETTING	[DIO] Right_Service_Htr_Nav with [1] at Page = 2(Main Heater)
2017/5/9 11:6:11	BUTTON	[NAV CLICK] Right_Service_Htr_Nav - 1
2017/5/9 11:6:14	SETTING	[DIO] StgHtr2RelayDO with [1] at Page = 2(Main Heater)
2017/5/9 11:17:39	SETTING	[DIO] StgHtr2RelayDO with [0] at Page = 2(Main Heater)
2017/5/9 11:17:40	SETTING	[DIO] StgHtr1RelayDO with [0] at Page = 2(Main Heater)
2017/5/9 13:27:45	SETTING	[DIO] Bottom_System with [1] at Page = 0(PAGE 1)
2017/5/9 13:27:45	BUTTON	[BOTTOM CLICK] Bottom_System
2017/5/9 13:27:48	SETTING	[DIO] Right_System_Main with [1] at Page = 0(PAGE 1)
2017/5/9 13:27:48	BUTTON	[RIGHT CLICK] Right_System_Main
2017/5/9 13:27:52	SETTING	[AIO] M651_Set_Position with [0.000] at Page = 0(Main)
2017/5/9 13:27:56	SETTING	[DIO] FastRoughVlvDO with [Close(0)] at Page = 0(Main)
2017/5/9 14:0:34	SETTING	[DIO] Bottom_Service with [1] at Page = 0(PAGE 1)
2017/5/9 14:0:34	BUTTON	[BOTTOM CLICK] Bottom_Service
2017/5/9 14:0:35	SETTING	[DIO] Bottom_System with [1] at Page = 0(PAGE 1)
2017/5/9 14:0:35	BUTTON	[BOTTOM CLICK] Bottom_System
2017/5/9 14:0:37	SETTING	[DIO] Bottom_Recipe with [1] at Page = 0(PAGE 1)
2017/5/9 14:0:37	BUTTON	[BOTTOM CLICK] Bottom_Recipe
2017/5/9 14:0:39	SETTING	[DIO] Bottom_Service with [1] at Page = 0(PAGE 1)
2017/5/9 14:0:39	BUTTON	[BOTTOM CLICK] Bottom_Service
2017/5/9 14:0:41	SETTING	[DIO] Bottom_Config with [1] at Page = 0(PAGE 1)
2017/5/9 14:0:41	BUTTON	[BOTTOM CLICK] Bottom_Config
2017/5/9 14:0:42	SETTING	[DIO] Bottom_Utility with [1] at Page = 0(PAGE 1)
2017/5/9 14:0:42	BUTTON	[BOTTOM CLICK] Bottom_Utility
2017/5/9 14:0:43	SETTING	[DIO] Bottom_System with [1] at Page = 0(PAGE 1)
2017/5/9 14:0:43	BUTTON	[BOTTOM CLICK] Bottom_System
2017/5/9 14:0:47	SETTING	[DIO] Right_System_Control with [1] at Page = 0(PAGE 1)
2017/5/9 14:0:47	BUTTON	[RIGHT CLICK] Right_System_Control
2017/5/9 14:0:56	SETTING	[DIO] Bottom_Service with [1] at Page = 0(PAGE 1)
2017/5/9 14:0:56	BUTTON	[BOTTOM CLICK] Bottom_Service
2017/5/9 14:4:5	SETTING	[AIO] SHT1_TmpHgLmtAIO with [400.000] at Page = 2(Main Heater)
2017/5/9 14:4:7	SETTING	[AIO] SHT2_TmpHgLmtAIO with [400.000] at Page = 2(Main Heater)
2017/5/9 14:4:21	SETTING	[DIO] StgHtr1RelayDO with [1] at Page = 2(Main Heater)
2017/5/9 14:5:19	SETTING	[AIO] SHT1_TmpSpAIO with [30.000] at Page = 2(Main Heater)
2017/5/9 14:5:22	SETTING	[AIO] SHT2_TmpSpAIO with [30.000] at Page = 2(Main Heater)
2017/5/9 14:5:24	SETTING	[DIO] StgHtr1RelayDO with [1] at Page = 2(Main Heater)
2017/5/9 14:6:54	SETTING	[AIO] SHT1_TmpSpAIO with [35.000] at Page = 2(Main Heater)
2017/5/9 14:7:3	SETTING	[AIO] SHT1_TmpSpAIO with [30.000] at Page = 2(Main Heater)
2017/5/9 14:7:29	SETTING	[DIO] StgHtr1RelayDO with [1] at Page = 2(Main Heater)
2017/5/9 14:7:38	SETTING	[DIO] Bottom_Alarm with [1] at Page = 0(PAGE 1)
2017/5/9 14:7:38	BUTTON	[BOTTOM CLICK] Bottom_Alarm
2017/5/9 14:7:42	FUNCTION	[START] OBJ_Alarm_Clear with [CLEAR] at Page = 0(PAGE 1)
2017/5/9 14:7:43	SETTING	[DIO] Bottom_Service with [1] at Page = 0(PAGE 1)
2017/5/9 14:7:43	BUTTON	[BOTTOM CLICK] Bottom_Service
2017/5/9 14:7:45	SETTING	[DIO] StgHtr1RelayDO with [1] at Page = 2(Main Heater)
2017/5/9 14:7:48	SETTING	[AIO] SHT1_TmpHgLmtAIO with [500.000] at Page = 2(Main Heater)
2017/5/9 14:7:51	SETTING	[AIO] SHT2_TmpHgLmtAIO with [500.000] at Page = 2(Main Heater)
2017/5/9 14:7:53	SETTING	[AIO] SHT1_TmpSpAIO with [23.000] at Page = 2(Main Heater)
2017/5/9 14:7:56	SETTING	[DIO] StgHtr1RelayDO with [1] at Page = 2(Main Heater)
2017/5/9 14:7:57	SETTING	[DIO] Bottom_Alarm with [1] at Page = 0(PAGE 1)
2017/5/9 14:7:57	BUTTON	[BOTTOM CLICK] Bottom_Alarm
2017/5/9 14:8:1	SETTING	[DIO] Bottom_System with [1] at Page = 0(PAGE 1)
2017/5/9 14:8:1	BUTTON	[BOTTOM CLICK] Bottom_System
2017/5/9 14:8:1	SETTING	[DIO] Bottom_Service with [1] at Page = 0(PAGE 1)
2017/5/9 14:8:1	BUTTON	[BOTTOM CLICK] Bottom_Service
2017/5/9 14:8:5	SETTING	[AIO] SHT1_TmpSpAIO with [23.000] at Page = 2(Main Heater)
2017/5/9 14:8:8	SETTING	[DIO] StgHtr1RelayDO with [1] at Page = 2(Main Heater)
2017/5/9 14:8:14	SETTING	[DIO] StgHtr1RelayDO with [1] at Page = 2(Main Heater)
2017/5/9 14:8:19	SETTING	[DIO] StgHtr2RelayDO with [1] at Page = 2(Main Heater)
2017/5/9 14:8:21	SETTING	[DIO] Bottom_Alarm with [1] at Page = 0(PAGE 1)
2017/5/9 14:8:21	BUTTON	[BOTTOM CLICK] Bottom_Alarm
2017/5/9 14:8:31	SETTING	[DIO] Bottom_System with [1] at Page = 0(PAGE 1)
2017/5/9 14:8:31	BUTTON	[BOTTOM CLICK] Bottom_System
2017/5/9 14:8:32	SETTING	[DIO] Bottom_Service with [1] at Page = 0(PAGE 1)
2017/5/9 14:8:32	BUTTON	[BOTTOM CLICK] Bottom_Service
2017/5/9 14:8:34	SETTING	[DIO] Bottom_Alarm with [1] at Page = 0(PAGE 1)
2017/5/9 14:8:34	BUTTON	[BOTTOM CLICK] Bottom_Alarm
2017/5/9 14:8:36	SETTING	[DIO] Bottom_Service with [1] at Page = 0(PAGE 1)
2017/5/9 14:8:36	BUTTON	[BOTTOM CLICK] Bottom_Service
2017/5/9 14:8:44	SETTING	[DIO] StgHtr1RelayDO with [1] at Page = 2(Main Heater)
2017/5/9 14:8:46	SETTING	[DIO] Bottom_System with [1] at Page = 0(PAGE 1)
2017/5/9 14:8:46	BUTTON	[BOTTOM CLICK] Bottom_System
2017/5/9 14:8:48	SETTING	[DIO] Right_System_Main with [1] at Page = 0(PAGE 1)
2017/5/9 14:8:48	BUTTON	[RIGHT CLICK] Right_System_Main
2017/5/9 14:48:49	SETTING	[DIO] FastRoughVlvDO with [Open(1)] at Page = 0(Main)
2017/5/9 14:50:12	SETTING	[AIO] M651_Set_Position with [5.000] at Page = 0(Main)
2017/5/9 14:50:21	SETTING	[AIO] M651_Set_Position with [15.000] at Page = 0(Main)
2017/5/9 14:50:31	SETTING	[AIO] M651_Set_Position with [100.000] at Page = 0(Main)
2017/5/9 14:52:19	SETTING	[DIO] Bottom_Service with [1] at Page = 0(PAGE 1)
2017/5/9 14:52:19	BUTTON	[BOTTOM CLICK] Bottom_Service
2017/5/9 14:52:21	SETTING	[DIO] StgHtr1RelayDO with [1] at Page = 2(Main Heater)
2017/5/9 14:53:35	SETTING	[DIO] StgHtr2RelayDO with [0] at Page = 2(Main Heater)
2017/5/9 14:53:37	SETTING	[DIO] StgHtr1RelayDO with [0] at Page = 2(Main Heater)
2017/5/9 14:54:47	SETTING	[DIO] StgHtr1RelayDO with [1] at Page = 2(Main Heater)
2017/5/9 14:54:50	SETTING	[AIO] SHT1_TmpSpAIO with [50.000] at Page = 2(Main Heater)
2017/5/9 14:55:22	SETTING	[AIO] SHT1_TmpSpAIO with [50.000] at Page = 2(Main Heater)
2017/5/9 14:55:47	SETTING	[DIO] StgHtr1RelayDO with [0] at Page = 2(Main Heater)
2017/5/9 14:55:53	SETTING	[AIO] SHT1_TmpSpAIO with [23.000] at Page = 2(Main Heater)
2017/5/9 14:56:45	SETTING	[DIO] Right_Service_DirectIO with [1] at Page = 0(PAGE 1)
2017/5/9 14:56:45	BUTTON	[RIGHT CLICK] Right_Service_DirectIO
2017/5/9 14:57:9	SETTING	[DIO] Bottom_System with [1] at Page = 0(PAGE 1)
2017/5/9 14:57:9	BUTTON	[BOTTOM CLICK] Bottom_System
2017/5/9 14:57:10	SETTING	[DIO] Bottom_Service with [1] at Page = 0(PAGE 1)
2017/5/9 14:57:10	BUTTON	[BOTTOM CLICK] Bottom_Service
2017/5/9 14:57:11	SETTING	[DIO] Right_Service_Htr with [1] at Page = 0(PAGE 1)
2017/5/9 14:57:11	BUTTON	[RIGHT CLICK] Right_Service_Htr
2017/5/9 14:57:19	SETTING	[DIO] Bottom_Config with [1] at Page = 0(PAGE 1)
2017/5/9 14:57:19	BUTTON	[BOTTOM CLICK] Bottom_Config
2017/5/9 14:57:20	SETTING	[DIO] Right_Config_Parm_Nav with [7] at Page = 6(PM Param 1)
2017/5/9 14:57:20	BUTTON	[NAV CLICK] Right_Config_Parm_Nav - 7
2017/5/9 14:57:23	SETTING	[DIO] Right_Config_Parm_Nav with [6] at Page = 12(PM Param 7)
2017/5/9 14:57:23	BUTTON	[NAV CLICK] Right_Config_Parm_Nav - 6
2017/5/9 14:57:24	SETTING	[DIO] Right_Config_Parm_Nav with [5] at Page = 11(PM Param 6)
2017/5/9 14:57:24	BUTTON	[NAV CLICK] Right_Config_Parm_Nav - 5
2017/5/9 14:57:26	SETTING	[DIO] Right_Config_Parm_Nav with [4] at Page = 10(PM Param 5)
2017/5/9 14:57:26	BUTTON	[NAV CLICK] Right_Config_Parm_Nav - 4
2017/5/9 14:57:35	SETTING	[DIO] Right_Config_Parm_Nav with [3] at Page = 9(PM Param 4)
2017/5/9 14:57:35	BUTTON	[NAV CLICK] Right_Config_Parm_Nav - 3
2017/5/9 14:57:37	SETTING	[DIO] Right_Config_Parm_Nav with [2] at Page = 8(PM Param 3)
2017/5/9 14:57:37	BUTTON	[NAV CLICK] Right_Config_Parm_Nav - 2
2017/5/9 14:57:39	SETTING	[DIO] Right_Config_Parm_Nav with [1] at Page = 7(PM Param 2)
2017/5/9 14:57:39	BUTTON	[NAV CLICK] Right_Config_Parm_Nav - 1
2017/5/9 14:57:42	SETTING	[DIO] Bottom_System with [1] at Page = 0(PAGE 1)
2017/5/9 14:57:42	BUTTON	[BOTTOM CLICK] Bottom_System
2017/5/9 15:22:7	SETTING	[DIO] V111ValveDO with [Close(0)] at Page = 0(Main)
2017/5/9 15:22:9	SETTING	[DIO] V111ValveDO with [Open(1)] at Page = 0(Main)
2017/5/9 15:22:10	SETTING	[DIO] V103ValveDO with [Open(1)] at Page = 0(Main)
2017/5/9 15:22:12	SETTING	[DIO] V68ValveDO with [Open(1)] at Page = 0(Main)
2017/5/9 15:22:30	SETTING	[DIO] V101ValveDO with [Open(1)] at Page = 0(Main)
2017/5/9 15:22:42	SETTING	[DIO] V22ValveDO with [Open(1)] at Page = 0(Main)
2017/5/9 15:22:49	SETTING	[DIO] Bottom_Service with [1] at Page = 0(PAGE 1)
2017/5/9 15:22:49	BUTTON	[BOTTOM CLICK] Bottom_Service
2017/5/9 15:22:50	SETTING	[DIO] Right_Service_DirectIO with [1] at Page = 0(PAGE 1)
2017/5/9 15:22:50	BUTTON	[RIGHT CLICK] Right_Service_DirectIO
2017/5/9 15:22:57	SETTING	[DIO] Bottom_System with [1] at Page = 0(PAGE 1)
2017/5/9 15:22:57	BUTTON	[BOTTOM CLICK] Bottom_System
2017/5/9 15:23:0	SETTING	[DIO] V2ValveDO with [Open(1)] at Page = 0(Main)
2017/5/9 15:23:8	SETTING	[AIO] MFC01StPtAO with [5000.000] at Page = 0(Main)
2017/5/9 15:23:19	SETTING	[DIO] V1ValveDO with [Open(1)] at Page = 0(Main)
2017/5/9 15:23:33	SETTING	[DIO] V98ValveDO with [Open(1)] at Page = 0(Main)
2017/5/9 15:23:44	SETTING	[DIO] V97ValveDO with [Open(1)] at Page = 0(Main)
2017/5/9 15:23:58	SETTING	[DIO] V23ValveDO with [Open(1)] at Page = 0(Main)
2017/5/9 15:24:12	SETTING	[DIO] V102ValveDO with [Open(1)] at Page = 0(Main)
2017/5/9 15:24:23	SETTING	[DIO] V21ValveDO with [Open(1)] at Page = 0(Main)
2017/5/9 15:24:39	SETTING	[DIO] V6ValveDO with [Open(1)] at Page = 0(Main)
2017/5/9 15:24:47	SETTING	[DIO] V4ValveDO with [Open(1)] at Page = 0(Main)
2017/5/9 15:24:54	SETTING	[AIO] MFC02StPtAO with [1000.000] at Page = 0(Main)
2017/5/9 15:25:8	SETTING	[DIO] V3ValveDO with [Open(1)] at Page = 0(Main)
2017/5/9 15:25:25	SETTING	[AIO] MFC03StPtAO with [5000.000] at Page = 0(Main)
2017/5/9 15:25:36	SETTING	[DIO] V5ValveDO with [Open(1)] at Page = 0(Main)
2017/5/9 15:25:48	SETTING	[DIO] V100ValveDO with [Open(1)] at Page = 0(Main)
2017/5/9 15:25:59	SETTING	[DIO] V24ValveDO with [Open(1)] at Page = 0(Main)
2017/5/9 15:26:14	SETTING	[DIO] V109ValveDO with [Open(1)] at Page = 0(Main)
2017/5/9 15:26:24	SETTING	[DIO] V64ValveDO with [Open(1)] at Page = 0(Main)
2017/5/9 15:26:34	SETTING	[DIO] V61ValveDO with [Open(1)] at Page = 0(Main)
2017/5/9 15:26:40	SETTING	[AIO] MFC09StPtAO with [5000.000] at Page = 0(Main)
2017/5/9 15:27:0	SETTING	[DIO] V20ValveDO with [Open(1)] at Page = 0(Main)
2017/5/9 15:27:7	SETTING	[AIO] MFC09StPtAO with [5000.000] at Page = 0(Main)
2017/5/9 15:27:7	SETTING	[DIO] V60ValveDO with [Open(1)] at Page = 0(Main)
2017/5/9 15:27:21	SETTING	[DIO] V106ValveDO with [Open(1)] at Page = 0(Main)
2017/5/9 15:27:30	SETTING	[DIO] V105ValveDO with [Open(1)] at Page = 0(Main)
2017/5/9 15:27:38	SETTING	[DIO] V65ValveDO with [Open(1)] at Page = 0(Main)
2017/5/9 15:27:43	SETTING	[DIO] V110ValveDO with [Open(1)] at Page = 0(Main)
2017/5/9 15:27:51	SETTING	[DIO] V63ValveDO with [Open(1)] at Page = 0(Main)
2017/5/9 15:28:10	SETTING	[DIO] V59ValveDO with [Open(1)] at Page = 0(Main)
2017/5/9 15:28:14	SETTING	[DIO] V57ValveDO with [Open(1)] at Page = 0(Main)
2017/5/9 15:28:19	SETTING	[AIO] MFC07StPtAO with [5000.000] at Page = 0(Main)
2017/5/9 15:28:31	SETTING	[DIO] V56ValveDO with [Open(1)] at Page = 0(Main)
2017/5/9 15:28:50	SETTING	[AIO] MFC08StPtAO with [1000.000] at Page = 0(Main)
2017/5/9 15:29:1	SETTING	[DIO] V58ValveDO with [Open(1)] at Page = 0(Main)
2017/5/9 15:29:17	SETTING	[DIO] V108ValveDO with [Open(1)] at Page = 0(Main)
2017/5/9 15:29:27	SETTING	[DIO] V66ValveDO with [Open(1)] at Page = 0(Main)
2017/5/9 16:40:42	SETTING	[DIO] V62ValveDO with [Open(1)] at Page = 0(Main)
2017/5/9 16:40:48	SETTING	[DIO] V55ValveDO with [Open(1)] at Page = 0(Main)
2017/5/9 16:40:56	SETTING	[AIO] MFC06StPtAO with [5000.000] at Page = 0(Main)
2017/5/9 16:41:8	SETTING	[DIO] V54ValveDO with [Open(1)] at Page = 0(Main)
2017/5/9 16:41:16	SETTING	[DIO] V53ValveDO with [Open(1)] at Page = 0(Main)
2017/5/9 16:41:33	SETTING	[AIO] MFC05StPtAO with [5000.000] at Page = 0(Main)
2017/5/9 16:42:14	SETTING	[DIO] V51ValveDO with [Open(1)] at Page = 0(Main)
2017/5/9 16:42:18	SETTING	[DIO] V52ValveDO with [Open(1)] at Page = 0(Main)
2017/5/9 16:42:33	SETTING	[DIO] V17ValveDO with [Open(1)] at Page = 0(Main)
2017/5/9 16:42:56	SETTING	[DIO] V69ValveDO with [Open(1)] at Page = 0(Main)
2017/5/9 16:43:0	SETTING	[DIO] V70ValveDO with [Open(1)] at Page = 0(Main)
2017/5/9 16:43:6	SETTING	[DIO] V18ValveDO with [Open(1)] at Page = 0(Main)
2017/5/9 16:43:18	SETTING	[DIO] V11ValveDO with [Open(1)] at Page = 0(Main)
2017/5/9 16:43:27	SETTING	[DIO] V50ValveDO with [Open(1)] at Page = 0(Main)
2017/5/9 16:43:33	SETTING	[AIO] MFC04StPtAO with [1000.000] at Page = 0(Main)
2017/5/9 16:43:44	SETTING	[DIO] V49ValveDO with [Open(1)] at Page = 0(Main)
2017/5/9 16:44:3	SETTING	[DIO] V12ValveDO with [Open(1)] at Page = 0(Main)
2017/5/9 16:44:9	SETTING	[DIO] V19ValveDO with [Open(1)] at Page = 0(Main)
2017/5/9 16:44:45	SETTING	[DIO] V15ValveDO with [Open(1)] at Page = 0(Main)
2017/5/9 16:44:51	SETTING	[DIO] V13ValveDO with [Open(1)] at Page = 0(Main)
