2019/12/24 12:48:16	USERCONTROL	[SYSTEM_START]
2019/12/24 12:48:29	POPUP	[OPEN] LogIn/Out at Page = 0(PAGE 1)
2019/12/24 12:48:32	USERCONTROL	[USER_LOG__IN] <IPS:Sysadmin>
2019/12/24 12:48:33	SETTING	[DIO] Bottom_System with [1] at Page = 0(PAGE 1)
2019/12/24 12:48:33	BUTTON	[BOTTOM CLICK] Bottom_System
2019/12/24 12:48:34	SETTING	[DIO] Bottom_Service with [1] at Page = 0(PAGE 1)
2019/12/24 12:48:34	BUTTON	[BOTTOM CLICK] Bottom_Service
2019/12/24 12:48:38	SETTING	[DIO] Right_Service_Water with [1] at Page = 0(PAGE 1)
2019/12/24 12:48:38	BUTTON	[RIGHT CLICK] Right_Service_Water
2019/12/24 12:48:38	SETTING	[DIO] Right_Service_Leak with [1] at Page = 0(PAGE 1)
2019/12/24 12:48:38	BUTTON	[RIGHT CLICK] Right_Service_Leak
2019/12/24 12:48:39	SETTING	[DIO] Bottom_Config with [1] at Page = 0(PAGE 1)
2019/12/24 12:48:39	BUTTON	[BOTTOM CLICK] Bottom_Config
2019/12/24 12:48:42	SETTING	[DIO] Right_Config_Parm_Nav with [8] at Page = 6(PM Param 1)
2019/12/24 12:48:42	BUTTON	[NAV CLICK] Right_Config_Parm_Nav - 8
2019/12/24 12:53:10	USERCONTROL	[SYSTEM_START]
2019/12/24 12:53:22	POPUP	[OPEN] LogIn/Out at Page = 0(PAGE 1)
2019/12/24 12:53:24	USERCONTROL	[USER_LOG__IN] <IPS:Sysadmin>
2019/12/24 12:53:25	SETTING	[DIO] Bottom_System with [1] at Page = 0(PAGE 1)
2019/12/24 12:53:25	BUTTON	[BOTTOM CLICK] Bottom_System
2019/12/24 12:53:39	SETTING	[DIO] Bottom_Service with [1] at Page = 0(PAGE 1)
2019/12/24 12:53:39	BUTTON	[BOTTOM CLICK] Bottom_Service
2019/12/24 12:53:42	SETTING	[DIO] Bottom_System with [1] at Page = 0(PAGE 1)
2019/12/24 12:53:42	BUTTON	[BOTTOM CLICK] Bottom_System
2019/12/24 12:53:44	SETTING	[DIO] Bottom_Service with [1] at Page = 0(PAGE 1)
2019/12/24 12:53:44	BUTTON	[BOTTOM CLICK] Bottom_Service
2019/12/24 12:53:45	SETTING	[DIO] Bottom_Config with [1] at Page = 0(PAGE 1)
2019/12/24 12:53:45	BUTTON	[BOTTOM CLICK] Bottom_Config
2019/12/24 12:53:46	SETTING	[DIO] Right_Config_Parm_Nav with [8] at Page = 6(PM Param 1)
2019/12/24 12:53:46	BUTTON	[NAV CLICK] Right_Config_Parm_Nav - 8
2019/12/24 12:53:51	SETTING	[DIO] Main_Screen_Button with [1] at Page = 0(PAGE 1)
2019/12/24 12:53:51	BUTTON	[GO_DIRECT CLICK] Main_Screen_Button
2019/12/24 16:2:59	USERCONTROL	[SYSTEM_START]
2019/12/24 16:24:38	POPUP	[OPEN] LogIn/Out at Page = 0(PAGE 1)
2019/12/24 16:24:43	USERCONTROL	[USER_LOG__IN] <IPS:Sysadmin>
2019/12/24 16:24:44	SETTING	[DIO] Bottom_Service with [1] at Page = 0(PAGE 1)
2019/12/24 16:24:44	BUTTON	[BOTTOM CLICK] Bottom_Service
2019/12/24 16:24:47	SETTING	[DIO] Right_Service_Leak with [1] at Page = 0(PAGE 1)
2019/12/24 16:24:47	BUTTON	[RIGHT CLICK] Right_Service_Leak
2019/12/24 16:24:49	SETTING	[DIO] Right_Service_Leak_Nav with [2] at Page = 1(Leak Check)
2019/12/24 16:24:49	BUTTON	[NAV CLICK] Right_Service_Leak_Nav - 2
2019/12/24 16:24:51	SETTING	[DIO] Right_Service_Leak_Nav with [3] at Page = 2(ALD ValveLeak Check)
2019/12/24 16:24:51	BUTTON	[NAV CLICK] Right_Service_Leak_Nav - 3
2019/12/24 16:24:52	SETTING	[DIO] Right_Service_Leak_Nav with [4] at Page = 3(GasLine Leak Check)
2019/12/24 16:24:52	BUTTON	[NAV CLICK] Right_Service_Leak_Nav - 4
2019/12/24 16:25:44	SETTING	[DIO] Right_Service_Leak_Nav with [2] at Page = 4(User Mode Leak Check)
2019/12/24 16:25:44	BUTTON	[NAV CLICK] Right_Service_Leak_Nav - 2
2019/12/24 16:25:45	SETTING	[DIO] Right_Service_Leak_Nav with [1] at Page = 2(ALD ValveLeak Check)
2019/12/24 16:25:45	BUTTON	[NAV CLICK] Right_Service_Leak_Nav - 1
2019/12/24 16:25:45	SETTING	[DIO] Right_Service_Leak_Nav with [2] at Page = 1(Leak Check)
2019/12/24 16:25:45	BUTTON	[NAV CLICK] Right_Service_Leak_Nav - 2
2019/12/24 16:25:48	SETTING	[DIO] Right_Service_Leak_Nav with [2] at Page = 2(ALD ValveLeak Check)
2019/12/24 16:25:48	BUTTON	[NAV CLICK] Right_Service_Leak_Nav - 2
2019/12/24 16:25:49	SETTING	[DIO] Right_Service_Leak_Nav with [3] at Page = 2(ALD ValveLeak Check)
2019/12/24 16:25:49	BUTTON	[NAV CLICK] Right_Service_Leak_Nav - 3
2019/12/24 16:25:50	SETTING	[DIO] Right_Service_Leak_Nav with [2] at Page = 3(GasLine Leak Check)
2019/12/24 16:25:50	BUTTON	[NAV CLICK] Right_Service_Leak_Nav - 2
2019/12/24 16:25:50	SETTING	[DIO] Right_Service_Leak_Nav with [1] at Page = 2(ALD ValveLeak Check)
2019/12/24 16:25:50	BUTTON	[NAV CLICK] Right_Service_Leak_Nav - 1
2019/12/24 16:26:14	SETTING	[DIO] Right_Service_Water with [1] at Page = 0(PAGE 1)
2019/12/24 16:26:14	BUTTON	[RIGHT CLICK] Right_Service_Water
2019/12/24 16:26:15	SETTING	[DIO] Right_Service_Leak with [1] at Page = 0(PAGE 1)
2019/12/24 16:26:15	BUTTON	[RIGHT CLICK] Right_Service_Leak
2019/12/24 16:26:17	SETTING	[DIO] Right_Service_Leak_Nav with [2] at Page = 1(Leak Check)
2019/12/24 16:26:17	BUTTON	[NAV CLICK] Right_Service_Leak_Nav - 2
2019/12/24 16:26:17	SETTING	[DIO] Right_Service_Leak_Nav with [3] at Page = 2(ALD ValveLeak Check)
2019/12/24 16:26:17	BUTTON	[NAV CLICK] Right_Service_Leak_Nav - 3
2019/12/24 16:26:18	SETTING	[DIO] Right_Service_Leak_Nav with [4] at Page = 3(GasLine Leak Check)
2019/12/24 16:26:18	BUTTON	[NAV CLICK] Right_Service_Leak_Nav - 4
2019/12/24 16:26:23	SETTING	[DIO] Right_Service_Leak_Nav with [1] at Page = 4(User Mode Leak Check)
2019/12/24 16:26:23	BUTTON	[NAV CLICK] Right_Service_Leak_Nav - 1
2019/12/24 16:27:42	SETTING	[DIO] Right_Service_Leak_Nav with [1] at Page = 1(Leak Check)
2019/12/24 16:27:42	BUTTON	[NAV CLICK] Right_Service_Leak_Nav - 1
2019/12/24 16:27:45	SETTING	[AIO] RoRLimitAM with [10.000] at Page = 1(Leak Check)
2019/12/24 16:27:54	SETTING	[AIO] LeakChkCountSPAM with [10.000] at Page = 1(Leak Check)
2019/12/24 16:28:5	SETTING	[AIO] BaseDelayTimeAM with [2.000] at Page = 1(Leak Check)
2019/12/24 16:28:15	SETTING	[AIO] LeakChkLimitPressAM with [5.000] at Page = 1(Leak Check)
2019/12/24 16:28:21	SETTING	[DIO] Right_Service_Leak_Nav with [2] at Page = 1(Leak Check)
2019/12/24 16:28:21	BUTTON	[NAV CLICK] Right_Service_Leak_Nav - 2
2019/12/24 16:28:22	SETTING	[DIO] Right_Service_Leak_Nav with [1] at Page = 2(ALD ValveLeak Check)
2019/12/24 16:28:22	BUTTON	[NAV CLICK] Right_Service_Leak_Nav - 1
2019/12/24 16:30:10	USERCONTROL	[SYSTEM_START]
2019/12/24 16:30:26	POPUP	[OPEN] LogIn/Out at Page = 0(PAGE 1)
2019/12/24 16:30:29	USERCONTROL	[USER_LOG__IN] <IPS:Sysadmin>
2019/12/24 16:30:31	SETTING	[DIO] Bottom_System with [1] at Page = 0(PAGE 1)
2019/12/24 16:30:31	BUTTON	[BOTTOM CLICK] Bottom_System
2019/12/24 16:30:33	SETTING	[DIO] Bottom_Service with [1] at Page = 0(PAGE 1)
2019/12/24 16:30:33	BUTTON	[BOTTOM CLICK] Bottom_Service
2019/12/24 16:30:35	SETTING	[DIO] Right_Service_Leak with [1] at Page = 0(PAGE 1)
2019/12/24 16:30:35	BUTTON	[RIGHT CLICK] Right_Service_Leak
2019/12/24 16:30:40	SETTING	[DIO] Right_Service_Leak_Nav with [2] at Page = 1(Leak Check)
2019/12/24 16:30:40	BUTTON	[NAV CLICK] Right_Service_Leak_Nav - 2
2019/12/24 16:30:42	SETTING	[DIO] Right_Service_Leak_Nav with [3] at Page = 2(ALD ValveLeak Check)
2019/12/24 16:30:42	BUTTON	[NAV CLICK] Right_Service_Leak_Nav - 3
2019/12/24 16:30:43	SETTING	[DIO] Right_Service_Leak_Nav with [4] at Page = 3(GasLine Leak Check)
2019/12/24 16:30:43	BUTTON	[NAV CLICK] Right_Service_Leak_Nav - 4
2019/12/24 16:30:44	SETTING	[DIO] Right_Service_Leak_Nav with [3] at Page = 4(User Mode Leak Check)
2019/12/24 16:30:44	BUTTON	[NAV CLICK] Right_Service_Leak_Nav - 3
2019/12/24 16:30:45	SETTING	[DIO] Right_Service_Leak_Nav with [2] at Page = 3(GasLine Leak Check)
2019/12/24 16:30:45	BUTTON	[NAV CLICK] Right_Service_Leak_Nav - 2
2019/12/24 16:30:45	SETTING	[DIO] Right_Service_Leak_Nav with [1] at Page = 2(ALD ValveLeak Check)
2019/12/24 16:30:45	BUTTON	[NAV CLICK] Right_Service_Leak_Nav - 1
