2017/12/26 11:14:11	USERCONTROL	[SYSTEM_START]
2017/12/26 11:14:33	POPUP	[OPEN] LogIn/Out at Page = 0(PAGE 1)
2017/12/26 11:14:36	USERCONTROL	[USER_LOG__IN] <IPS:Sysadmin>
2017/12/26 11:14:36	SETTING	[DIO] Bottom_System with [1] at Page = 0(PAGE 1)
2017/12/26 11:14:36	BUTTON	[BOTTOM CLICK] Bottom_System
2017/12/26 11:17:47	USERCONTROL	[SYSTEM_START]
2017/12/26 11:18:13	POPUP	[OPEN] LogIn/Out at Page = 0(PAGE 1)
2017/12/26 11:18:15	USERCONTROL	[USER_LOG__IN] <IPS:Sysadmin>
2017/12/26 11:18:15	SETTING	[DIO] Bottom_System with [1] at Page = 0(PAGE 1)
2017/12/26 11:18:15	BUTTON	[BOTTOM CLICK] Bottom_System
2017/12/26 11:20:34	USERCONTROL	[SYSTEM_START]
2017/12/26 11:56:11	POPUP	[OPEN] LogIn/Out at Page = 0(PAGE 1)
2017/12/26 11:56:13	USERCONTROL	[USER_LOG__IN] <IPS:Sysadmin>
2017/12/26 11:56:14	SETTING	[DIO] Bottom_System with [1] at Page = 0(PAGE 1)
2017/12/26 11:56:14	BUTTON	[BOTTOM CLICK] Bottom_System
2017/12/26 12:41:29	USERCONTROL	[SYSTEM_START]
2017/12/26 12:41:39	POPUP	[OPEN] LogIn/Out at Page = 0(PAGE 1)
2017/12/26 12:41:40	USERCONTROL	[USER_LOG__IN] <IPS:Sysadmin>
2017/12/26 12:41:41	SETTING	[DIO] Bottom_System with [1] at Page = 0(PAGE 1)
2017/12/26 12:41:41	BUTTON	[BOTTOM CLICK] Bottom_System
2017/12/26 14:15:18	USERCONTROL	[SYSTEM_START]
2017/12/26 14:15:28	POPUP	[OPEN] LogIn/Out at Page = 0(PAGE 1)
2017/12/26 14:15:30	USERCONTROL	[USER_LOG__IN] <IPS:Sysadmin>
2017/12/26 14:15:30	SETTING	[DIO] Bottom_System with [1] at Page = 0(PAGE 1)
2017/12/26 14:15:30	BUTTON	[BOTTOM CLICK] Bottom_System
