2020/1/31 10:5:7	USERCONTROL	[SYSTEM_START]
2020/1/31 10:10:11	POPUP	[OPEN] LogIn/Out at Page = 0(PAGE 1)
2020/1/31 10:10:13	USERCONTROL	[USER_LOG__IN] <IPS:Sysadmin>
2020/1/31 10:10:15	SETTING	[DIO] Bottom_Config with [1] at Page = 0(PAGE 1)
2020/1/31 10:10:15	BUTTON	[BOTTOM CLICK] Bottom_Config
2020/1/31 10:39:14	SETTING	[DIO] Right_Config_Parm with [1] at Page = 0(PAGE 1)
2020/1/31 10:39:14	BUTTON	[RIGHT CLICK] Right_Config_Parm
2020/1/31 10:39:16	SETTING	[DIO] Right_Config_Parm_Nav with [4] at Page = 6(PM Param 1)
2020/1/31 10:39:16	BUTTON	[NAV CLICK] Right_Config_Parm_Nav - 4
2020/1/31 10:39:17	SETTING	[DIO] Right_Config_Parm_Nav with [5] at Page = 9(PM Param 4)
2020/1/31 10:39:17	BUTTON	[NAV CLICK] Right_Config_Parm_Nav - 5
2020/1/31 10:39:24	SETTING	[DIO] Right_Config_Parm_Nav with [6] at Page = 10(PM Param 5)
2020/1/31 10:39:24	BUTTON	[NAV CLICK] Right_Config_Parm_Nav - 6
2020/1/31 11:9:44	SETTING	[DIO] Right_Config_Parm_Nav with [1] at Page = 11(PM Param 6)
2020/1/31 11:9:44	BUTTON	[NAV CLICK] Right_Config_Parm_Nav - 1
2020/1/31 11:9:45	SETTING	[DIO] Right_Config_Parm_Nav with [2] at Page = 6(PM Param 1)
2020/1/31 11:9:45	BUTTON	[NAV CLICK] Right_Config_Parm_Nav - 2
2020/1/31 11:9:46	SETTING	[DIO] Right_Config_Parm_Nav with [3] at Page = 7(PM Param 2)
2020/1/31 11:9:46	BUTTON	[NAV CLICK] Right_Config_Parm_Nav - 3
2020/1/31 11:9:47	SETTING	[DIO] Right_Config_Parm_Nav with [4] at Page = 8(PM Param 3)
2020/1/31 11:9:47	BUTTON	[NAV CLICK] Right_Config_Parm_Nav - 4
2020/1/31 11:9:48	SETTING	[DIO] Right_Config_Parm_Nav with [5] at Page = 9(PM Param 4)
2020/1/31 11:9:48	BUTTON	[NAV CLICK] Right_Config_Parm_Nav - 5
2020/1/31 11:9:49	SETTING	[DIO] Right_Config_Parm_Nav with [1] at Page = 10(PM Param 5)
2020/1/31 11:9:49	BUTTON	[NAV CLICK] Right_Config_Parm_Nav - 1
2020/1/31 11:9:49	SETTING	[DIO] Right_Config_Parm_Nav with [2] at Page = 6(PM Param 1)
2020/1/31 11:9:49	BUTTON	[NAV CLICK] Right_Config_Parm_Nav - 2
2020/1/31 11:9:59	SETTING	[DIO] Right_Config_Parm_Nav with [1] at Page = 7(PM Param 2)
2020/1/31 11:9:59	BUTTON	[NAV CLICK] Right_Config_Parm_Nav - 1
2020/1/31 11:10:1	SETTING	[DIO] Right_Config_Parm_Nav with [2] at Page = 6(PM Param 1)
2020/1/31 11:10:1	BUTTON	[NAV CLICK] Right_Config_Parm_Nav - 2
2020/1/31 11:10:2	SETTING	[DIO] Right_Config_Parm_Nav with [1] at Page = 7(PM Param 2)
2020/1/31 11:10:2	BUTTON	[NAV CLICK] Right_Config_Parm_Nav - 1
2020/1/31 11:10:8	SETTING	[DIO] Right_Config_Parm_Nav with [2] at Page = 6(PM Param 1)
2020/1/31 11:10:8	BUTTON	[NAV CLICK] Right_Config_Parm_Nav - 2
2020/1/31 11:14:32	SETTING	[DIO] Right_Config_Parm with [1] at Page = 0(PAGE 1)
2020/1/31 11:14:32	BUTTON	[RIGHT CLICK] Right_Config_Parm
2020/1/31 11:14:34	SETTING	[DIO] Right_Config_Parm_Nav with [3] at Page = 7(PM Param 2)
2020/1/31 11:14:34	BUTTON	[NAV CLICK] Right_Config_Parm_Nav - 3
2020/1/31 11:15:57	SETTING	[DIO] Right_Config_Parm_Nav with [4] at Page = 8(PM Param 3)
2020/1/31 11:15:57	BUTTON	[NAV CLICK] Right_Config_Parm_Nav - 4
2020/1/31 11:15:58	SETTING	[DIO] Right_Config_Parm_Nav with [5] at Page = 9(PM Param 4)
2020/1/31 11:15:58	BUTTON	[NAV CLICK] Right_Config_Parm_Nav - 5
2020/1/31 11:16:2	SETTING	[DIO] Right_Config_Parm_Nav with [6] at Page = 10(PM Param 5)
2020/1/31 11:16:2	BUTTON	[NAV CLICK] Right_Config_Parm_Nav - 6
2020/1/31 11:16:4	SETTING	[DIO] Right_Config_Parm_Nav with [7] at Page = 11(PM Param 6)
2020/1/31 11:16:4	BUTTON	[NAV CLICK] Right_Config_Parm_Nav - 7
2020/1/31 11:16:15	SETTING	[DIO] Right_Config_Parm_Nav with [1] at Page = 12(PM Param 7)
2020/1/31 11:16:15	BUTTON	[NAV CLICK] Right_Config_Parm_Nav - 1
2020/1/31 11:16:18	SETTING	[DIO] Right_Config_Parm_Nav with [2] at Page = 6(PM Param 1)
2020/1/31 11:16:18	BUTTON	[NAV CLICK] Right_Config_Parm_Nav - 2
