2017/3/30 9:31:44	SETTING	[DIO] Bottom_Service with [1] at Page = 0(PAGE 1)
2017/3/30 9:31:44	BUTTON	[BOTTOM CLICK] Bottom_Service
2017/3/30 9:31:59	IOEDIT	DirectIO Edit => DIO:IOLockDO , VALUE:1
2017/3/30 9:32:5	IOEDIT	DirectIO Edit => DIO:INTLKS_CONTROL , VALUE:3
2017/3/30 10:27:1	SETTING	[DIO] Bottom_System with [1] at Page = 0(PAGE 1)
2017/3/30 10:27:1	BUTTON	[BOTTOM CLICK] Bottom_System
2017/3/30 10:27:2	SETTING	[DIO] Bottom_Service with [1] at Page = 0(PAGE 1)
2017/3/30 10:27:2	BUTTON	[BOTTOM CLICK] Bottom_Service
2017/3/30 10:38:24	SETTING	[DIO] Bottom_System with [1] at Page = 0(PAGE 1)
2017/3/30 10:38:24	BUTTON	[BOTTOM CLICK] Bottom_System
2017/3/30 10:40:42	SETTING	[DIO] Bottom_Service with [1] at Page = 0(PAGE 1)
2017/3/30 10:40:42	BUTTON	[BOTTOM CLICK] Bottom_Service
2017/3/30 10:40:55	IOEDIT	DirectIO Edit => AIO:RFSetPointAO , VALUE:1500.000
2017/3/30 10:43:1	SETTING	[DIO] Bottom_System with [1] at Page = 0(PAGE 1)
2017/3/30 10:43:1	BUTTON	[BOTTOM CLICK] Bottom_System
2017/3/30 10:44:7	SETTING	[DIO] Right_System_Control with [1] at Page = 0(PAGE 1)
2017/3/30 10:44:7	BUTTON	[RIGHT CLICK] Right_System_Control
2017/3/30 10:44:11	SETTING	[DIO] ZMT_StageSelectDM with [StageAll(2)] at Page = 1(Control)
2017/3/30 10:44:13	FUNCTION	[START] SERV_MAIN with [CHUCKHOME] at Page = 1(Control)
2017/3/30 10:44:17	SETTING	[DIO] Right_System_Main with [1] at Page = 0(PAGE 1)
2017/3/30 10:44:17	BUTTON	[RIGHT CLICK] Right_System_Main
2017/3/30 10:44:29	SETTING	[DIO] Right_System_Control with [1] at Page = 0(PAGE 1)
2017/3/30 10:44:29	BUTTON	[RIGHT CLICK] Right_System_Control
2017/3/30 10:44:31	SETTING	[AIO] ZMT_MaintSetPosAM with [80.000] at Page = 1(Control)
2017/3/30 10:44:32	FUNCTION	[START] SERV_MAIN with [CHUCKRUN] at Page = 1(Control)
2017/3/30 10:44:41	FUNCTION	[START] SERV_MAIN with [CHUCKHOME] at Page = 1(Control)
2017/3/30 11:10:7	SETTING	[DIO] Main_Screen_Button with [1] at Page = 0(PAGE 1)
2017/3/30 11:10:7	BUTTON	[GO_DIRECT CLICK] Main_Screen_Button
2017/3/30 11:12:7	USERCONTROL	[SYSTEM_START]
2017/3/30 11:12:25	POPUP	[OPEN] LogIn/Out at Page = 0(PAGE 1)
2017/3/30 11:12:27	USERCONTROL	[USER_LOG__IN] <IPS:Sysadmin>
2017/3/30 11:12:28	SETTING	[DIO] Bottom_Service with [1] at Page = 0(PAGE 1)
2017/3/30 11:12:28	BUTTON	[BOTTOM CLICK] Bottom_Service
2017/3/30 11:12:29	SETTING	[DIO] Right_Service_DirectIO with [1] at Page = 0(PAGE 1)
2017/3/30 11:12:29	BUTTON	[RIGHT CLICK] Right_Service_DirectIO
2017/3/30 11:12:36	IOEDIT	DirectIO Edit => DIO:MFCInfoComDO , VALUE:0
2017/3/30 11:12:37	SETTING	[DIO] Main_Screen_Button with [1] at Page = 0(PAGE 1)
2017/3/30 11:12:37	BUTTON	[GO_DIRECT CLICK] Main_Screen_Button
2017/3/30 14:56:54	SETTING	[DIO] Bottom_Service with [1] at Page = 0(PAGE 1)
2017/3/30 14:56:54	BUTTON	[BOTTOM CLICK] Bottom_Service
2017/3/30 14:57:4	IOEDIT	DirectIO Edit => DIO:IOLockDO , VALUE:1
2017/3/30 14:57:8	IOEDIT	DirectIO Edit => DIO:INTLKS_CONTROL , VALUE:3
2017/3/30 14:57:23	SETTING	[DIO] Bottom_System with [1] at Page = 0(PAGE 1)
2017/3/30 14:57:23	BUTTON	[BOTTOM CLICK] Bottom_System
2017/3/30 14:57:39	SETTING	[DIO] V1ValveDO with [Open(1)] at Page = 0(Main)
2017/3/30 14:57:42	SETTING	[DIO] V1ValveDO with [Close(0)] at Page = 0(Main)
2017/3/30 14:57:44	SETTING	[DIO] V2ValveDO with [Open(1)] at Page = 0(Main)
2017/3/30 14:57:47	SETTING	[DIO] V2ValveDO with [Close(0)] at Page = 0(Main)
2017/3/30 14:57:51	SETTING	[DIO] V3ValveDO with [Open(1)] at Page = 0(Main)
2017/3/30 14:57:55	SETTING	[DIO] V3ValveDO with [Close(0)] at Page = 0(Main)
2017/3/30 14:58:3	SETTING	[DIO] V4ValveDO with [Open(1)] at Page = 0(Main)
2017/3/30 14:58:10	SETTING	[DIO] V4ValveDO with [Close(0)] at Page = 0(Main)
2017/3/30 14:58:16	SETTING	[DIO] V5ValveDO with [Open(1)] at Page = 0(Main)
2017/3/30 14:58:19	SETTING	[DIO] V5ValveDO with [Close(0)] at Page = 0(Main)
2017/3/30 14:58:30	SETTING	[DIO] V6ValveDO with [Open(1)] at Page = 0(Main)
2017/3/30 14:58:32	SETTING	[DIO] V6ValveDO with [Close(0)] at Page = 0(Main)
2017/3/30 14:58:47	SETTING	[DIO] V49ValveDO with [Open(1)] at Page = 0(Main)
2017/3/30 14:58:49	SETTING	[DIO] V49ValveDO with [Close(0)] at Page = 0(Main)
2017/3/30 14:58:55	SETTING	[DIO] V50ValveDO with [Open(1)] at Page = 0(Main)
2017/3/30 14:58:58	SETTING	[DIO] V50ValveDO with [Close(0)] at Page = 0(Main)
2017/3/30 14:59:4	SETTING	[DIO] V51ValveDO with [Open(1)] at Page = 0(Main)
2017/3/30 14:59:10	SETTING	[DIO] V51ValveDO with [Close(0)] at Page = 0(Main)
2017/3/30 14:59:27	SETTING	[DIO] V52ValveDO with [Open(1)] at Page = 0(Main)
2017/3/30 14:59:30	SETTING	[DIO] V52ValveDO with [Close(0)] at Page = 0(Main)
2017/3/30 14:59:35	SETTING	[DIO] V53ValveDO with [Open(1)] at Page = 0(Main)
2017/3/30 14:59:38	SETTING	[DIO] V53ValveDO with [Close(0)] at Page = 0(Main)
2017/3/30 14:59:45	SETTING	[DIO] V54ValveDO with [Open(1)] at Page = 0(Main)
2017/3/30 14:59:47	SETTING	[DIO] V54ValveDO with [Close(0)] at Page = 0(Main)
2017/3/30 14:59:50	SETTING	[DIO] V55ValveDO with [Open(1)] at Page = 0(Main)
2017/3/30 14:59:56	SETTING	[DIO] V55ValveDO with [Close(0)] at Page = 0(Main)
2017/3/30 15:0:0	SETTING	[DIO] V56ValveDO with [Open(1)] at Page = 0(Main)
2017/3/30 15:0:5	SETTING	[DIO] V56ValveDO with [Close(0)] at Page = 0(Main)
2017/3/30 15:0:20	SETTING	[DIO] V57ValveDO with [Open(1)] at Page = 0(Main)
2017/3/30 15:0:23	SETTING	[DIO] V57ValveDO with [Close(0)] at Page = 0(Main)
2017/3/30 15:0:28	SETTING	[DIO] V58ValveDO with [Open(1)] at Page = 0(Main)
2017/3/30 15:0:33	SETTING	[DIO] V58ValveDO with [Close(0)] at Page = 0(Main)
2017/3/30 15:0:40	SETTING	[DIO] V59ValveDO with [Open(1)] at Page = 0(Main)
2017/3/30 15:0:42	SETTING	[DIO] V59ValveDO with [Close(0)] at Page = 0(Main)
2017/3/30 15:0:46	SETTING	[DIO] V60ValveDO with [Open(1)] at Page = 0(Main)
2017/3/30 15:0:49	SETTING	[DIO] V60ValveDO with [Close(0)] at Page = 0(Main)
2017/3/30 15:0:52	SETTING	[DIO] V61ValveDO with [Open(1)] at Page = 0(Main)
2017/3/30 15:0:55	SETTING	[DIO] V61ValveDO with [Close(0)] at Page = 0(Main)
2017/3/30 15:1:2	SETTING	[DIO] V12ValveDO with [Open(1)] at Page = 0(Main)
2017/3/30 15:1:8	SETTING	[DIO] V12ValveDO with [Close(0)] at Page = 0(Main)
2017/3/30 15:1:37	SETTING	[DIO] V17ValveDO with [Open(1)] at Page = 0(Main)
2017/3/30 15:1:40	SETTING	[DIO] V17ValveDO with [Close(0)] at Page = 0(Main)
2017/3/30 15:2:0	SETTING	[DIO] V11ValveDO with [Open(1)] at Page = 0(Main)
2017/3/30 15:2:2	SETTING	[DIO] V11ValveDO with [Close(0)] at Page = 0(Main)
2017/3/30 15:2:19	SETTING	[DIO] V18ValveDO with [Open(1)] at Page = 0(Main)
2017/3/30 15:2:21	SETTING	[DIO] V18ValveDO with [Close(0)] at Page = 0(Main)
2017/3/30 15:2:25	SETTING	[DIO] V15ValveDO with [Open(1)] at Page = 0(Main)
2017/3/30 15:2:28	SETTING	[DIO] V15ValveDO with [Close(0)] at Page = 0(Main)
2017/3/30 15:2:44	SETTING	[DIO] V19ValveDO with [Open(1)] at Page = 0(Main)
2017/3/30 15:2:46	SETTING	[DIO] V19ValveDO with [Close(0)] at Page = 0(Main)
2017/3/30 15:2:51	SETTING	[DIO] V13ValveDO with [Open(1)] at Page = 0(Main)
2017/3/30 15:2:54	SETTING	[DIO] V13ValveDO with [Close(0)] at Page = 0(Main)
2017/3/30 15:2:58	SETTING	[DIO] V14ValveDO with [Open(1)] at Page = 0(Main)
2017/3/30 15:3:2	SETTING	[DIO] V14ValveDO with [Close(0)] at Page = 0(Main)
2017/3/30 15:3:6	SETTING	[DIO] V20ValveDO with [Open(1)] at Page = 0(Main)
2017/3/30 15:3:8	SETTING	[DIO] V20ValveDO with [Close(0)] at Page = 0(Main)
2017/3/30 15:3:18	SETTING	[DIO] V62ValveDO with [Open(1)] at Page = 0(Main)
2017/3/30 15:3:20	SETTING	[DIO] V62ValveDO with [Close(0)] at Page = 0(Main)
2017/3/30 15:3:36	SETTING	[DIO] PumplnCVGIsoVlvDO with [Close(0)] at Page = 0(Main)
2017/3/30 15:3:43	SETTING	[DIO] PumplnCVGIsoVlvDO with [Open(1)] at Page = 0(Main)
2017/3/30 15:3:57	SETTING	[DIO] V65ValveDO with [Open(1)] at Page = 0(Main)
2017/3/30 15:4:0	SETTING	[DIO] V65ValveDO with [Close(0)] at Page = 0(Main)
2017/3/30 15:4:16	SETTING	[DIO] V64ValveDO with [Open(1)] at Page = 0(Main)
2017/3/30 15:4:19	SETTING	[DIO] V64ValveDO with [Close(0)] at Page = 0(Main)
2017/3/30 15:4:22	SETTING	[DIO] V63ValveDO with [Open(1)] at Page = 0(Main)
2017/3/30 15:4:24	SETTING	[DIO] V63ValveDO with [Close(0)] at Page = 0(Main)
2017/3/30 15:4:33	SETTING	[DIO] V66ValveDO with [Open(1)] at Page = 0(Main)
2017/3/30 15:4:35	SETTING	[DIO] V66ValveDO with [Close(0)] at Page = 0(Main)
2017/3/30 15:4:56	SETTING	[DIO] V65ValveDO with [Open(1)] at Page = 0(Main)
2017/3/30 15:5:1	SETTING	[DIO] V65ValveDO with [Close(0)] at Page = 0(Main)
2017/3/30 15:5:3	SETTING	[DIO] V105ValveDO with [Open(1)] at Page = 0(Main)
2017/3/30 15:5:5	SETTING	[DIO] V105ValveDO with [Close(0)] at Page = 0(Main)
2017/3/30 15:5:16	SETTING	[DIO] V108ValveDO with [Open(1)] at Page = 0(Main)
2017/3/30 15:5:18	SETTING	[DIO] V108ValveDO with [Close(0)] at Page = 0(Main)
2017/3/30 15:5:24	SETTING	[DIO] V110ValveDO with [Open(1)] at Page = 0(Main)
2017/3/30 15:5:27	SETTING	[DIO] V110ValveDO with [Close(0)] at Page = 0(Main)
2017/3/30 15:5:34	SETTING	[DIO] V109ValveDO with [Open(1)] at Page = 0(Main)
2017/3/30 15:5:35	SETTING	[DIO] V109ValveDO with [Close(0)] at Page = 0(Main)
2017/3/30 15:5:56	SETTING	[DIO] V106ValveDO with [Open(1)] at Page = 0(Main)
2017/3/30 15:5:59	SETTING	[DIO] V106ValveDO with [Close(0)] at Page = 0(Main)
2017/3/30 15:6:30	SETTING	[DIO] V23ValveDO with [Open(1)] at Page = 0(Main)
2017/3/30 15:6:32	SETTING	[DIO] V23ValveDO with [Close(0)] at Page = 0(Main)
2017/3/30 15:6:39	SETTING	[DIO] V22ValveDO with [Open(1)] at Page = 0(Main)
2017/3/30 15:6:41	SETTING	[DIO] V22ValveDO with [Close(0)] at Page = 0(Main)
2017/3/30 15:6:43	SETTING	[DIO] V21ValveDO with [Open(1)] at Page = 0(Main)
2017/3/30 15:6:46	SETTING	[DIO] V21ValveDO with [Close(0)] at Page = 0(Main)
2017/3/30 15:6:50	SETTING	[DIO] V24ValveDO with [Open(1)] at Page = 0(Main)
2017/3/30 15:6:52	SETTING	[DIO] V24ValveDO with [Close(0)] at Page = 0(Main)
2017/3/30 15:7:0	SETTING	[DIO] V100ValveDO with [Open(1)] at Page = 0(Main)
2017/3/30 15:7:2	SETTING	[DIO] V100ValveDO with [Close(0)] at Page = 0(Main)
2017/3/30 15:7:10	SETTING	[DIO] V97ValveDO with [Open(1)] at Page = 0(Main)
2017/3/30 15:7:11	SETTING	[DIO] V97ValveDO with [Close(0)] at Page = 0(Main)
2017/3/30 15:7:20	SETTING	[DIO] V101ValveDO with [Open(1)] at Page = 0(Main)
2017/3/30 15:7:22	SETTING	[DIO] V101ValveDO with [Close(0)] at Page = 0(Main)
2017/3/30 15:7:33	SETTING	[DIO] V102ValveDO with [Open(1)] at Page = 0(Main)
2017/3/30 15:7:36	SETTING	[DIO] V102ValveDO with [Close(0)] at Page = 0(Main)
2017/3/30 15:7:47	SETTING	[DIO] V98ValveDO with [Open(1)] at Page = 0(Main)
2017/3/30 15:7:49	SETTING	[DIO] V98ValveDO with [Close(0)] at Page = 0(Main)
2017/3/30 15:8:14	SETTING	[DIO] V68ValveDO with [Open(1)] at Page = 0(Main)
2017/3/30 15:8:16	SETTING	[DIO] V68ValveDO with [Close(0)] at Page = 0(Main)
2017/3/30 15:10:22	SETTING	[DIO] FastRoughVlvDO with [Open(1)] at Page = 0(Main)
2017/3/30 15:10:55	SETTING	[AIO] M651_Set_Position with [5.000] at Page = 0(Main)
2017/3/30 15:10:56	SETTING	[DIO] ProcBGIsoVlvDO with [Open(1)] at Page = 0(Main)
2017/3/30 15:10:57	SETTING	[DIO] VacSwIsoVlvDO with [Open(1)] at Page = 0(Main)
2017/3/30 15:11:32	SETTING	[AIO] M651_Set_Position with [10.000] at Page = 0(Main)
2017/3/30 15:11:39	SETTING	[AIO] M651_Set_Position with [10.000] at Page = 0(Main)
2017/3/30 15:13:28	SETTING	[DIO] Bottom_Service with [1] at Page = 0(PAGE 1)
2017/3/30 15:13:28	BUTTON	[BOTTOM CLICK] Bottom_Service
2017/3/30 15:13:29	SETTING	[DIO] Bottom_System with [1] at Page = 0(PAGE 1)
2017/3/30 15:13:29	BUTTON	[BOTTOM CLICK] Bottom_System
2017/3/30 15:14:16	SETTING	[DIO] M651_Valve with [Open(1)] at Page = 0(Main)
2017/3/30 15:16:38	SETTING	[AIO] M651_Set_Position with [100.000] at Page = 0(Main)
2017/3/30 15:16:41	SETTING	[AIO] M651_Set_Pressure with [10.000] at Page = 0(Main)
2017/3/30 15:19:33	SETTING	[DIO] M651_Valve with [Open(1)] at Page = 0(Main)
2017/3/30 15:19:40	SETTING	[DIO] Bottom_Service with [1] at Page = 0(PAGE 1)
2017/3/30 15:19:40	BUTTON	[BOTTOM CLICK] Bottom_Service
2017/3/30 16:33:53	SETTING	[DIO] Bottom_System with [1] at Page = 0(PAGE 1)
2017/3/30 16:33:53	BUTTON	[BOTTOM CLICK] Bottom_System
2017/3/30 16:33:59	SETTING	[DIO] V103ValveDO with [Open(1)] at Page = 0(Main)
2017/3/30 16:34:14	SETTING	[DIO] V111ValveDO with [Open(1)] at Page = 0(Main)
2017/3/30 16:34:18	SETTING	[DIO] V111ValveDO with [Close(0)] at Page = 0(Main)
2017/3/30 16:34:19	SETTING	[DIO] V111ValveDO with [Open(1)] at Page = 0(Main)
2017/3/30 16:34:30	SETTING	[DIO] V68ValveDO with [Open(1)] at Page = 0(Main)
2017/3/30 16:34:48	SETTING	[DIO] V53ValveDO with [Open(1)] at Page = 0(Main)
2017/3/30 16:34:52	SETTING	[AIO] MFC05StPtAO with [5000.000] at Page = 0(Main)
2017/3/30 16:34:55	SETTING	[DIO] V52ValveDO with [Open(1)] at Page = 0(Main)
2017/3/30 16:40:30	SETTING	[DIO] V52ValveDO with [Close(0)] at Page = 0(Main)
2017/3/30 16:40:30	SETTING	[DIO] V51ValveDO with [Open(1)] at Page = 0(Main)
2017/3/30 16:47:40	SETTING	[DIO] V51ValveDO with [Close(0)] at Page = 0(Main)
2017/3/30 16:47:41	SETTING	[DIO] Right_System_Control with [1] at Page = 0(PAGE 1)
2017/3/30 16:47:41	BUTTON	[RIGHT CLICK] Right_System_Control
2017/3/30 16:47:42	FUNCTION	[START] SERV_MAIN with [ABORT_GAS] at Page = 1(Control)
2017/3/30 16:47:43	SETTING	[DIO] Right_System_Main with [1] at Page = 0(PAGE 1)
2017/3/30 16:47:43	BUTTON	[RIGHT CLICK] Right_System_Main
2017/3/30 16:47:45	SETTING	[DIO] V111ValveDO with [Open(1)] at Page = 0(Main)
2017/3/30 16:47:46	SETTING	[DIO] V103ValveDO with [Open(1)] at Page = 0(Main)
2017/3/30 16:47:47	SETTING	[DIO] V68ValveDO with [Open(1)] at Page = 0(Main)
2017/3/30 16:47:48	SETTING	[DIO] V106ValveDO with [Open(1)] at Page = 0(Main)
2017/3/30 16:47:49	SETTING	[DIO] V109ValveDO with [Open(1)] at Page = 0(Main)
2017/3/30 16:47:49	SETTING	[DIO] V110ValveDO with [Open(1)] at Page = 0(Main)
2017/3/30 16:47:50	SETTING	[DIO] V105ValveDO with [Open(1)] at Page = 0(Main)
2017/3/30 16:47:51	SETTING	[DIO] V63ValveDO with [Open(1)] at Page = 0(Main)
2017/3/30 16:47:51	SETTING	[DIO] V108ValveDO with [Open(1)] at Page = 0(Main)
2017/3/30 16:47:51	SETTING	[DIO] V66ValveDO with [Open(1)] at Page = 0(Main)
2017/3/30 16:47:52	SETTING	[DIO] V65ValveDO with [Open(1)] at Page = 0(Main)
2017/3/30 16:47:53	SETTING	[DIO] V64ValveDO with [Open(1)] at Page = 0(Main)
2017/3/30 16:47:53	SETTING	[DIO] V61ValveDO with [Open(1)] at Page = 0(Main)
2017/3/30 16:47:54	SETTING	[DIO] V60ValveDO with [Open(1)] at Page = 0(Main)
2017/3/30 16:47:55	SETTING	[AIO] MFC09StPtAO with [5000.000] at Page = 0(Main)
2017/3/30 16:47:56	SETTING	[DIO] V57ValveDO with [Open(1)] at Page = 0(Main)
2017/3/30 16:47:57	SETTING	[DIO] V59ValveDO with [Open(1)] at Page = 0(Main)
2017/3/30 16:47:57	SETTING	[DIO] V58ValveDO with [Open(1)] at Page = 0(Main)
2017/3/30 16:47:59	SETTING	[AIO] MFC08StPtAO with [1000.000] at Page = 0(Main)
2017/3/30 16:48:0	SETTING	[DIO] V56ValveDO with [Open(1)] at Page = 0(Main)
2017/3/30 16:48:1	SETTING	[AIO] MFC07StPtAO with [5000.000] at Page = 0(Main)
2017/3/30 16:48:2	SETTING	[DIO] V55ValveDO with [Open(1)] at Page = 0(Main)
2017/3/30 16:48:3	SETTING	[DIO] V54ValveDO with [Open(1)] at Page = 0(Main)
2017/3/30 16:48:4	SETTING	[AIO] MFC06StPtAO with [5000.000] at Page = 0(Main)
2017/3/30 16:48:5	SETTING	[DIO] V62ValveDO with [Open(1)] at Page = 0(Main)
2017/3/30 16:48:6	SETTING	[DIO] V11ValveDO with [Open(1)] at Page = 0(Main)
2017/3/30 16:48:7	SETTING	[DIO] V17ValveDO with [Open(1)] at Page = 0(Main)
2017/3/30 16:48:7	SETTING	[DIO] V18ValveDO with [Open(1)] at Page = 0(Main)
2017/3/30 16:48:8	SETTING	[DIO] V19ValveDO with [Open(1)] at Page = 0(Main)
2017/3/30 16:48:8	SETTING	[DIO] V12ValveDO with [Open(1)] at Page = 0(Main)
2017/3/30 16:48:9	SETTING	[DIO] V15ValveDO with [Open(1)] at Page = 0(Main)
2017/3/30 16:48:9	SETTING	[DIO] V13ValveDO with [Open(1)] at Page = 0(Main)
2017/3/30 16:48:10	SETTING	[DIO] V14ValveDO with [Open(1)] at Page = 0(Main)
2017/3/30 16:48:10	SETTING	[DIO] V50ValveDO with [Open(1)] at Page = 0(Main)
2017/3/30 16:48:11	SETTING	[DIO] V49ValveDO with [Open(1)] at Page = 0(Main)
2017/3/30 16:48:13	SETTING	[AIO] MFC04StPtAO with [1000.000] at Page = 0(Main)
2017/3/30 16:48:15	SETTING	[DIO] V101ValveDO with [Open(1)] at Page = 0(Main)
2017/3/30 16:48:15	SETTING	[DIO] V98ValveDO with [Open(1)] at Page = 0(Main)
2017/3/30 16:48:15	SETTING	[DIO] V102ValveDO with [Open(1)] at Page = 0(Main)
2017/3/30 16:48:16	SETTING	[DIO] V97ValveDO with [Open(1)] at Page = 0(Main)
2017/3/30 16:48:16	SETTING	[DIO] V100ValveDO with [Open(1)] at Page = 0(Main)
2017/3/30 16:48:17	SETTING	[DIO] V24ValveDO with [Open(1)] at Page = 0(Main)
2017/3/30 16:48:18	SETTING	[DIO] V6ValveDO with [Open(1)] at Page = 0(Main)
2017/3/30 16:48:18	SETTING	[DIO] V4ValveDO with [Open(1)] at Page = 0(Main)
2017/3/30 16:48:18	SETTING	[DIO] V21ValveDO with [Open(1)] at Page = 0(Main)
2017/3/30 16:48:19	SETTING	[DIO] V23ValveDO with [Open(1)] at Page = 0(Main)
2017/3/30 16:48:19	SETTING	[DIO] V22ValveDO with [Open(1)] at Page = 0(Main)
2017/3/30 16:48:20	SETTING	[DIO] V2ValveDO with [Open(1)] at Page = 0(Main)
2017/3/30 16:48:22	SETTING	[AIO] MFC01StPtAO with [5000.000] at Page = 0(Main)
2017/3/30 16:48:24	SETTING	[DIO] V1ValveDO with [Open(1)] at Page = 0(Main)
2017/3/30 16:48:24	SETTING	[DIO] V3ValveDO with [Open(1)] at Page = 0(Main)
2017/3/30 16:48:25	SETTING	[AIO] MFC02StPtAO with [1000.000] at Page = 0(Main)
2017/3/30 16:48:26	SETTING	[DIO] V5ValveDO with [Open(1)] at Page = 0(Main)
2017/3/30 16:48:28	SETTING	[AIO] MFC03StPtAO with [5000.000] at Page = 0(Main)
2017/3/30 16:48:33	SETTING	[DIO] V20ValveDO with [Open(1)] at Page = 0(Main)
2017/3/30 17:24:33	SETTING	[AIO] RFSetPointAO with [0.000] at Page = 0(Main)
2017/3/30 17:24:36	SETTING	[DIO] Right_System_Control with [1] at Page = 0(PAGE 1)
2017/3/30 17:24:36	BUTTON	[RIGHT CLICK] Right_System_Control
2017/3/30 17:24:37	SETTING	[DIO] Right_System_Main with [1] at Page = 0(PAGE 1)
2017/3/30 17:24:37	BUTTON	[RIGHT CLICK] Right_System_Main
2017/3/30 17:24:38	SETTING	[DIO] Bottom_Service with [1] at Page = 0(PAGE 1)
2017/3/30 17:24:38	BUTTON	[BOTTOM CLICK] Bottom_Service
2017/3/30 17:24:40	SETTING	[DIO] Bottom_System with [1] at Page = 0(PAGE 1)
2017/3/30 17:24:40	BUTTON	[BOTTOM CLICK] Bottom_System
2017/3/30 17:25:16	SETTING	[DIO] V98ValveDO with [Close(0)] at Page = 0(Main)
2017/3/30 17:25:22	SETTING	[DIO] V98ValveDO with [Open(1)] at Page = 0(Main)
2017/3/30 17:27:52	SETTING	[DIO] Bottom_Service with [1] at Page = 0(PAGE 1)
2017/3/30 17:27:52	BUTTON	[BOTTOM CLICK] Bottom_Service
2017/3/30 17:27:54	SETTING	[DIO] Right_Service_Vrifi with [1] at Page = 0(PAGE 1)
2017/3/30 17:27:54	BUTTON	[RIGHT CLICK] Right_Service_Vrifi
2017/3/30 18:54:1	SETTING	[DIO] Bottom_System with [1] at Page = 0(PAGE 1)
2017/3/30 18:54:1	BUTTON	[BOTTOM CLICK] Bottom_System
2017/3/30 18:54:3	SETTING	[DIO] Right_System_Control with [1] at Page = 0(PAGE 1)
2017/3/30 18:54:3	BUTTON	[RIGHT CLICK] Right_System_Control
2017/3/30 18:54:5	FUNCTION	[START] SERV_MAIN with [ABORT_GAS] at Page = 1(Control)
2017/3/30 18:54:6	SETTING	[DIO] Right_System_Main with [1] at Page = 0(PAGE 1)
2017/3/30 18:54:6	BUTTON	[RIGHT CLICK] Right_System_Main
2017/3/30 18:54:8	SETTING	[DIO] FastRoughVlvDO with [Close(0)] at Page = 0(Main)
2017/3/30 19:3:8	SETTING	[DIO] FastRoughVlvDO with [Close(0)] at Page = 0(Main)
2017/3/30 19:3:11	SETTING	[DIO] FastRoughVlvDO with [Open(1)] at Page = 0(Main)
2017/3/30 19:3:13	SETTING	[DIO] V111ValveDO with [Open(1)] at Page = 0(Main)
2017/3/30 19:3:14	SETTING	[DIO] V103ValveDO with [Open(1)] at Page = 0(Main)
2017/3/30 19:3:15	SETTING	[DIO] V68ValveDO with [Open(1)] at Page = 0(Main)
2017/3/30 19:3:15	SETTING	[DIO] V106ValveDO with [Open(1)] at Page = 0(Main)
2017/3/30 19:3:16	SETTING	[DIO] V109ValveDO with [Open(1)] at Page = 0(Main)
2017/3/30 19:3:17	SETTING	[DIO] V110ValveDO with [Open(1)] at Page = 0(Main)
2017/3/30 19:3:17	SETTING	[DIO] V105ValveDO with [Open(1)] at Page = 0(Main)
2017/3/30 19:3:18	SETTING	[DIO] V108ValveDO with [Open(1)] at Page = 0(Main)
2017/3/30 19:3:18	SETTING	[DIO] V66ValveDO with [Open(1)] at Page = 0(Main)
2017/3/30 19:3:19	SETTING	[DIO] V63ValveDO with [Open(1)] at Page = 0(Main)
2017/3/30 19:3:19	SETTING	[DIO] V65ValveDO with [Open(1)] at Page = 0(Main)
2017/3/30 19:3:20	SETTING	[DIO] V64ValveDO with [Open(1)] at Page = 0(Main)
2017/3/30 19:3:20	SETTING	[DIO] V61ValveDO with [Open(1)] at Page = 0(Main)
2017/3/30 19:3:21	SETTING	[DIO] V60ValveDO with [Open(1)] at Page = 0(Main)
2017/3/30 19:3:21	SETTING	[DIO] V58ValveDO with [Open(1)] at Page = 0(Main)
2017/3/30 19:3:22	SETTING	[DIO] V59ValveDO with [Open(1)] at Page = 0(Main)
2017/3/30 19:3:22	SETTING	[DIO] V57ValveDO with [Open(1)] at Page = 0(Main)
2017/3/30 19:3:24	SETTING	[AIO] MFC09StPtAO with [5000.000] at Page = 0(Main)
2017/3/30 19:3:27	SETTING	[AIO] MFC08StPtAO with [1000.000] at Page = 0(Main)
2017/3/30 19:3:28	SETTING	[DIO] V56ValveDO with [Open(1)] at Page = 0(Main)
2017/3/30 19:3:29	SETTING	[AIO] MFC07StPtAO with [5000.000] at Page = 0(Main)
2017/3/30 19:3:30	SETTING	[DIO] V55ValveDO with [Open(1)] at Page = 0(Main)
2017/3/30 19:3:31	SETTING	[DIO] V54ValveDO with [Open(1)] at Page = 0(Main)
2017/3/30 19:3:32	SETTING	[AIO] MFC06StPtAO with [5000.000] at Page = 0(Main)
2017/3/30 19:3:34	SETTING	[DIO] V50ValveDO with [Open(1)] at Page = 0(Main)
2017/3/30 19:3:34	SETTING	[DIO] V49ValveDO with [Open(1)] at Page = 0(Main)
2017/3/30 19:3:35	SETTING	[AIO] MFC04StPtAO with [1000.000] at Page = 0(Main)
2017/3/30 19:3:36	SETTING	[DIO] V62ValveDO with [Open(1)] at Page = 0(Main)
2017/3/30 19:3:37	SETTING	[DIO] V11ValveDO with [Open(1)] at Page = 0(Main)
2017/3/30 19:3:38	SETTING	[DIO] V17ValveDO with [Open(1)] at Page = 0(Main)
2017/3/30 19:3:38	SETTING	[DIO] V18ValveDO with [Open(1)] at Page = 0(Main)
2017/3/30 19:3:39	SETTING	[DIO] V19ValveDO with [Open(1)] at Page = 0(Main)
2017/3/30 19:3:39	SETTING	[DIO] V15ValveDO with [Open(1)] at Page = 0(Main)
2017/3/30 19:3:40	SETTING	[DIO] V14ValveDO with [Open(1)] at Page = 0(Main)
2017/3/30 19:3:40	SETTING	[DIO] V12ValveDO with [Open(1)] at Page = 0(Main)
2017/3/30 19:3:41	SETTING	[DIO] V13ValveDO with [Open(1)] at Page = 0(Main)
2017/3/30 19:3:43	SETTING	[DIO] V20ValveDO with [Open(1)] at Page = 0(Main)
2017/3/30 19:3:44	SETTING	[DIO] V24ValveDO with [Open(1)] at Page = 0(Main)
2017/3/30 19:3:45	SETTING	[DIO] V100ValveDO with [Open(1)] at Page = 0(Main)
2017/3/30 19:3:45	SETTING	[DIO] V97ValveDO with [Open(1)] at Page = 0(Main)
2017/3/30 19:3:45	SETTING	[DIO] V102ValveDO with [Open(1)] at Page = 0(Main)
2017/3/30 19:3:46	SETTING	[DIO] V101ValveDO with [Open(1)] at Page = 0(Main)
2017/3/30 19:3:47	SETTING	[DIO] V98ValveDO with [Open(1)] at Page = 0(Main)
2017/3/30 19:3:47	SETTING	[DIO] V21ValveDO with [Open(1)] at Page = 0(Main)
2017/3/30 19:3:47	SETTING	[DIO] V23ValveDO with [Open(1)] at Page = 0(Main)
2017/3/30 19:3:48	SETTING	[DIO] V22ValveDO with [Open(1)] at Page = 0(Main)
2017/3/30 19:3:49	SETTING	[DIO] V6ValveDO with [Open(1)] at Page = 0(Main)
2017/3/30 19:3:50	SETTING	[DIO] V4ValveDO with [Open(1)] at Page = 0(Main)
2017/3/30 19:3:50	SETTING	[DIO] V2ValveDO with [Open(1)] at Page = 0(Main)
2017/3/30 19:3:51	SETTING	[DIO] V1ValveDO with [Open(1)] at Page = 0(Main)
2017/3/30 19:3:53	SETTING	[AIO] MFC01StPtAO with [5000.000] at Page = 0(Main)
2017/3/30 19:3:54	SETTING	[DIO] V3ValveDO with [Open(1)] at Page = 0(Main)
2017/3/30 19:3:54	SETTING	[DIO] V5ValveDO with [Open(1)] at Page = 0(Main)
2017/3/30 19:3:56	SETTING	[AIO] MFC02StPtAO with [1000.000] at Page = 0(Main)
2017/3/30 19:3:57	SETTING	[AIO] MFC03StPtAO with [5000.000] at Page = 0(Main)
