2019/3/12 12:39:23	USERCONTROL	[SYSTEM_START]
2019/3/12 13:9:20	POPUP	[OPEN] LogIn/Out at Page = 0(PAGE 1)
2019/3/12 13:9:21	USERCONTROL	[USER_LOG__IN] <IPS:Sysadmin>
2019/3/12 13:9:22	SETTING	[DIO] Bottom_Service with [1] at Page = 0(PAGE 1)
2019/3/12 13:9:22	BUTTON	[BOTTOM CLICK] Bottom_Service
2019/3/12 13:9:24	SETTING	[DIO] Right_Service_DirectIO with [1] at Page = 0(PAGE 1)
2019/3/12 13:9:24	BUTTON	[RIGHT CLICK] Right_Service_DirectIO
2019/3/12 13:9:31	IOEDIT	DirectIO Edit => DIO:IOLockDO , VALUE:1
2019/3/12 13:9:32	IOEDIT	DirectIO Edit => DIO:ChmPrssDI1 , VALUE:1
2019/3/12 13:10:55	IOEDIT	DirectIO Edit => DIO:ChmPrssDI1 , VALUE:2
2019/3/12 13:27:52	IOEDIT	DirectIO Edit => DIO:IOLockDO , VALUE:1
2019/3/12 13:27:55	IOEDIT	DirectIO Edit => DIO:ChmPrssDI1 , VALUE:1
2019/3/12 13:29:14	IOEDIT	DirectIO Edit => DIO:ChmPrssDI1 , VALUE:2
2019/3/12 13:50:40	IOEDIT	DirectIO Edit => DIO:IOLockDO , VALUE:1
2019/3/12 13:50:45	IOEDIT	DirectIO Edit => DIO:ChmPrssDI1 , VALUE:1
2019/3/12 13:53:21	IOEDIT	DirectIO Edit => DIO:ChmPrssDI1 , VALUE:2
2019/3/12 16:51:29	IOEDIT	DirectIO Edit => DIO:IOLockDO , VALUE:1
2019/3/12 16:54:43	IOEDIT	DirectIO Edit => DIO:IOLockDO , VALUE:1
2019/3/12 16:54:44	IOEDIT	DirectIO Edit => DIO:ChmPrssDI1 , VALUE:1
2019/3/12 16:55:42	IOEDIT	DirectIO Edit => DIO:ChmPrssDI1 , VALUE:2
2019/3/12 17:36:29	IOEDIT	DirectIO Edit => DIO:IOLockDO , VALUE:1
2019/3/12 17:40:15	IOEDIT	DirectIO Edit => DIO:IOLockDO , VALUE:1
2019/3/12 17:40:57	IOEDIT	DirectIO Edit => DIO:ChmPrssDI1 , VALUE:1
2019/3/12 17:41:48	IOEDIT	DirectIO Edit => DIO:ChmPrssDI1 , VALUE:2
