2020/1/20 14:56:50	USERCONTROL	[SYSTEM_START]
2020/1/20 14:57:4	POPUP	[OPEN] LogIn/Out at Page = 0(PAGE 1)
2020/1/20 14:57:6	USERCONTROL	[USER_LOG__IN] <IPS:Sysadmin>
2020/1/20 14:57:7	SETTING	[DIO] Main_Screen_Button with [1] at Page = 0(PAGE 1)
2020/1/20 14:57:7	BUTTON	[GO_DIRECT CLICK] Main_Screen_Button
2020/1/20 14:57:10	SETTING	[DIO] Bottom_Config with [1] at Page = 0(PAGE 1)
2020/1/20 14:57:10	BUTTON	[BOTTOM CLICK] Bottom_Config
2020/1/20 14:57:12	SETTING	[DIO] Bottom_Service with [1] at Page = 0(PAGE 1)
2020/1/20 14:57:12	BUTTON	[BOTTOM CLICK] Bottom_Service
2020/1/20 14:57:14	SETTING	[DIO] StgHtr1RelayDO with [0] at Page = 2(Main Heater)
2020/1/20 14:57:16	SETTING	[DIO] StgHtr2RelayDO with [0] at Page = 2(Main Heater)
2020/1/20 14:57:17	SETTING	[DIO] Bottom_System with [1] at Page = 0(PAGE 1)
2020/1/20 14:57:17	BUTTON	[BOTTOM CLICK] Bottom_System
2020/1/20 14:57:19	SETTING	[DIO] Right_System_Control with [1] at Page = 0(PAGE 1)
2020/1/20 14:57:19	BUTTON	[RIGHT CLICK] Right_System_Control
2020/1/20 14:57:23	FUNCTION	[START] SERV_MAIN with [VENT] at Page = 1(Control)
2020/1/20 14:57:26	SETTING	[DIO] Right_System_Main with [1] at Page = 0(PAGE 1)
2020/1/20 14:57:26	BUTTON	[RIGHT CLICK] Right_System_Main
2020/1/20 14:58:38	SETTING	[DIO] Right_System_Control with [1] at Page = 0(PAGE 1)
2020/1/20 14:58:38	BUTTON	[RIGHT CLICK] Right_System_Control
2020/1/20 14:58:40	FUNCTION	[START] SERV_MAIN with [PUMP] at Page = 1(Control)
2020/1/20 14:58:40	SETTING	[DIO] Main_Screen_Button with [1] at Page = 0(PAGE 1)
2020/1/20 14:58:40	BUTTON	[GO_DIRECT CLICK] Main_Screen_Button
2020/1/20 15:22:30	SETTING	[DIO] Bottom_Config with [1] at Page = 0(PAGE 1)
2020/1/20 15:22:30	BUTTON	[BOTTOM CLICK] Bottom_Config
2020/1/20 15:22:30	SETTING	[DIO] Bottom_Service with [1] at Page = 0(PAGE 1)
2020/1/20 15:22:30	BUTTON	[BOTTOM CLICK] Bottom_Service
2020/1/20 15:22:31	SETTING	[DIO] Bottom_Config with [1] at Page = 0(PAGE 1)
2020/1/20 15:22:31	BUTTON	[BOTTOM CLICK] Bottom_Config
2020/1/20 15:22:33	SETTING	[DIO] Right_Config_Parm_Nav with [6] at Page = 6(PM Param 1)
2020/1/20 15:22:33	BUTTON	[NAV CLICK] Right_Config_Parm_Nav - 6
2020/1/20 15:22:35	SETTING	[DIO] Right_Config_Parm_Nav with [7] at Page = 11(PM Param 6)
2020/1/20 15:22:35	BUTTON	[NAV CLICK] Right_Config_Parm_Nav - 7
2020/1/20 15:22:38	SETTING	[DIO] Right_Config_Parm_Nav with [1] at Page = 12(PM Param 7)
2020/1/20 15:22:38	BUTTON	[NAV CLICK] Right_Config_Parm_Nav - 1
2020/1/20 15:22:51	SETTING	[DIO] Right_Config_Parm_Nav with [2] at Page = 6(PM Param 1)
2020/1/20 15:22:51	BUTTON	[NAV CLICK] Right_Config_Parm_Nav - 2
2020/1/20 15:22:57	SETTING	[DIO] Right_Config_Parm_Nav with [3] at Page = 7(PM Param 2)
2020/1/20 15:22:57	BUTTON	[NAV CLICK] Right_Config_Parm_Nav - 3
2020/1/20 15:23:9	SETTING	[DIO] Right_Config_Parm_Nav with [4] at Page = 8(PM Param 3)
2020/1/20 15:23:9	BUTTON	[NAV CLICK] Right_Config_Parm_Nav - 4
2020/1/20 15:23:11	SETTING	[DIO] Right_Config_Parm_Nav with [5] at Page = 9(PM Param 4)
2020/1/20 15:23:11	BUTTON	[NAV CLICK] Right_Config_Parm_Nav - 5
2020/1/20 15:23:30	SETTING	[DIO] Right_Config_Parm_Nav with [1] at Page = 10(PM Param 5)
2020/1/20 15:23:30	BUTTON	[NAV CLICK] Right_Config_Parm_Nav - 1
2020/1/20 16:58:45	SETTING	[DIO] Right_Config_Parm with [1] at Page = 0(PAGE 1)
2020/1/20 16:58:45	BUTTON	[RIGHT CLICK] Right_Config_Parm
2020/1/20 16:59:14	SETTING	[DIO] Right_Config_Parm with [1] at Page = 0(PAGE 1)
2020/1/20 16:59:14	BUTTON	[RIGHT CLICK] Right_Config_Parm
2020/1/20 17:2:23	SETTING	[DIO] Right_Config_Parm with [1] at Page = 0(PAGE 1)
2020/1/20 17:2:23	BUTTON	[RIGHT CLICK] Right_Config_Parm
2020/1/20 17:3:32	SETTING	[DIO] Right_Config_Parm with [1] at Page = 0(PAGE 1)
2020/1/20 17:3:32	BUTTON	[RIGHT CLICK] Right_Config_Parm
2020/1/20 17:8:9	SETTING	[DIO] Right_Config_Parm with [1] at Page = 0(PAGE 1)
2020/1/20 17:8:9	BUTTON	[RIGHT CLICK] Right_Config_Parm
2020/1/20 17:10:13	SETTING	[DIO] Right_Config_Parm with [1] at Page = 0(PAGE 1)
2020/1/20 17:10:13	BUTTON	[RIGHT CLICK] Right_Config_Parm
2020/1/20 17:16:50	SETTING	[DIO] Right_Config_Parm with [1] at Page = 0(PAGE 1)
2020/1/20 17:16:50	BUTTON	[RIGHT CLICK] Right_Config_Parm
2020/1/20 17:19:0	SETTING	[DIO] Right_Config_Parm with [1] at Page = 0(PAGE 1)
2020/1/20 17:19:0	BUTTON	[RIGHT CLICK] Right_Config_Parm
2020/1/20 17:21:56	SETTING	[DIO] Right_Config_Parm with [1] at Page = 0(PAGE 1)
2020/1/20 17:21:56	BUTTON	[RIGHT CLICK] Right_Config_Parm
2020/1/20 17:30:1	SETTING	[DIO] Right_Config_Parm with [1] at Page = 0(PAGE 1)
2020/1/20 17:30:1	BUTTON	[RIGHT CLICK] Right_Config_Parm
2020/1/20 17:34:22	SETTING	[DIO] Right_Config_Parm with [1] at Page = 0(PAGE 1)
2020/1/20 17:34:22	BUTTON	[RIGHT CLICK] Right_Config_Parm
