2017/12/24 14:26:43	USERCONTROL	[SYSTEM_START]
2017/12/24 14:27:5	POPUP	[OPEN] LogIn/Out at Page = 0(PAGE 1)
2017/12/24 14:27:7	USERCONTROL	[USER_LOG__IN] <IPS:Sysadmin>
2017/12/24 14:27:8	SETTING	[DIO] Bottom_System with [1] at Page = 0(PAGE 1)
2017/12/24 14:27:8	BUTTON	[BOTTOM CLICK] Bottom_System
2017/12/24 14:27:10	SETTING	[DIO] Right_System_Control with [1] at Page = 0(PAGE 1)
2017/12/24 14:27:10	BUTTON	[RIGHT CLICK] Right_System_Control
2017/12/24 14:27:11	SETTING	[DIO] Right_System_Main with [1] at Page = 0(PAGE 1)
2017/12/24 14:27:11	BUTTON	[RIGHT CLICK] Right_System_Main
2017/12/24 14:27:11	SETTING	[DIO] Right_System_Control with [1] at Page = 0(PAGE 1)
2017/12/24 14:27:11	BUTTON	[RIGHT CLICK] Right_System_Control
2017/12/24 15:9:42	USERCONTROL	[SYSTEM_START]
2017/12/24 15:10:29	POPUP	[OPEN] LogIn/Out at Page = 0(PAGE 1)
2017/12/24 15:10:33	POPUP	[OPEN] LogIn/Out at Page = 0(PAGE 1)
2017/12/24 15:12:47	USERCONTROL	[SYSTEM_START]
2017/12/24 15:13:7	POPUP	[OPEN] LogIn/Out at Page = 0(PAGE 1)
2017/12/24 15:15:18	USERCONTROL	[SYSTEM_START]
2017/12/24 15:15:38	POPUP	[OPEN] LogIn/Out at Page = 0(PAGE 1)
2017/12/24 15:15:40	USERCONTROL	[USER_LOG__IN] <IPS:Sysadmin>
2017/12/24 15:15:41	SETTING	[DIO] Main_Screen_Button with [1] at Page = 0(PAGE 1)
2017/12/24 15:15:41	BUTTON	[GO_DIRECT CLICK] Main_Screen_Button
2017/12/24 15:15:43	SETTING	[DIO] Bottom_Config with [1] at Page = 0(PAGE 1)
2017/12/24 15:15:43	BUTTON	[BOTTOM CLICK] Bottom_Config
2017/12/24 15:15:45	SETTING	[DIO] Right_Config_Parm_Nav with [2] at Page = 6(PM Param 1)
2017/12/24 15:15:45	BUTTON	[NAV CLICK] Right_Config_Parm_Nav - 2
2017/12/24 15:15:45	SETTING	[DIO] Right_Config_Parm_Nav with [3] at Page = 7(PM Param 2)
2017/12/24 15:15:45	BUTTON	[NAV CLICK] Right_Config_Parm_Nav - 3
2017/12/24 15:15:46	SETTING	[DIO] Right_Config_Parm_Nav with [4] at Page = 8(PM Param 3)
2017/12/24 15:15:46	BUTTON	[NAV CLICK] Right_Config_Parm_Nav - 4
2017/12/24 15:15:47	SETTING	[DIO] Right_Config_Parm_Nav with [5] at Page = 9(PM Param 4)
2017/12/24 15:15:47	BUTTON	[NAV CLICK] Right_Config_Parm_Nav - 5
2017/12/24 15:23:16	USERCONTROL	[SYSTEM_START]
2017/12/24 15:23:36	POPUP	[OPEN] LogIn/Out at Page = 0(PAGE 1)
2017/12/24 15:23:38	USERCONTROL	[USER_LOG__IN] <IPS:Sysadmin>
2017/12/24 15:23:39	SETTING	[DIO] Main_Screen_Button with [1] at Page = 0(PAGE 1)
2017/12/24 15:23:39	BUTTON	[GO_DIRECT CLICK] Main_Screen_Button
2017/12/24 15:23:40	SETTING	[DIO] Bottom_Config with [1] at Page = 0(PAGE 1)
2017/12/24 15:23:40	BUTTON	[BOTTOM CLICK] Bottom_Config
2017/12/24 15:23:42	SETTING	[DIO] Right_Config_Parm_Nav with [6] at Page = 6(PM Param 1)
2017/12/24 15:23:42	BUTTON	[NAV CLICK] Right_Config_Parm_Nav - 6
2017/12/24 15:23:42	SETTING	[DIO] Right_Config_Parm_Nav with [5] at Page = 11(PM Param 6)
2017/12/24 15:23:42	BUTTON	[NAV CLICK] Right_Config_Parm_Nav - 5
2017/12/24 15:24:42	SETTING	[DIO] Bottom_System with [1] at Page = 0(PAGE 1)
2017/12/24 15:24:42	BUTTON	[BOTTOM CLICK] Bottom_System
2017/12/24 15:30:3	SETTING	[DIO] Bottom_Alarm with [1] at Page = 0(PAGE 1)
2017/12/24 15:30:3	BUTTON	[BOTTOM CLICK] Bottom_Alarm
2017/12/24 15:30:4	SETTING	[DIO] Main_Screen_Button with [1] at Page = 0(PAGE 1)
2017/12/24 15:30:4	BUTTON	[GO_DIRECT CLICK] Main_Screen_Button
