2018/5/10 10:32:5	USERCONTROL	[SYSTEM_START]
2018/5/10 10:32:35	POPUP	[OPEN] LogIn/Out at Page = 0(PAGE 1)
2018/5/10 10:32:38	USERCONTROL	[USER_LOG__IN] <IPS:Sysadmin>
2018/5/10 10:32:40	SETTING	[DIO] Bottom_System with [1] at Page = 0(PAGE 1)
2018/5/10 10:32:40	BUTTON	[BOTTOM CLICK] Bottom_System
2018/5/10 10:32:40	SETTING	[DIO] Bottom_System with [1] at Page = 0(PAGE 1)
2018/5/10 10:32:40	BUTTON	[BOTTOM CLICK] Bottom_System
2018/5/10 10:32:43	SETTING	[DIO] Bottom_Service with [1] at Page = 0(PAGE 1)
2018/5/10 10:32:43	BUTTON	[BOTTOM CLICK] Bottom_Service
2018/5/10 10:32:44	SETTING	[DIO] Bottom_System with [1] at Page = 0(PAGE 1)
2018/5/10 10:32:44	BUTTON	[BOTTOM CLICK] Bottom_System
2018/5/10 10:32:44	SETTING	[DIO] Bottom_System with [1] at Page = 0(PAGE 1)
2018/5/10 10:32:44	BUTTON	[BOTTOM CLICK] Bottom_System
2018/5/10 10:49:49	USERCONTROL	[SYSTEM_START]
2018/5/10 10:51:50	POPUP	[OPEN] LogIn/Out at Page = 0(PAGE 1)
2018/5/10 10:51:52	USERCONTROL	[USER_LOG__IN] <IPS:Sysadmin>
2018/5/10 10:54:8	USERCONTROL	[SYSTEM_START]
2018/5/10 10:54:18	POPUP	[OPEN] LogIn/Out at Page = 0(PAGE 1)
2018/5/10 10:54:20	USERCONTROL	[USER_LOG__IN] <IPS:Sysadmin>
2018/5/10 10:54:22	SETTING	[DIO] Bottom_System with [1] at Page = 0(PAGE 1)
2018/5/10 10:54:22	BUTTON	[BOTTOM CLICK] Bottom_System
2018/5/10 10:54:48	SETTING	[DIO] Bottom_Recipe with [1] at Page = 0(PAGE 1)
2018/5/10 10:54:48	BUTTON	[BOTTOM CLICK] Bottom_Recipe
2018/5/10 10:54:50	SETTING	[DIO] Bottom_System with [1] at Page = 0(PAGE 1)
2018/5/10 10:54:50	BUTTON	[BOTTOM CLICK] Bottom_System
2018/5/10 10:58:37	SETTING	[DIO] Bottom_Alarm with [1] at Page = 0(PAGE 1)
2018/5/10 10:58:37	BUTTON	[BOTTOM CLICK] Bottom_Alarm
2018/5/10 10:59:4	SETTING	[DIO] Bottom_System with [1] at Page = 0(PAGE 1)
2018/5/10 10:59:4	BUTTON	[BOTTOM CLICK] Bottom_System
2018/5/10 11:24:46	USERCONTROL	[SYSTEM_START]
