2020/1/21 9:9:35	USERCONTROL	[SYSTEM_START]
2020/1/21 9:9:54	POPUP	[OPEN] LogIn/Out at Page = 0(PAGE 1)
2020/1/21 9:9:56	USERCONTROL	[USER_LOG__IN] <IPS:Sysadmin>
2020/1/21 9:9:57	SETTING	[DIO] Bottom_Recipe with [1] at Page = 0(PAGE 1)
2020/1/21 9:9:57	BUTTON	[BOTTOM CLICK] Bottom_Recipe
2020/1/21 9:9:57	SETTING	[DIO] Bottom_Service with [1] at Page = 0(PAGE 1)
2020/1/21 9:9:57	BUTTON	[BOTTOM CLICK] Bottom_Service
2020/1/21 9:9:58	SETTING	[DIO] Bottom_System with [1] at Page = 0(PAGE 1)
2020/1/21 9:9:58	BUTTON	[BOTTOM CLICK] Bottom_System
2020/1/21 9:9:59	SETTING	[DIO] Bottom_Config with [1] at Page = 0(PAGE 1)
2020/1/21 9:9:59	BUTTON	[BOTTOM CLICK] Bottom_Config
2020/1/21 9:10:1	SETTING	[DIO] Right_Config_Parm_Nav with [2] at Page = 6(PM Param 1)
2020/1/21 9:10:1	BUTTON	[NAV CLICK] Right_Config_Parm_Nav - 2
2020/1/21 9:12:24	SETTING	[DIO] Right_Config_Parm_Nav with [1] at Page = 7(PM Param 2)
2020/1/21 9:12:24	BUTTON	[NAV CLICK] Right_Config_Parm_Nav - 1
2020/1/21 9:39:33	SETTING	[DIO] PRMD97_CNT_INT with [On(1)] at Page = 6(PM Param 1)
2020/1/21 9:39:39	SETTING	[DIO] PRMD97_CNT_INT with [Off(0)] at Page = 6(PM Param 1)
2020/1/21 10:15:18	SETTING	[DIO] Right_Config_Parm with [1] at Page = 0(PAGE 1)
2020/1/21 10:15:18	BUTTON	[RIGHT CLICK] Right_Config_Parm
2020/1/21 10:15:30	SETTING	[DIO] Right_Config_Parm_Nav with [2] at Page = 6(PM Param 1)
2020/1/21 10:15:30	BUTTON	[NAV CLICK] Right_Config_Parm_Nav - 2
2020/1/21 10:15:31	SETTING	[DIO] Right_Config_Parm_Nav with [1] at Page = 7(PM Param 2)
2020/1/21 10:15:31	BUTTON	[NAV CLICK] Right_Config_Parm_Nav - 1
2020/1/21 10:15:32	SETTING	[DIO] Right_Config_Parm_Nav with [2] at Page = 6(PM Param 1)
2020/1/21 10:15:32	BUTTON	[NAV CLICK] Right_Config_Parm_Nav - 2
2020/1/21 10:15:34	SETTING	[DIO] Right_Config_Parm_Nav with [1] at Page = 7(PM Param 2)
2020/1/21 10:15:34	BUTTON	[NAV CLICK] Right_Config_Parm_Nav - 1
2020/1/21 10:15:40	SETTING	[DIO] Right_Config_Parm_Nav with [2] at Page = 6(PM Param 1)
2020/1/21 10:15:40	BUTTON	[NAV CLICK] Right_Config_Parm_Nav - 2
2020/1/21 10:15:42	SETTING	[DIO] Right_Config_Parm_Nav with [1] at Page = 7(PM Param 2)
2020/1/21 10:15:42	BUTTON	[NAV CLICK] Right_Config_Parm_Nav - 1
2020/1/21 10:16:5	SETTING	[DIO] Right_Config_Parm_Nav with [3] at Page = 6(PM Param 1)
2020/1/21 10:16:5	BUTTON	[NAV CLICK] Right_Config_Parm_Nav - 3
2020/1/21 10:16:6	SETTING	[DIO] Right_Config_Parm_Nav with [2] at Page = 8(PM Param 3)
2020/1/21 10:16:6	BUTTON	[NAV CLICK] Right_Config_Parm_Nav - 2
2020/1/21 10:16:7	SETTING	[DIO] Right_Config_Parm_Nav with [3] at Page = 7(PM Param 2)
2020/1/21 10:16:7	BUTTON	[NAV CLICK] Right_Config_Parm_Nav - 3
2020/1/21 10:16:8	SETTING	[DIO] Right_Config_Parm_Nav with [1] at Page = 8(PM Param 3)
2020/1/21 10:16:8	BUTTON	[NAV CLICK] Right_Config_Parm_Nav - 1
2020/1/21 10:18:5	SETTING	[DIO] Right_Config_Parm with [1] at Page = 0(PAGE 1)
2020/1/21 10:18:5	BUTTON	[RIGHT CLICK] Right_Config_Parm
2020/1/21 10:18:12	SETTING	[DIO] Main_Screen_Button with [1] at Page = 0(PAGE 1)
2020/1/21 10:18:12	BUTTON	[GO_DIRECT CLICK] Main_Screen_Button
2020/1/21 10:18:17	SETTING	[DIO] Bottom_Config with [1] at Page = 0(PAGE 1)
2020/1/21 10:18:17	BUTTON	[BOTTOM CLICK] Bottom_Config
2020/1/21 10:18:30	SETTING	[DIO] Right_Config_Parm_Nav with [2] at Page = 6(PM Param 1)
2020/1/21 10:18:30	BUTTON	[NAV CLICK] Right_Config_Parm_Nav - 2
2020/1/21 10:18:36	SETTING	[DIO] Right_Config_Parm_Nav with [1] at Page = 7(PM Param 2)
2020/1/21 10:18:36	BUTTON	[NAV CLICK] Right_Config_Parm_Nav - 1
2020/1/21 10:18:48	SETTING	[DIO] Bottom_System with [1] at Page = 0(PAGE 1)
2020/1/21 10:18:48	BUTTON	[BOTTOM CLICK] Bottom_System
2020/1/21 10:18:55	SETTING	[DIO] Bottom_Service with [1] at Page = 0(PAGE 1)
2020/1/21 10:18:55	BUTTON	[BOTTOM CLICK] Bottom_Service
2020/1/21 10:18:56	SETTING	[DIO] Bottom_Config with [1] at Page = 0(PAGE 1)
2020/1/21 10:18:56	BUTTON	[BOTTOM CLICK] Bottom_Config
2020/1/21 10:20:40	SETTING	[DIO] Right_Config_Parm with [1] at Page = 0(PAGE 1)
2020/1/21 10:20:40	BUTTON	[RIGHT CLICK] Right_Config_Parm
2020/1/21 10:20:40	SETTING	[DIO] Right_Config_Parm with [1] at Page = 0(PAGE 1)
2020/1/21 10:20:40	BUTTON	[RIGHT CLICK] Right_Config_Parm
2020/1/21 10:32:7	SETTING	[DIO] Right_Config_Parm_Nav with [2] at Page = 6(PM Param 1)
2020/1/21 10:32:7	BUTTON	[NAV CLICK] Right_Config_Parm_Nav - 2
2020/1/21 10:32:8	SETTING	[DIO] Right_Config_Parm_Nav with [3] at Page = 7(PM Param 2)
2020/1/21 10:32:8	BUTTON	[NAV CLICK] Right_Config_Parm_Nav - 3
2020/1/21 10:32:8	SETTING	[DIO] Right_Config_Parm_Nav with [2] at Page = 8(PM Param 3)
2020/1/21 10:32:8	BUTTON	[NAV CLICK] Right_Config_Parm_Nav - 2
2020/1/21 10:32:9	SETTING	[DIO] Right_Config_Parm_Nav with [1] at Page = 7(PM Param 2)
2020/1/21 10:32:9	BUTTON	[NAV CLICK] Right_Config_Parm_Nav - 1
2020/1/21 10:32:9	SETTING	[DIO] Right_Config_Parm_Nav with [2] at Page = 6(PM Param 1)
2020/1/21 10:32:9	BUTTON	[NAV CLICK] Right_Config_Parm_Nav - 2
2020/1/21 10:32:10	SETTING	[DIO] Right_Config_Parm_Nav with [1] at Page = 7(PM Param 2)
2020/1/21 10:32:10	BUTTON	[NAV CLICK] Right_Config_Parm_Nav - 1
2020/1/21 10:32:11	SETTING	[DIO] Right_Config_Parm_Nav with [2] at Page = 6(PM Param 1)
2020/1/21 10:32:11	BUTTON	[NAV CLICK] Right_Config_Parm_Nav - 2
2020/1/21 10:32:11	SETTING	[DIO] Right_Config_Parm_Nav with [1] at Page = 7(PM Param 2)
2020/1/21 10:32:11	BUTTON	[NAV CLICK] Right_Config_Parm_Nav - 1
2020/1/21 10:32:11	SETTING	[DIO] Right_Config_Parm_Nav with [2] at Page = 6(PM Param 1)
2020/1/21 10:32:11	BUTTON	[NAV CLICK] Right_Config_Parm_Nav - 2
2020/1/21 10:32:12	SETTING	[DIO] Right_Config_Parm_Nav with [1] at Page = 7(PM Param 2)
2020/1/21 10:32:12	BUTTON	[NAV CLICK] Right_Config_Parm_Nav - 1
2020/1/21 10:32:12	SETTING	[DIO] Right_Config_Parm_Nav with [2] at Page = 6(PM Param 1)
2020/1/21 10:32:12	BUTTON	[NAV CLICK] Right_Config_Parm_Nav - 2
2020/1/21 10:32:14	SETTING	[DIO] Right_Config_Parm_Nav with [1] at Page = 7(PM Param 2)
2020/1/21 10:32:14	BUTTON	[NAV CLICK] Right_Config_Parm_Nav - 1
2020/1/21 10:32:15	SETTING	[DIO] Right_Config_Parm_Nav with [2] at Page = 6(PM Param 1)
2020/1/21 10:32:15	BUTTON	[NAV CLICK] Right_Config_Parm_Nav - 2
2020/1/21 10:32:16	SETTING	[DIO] Right_Config_Parm_Nav with [1] at Page = 7(PM Param 2)
2020/1/21 10:32:16	BUTTON	[NAV CLICK] Right_Config_Parm_Nav - 1
2020/1/21 10:32:40	SETTING	[DIO] Bottom_System with [1] at Page = 0(PAGE 1)
2020/1/21 10:32:40	BUTTON	[BOTTOM CLICK] Bottom_System
2020/1/21 10:36:53	SETTING	[DIO] Right_System_Main with [1] at Page = 0(PAGE 1)
2020/1/21 10:36:53	BUTTON	[RIGHT CLICK] Right_System_Main
2020/1/21 10:37:22	SETTING	[DIO] Bottom_Recipe with [1] at Page = 0(PAGE 1)
2020/1/21 10:37:22	BUTTON	[BOTTOM CLICK] Bottom_Recipe
2020/1/21 10:37:24	SETTING	[DIO] Bottom_Service with [1] at Page = 0(PAGE 1)
2020/1/21 10:37:24	BUTTON	[BOTTOM CLICK] Bottom_Service
2020/1/21 10:37:28	SETTING	[DIO] Bottom_Config with [1] at Page = 0(PAGE 1)
2020/1/21 10:37:28	BUTTON	[BOTTOM CLICK] Bottom_Config
2020/1/21 10:37:31	SETTING	[DIO] Bottom_Utility with [1] at Page = 0(PAGE 1)
2020/1/21 10:37:31	BUTTON	[BOTTOM CLICK] Bottom_Utility
2020/1/21 10:37:35	SETTING	[DIO] Bottom_System with [1] at Page = 0(PAGE 1)
2020/1/21 10:37:35	BUTTON	[BOTTOM CLICK] Bottom_System
2020/1/21 10:37:39	SETTING	[DIO] Bottom_Service with [1] at Page = 0(PAGE 1)
2020/1/21 10:37:39	BUTTON	[BOTTOM CLICK] Bottom_Service
2020/1/21 10:37:40	SETTING	[DIO] Bottom_System with [1] at Page = 0(PAGE 1)
2020/1/21 10:37:40	BUTTON	[BOTTOM CLICK] Bottom_System
2020/1/21 10:37:45	SETTING	[DIO] Bottom_Service with [1] at Page = 0(PAGE 1)
2020/1/21 10:37:45	BUTTON	[BOTTOM CLICK] Bottom_Service
2020/1/21 10:38:35	SETTING	[DIO] Main_Screen_Button with [1] at Page = 0(PAGE 1)
2020/1/21 10:38:35	BUTTON	[GO_DIRECT CLICK] Main_Screen_Button
2020/1/21 10:38:42	SETTING	[DIO] Main_Screen_Button with [1] at Page = 0(PAGE 1)
2020/1/21 10:38:42	BUTTON	[GO_DIRECT CLICK] Main_Screen_Button
2020/1/21 10:38:43	SETTING	[DIO] Right_System_Main with [1] at Page = 0(PAGE 1)
2020/1/21 10:38:43	BUTTON	[RIGHT CLICK] Right_System_Main
2020/1/21 10:38:43	SETTING	[DIO] Main_Screen_Button with [1] at Page = 0(PAGE 1)
2020/1/21 10:38:43	BUTTON	[GO_DIRECT CLICK] Main_Screen_Button
2020/1/21 10:38:44	SETTING	[DIO] Right_System_Control with [1] at Page = 0(PAGE 1)
2020/1/21 10:38:44	BUTTON	[RIGHT CLICK] Right_System_Control
2020/1/21 10:38:44	SETTING	[DIO] Right_System_Main with [1] at Page = 0(PAGE 1)
2020/1/21 10:38:44	BUTTON	[RIGHT CLICK] Right_System_Main
2020/1/21 10:38:54	SETTING	[DIO] Bottom_Service with [1] at Page = 0(PAGE 1)
2020/1/21 10:38:54	BUTTON	[BOTTOM CLICK] Bottom_Service
2020/1/21 10:38:55	SETTING	[DIO] Bottom_Config with [1] at Page = 0(PAGE 1)
2020/1/21 10:38:55	BUTTON	[BOTTOM CLICK] Bottom_Config
2020/1/21 10:40:19	SETTING	[DIO] Right_Config_Parm with [1] at Page = 0(PAGE 1)
2020/1/21 10:40:19	BUTTON	[RIGHT CLICK] Right_Config_Parm
2020/1/21 10:44:59	SETTING	[DIO] Right_Config_Parm with [1] at Page = 0(PAGE 1)
2020/1/21 10:44:59	BUTTON	[RIGHT CLICK] Right_Config_Parm
2020/1/21 10:48:17	SETTING	[DIO] Right_Config_Parm with [1] at Page = 0(PAGE 1)
2020/1/21 10:48:17	BUTTON	[RIGHT CLICK] Right_Config_Parm
2020/1/21 10:53:43	SETTING	[DIO] Right_Config_Parm with [1] at Page = 0(PAGE 1)
2020/1/21 10:53:43	BUTTON	[RIGHT CLICK] Right_Config_Parm
2020/1/21 11:0:51	SETTING	[DIO] Right_Config_Parm with [1] at Page = 0(PAGE 1)
2020/1/21 11:0:51	BUTTON	[RIGHT CLICK] Right_Config_Parm
2020/1/21 11:3:26	SETTING	[DIO] Right_Config_Parm with [1] at Page = 0(PAGE 1)
2020/1/21 11:3:26	BUTTON	[RIGHT CLICK] Right_Config_Parm
2020/1/21 11:4:13	SETTING	[DIO] Right_Config_Parm with [1] at Page = 0(PAGE 1)
2020/1/21 11:4:13	BUTTON	[RIGHT CLICK] Right_Config_Parm
2020/1/21 11:6:19	SETTING	[DIO] Right_Config_Parm with [1] at Page = 0(PAGE 1)
2020/1/21 11:6:19	BUTTON	[RIGHT CLICK] Right_Config_Parm
2020/1/21 11:19:50	USERCONTROL	[SYSTEM_START]
2020/1/21 11:20:2	POPUP	[OPEN] LogIn/Out at Page = 0(PAGE 1)
2020/1/21 11:20:4	USERCONTROL	[USER_LOG__IN] <IPS:Sysadmin>
2020/1/21 11:20:5	SETTING	[DIO] Bottom_Config with [1] at Page = 0(PAGE 1)
2020/1/21 11:20:5	BUTTON	[BOTTOM CLICK] Bottom_Config
2020/1/21 12:51:23	SETTING	[DIO] Right_Config_Parm with [1] at Page = 0(PAGE 1)
2020/1/21 12:51:23	BUTTON	[RIGHT CLICK] Right_Config_Parm
2020/1/21 12:52:38	SETTING	[DIO] Right_Config_Parm with [1] at Page = 0(PAGE 1)
2020/1/21 12:52:38	BUTTON	[RIGHT CLICK] Right_Config_Parm
2020/1/21 12:53:12	SETTING	[DIO] Right_Config_Parm_Nav with [2] at Page = 6(PM Param 1)
2020/1/21 12:53:12	BUTTON	[NAV CLICK] Right_Config_Parm_Nav - 2
2020/1/21 12:53:15	SETTING	[DIO] Right_Config_Parm_Nav with [1] at Page = 7(PM Param 2)
2020/1/21 12:53:15	BUTTON	[NAV CLICK] Right_Config_Parm_Nav - 1
2020/1/21 12:53:16	SETTING	[DIO] Right_Config_Parm_Nav with [2] at Page = 6(PM Param 1)
2020/1/21 12:53:16	BUTTON	[NAV CLICK] Right_Config_Parm_Nav - 2
2020/1/21 12:53:17	SETTING	[DIO] Right_Config_Parm_Nav with [1] at Page = 7(PM Param 2)
2020/1/21 12:53:17	BUTTON	[NAV CLICK] Right_Config_Parm_Nav - 1
2020/1/21 12:53:17	SETTING	[DIO] Right_Config_Parm_Nav with [2] at Page = 6(PM Param 1)
2020/1/21 12:53:17	BUTTON	[NAV CLICK] Right_Config_Parm_Nav - 2
2020/1/21 12:53:18	SETTING	[DIO] Right_Config_Parm_Nav with [1] at Page = 7(PM Param 2)
2020/1/21 12:53:18	BUTTON	[NAV CLICK] Right_Config_Parm_Nav - 1
2020/1/21 12:53:18	SETTING	[DIO] Right_Config_Parm_Nav with [2] at Page = 6(PM Param 1)
2020/1/21 12:53:18	BUTTON	[NAV CLICK] Right_Config_Parm_Nav - 2
2020/1/21 12:53:19	SETTING	[DIO] Right_Config_Parm_Nav with [1] at Page = 7(PM Param 2)
2020/1/21 12:53:19	BUTTON	[NAV CLICK] Right_Config_Parm_Nav - 1
2020/1/21 12:53:20	SETTING	[DIO] Right_Config_Parm_Nav with [2] at Page = 6(PM Param 1)
2020/1/21 12:53:20	BUTTON	[NAV CLICK] Right_Config_Parm_Nav - 2
2020/1/21 12:53:22	SETTING	[DIO] Right_Config_Parm_Nav with [1] at Page = 7(PM Param 2)
2020/1/21 12:53:22	BUTTON	[NAV CLICK] Right_Config_Parm_Nav - 1
2020/1/21 12:53:23	SETTING	[DIO] Right_Config_Parm_Nav with [3] at Page = 6(PM Param 1)
2020/1/21 12:53:23	BUTTON	[NAV CLICK] Right_Config_Parm_Nav - 3
2020/1/21 12:53:23	SETTING	[DIO] Right_Config_Parm_Nav with [4] at Page = 8(PM Param 3)
2020/1/21 12:53:23	BUTTON	[NAV CLICK] Right_Config_Parm_Nav - 4
2020/1/21 12:53:24	SETTING	[DIO] Right_Config_Parm_Nav with [5] at Page = 9(PM Param 4)
2020/1/21 12:53:24	BUTTON	[NAV CLICK] Right_Config_Parm_Nav - 5
2020/1/21 12:53:25	SETTING	[DIO] Right_Config_Parm_Nav with [6] at Page = 10(PM Param 5)
2020/1/21 12:53:25	BUTTON	[NAV CLICK] Right_Config_Parm_Nav - 6
2020/1/21 12:53:25	SETTING	[DIO] Right_Config_Parm_Nav with [7] at Page = 11(PM Param 6)
2020/1/21 12:53:25	BUTTON	[NAV CLICK] Right_Config_Parm_Nav - 7
2020/1/21 12:53:26	SETTING	[DIO] Right_Config_Parm_Nav with [8] at Page = 12(PM Param 7)
2020/1/21 12:53:26	BUTTON	[NAV CLICK] Right_Config_Parm_Nav - 8
2020/1/21 12:53:26	SETTING	[DIO] Right_Config_Parm_Nav with [7] at Page = 0(PM Param 8 (LT Heater Set 1))
2020/1/21 12:53:26	BUTTON	[NAV CLICK] Right_Config_Parm_Nav - 7
2020/1/21 12:53:28	SETTING	[DIO] Right_Config_Parm_Nav with [6] at Page = 12(PM Param 7)
2020/1/21 12:53:28	BUTTON	[NAV CLICK] Right_Config_Parm_Nav - 6
2020/1/21 12:53:28	SETTING	[DIO] Right_Config_Parm_Nav with [7] at Page = 11(PM Param 6)
2020/1/21 12:53:28	BUTTON	[NAV CLICK] Right_Config_Parm_Nav - 7
2020/1/21 12:53:29	SETTING	[DIO] Right_Config_Parm_Nav with [1] at Page = 12(PM Param 7)
2020/1/21 12:53:29	BUTTON	[NAV CLICK] Right_Config_Parm_Nav - 1
2020/1/21 12:53:29	SETTING	[DIO] Right_Config_Parm_Nav with [7] at Page = 6(PM Param 1)
2020/1/21 12:53:29	BUTTON	[NAV CLICK] Right_Config_Parm_Nav - 7
2020/1/21 12:53:30	SETTING	[DIO] Right_Config_Parm_Nav with [6] at Page = 12(PM Param 7)
2020/1/21 12:53:30	BUTTON	[NAV CLICK] Right_Config_Parm_Nav - 6
2020/1/21 12:53:31	SETTING	[DIO] Right_Config_Parm_Nav with [8] at Page = 11(PM Param 6)
2020/1/21 12:53:31	BUTTON	[NAV CLICK] Right_Config_Parm_Nav - 8
2020/1/21 12:53:32	SETTING	[DIO] Right_Config_Parm_Nav with [5] at Page = 0(PM Param 8 (LT Heater Set 1))
2020/1/21 12:53:32	BUTTON	[NAV CLICK] Right_Config_Parm_Nav - 5
2020/1/21 12:53:33	SETTING	[DIO] Right_Config_Parm_Nav with [1] at Page = 10(PM Param 5)
2020/1/21 12:53:33	BUTTON	[NAV CLICK] Right_Config_Parm_Nav - 1
2020/1/21 12:53:34	SETTING	[DIO] Right_Config_Parm_Nav with [5] at Page = 6(PM Param 1)
2020/1/21 12:53:34	BUTTON	[NAV CLICK] Right_Config_Parm_Nav - 5
2020/1/21 12:53:35	SETTING	[DIO] Right_Config_Parm_Nav with [1] at Page = 10(PM Param 5)
2020/1/21 12:53:35	BUTTON	[NAV CLICK] Right_Config_Parm_Nav - 1
2020/1/21 12:53:35	SETTING	[DIO] Right_Config_Parm_Nav with [5] at Page = 6(PM Param 1)
2020/1/21 12:53:35	BUTTON	[NAV CLICK] Right_Config_Parm_Nav - 5
2020/1/21 12:53:36	SETTING	[DIO] Right_Config_Parm_Nav with [2] at Page = 10(PM Param 5)
2020/1/21 12:53:36	BUTTON	[NAV CLICK] Right_Config_Parm_Nav - 2
2020/1/21 12:53:37	SETTING	[DIO] Right_Config_Parm_Nav with [5] at Page = 7(PM Param 2)
2020/1/21 12:53:37	BUTTON	[NAV CLICK] Right_Config_Parm_Nav - 5
2020/1/21 12:53:38	SETTING	[DIO] Right_Config_Parm_Nav with [2] at Page = 10(PM Param 5)
2020/1/21 12:53:38	BUTTON	[NAV CLICK] Right_Config_Parm_Nav - 2
2020/1/21 12:53:38	SETTING	[DIO] Right_Config_Parm_Nav with [5] at Page = 7(PM Param 2)
2020/1/21 12:53:38	BUTTON	[NAV CLICK] Right_Config_Parm_Nav - 5
2020/1/21 12:53:39	SETTING	[DIO] Right_Config_Parm_Nav with [1] at Page = 10(PM Param 5)
2020/1/21 12:53:39	BUTTON	[NAV CLICK] Right_Config_Parm_Nav - 1
2020/1/21 12:55:3	SETTING	[DIO] Right_Config_Parm_Nav with [2] at Page = 6(PM Param 1)
2020/1/21 12:55:3	BUTTON	[NAV CLICK] Right_Config_Parm_Nav - 2
2020/1/21 12:55:5	SETTING	[DIO] Right_Config_Parm_Nav with [3] at Page = 7(PM Param 2)
2020/1/21 12:55:5	BUTTON	[NAV CLICK] Right_Config_Parm_Nav - 3
2020/1/21 12:57:17	SETTING	[DIO] Right_Config_Parm_Nav with [4] at Page = 8(PM Param 3)
2020/1/21 12:57:17	BUTTON	[NAV CLICK] Right_Config_Parm_Nav - 4
2020/1/21 12:57:18	SETTING	[DIO] Right_Config_Parm_Nav with [5] at Page = 9(PM Param 4)
2020/1/21 12:57:18	BUTTON	[NAV CLICK] Right_Config_Parm_Nav - 5
2020/1/21 12:57:20	SETTING	[DIO] Right_Config_Parm_Nav with [6] at Page = 10(PM Param 5)
2020/1/21 12:57:20	BUTTON	[NAV CLICK] Right_Config_Parm_Nav - 6
2020/1/21 12:57:21	SETTING	[DIO] Right_Config_Parm_Nav with [7] at Page = 11(PM Param 6)
2020/1/21 12:57:21	BUTTON	[NAV CLICK] Right_Config_Parm_Nav - 7
2020/1/21 12:57:22	SETTING	[DIO] Right_Config_Parm_Nav with [8] at Page = 12(PM Param 7)
2020/1/21 12:57:22	BUTTON	[NAV CLICK] Right_Config_Parm_Nav - 8
2020/1/21 12:57:25	SETTING	[DIO] Right_Config_Parm_Nav with [1] at Page = 0(PM Param 8 (LT Heater Set 1))
2020/1/21 12:57:25	BUTTON	[NAV CLICK] Right_Config_Parm_Nav - 1
2020/1/21 12:57:27	SETTING	[DIO] Right_Config_Parm_Nav with [8] at Page = 6(PM Param 1)
2020/1/21 12:57:27	BUTTON	[NAV CLICK] Right_Config_Parm_Nav - 8
2020/1/21 12:57:50	SETTING	[DIO] Bottom_Config with [1] at Page = 0(PAGE 1)
2020/1/21 12:57:50	BUTTON	[BOTTOM CLICK] Bottom_Config
2020/1/21 12:57:51	SETTING	[DIO] Bottom_Config with [1] at Page = 0(PAGE 1)
2020/1/21 12:57:51	BUTTON	[BOTTOM CLICK] Bottom_Config
2020/1/21 12:57:52	SETTING	[DIO] Right_Config_Parm_Nav with [1] at Page = 0(PM Param 8 (LT Heater Set 1))
2020/1/21 12:57:52	BUTTON	[NAV CLICK] Right_Config_Parm_Nav - 1
2020/1/21 12:59:9	SETTING	[DIO] Right_Config_Parm_Nav with [8] at Page = 6(PM Param 1)
2020/1/21 12:59:9	BUTTON	[NAV CLICK] Right_Config_Parm_Nav - 8
2020/1/21 12:59:27	SETTING	[DIO] Right_Config_Parm_Nav with [7] at Page = 0(PM Param 8 (LT Heater Set 1))
2020/1/21 12:59:27	BUTTON	[NAV CLICK] Right_Config_Parm_Nav - 7
2020/1/21 12:59:28	SETTING	[DIO] Right_Config_Parm_Nav with [6] at Page = 12(PM Param 7)
2020/1/21 12:59:28	BUTTON	[NAV CLICK] Right_Config_Parm_Nav - 6
2020/1/21 12:59:30	SETTING	[DIO] Right_Config_Parm_Nav with [8] at Page = 11(PM Param 6)
2020/1/21 12:59:30	BUTTON	[NAV CLICK] Right_Config_Parm_Nav - 8
2020/1/21 12:59:50	SETTING	[DIO] Bottom_Service with [1] at Page = 0(PAGE 1)
2020/1/21 12:59:50	BUTTON	[BOTTOM CLICK] Bottom_Service
2020/1/21 12:59:52	SETTING	[DIO] Bottom_Config with [1] at Page = 0(PAGE 1)
2020/1/21 12:59:52	BUTTON	[BOTTOM CLICK] Bottom_Config
2020/1/21 12:59:57	SETTING	[DIO] Right_Config_Parm_Nav with [1] at Page = 0(PM Param 8 (LT Heater Set 1))
2020/1/21 12:59:57	BUTTON	[NAV CLICK] Right_Config_Parm_Nav - 1
2020/1/21 13:2:44	SETTING	[DIO] Right_Config_Parm with [1] at Page = 0(PAGE 1)
2020/1/21 13:2:44	BUTTON	[RIGHT CLICK] Right_Config_Parm
2020/1/21 13:14:5	SETTING	[DIO] Right_Config_Parm with [1] at Page = 0(PAGE 1)
2020/1/21 13:14:5	BUTTON	[RIGHT CLICK] Right_Config_Parm
2020/1/21 13:19:3	SETTING	[DIO] Right_Config_Parm with [1] at Page = 0(PAGE 1)
2020/1/21 13:19:3	BUTTON	[RIGHT CLICK] Right_Config_Parm
2020/1/21 13:19:48	SETTING	[DIO] Right_Config_Parm with [1] at Page = 0(PAGE 1)
2020/1/21 13:19:48	BUTTON	[RIGHT CLICK] Right_Config_Parm
2020/1/21 13:22:20	SETTING	[DIO] Right_Config_Parm_Nav with [6] at Page = 6(PM Param 1)
2020/1/21 13:22:20	BUTTON	[NAV CLICK] Right_Config_Parm_Nav - 6
2020/1/21 13:22:21	SETTING	[DIO] Right_Config_Parm_Nav with [2] at Page = 11(PM Param 6)
2020/1/21 13:22:21	BUTTON	[NAV CLICK] Right_Config_Parm_Nav - 2
2020/1/21 13:22:22	SETTING	[DIO] Right_Config_Parm_Nav with [3] at Page = 7(PM Param 2)
2020/1/21 13:22:22	BUTTON	[NAV CLICK] Right_Config_Parm_Nav - 3
2020/1/21 13:22:22	SETTING	[DIO] Right_Config_Parm_Nav with [8] at Page = 8(PM Param 3)
2020/1/21 13:22:22	BUTTON	[NAV CLICK] Right_Config_Parm_Nav - 8
2020/1/21 13:22:23	SETTING	[DIO] Right_Config_Parm_Nav with [7] at Page = 0(PM Param 8 (LT Heater Set 1))
2020/1/21 13:22:23	BUTTON	[NAV CLICK] Right_Config_Parm_Nav - 7
2020/1/21 13:22:23	SETTING	[DIO] Right_Config_Parm_Nav with [1] at Page = 0(PM Param 8 (LT Heater Set 1))
2020/1/21 13:22:23	BUTTON	[NAV CLICK] Right_Config_Parm_Nav - 1
2020/1/21 13:22:25	SETTING	[DIO] Right_Config_Parm_Nav with [5] at Page = 6(PM Param 1)
2020/1/21 13:22:25	BUTTON	[NAV CLICK] Right_Config_Parm_Nav - 5
2020/1/21 13:22:26	SETTING	[DIO] Right_Config_Parm_Nav with [3] at Page = 10(PM Param 5)
2020/1/21 13:22:26	BUTTON	[NAV CLICK] Right_Config_Parm_Nav - 3
2020/1/21 13:22:27	SETTING	[DIO] Right_Config_Parm_Nav with [1] at Page = 8(PM Param 3)
2020/1/21 13:22:27	BUTTON	[NAV CLICK] Right_Config_Parm_Nav - 1
2020/1/21 13:22:29	SETTING	[DIO] Bottom_System with [1] at Page = 0(PAGE 1)
2020/1/21 13:22:29	BUTTON	[BOTTOM CLICK] Bottom_System
2020/1/21 13:22:54	SETTING	[DIO] Bottom_Service with [1] at Page = 0(PAGE 1)
2020/1/21 13:22:54	BUTTON	[BOTTOM CLICK] Bottom_Service
2020/1/21 13:22:56	SETTING	[DIO] Bottom_Config with [1] at Page = 0(PAGE 1)
2020/1/21 13:22:56	BUTTON	[BOTTOM CLICK] Bottom_Config
2020/1/21 13:23:2	SETTING	[DIO] Right_Config_Parm_Nav with [2] at Page = 6(PM Param 1)
2020/1/21 13:23:2	BUTTON	[NAV CLICK] Right_Config_Parm_Nav - 2
2020/1/21 13:23:5	SETTING	[DIO] Right_Config_Parm_Nav with [3] at Page = 7(PM Param 2)
2020/1/21 13:23:5	BUTTON	[NAV CLICK] Right_Config_Parm_Nav - 3
2020/1/21 13:23:6	SETTING	[DIO] Right_Config_Parm_Nav with [4] at Page = 8(PM Param 3)
2020/1/21 13:23:6	BUTTON	[NAV CLICK] Right_Config_Parm_Nav - 4
2020/1/21 13:23:7	SETTING	[DIO] Right_Config_Parm_Nav with [5] at Page = 9(PM Param 4)
2020/1/21 13:23:7	BUTTON	[NAV CLICK] Right_Config_Parm_Nav - 5
2020/1/21 13:23:11	SETTING	[DIO] Right_Config_Parm_Nav with [2] at Page = 10(PM Param 5)
2020/1/21 13:23:11	BUTTON	[NAV CLICK] Right_Config_Parm_Nav - 2
2020/1/21 13:23:12	SETTING	[DIO] Right_Config_Parm_Nav with [6] at Page = 7(PM Param 2)
2020/1/21 13:23:12	BUTTON	[NAV CLICK] Right_Config_Parm_Nav - 6
2020/1/21 13:23:14	SETTING	[DIO] Right_Config_Parm_Nav with [5] at Page = 11(PM Param 6)
2020/1/21 13:23:14	BUTTON	[NAV CLICK] Right_Config_Parm_Nav - 5
2020/1/21 13:23:17	SETTING	[DIO] Right_Config_Parm_Nav with [2] at Page = 10(PM Param 5)
2020/1/21 13:23:17	BUTTON	[NAV CLICK] Right_Config_Parm_Nav - 2
2020/1/21 13:23:22	SETTING	[DIO] Right_Config_Parm_Nav with [3] at Page = 7(PM Param 2)
2020/1/21 13:23:22	BUTTON	[NAV CLICK] Right_Config_Parm_Nav - 3
2020/1/21 13:23:24	SETTING	[DIO] Right_Config_Parm_Nav with [4] at Page = 8(PM Param 3)
2020/1/21 13:23:24	BUTTON	[NAV CLICK] Right_Config_Parm_Nav - 4
2020/1/21 13:23:27	SETTING	[DIO] Right_Config_Parm_Nav with [5] at Page = 9(PM Param 4)
2020/1/21 13:23:27	BUTTON	[NAV CLICK] Right_Config_Parm_Nav - 5
2020/1/21 13:23:28	SETTING	[DIO] Right_Config_Parm_Nav with [3] at Page = 10(PM Param 5)
2020/1/21 13:23:28	BUTTON	[NAV CLICK] Right_Config_Parm_Nav - 3
2020/1/21 13:23:39	SETTING	[DIO] Right_Config_Parm_Nav with [6] at Page = 8(PM Param 3)
2020/1/21 13:23:39	BUTTON	[NAV CLICK] Right_Config_Parm_Nav - 6
2020/1/21 13:23:41	SETTING	[DIO] Right_Config_Parm_Nav with [7] at Page = 11(PM Param 6)
2020/1/21 13:23:41	BUTTON	[NAV CLICK] Right_Config_Parm_Nav - 7
2020/1/21 13:23:44	SETTING	[DIO] Right_Config_Parm_Nav with [6] at Page = 12(PM Param 7)
2020/1/21 13:23:44	BUTTON	[NAV CLICK] Right_Config_Parm_Nav - 6
2020/1/21 13:23:45	SETTING	[DIO] Right_Config_Parm_Nav with [7] at Page = 11(PM Param 6)
2020/1/21 13:23:45	BUTTON	[NAV CLICK] Right_Config_Parm_Nav - 7
2020/1/21 13:23:45	SETTING	[DIO] Right_Config_Parm_Nav with [8] at Page = 12(PM Param 7)
2020/1/21 13:23:45	BUTTON	[NAV CLICK] Right_Config_Parm_Nav - 8
2020/1/21 13:23:47	SETTING	[DIO] Right_Config_Parm_Nav with [6] at Page = 0(PM Param 8 (LT Heater Set 1))
2020/1/21 13:23:47	BUTTON	[NAV CLICK] Right_Config_Parm_Nav - 6
2020/1/21 13:23:48	SETTING	[DIO] Right_Config_Parm_Nav with [8] at Page = 11(PM Param 6)
2020/1/21 13:23:48	BUTTON	[NAV CLICK] Right_Config_Parm_Nav - 8
2020/1/21 13:23:49	SETTING	[DIO] Right_Config_Parm_Nav with [12] at Page = 0(PM Param 8 (LT Heater Set 1))
2020/1/21 13:23:49	BUTTON	[NAV CLICK] Right_Config_Parm_Nav - 12
2020/1/21 13:23:51	SETTING	[DIO] Right_Config_Parm_Nav with [8] at Page = 4(PM Param 8-4 (Line Heater Power Check))
2020/1/21 13:23:51	BUTTON	[NAV CLICK] Right_Config_Parm_Nav - 8
2020/1/21 13:23:53	SETTING	[DIO] Right_Config_Parm_Nav with [2] at Page = 0(PM Param 8 (LT Heater Set 1))
2020/1/21 13:23:53	BUTTON	[NAV CLICK] Right_Config_Parm_Nav - 2
2020/1/21 13:23:54	SETTING	[DIO] Right_Config_Parm_Nav with [1] at Page = 7(PM Param 2)
2020/1/21 13:23:54	BUTTON	[NAV CLICK] Right_Config_Parm_Nav - 1
2020/1/21 13:39:5	SETTING	[DIO] Right_Config_Parm_Nav with [2] at Page = 6(PM Param 1)
2020/1/21 13:39:5	BUTTON	[NAV CLICK] Right_Config_Parm_Nav - 2
2020/1/21 13:39:6	SETTING	[DIO] Right_Config_Parm_Nav with [3] at Page = 7(PM Param 2)
2020/1/21 13:39:6	BUTTON	[NAV CLICK] Right_Config_Parm_Nav - 3
2020/1/21 13:39:7	SETTING	[DIO] Right_Config_Parm_Nav with [4] at Page = 8(PM Param 3)
2020/1/21 13:39:7	BUTTON	[NAV CLICK] Right_Config_Parm_Nav - 4
2020/1/21 13:39:8	SETTING	[DIO] Right_Config_Parm_Nav with [5] at Page = 9(PM Param 4)
2020/1/21 13:39:8	BUTTON	[NAV CLICK] Right_Config_Parm_Nav - 5
2020/1/21 13:39:9	SETTING	[DIO] Right_Config_Parm_Nav with [6] at Page = 10(PM Param 5)
2020/1/21 13:39:9	BUTTON	[NAV CLICK] Right_Config_Parm_Nav - 6
2020/1/21 13:39:10	SETTING	[DIO] Right_Config_Parm_Nav with [7] at Page = 11(PM Param 6)
2020/1/21 13:39:10	BUTTON	[NAV CLICK] Right_Config_Parm_Nav - 7
2020/1/21 13:39:13	SETTING	[DIO] Right_Config_Parm_Nav with [2] at Page = 12(PM Param 7)
2020/1/21 13:39:13	BUTTON	[NAV CLICK] Right_Config_Parm_Nav - 2
2020/1/21 13:39:14	SETTING	[DIO] Right_Config_Parm_Nav with [3] at Page = 7(PM Param 2)
2020/1/21 13:39:14	BUTTON	[NAV CLICK] Right_Config_Parm_Nav - 3
2020/1/21 13:39:16	SETTING	[DIO] Right_Config_Parm_Nav with [4] at Page = 8(PM Param 3)
2020/1/21 13:39:16	BUTTON	[NAV CLICK] Right_Config_Parm_Nav - 4
2020/1/21 13:39:19	SETTING	[DIO] Right_Config_Parm_Nav with [1] at Page = 9(PM Param 4)
2020/1/21 13:39:19	BUTTON	[NAV CLICK] Right_Config_Parm_Nav - 1
2020/1/21 13:45:28	SETTING	[DIO] Right_Config_Parm_Nav with [2] at Page = 6(PM Param 1)
2020/1/21 13:45:28	BUTTON	[NAV CLICK] Right_Config_Parm_Nav - 2
2020/1/21 13:46:16	SETTING	[DIO] Right_Config_Parm_Nav with [5] at Page = 7(PM Param 2)
2020/1/21 13:46:16	BUTTON	[NAV CLICK] Right_Config_Parm_Nav - 5
2020/1/21 13:51:3	SETTING	[DIO] Right_Config_Parm_Nav with [2] at Page = 10(PM Param 5)
2020/1/21 13:51:3	BUTTON	[NAV CLICK] Right_Config_Parm_Nav - 2
2020/1/21 14:9:32	SETTING	[DIO] Right_Config_Parm with [1] at Page = 0(PAGE 1)
2020/1/21 14:9:32	BUTTON	[RIGHT CLICK] Right_Config_Parm
2020/1/21 14:10:36	SETTING	[DIO] Right_Config_Parm_Nav with [1] at Page = 7(PM Param 2)
2020/1/21 14:10:36	BUTTON	[NAV CLICK] Right_Config_Parm_Nav - 1
2020/1/21 14:10:56	SETTING	[DIO] Right_Config_Parm_Nav with [3] at Page = 6(PM Param 1)
2020/1/21 14:10:56	BUTTON	[NAV CLICK] Right_Config_Parm_Nav - 3
2020/1/21 14:11:2	SETTING	[DIO] Right_Config_Parm_Nav with [1] at Page = 8(PM Param 3)
2020/1/21 14:11:2	BUTTON	[NAV CLICK] Right_Config_Parm_Nav - 1
2020/1/21 14:11:6	SETTING	[DIO] Right_Config_Parm_Nav with [3] at Page = 6(PM Param 1)
2020/1/21 14:11:6	BUTTON	[NAV CLICK] Right_Config_Parm_Nav - 3
2020/1/21 14:11:8	SETTING	[DIO] Right_Config_Parm_Nav with [1] at Page = 8(PM Param 3)
2020/1/21 14:11:8	BUTTON	[NAV CLICK] Right_Config_Parm_Nav - 1
2020/1/21 14:11:20	SETTING	[DIO] Bottom_System with [1] at Page = 0(PAGE 1)
2020/1/21 14:11:20	BUTTON	[BOTTOM CLICK] Bottom_System
2020/1/21 14:11:27	SETTING	[DIO] Bottom_Service with [1] at Page = 0(PAGE 1)
2020/1/21 14:11:27	BUTTON	[BOTTOM CLICK] Bottom_Service
2020/1/21 14:11:30	SETTING	[DIO] Bottom_Config with [1] at Page = 0(PAGE 1)
2020/1/21 14:11:30	BUTTON	[BOTTOM CLICK] Bottom_Config
2020/1/21 14:11:57	SETTING	[DIO] Right_Config_Parm_Nav with [5] at Page = 6(PM Param 1)
2020/1/21 14:11:57	BUTTON	[NAV CLICK] Right_Config_Parm_Nav - 5
2020/1/21 14:12:2	SETTING	[DIO] Right_Config_Parm_Nav with [1] at Page = 10(PM Param 5)
2020/1/21 14:12:2	BUTTON	[NAV CLICK] Right_Config_Parm_Nav - 1
2020/1/21 14:14:28	SETTING	[DIO] Right_Config_Parm_Nav with [2] at Page = 6(PM Param 1)
2020/1/21 14:14:28	BUTTON	[NAV CLICK] Right_Config_Parm_Nav - 2
2020/1/21 14:14:28	SETTING	[DIO] Right_Config_Parm_Nav with [3] at Page = 7(PM Param 2)
2020/1/21 14:14:28	BUTTON	[NAV CLICK] Right_Config_Parm_Nav - 3
2020/1/21 14:14:29	SETTING	[DIO] Right_Config_Parm_Nav with [4] at Page = 8(PM Param 3)
2020/1/21 14:14:29	BUTTON	[NAV CLICK] Right_Config_Parm_Nav - 4
2020/1/21 14:14:29	SETTING	[DIO] Right_Config_Parm_Nav with [5] at Page = 9(PM Param 4)
2020/1/21 14:14:29	BUTTON	[NAV CLICK] Right_Config_Parm_Nav - 5
2020/1/21 14:14:29	SETTING	[DIO] Right_Config_Parm_Nav with [4] at Page = 10(PM Param 5)
2020/1/21 14:14:29	BUTTON	[NAV CLICK] Right_Config_Parm_Nav - 4
2020/1/21 14:14:30	SETTING	[DIO] Right_Config_Parm_Nav with [3] at Page = 9(PM Param 4)
2020/1/21 14:14:30	BUTTON	[NAV CLICK] Right_Config_Parm_Nav - 3
2020/1/21 14:14:30	SETTING	[DIO] Right_Config_Parm_Nav with [2] at Page = 8(PM Param 3)
2020/1/21 14:14:30	BUTTON	[NAV CLICK] Right_Config_Parm_Nav - 2
2020/1/21 14:14:30	SETTING	[DIO] Right_Config_Parm_Nav with [1] at Page = 7(PM Param 2)
2020/1/21 14:14:30	BUTTON	[NAV CLICK] Right_Config_Parm_Nav - 1
2020/1/21 14:14:39	SETTING	[DIO] Right_Config_Parm_Nav with [2] at Page = 6(PM Param 1)
2020/1/21 14:14:39	BUTTON	[NAV CLICK] Right_Config_Parm_Nav - 2
2020/1/21 14:24:39	SETTING	[DIO] Right_Config_Parm with [1] at Page = 0(PAGE 1)
2020/1/21 14:24:39	BUTTON	[RIGHT CLICK] Right_Config_Parm
2020/1/21 14:25:19	SETTING	[DIO] Right_Config_Parm with [1] at Page = 0(PAGE 1)
2020/1/21 14:25:19	BUTTON	[RIGHT CLICK] Right_Config_Parm
2020/1/21 14:30:27	SETTING	[DIO] Right_Config_Parm with [1] at Page = 0(PAGE 1)
2020/1/21 14:30:27	BUTTON	[RIGHT CLICK] Right_Config_Parm
2020/1/21 14:31:21	SETTING	[DIO] Right_Config_Parm with [1] at Page = 0(PAGE 1)
2020/1/21 14:31:21	BUTTON	[RIGHT CLICK] Right_Config_Parm
2020/1/21 14:31:37	SETTING	[DIO] Right_Config_Parm with [1] at Page = 0(PAGE 1)
2020/1/21 14:31:37	BUTTON	[RIGHT CLICK] Right_Config_Parm
2020/1/21 14:33:6	SETTING	[DIO] Right_Config_Parm with [1] at Page = 0(PAGE 1)
2020/1/21 14:33:6	BUTTON	[RIGHT CLICK] Right_Config_Parm
2020/1/21 14:33:50	SETTING	[DIO] Right_Config_Parm_Nav with [1] at Page = 7(PM Param 2)
2020/1/21 14:33:50	BUTTON	[NAV CLICK] Right_Config_Parm_Nav - 1
2020/1/21 14:38:12	USERCONTROL	[SYSTEM_START]
2020/1/21 14:38:22	POPUP	[OPEN] LogIn/Out at Page = 0(PAGE 1)
2020/1/21 14:38:24	USERCONTROL	[USER_LOG__IN] <IPS:Sysadmin>
2020/1/21 14:38:25	SETTING	[DIO] Bottom_Config with [1] at Page = 0(PAGE 1)
2020/1/21 14:38:25	BUTTON	[BOTTOM CLICK] Bottom_Config
2020/1/21 14:40:45	SETTING	[DIO] Right_Config_Parm with [1] at Page = 0(PAGE 1)
2020/1/21 14:40:45	BUTTON	[RIGHT CLICK] Right_Config_Parm
2020/1/21 14:42:51	USERCONTROL	[SYSTEM_START]
2020/1/21 14:43:2	POPUP	[OPEN] LogIn/Out at Page = 0(PAGE 1)
2020/1/21 14:43:4	USERCONTROL	[USER_LOG__IN] <IPS:Sysadmin>
2020/1/21 14:43:5	SETTING	[DIO] Bottom_Config with [1] at Page = 0(PAGE 1)
2020/1/21 14:43:5	BUTTON	[BOTTOM CLICK] Bottom_Config
2020/1/21 14:44:0	USERCONTROL	[SYSTEM_START]
2020/1/21 14:44:11	POPUP	[OPEN] LogIn/Out at Page = 0(PAGE 1)
2020/1/21 14:44:13	USERCONTROL	[USER_LOG__IN] <IPS:Sysadmin>
2020/1/21 14:44:14	SETTING	[DIO] Bottom_Service with [1] at Page = 0(PAGE 1)
2020/1/21 14:44:14	BUTTON	[BOTTOM CLICK] Bottom_Service
2020/1/21 14:44:15	SETTING	[DIO] Bottom_Config with [1] at Page = 0(PAGE 1)
2020/1/21 14:44:15	BUTTON	[BOTTOM CLICK] Bottom_Config
2020/1/21 14:45:51	SETTING	[DIO] Right_Config_Parm_Nav with [2] at Page = 6(PM Param 1)
2020/1/21 14:45:51	BUTTON	[NAV CLICK] Right_Config_Parm_Nav - 2
2020/1/21 14:45:58	SETTING	[DIO] Right_Config_Parm_Nav with [1] at Page = 7(PM Param 2)
2020/1/21 14:45:58	BUTTON	[NAV CLICK] Right_Config_Parm_Nav - 1
2020/1/21 14:46:27	SETTING	[DIO] Right_Config_Parm with [1] at Page = 0(PAGE 1)
2020/1/21 14:46:27	BUTTON	[RIGHT CLICK] Right_Config_Parm
2020/1/21 14:46:40	SETTING	[DIO] Right_Config_Parm_Nav with [2] at Page = 6(PM Param 1)
2020/1/21 14:46:40	BUTTON	[NAV CLICK] Right_Config_Parm_Nav - 2
2020/1/21 14:46:55	SETTING	[DIO] Right_Config_Parm_Nav with [1] at Page = 7(PM Param 2)
2020/1/21 14:46:55	BUTTON	[NAV CLICK] Right_Config_Parm_Nav - 1
2020/1/21 14:47:0	SETTING	[DIO] Right_Config_Parm_Nav with [2] at Page = 6(PM Param 1)
2020/1/21 14:47:0	BUTTON	[NAV CLICK] Right_Config_Parm_Nav - 2
2020/1/21 14:47:9	SETTING	[DIO] Right_Config_Parm_Nav with [1] at Page = 7(PM Param 2)
2020/1/21 14:47:9	BUTTON	[NAV CLICK] Right_Config_Parm_Nav - 1
2020/1/21 14:47:18	SETTING	[DIO] Right_Config_Parm_Nav with [2] at Page = 6(PM Param 1)
2020/1/21 14:47:18	BUTTON	[NAV CLICK] Right_Config_Parm_Nav - 2
2020/1/21 14:47:22	SETTING	[DIO] Right_Config_Parm_Nav with [3] at Page = 7(PM Param 2)
2020/1/21 14:47:22	BUTTON	[NAV CLICK] Right_Config_Parm_Nav - 3
2020/1/21 14:47:24	SETTING	[DIO] Right_Config_Parm_Nav with [2] at Page = 8(PM Param 3)
2020/1/21 14:47:24	BUTTON	[NAV CLICK] Right_Config_Parm_Nav - 2
2020/1/21 14:47:55	SETTING	[DIO] Right_Config_Parm_Nav with [3] at Page = 7(PM Param 2)
2020/1/21 14:47:55	BUTTON	[NAV CLICK] Right_Config_Parm_Nav - 3
2020/1/21 14:47:55	SETTING	[DIO] Right_Config_Parm_Nav with [4] at Page = 8(PM Param 3)
2020/1/21 14:47:55	BUTTON	[NAV CLICK] Right_Config_Parm_Nav - 4
2020/1/21 14:48:30	SETTING	[DIO] Right_Config_Parm_Nav with [5] at Page = 9(PM Param 4)
2020/1/21 14:48:30	BUTTON	[NAV CLICK] Right_Config_Parm_Nav - 5
2020/1/21 14:48:31	SETTING	[DIO] Right_Config_Parm_Nav with [5] at Page = 10(PM Param 5)
2020/1/21 14:48:31	BUTTON	[NAV CLICK] Right_Config_Parm_Nav - 5
2020/1/21 14:48:33	SETTING	[DIO] Right_Config_Parm_Nav with [6] at Page = 10(PM Param 5)
2020/1/21 14:48:33	BUTTON	[NAV CLICK] Right_Config_Parm_Nav - 6
2020/1/21 14:48:34	SETTING	[DIO] Right_Config_Parm_Nav with [7] at Page = 11(PM Param 6)
2020/1/21 14:48:34	BUTTON	[NAV CLICK] Right_Config_Parm_Nav - 7
2020/1/21 14:48:35	SETTING	[DIO] Right_Config_Parm_Nav with [8] at Page = 12(PM Param 7)
2020/1/21 14:48:35	BUTTON	[NAV CLICK] Right_Config_Parm_Nav - 8
2020/1/21 14:48:44	SETTING	[DIO] Right_Config_Parm_Nav with [7] at Page = 0(PM Param 8 (LT Heater Set 1))
2020/1/21 14:48:44	BUTTON	[NAV CLICK] Right_Config_Parm_Nav - 7
2020/1/21 14:48:45	SETTING	[DIO] Right_Config_Parm_Nav with [6] at Page = 12(PM Param 7)
2020/1/21 14:48:45	BUTTON	[NAV CLICK] Right_Config_Parm_Nav - 6
2020/1/21 14:48:46	SETTING	[DIO] Right_Config_Parm_Nav with [1] at Page = 11(PM Param 6)
2020/1/21 14:48:46	BUTTON	[NAV CLICK] Right_Config_Parm_Nav - 1
2020/1/21 14:48:47	SETTING	[DIO] Right_Config_Parm_Nav with [2] at Page = 6(PM Param 1)
2020/1/21 14:48:47	BUTTON	[NAV CLICK] Right_Config_Parm_Nav - 2
2020/1/21 14:48:49	SETTING	[DIO] Right_Config_Parm_Nav with [3] at Page = 7(PM Param 2)
2020/1/21 14:48:49	BUTTON	[NAV CLICK] Right_Config_Parm_Nav - 3
2020/1/21 14:48:52	SETTING	[DIO] Right_Config_Parm_Nav with [4] at Page = 8(PM Param 3)
2020/1/21 14:48:52	BUTTON	[NAV CLICK] Right_Config_Parm_Nav - 4
2020/1/21 14:48:54	SETTING	[DIO] Right_Config_Parm_Nav with [5] at Page = 9(PM Param 4)
2020/1/21 14:48:54	BUTTON	[NAV CLICK] Right_Config_Parm_Nav - 5
2020/1/21 15:4:20	SETTING	[DIO] Right_Config_Parm with [1] at Page = 0(PAGE 1)
2020/1/21 15:4:20	BUTTON	[RIGHT CLICK] Right_Config_Parm
2020/1/21 15:7:10	SETTING	[DIO] Right_Config_Parm_Nav with [1] at Page = 10(PM Param 5)
2020/1/21 15:7:10	BUTTON	[NAV CLICK] Right_Config_Parm_Nav - 1
2020/1/21 15:7:14	SETTING	[DIO] Right_Config_Parm_Nav with [5] at Page = 6(PM Param 1)
2020/1/21 15:7:14	BUTTON	[NAV CLICK] Right_Config_Parm_Nav - 5
2020/1/21 15:13:38	SETTING	[DIO] Right_Config_Parm with [1] at Page = 0(PAGE 1)
2020/1/21 15:13:38	BUTTON	[RIGHT CLICK] Right_Config_Parm
2020/1/21 15:15:21	SETTING	[DIO] Right_Config_Parm with [1] at Page = 0(PAGE 1)
2020/1/21 15:15:21	BUTTON	[RIGHT CLICK] Right_Config_Parm
2020/1/21 15:15:26	SETTING	[DIO] Right_Config_Parm_Nav with [4] at Page = 10(PM Param 5)
2020/1/21 15:15:26	BUTTON	[NAV CLICK] Right_Config_Parm_Nav - 4
2020/1/21 15:15:27	SETTING	[DIO] Right_Config_Parm_Nav with [3] at Page = 9(PM Param 4)
2020/1/21 15:15:27	BUTTON	[NAV CLICK] Right_Config_Parm_Nav - 3
2020/1/21 15:15:28	SETTING	[DIO] Right_Config_Parm_Nav with [1] at Page = 8(PM Param 3)
2020/1/21 15:15:28	BUTTON	[NAV CLICK] Right_Config_Parm_Nav - 1
2020/1/21 15:15:33	SETTING	[DIO] Right_Config_Parm_Nav with [5] at Page = 6(PM Param 1)
2020/1/21 15:15:33	BUTTON	[NAV CLICK] Right_Config_Parm_Nav - 5
2020/1/21 15:15:36	SETTING	[DIO] Right_Config_Parm_Nav with [1] at Page = 10(PM Param 5)
2020/1/21 15:15:36	BUTTON	[NAV CLICK] Right_Config_Parm_Nav - 1
2020/1/21 15:15:37	SETTING	[DIO] Right_Config_Parm_Nav with [2] at Page = 6(PM Param 1)
2020/1/21 15:15:37	BUTTON	[NAV CLICK] Right_Config_Parm_Nav - 2
2020/1/21 15:15:39	SETTING	[DIO] Right_Config_Parm_Nav with [1] at Page = 7(PM Param 2)
2020/1/21 15:15:39	BUTTON	[NAV CLICK] Right_Config_Parm_Nav - 1
2020/1/21 15:16:58	SETTING	[DIO] Right_Config_Parm_Nav with [4] at Page = 6(PM Param 1)
2020/1/21 15:16:58	BUTTON	[NAV CLICK] Right_Config_Parm_Nav - 4
2020/1/21 15:16:59	SETTING	[DIO] Right_Config_Parm_Nav with [5] at Page = 9(PM Param 4)
2020/1/21 15:16:59	BUTTON	[NAV CLICK] Right_Config_Parm_Nav - 5
2020/1/21 15:17:26	SETTING	[DIO] Main_Screen_Button with [1] at Page = 0(PAGE 1)
2020/1/21 15:17:26	BUTTON	[GO_DIRECT CLICK] Main_Screen_Button
2020/1/21 17:29:35	USERCONTROL	[SYSTEM_START]
2020/1/21 17:29:45	POPUP	[OPEN] LogIn/Out at Page = 0(PAGE 1)
2020/1/21 17:29:46	USERCONTROL	[USER_LOG__IN] <IPS:Sysadmin>
2020/1/21 17:29:47	SETTING	[DIO] Bottom_Config with [1] at Page = 0(PAGE 1)
2020/1/21 17:29:47	BUTTON	[BOTTOM CLICK] Bottom_Config
2020/1/21 17:31:2	USERCONTROL	[SYSTEM_START]
2020/1/21 17:31:10	POPUP	[OPEN] LogIn/Out at Page = 0(PAGE 1)
2020/1/21 17:31:11	USERCONTROL	[USER_LOG__IN] <IPS:Sysadmin>
2020/1/21 17:31:12	SETTING	[DIO] Bottom_Config with [1] at Page = 0(PAGE 1)
2020/1/21 17:31:12	BUTTON	[BOTTOM CLICK] Bottom_Config
2020/1/21 17:32:7	USERCONTROL	[SYSTEM_START]
2020/1/21 17:32:14	POPUP	[OPEN] LogIn/Out at Page = 0(PAGE 1)
2020/1/21 17:32:16	USERCONTROL	[USER_LOG__IN] <IPS:Sysadmin>
2020/1/21 17:32:16	SETTING	[DIO] Bottom_Config with [1] at Page = 0(PAGE 1)
2020/1/21 17:32:16	BUTTON	[BOTTOM CLICK] Bottom_Config
2020/1/21 17:32:21	SETTING	[DIO] Right_Config_Parm_Nav with [2] at Page = 6(PM Param 1)
2020/1/21 17:32:21	BUTTON	[NAV CLICK] Right_Config_Parm_Nav - 2
2020/1/21 17:32:23	SETTING	[DIO] Right_Config_Parm_Nav with [1] at Page = 7(PM Param 2)
2020/1/21 17:32:23	BUTTON	[NAV CLICK] Right_Config_Parm_Nav - 1
2020/1/21 17:32:26	SETTING	[DIO] Right_Config_Parm_Nav with [2] at Page = 6(PM Param 1)
2020/1/21 17:32:26	BUTTON	[NAV CLICK] Right_Config_Parm_Nav - 2
2020/1/21 17:32:32	SETTING	[DIO] Right_Config_Parm_Nav with [1] at Page = 7(PM Param 2)
2020/1/21 17:32:32	BUTTON	[NAV CLICK] Right_Config_Parm_Nav - 1
2020/1/21 17:32:44	SETTING	[DIO] Right_Config_Parm_Nav with [2] at Page = 6(PM Param 1)
2020/1/21 17:32:44	BUTTON	[NAV CLICK] Right_Config_Parm_Nav - 2
2020/1/21 17:32:46	SETTING	[DIO] Right_Config_Parm_Nav with [1] at Page = 7(PM Param 2)
2020/1/21 17:32:46	BUTTON	[NAV CLICK] Right_Config_Parm_Nav - 1
2020/1/21 17:32:59	SETTING	[DIO] Right_Config_Parm_Nav with [2] at Page = 6(PM Param 1)
2020/1/21 17:32:59	BUTTON	[NAV CLICK] Right_Config_Parm_Nav - 2
2020/1/21 17:33:3	SETTING	[DIO] Right_Config_Parm_Nav with [1] at Page = 7(PM Param 2)
2020/1/21 17:33:3	BUTTON	[NAV CLICK] Right_Config_Parm_Nav - 1
2020/1/21 17:35:20	USERCONTROL	[SYSTEM_START]
2020/1/21 17:35:29	POPUP	[OPEN] LogIn/Out at Page = 0(PAGE 1)
2020/1/21 17:35:31	USERCONTROL	[USER_LOG__IN] <IPS:Sysadmin>
2020/1/21 17:35:32	SETTING	[DIO] Bottom_Config with [1] at Page = 0(PAGE 1)
2020/1/21 17:35:32	BUTTON	[BOTTOM CLICK] Bottom_Config
2020/1/21 17:36:7	USERCONTROL	[SYSTEM_START]
2020/1/21 17:36:17	POPUP	[OPEN] LogIn/Out at Page = 0(PAGE 1)
2020/1/21 17:36:20	USERCONTROL	[USER_LOG__IN] <IPS:Sysadmin>
2020/1/21 17:36:21	SETTING	[DIO] Bottom_Config with [1] at Page = 0(PAGE 1)
2020/1/21 17:36:21	BUTTON	[BOTTOM CLICK] Bottom_Config
2020/1/21 17:39:1	SETTING	[DIO] Bottom_Service with [1] at Page = 0(PAGE 1)
2020/1/21 17:39:1	BUTTON	[BOTTOM CLICK] Bottom_Service
2020/1/21 17:39:4	SETTING	[DIO] Bottom_System with [1] at Page = 0(PAGE 1)
2020/1/21 17:39:4	BUTTON	[BOTTOM CLICK] Bottom_System
2020/1/21 17:39:5	SETTING	[DIO] Bottom_Config with [1] at Page = 0(PAGE 1)
2020/1/21 17:39:5	BUTTON	[BOTTOM CLICK] Bottom_Config
2020/1/21 17:39:17	SETTING	[DIO] Right_Config_Parm_Nav with [2] at Page = 6(PM Param 1)
2020/1/21 17:39:17	BUTTON	[NAV CLICK] Right_Config_Parm_Nav - 2
2020/1/21 17:39:20	SETTING	[DIO] Right_Config_Parm_Nav with [3] at Page = 7(PM Param 2)
2020/1/21 17:39:20	BUTTON	[NAV CLICK] Right_Config_Parm_Nav - 3
2020/1/21 17:39:22	SETTING	[DIO] Right_Config_Parm_Nav with [5] at Page = 8(PM Param 3)
2020/1/21 17:39:22	BUTTON	[NAV CLICK] Right_Config_Parm_Nav - 5
2020/1/21 17:39:25	SETTING	[DIO] Right_Config_Parm_Nav with [1] at Page = 10(PM Param 5)
2020/1/21 17:39:25	BUTTON	[NAV CLICK] Right_Config_Parm_Nav - 1
