2017/4/11 10:43:57	IOEDIT	DirectIO Edit => DIO:IOLockDO , VALUE:1
2017/4/11 10:44:1	IOEDIT	DirectIO Edit => DIO:INTLKS_CONTROL , VALUE:3
2017/4/11 10:51:24	SETTING	[DIO] Bottom_System with [1] at Page = 0(PAGE 1)
2017/4/11 10:51:24	BUTTON	[BOTTOM CLICK] Bottom_System
2017/4/11 10:51:26	SETTING	[DIO] Right_System_Control with [1] at Page = 0(PAGE 1)
2017/4/11 10:51:26	BUTTON	[RIGHT CLICK] Right_System_Control
2017/4/11 10:51:28	FUNCTION	[START] SERV_MAIN with [ABORT_GAS] at Page = 1(Control)
2017/4/11 10:51:28	SETTING	[DIO] Right_System_Main with [1] at Page = 0(PAGE 1)
2017/4/11 10:51:28	BUTTON	[RIGHT CLICK] Right_System_Main
2017/4/11 13:29:7	SETTING	[DIO] Right_System_Control with [1] at Page = 0(PAGE 1)
2017/4/11 13:29:7	BUTTON	[RIGHT CLICK] Right_System_Control
2017/4/11 13:29:9	FUNCTION	[START] SERV_MAIN with [VENT] at Page = 1(Control)
2017/4/11 13:29:11	SETTING	[DIO] Right_System_Main with [1] at Page = 0(PAGE 1)
2017/4/11 13:29:11	BUTTON	[RIGHT CLICK] Right_System_Main
2017/4/11 13:29:12	SETTING	[DIO] Bottom_Alarm with [1] at Page = 0(PAGE 1)
2017/4/11 13:29:12	BUTTON	[BOTTOM CLICK] Bottom_Alarm
2017/4/11 13:29:16	SETTING	[DIO] Bottom_Service with [1] at Page = 0(PAGE 1)
2017/4/11 13:29:16	BUTTON	[BOTTOM CLICK] Bottom_Service
2017/4/11 13:29:18	SETTING	[DIO] Bottom_System with [1] at Page = 0(PAGE 1)
2017/4/11 13:29:18	BUTTON	[BOTTOM CLICK] Bottom_System
2017/4/11 13:29:57	SETTING	[DIO] Bottom_Config with [1] at Page = 0(PAGE 1)
2017/4/11 13:29:57	BUTTON	[BOTTOM CLICK] Bottom_Config
2017/4/11 13:29:58	SETTING	[DIO] Right_Config_Parm_Nav with [2] at Page = 11(PM Param 6)
2017/4/11 13:29:58	BUTTON	[NAV CLICK] Right_Config_Parm_Nav - 2
2017/4/11 13:30:0	SETTING	[DIO] Right_Config_Parm_Nav with [1] at Page = 7(PM Param 2)
2017/4/11 13:30:0	BUTTON	[NAV CLICK] Right_Config_Parm_Nav - 1
2017/4/11 13:30:12	SETTING	[DIO] Bottom_System with [1] at Page = 0(PAGE 1)
2017/4/11 13:30:12	BUTTON	[BOTTOM CLICK] Bottom_System
2017/4/11 13:34:8	SETTING	[DIO] Bottom_Alarm with [1] at Page = 0(PAGE 1)
2017/4/11 13:34:8	BUTTON	[BOTTOM CLICK] Bottom_Alarm
2017/4/11 13:41:27	SETTING	[DIO] Bottom_Config with [1] at Page = 0(PAGE 1)
2017/4/11 13:41:27	BUTTON	[BOTTOM CLICK] Bottom_Config
2017/4/11 13:41:30	SETTING	[DIO] Bottom_System with [1] at Page = 0(PAGE 1)
2017/4/11 13:41:30	BUTTON	[BOTTOM CLICK] Bottom_System
2017/4/11 13:41:32	SETTING	[DIO] Right_System_Control with [1] at Page = 0(PAGE 1)
2017/4/11 13:41:32	BUTTON	[RIGHT CLICK] Right_System_Control
2017/4/11 13:41:33	SETTING	[DIO] Main_Screen_Button with [1] at Page = 0(PAGE 1)
2017/4/11 13:41:33	BUTTON	[GO_DIRECT CLICK] Main_Screen_Button
2017/4/11 13:41:35	SETTING	[DIO] Bottom_Config with [1] at Page = 0(PAGE 1)
2017/4/11 13:41:35	BUTTON	[BOTTOM CLICK] Bottom_Config
2017/4/11 13:41:37	SETTING	[DIO] Bottom_Service with [1] at Page = 0(PAGE 1)
2017/4/11 13:41:37	BUTTON	[BOTTOM CLICK] Bottom_Service
2017/4/11 13:41:39	SETTING	[DIO] Right_Service_Htr with [1] at Page = 0(PAGE 1)
2017/4/11 13:41:39	BUTTON	[RIGHT CLICK] Right_Service_Htr
2017/4/11 13:52:8	SETTING	[DIO] Right_Service_DirectIO with [1] at Page = 0(PAGE 1)
2017/4/11 13:52:8	BUTTON	[RIGHT CLICK] Right_Service_DirectIO
2017/4/11 13:55:24	SETTING	[DIO] Bottom_Alarm with [1] at Page = 0(PAGE 1)
2017/4/11 13:55:24	BUTTON	[BOTTOM CLICK] Bottom_Alarm
