2017/5/8 9:49:41	USERCONTROL	[SYSTEM_START]
2017/5/8 9:49:54	POPUP	[OPEN] LogIn/Out at Page = 0(PAGE 1)
2017/5/8 9:49:55	USERCONTROL	[USER_LOG__IN] <IPS:Sysadmin>
2017/5/8 9:58:1	SETTING	[DIO] Bottom_System with [1] at Page = 0(PAGE 1)
2017/5/8 9:58:1	BUTTON	[BOTTOM CLICK] Bottom_System
2017/5/8 10:11:30	SETTING	[DIO] Bottom_Recipe with [1] at Page = 0(PAGE 1)
2017/5/8 10:11:30	BUTTON	[BOTTOM CLICK] Bottom_Recipe
2017/5/8 10:11:32	SETTING	[DIO] Bottom_Service with [1] at Page = 0(PAGE 1)
2017/5/8 10:11:32	BUTTON	[BOTTOM CLICK] Bottom_Service
2017/5/8 10:11:33	SETTING	[DIO] Bottom_Config with [1] at Page = 0(PAGE 1)
2017/5/8 10:11:33	BUTTON	[BOTTOM CLICK] Bottom_Config
2017/5/8 10:11:34	SETTING	[DIO] Bottom_Utility with [1] at Page = 0(PAGE 1)
2017/5/8 10:11:34	BUTTON	[BOTTOM CLICK] Bottom_Utility
2017/5/8 10:11:36	SETTING	[DIO] Bottom_System with [1] at Page = 0(PAGE 1)
2017/5/8 10:11:36	BUTTON	[BOTTOM CLICK] Bottom_System
2017/5/8 10:11:37	SETTING	[DIO] Right_System_Control with [1] at Page = 0(PAGE 1)
2017/5/8 10:11:37	BUTTON	[RIGHT CLICK] Right_System_Control
2017/5/8 10:11:39	SETTING	[DIO] Bottom_Recipe with [1] at Page = 0(PAGE 1)
2017/5/8 10:11:39	BUTTON	[BOTTOM CLICK] Bottom_Recipe
2017/5/8 10:11:40	SETTING	[DIO] Bottom_System with [1] at Page = 0(PAGE 1)
2017/5/8 10:11:40	BUTTON	[BOTTOM CLICK] Bottom_System
2017/5/8 10:11:41	SETTING	[DIO] Right_System_Main with [1] at Page = 0(PAGE 1)
2017/5/8 10:11:41	BUTTON	[RIGHT CLICK] Right_System_Main
2017/5/8 10:15:6	SETTING	[DIO] Bottom_Utility with [1] at Page = 0(PAGE 1)
2017/5/8 10:15:6	BUTTON	[BOTTOM CLICK] Bottom_Utility
2017/5/8 10:16:16	SETTING	[DIO] Bottom_System with [1] at Page = 0(PAGE 1)
2017/5/8 10:16:16	BUTTON	[BOTTOM CLICK] Bottom_System
2017/5/8 10:16:18	SETTING	[DIO] Bottom_Service with [1] at Page = 0(PAGE 1)
2017/5/8 10:16:18	BUTTON	[BOTTOM CLICK] Bottom_Service
2017/5/8 10:16:20	SETTING	[DIO] Right_Service_DirectIO with [1] at Page = 0(PAGE 1)
2017/5/8 10:16:20	BUTTON	[RIGHT CLICK] Right_Service_DirectIO
2017/5/8 10:19:40	SETTING	[DIO] Bottom_System with [1] at Page = 0(PAGE 1)
2017/5/8 10:19:40	BUTTON	[BOTTOM CLICK] Bottom_System
2017/5/8 10:27:14	SETTING	[DIO] Bottom_Service with [1] at Page = 0(PAGE 1)
2017/5/8 10:27:14	BUTTON	[BOTTOM CLICK] Bottom_Service
2017/5/8 13:57:21	SETTING	[DIO] Bottom_System with [1] at Page = 0(PAGE 1)
2017/5/8 13:57:21	BUTTON	[BOTTOM CLICK] Bottom_System
2017/5/8 14:13:38	SETTING	[DIO] FastRoughVlvDO with [Open(1)] at Page = 0(Main)
2017/5/8 14:22:59	SETTING	[AIO] M651_Set_Position with [5.000] at Page = 0(Main)
2017/5/8 14:23:7	SETTING	[AIO] M651_Set_Position with [15.000] at Page = 0(Main)
2017/5/8 14:23:42	SETTING	[AIO] M651_Set_Position with [100.000] at Page = 0(Main)
2017/5/8 14:23:48	SETTING	[DIO] ProcBGIsoVlvDO with [Open(1)] at Page = 0(Main)
2017/5/8 14:23:51	SETTING	[DIO] VacSwIsoVlvDO with [Open(1)] at Page = 0(Main)
2017/5/8 14:24:5	SETTING	[DIO] FastRoughVlvDO with [Close(0)] at Page = 0(Main)
2017/5/8 14:24:9	SETTING	[DIO] FastRoughVlvDO with [Open(1)] at Page = 0(Main)
2017/5/8 14:26:31	SETTING	[DIO] Bottom_Service with [1] at Page = 0(PAGE 1)
2017/5/8 14:26:31	BUTTON	[BOTTOM CLICK] Bottom_Service
2017/5/8 14:27:0	SETTING	[DIO] Bottom_System with [1] at Page = 0(PAGE 1)
2017/5/8 14:27:0	BUTTON	[BOTTOM CLICK] Bottom_System
2017/5/8 14:50:34	SETTING	[DIO] FastRoughVlvDO with [Close(0)] at Page = 0(Main)
2017/5/8 14:50:39	SETTING	[DIO] FastRoughVlvDO with [Open(1)] at Page = 0(Main)
2017/5/8 14:51:37	SETTING	[DIO] FastRoughVlvDO with [Close(0)] at Page = 0(Main)
2017/5/8 14:51:52	SETTING	[DIO] FastRoughVlvDO with [Open(1)] at Page = 0(Main)
2017/5/8 15:2:50	SETTING	[DIO] Bottom_Service with [1] at Page = 0(PAGE 1)
2017/5/8 15:2:50	BUTTON	[BOTTOM CLICK] Bottom_Service
2017/5/8 15:2:51	SETTING	[DIO] Bottom_System with [1] at Page = 0(PAGE 1)
2017/5/8 15:2:51	BUTTON	[BOTTOM CLICK] Bottom_System
2017/5/8 15:3:31	SETTING	[DIO] V49ValveDO with [Open(1)] at Page = 0(Main)
2017/5/8 15:3:33	SETTING	[DIO] V49ValveDO with [Open(1)] at Page = 0(Main)
2017/5/8 15:3:35	SETTING	[DIO] V49ValveDO with [Close(0)] at Page = 0(Main)
2017/5/8 15:3:41	SETTING	[DIO] V50ValveDO with [Open(1)] at Page = 0(Main)
2017/5/8 15:3:43	SETTING	[DIO] V50ValveDO with [Close(0)] at Page = 0(Main)
2017/5/8 15:3:44	SETTING	[DIO] V50ValveDO with [Close(0)] at Page = 0(Main)
2017/5/8 15:4:16	SETTING	[DIO] V51ValveDO with [Open(1)] at Page = 0(Main)
2017/5/8 15:4:18	SETTING	[DIO] V51ValveDO with [Close(0)] at Page = 0(Main)
2017/5/8 15:4:34	SETTING	[DIO] V52ValveDO with [Open(1)] at Page = 0(Main)
2017/5/8 15:4:35	SETTING	[DIO] V52ValveDO with [Close(0)] at Page = 0(Main)
2017/5/8 15:5:33	SETTING	[DIO] V53ValveDO with [Open(1)] at Page = 0(Main)
2017/5/8 15:5:35	SETTING	[DIO] V53ValveDO with [Close(0)] at Page = 0(Main)
2017/5/8 15:5:56	SETTING	[DIO] V54ValveDO with [Open(1)] at Page = 0(Main)
2017/5/8 15:5:57	SETTING	[DIO] V54ValveDO with [Close(0)] at Page = 0(Main)
2017/5/8 15:6:7	SETTING	[DIO] V55ValveDO with [Open(1)] at Page = 0(Main)
2017/5/8 15:6:15	SETTING	[DIO] V55ValveDO with [Close(0)] at Page = 0(Main)
2017/5/8 15:6:35	SETTING	[DIO] V56ValveDO with [Open(1)] at Page = 0(Main)
2017/5/8 15:6:37	SETTING	[DIO] V56ValveDO with [Close(0)] at Page = 0(Main)
2017/5/8 15:6:43	SETTING	[DIO] V57ValveDO with [Open(1)] at Page = 0(Main)
2017/5/8 15:6:45	SETTING	[DIO] V57ValveDO with [Close(0)] at Page = 0(Main)
2017/5/8 15:6:55	SETTING	[DIO] V58ValveDO with [Open(1)] at Page = 0(Main)
2017/5/8 15:6:57	SETTING	[DIO] V58ValveDO with [Close(0)] at Page = 0(Main)
2017/5/8 15:7:5	SETTING	[DIO] V59ValveDO with [Open(1)] at Page = 0(Main)
2017/5/8 15:7:7	SETTING	[DIO] V59ValveDO with [Close(0)] at Page = 0(Main)
2017/5/8 15:7:12	SETTING	[DIO] V60ValveDO with [Open(1)] at Page = 0(Main)
2017/5/8 15:7:15	SETTING	[DIO] V60ValveDO with [Close(0)] at Page = 0(Main)
2017/5/8 15:7:23	SETTING	[DIO] V61ValveDO with [Open(1)] at Page = 0(Main)
2017/5/8 15:7:25	SETTING	[DIO] V61ValveDO with [Close(0)] at Page = 0(Main)
2017/5/8 15:7:42	SETTING	[DIO] V1ValveDO with [Open(1)] at Page = 0(Main)
2017/5/8 15:7:45	SETTING	[DIO] V1ValveDO with [Close(0)] at Page = 0(Main)
2017/5/8 15:7:50	SETTING	[DIO] V1ValveDO with [Open(1)] at Page = 0(Main)
2017/5/8 15:7:52	SETTING	[DIO] V1ValveDO with [Close(0)] at Page = 0(Main)
2017/5/8 15:7:53	SETTING	[DIO] V2ValveDO with [Open(1)] at Page = 0(Main)
2017/5/8 15:7:56	SETTING	[DIO] V2ValveDO with [Close(0)] at Page = 0(Main)
2017/5/8 15:8:9	SETTING	[DIO] V3ValveDO with [Open(1)] at Page = 0(Main)
2017/5/8 15:8:10	SETTING	[DIO] V3ValveDO with [Close(0)] at Page = 0(Main)
2017/5/8 15:8:20	SETTING	[DIO] V4ValveDO with [Open(1)] at Page = 0(Main)
2017/5/8 15:8:22	SETTING	[DIO] V4ValveDO with [Close(0)] at Page = 0(Main)
2017/5/8 15:8:30	SETTING	[DIO] V1ValveDO with [Open(1)] at Page = 0(Main)
2017/5/8 15:8:32	SETTING	[DIO] V1ValveDO with [Close(0)] at Page = 0(Main)
2017/5/8 15:8:33	SETTING	[DIO] V5ValveDO with [Open(1)] at Page = 0(Main)
2017/5/8 15:8:35	SETTING	[DIO] V5ValveDO with [Close(0)] at Page = 0(Main)
2017/5/8 15:8:38	SETTING	[DIO] V2ValveDO with [Open(1)] at Page = 0(Main)
2017/5/8 15:8:39	SETTING	[DIO] V2ValveDO with [Close(0)] at Page = 0(Main)
2017/5/8 15:8:44	SETTING	[DIO] V6ValveDO with [Open(1)] at Page = 0(Main)
2017/5/8 15:8:46	SETTING	[DIO] V6ValveDO with [Close(0)] at Page = 0(Main)
2017/5/8 15:9:4	SETTING	[DIO] V18ValveDO with [Open(1)] at Page = 0(Main)
2017/5/8 15:9:6	SETTING	[DIO] V18ValveDO with [Close(0)] at Page = 0(Main)
2017/5/8 15:9:40	SETTING	[DIO] V11ValveDO with [Close(0)] at Page = 0(Main)
2017/5/8 15:9:46	SETTING	[DIO] V11ValveDO with [Open(1)] at Page = 0(Main)
2017/5/8 15:9:58	SETTING	[DIO] V11ValveDO with [Close(0)] at Page = 0(Main)
2017/5/8 15:10:4	SETTING	[DIO] V11ValveDO with [Open(1)] at Page = 0(Main)
2017/5/8 15:10:5	SETTING	[DIO] V11ValveDO with [Close(0)] at Page = 0(Main)
2017/5/8 15:10:17	SETTING	[DIO] V11ValveDO with [Open(1)] at Page = 0(Main)
2017/5/8 15:10:20	SETTING	[DIO] V11ValveDO with [Close(0)] at Page = 0(Main)
2017/5/8 15:10:23	SETTING	[DIO] V11ValveDO with [Open(1)] at Page = 0(Main)
2017/5/8 15:10:37	SETTING	[DIO] V11ValveDO with [Close(0)] at Page = 0(Main)
2017/5/8 15:11:13	SETTING	[DIO] V69ValveDO with [Open(1)] at Page = 0(Main)
2017/5/8 15:11:15	SETTING	[DIO] V69ValveDO with [Close(0)] at Page = 0(Main)
2017/5/8 15:11:21	SETTING	[DIO] V70ValveDO with [Open(1)] at Page = 0(Main)
2017/5/8 15:11:23	SETTING	[DIO] V70ValveDO with [Close(0)] at Page = 0(Main)
2017/5/8 15:12:19	SETTING	[DIO] V12ValveDO with [Open(1)] at Page = 0(Main)
2017/5/8 15:12:19	SETTING	[DIO] V12ValveDO with [Close(0)] at Page = 0(Main)
2017/5/8 15:12:29	SETTING	[DIO] V13ValveDO with [Open(1)] at Page = 0(Main)
2017/5/8 15:12:36	SETTING	[DIO] V13ValveDO with [Close(0)] at Page = 0(Main)
2017/5/8 15:12:54	SETTING	[DIO] V14ValveDO with [Open(1)] at Page = 0(Main)
2017/5/8 15:12:56	SETTING	[DIO] V14ValveDO with [Close(0)] at Page = 0(Main)
2017/5/8 15:13:9	SETTING	[DIO] V13ValveDO with [Open(1)] at Page = 0(Main)
2017/5/8 15:14:1	SETTING	[DIO] V13ValveDO with [Close(0)] at Page = 0(Main)
2017/5/8 15:14:5	SETTING	[DIO] V15ValveDO with [Open(1)] at Page = 0(Main)
2017/5/8 15:14:12	SETTING	[DIO] V15ValveDO with [Close(0)] at Page = 0(Main)
2017/5/8 15:14:13	SETTING	[DIO] V19ValveDO with [Open(1)] at Page = 0(Main)
2017/5/8 15:14:16	SETTING	[DIO] V19ValveDO with [Close(0)] at Page = 0(Main)
2017/5/8 15:14:26	SETTING	[DIO] V19ValveDO with [Open(1)] at Page = 0(Main)
2017/5/8 15:14:32	SETTING	[DIO] V19ValveDO with [Close(0)] at Page = 0(Main)
2017/5/8 15:15:58	SETTING	[DIO] V63ValveDO with [Open(1)] at Page = 0(Main)
2017/5/8 15:16:0	SETTING	[DIO] V63ValveDO with [Close(0)] at Page = 0(Main)
2017/5/8 15:16:6	SETTING	[DIO] V64ValveDO with [Open(1)] at Page = 0(Main)
2017/5/8 15:16:8	SETTING	[DIO] V64ValveDO with [Close(0)] at Page = 0(Main)
2017/5/8 15:16:15	SETTING	[DIO] V65ValveDO with [Open(1)] at Page = 0(Main)
2017/5/8 15:16:18	SETTING	[DIO] V65ValveDO with [Close(0)] at Page = 0(Main)
2017/5/8 15:16:22	SETTING	[DIO] V66ValveDO with [Open(1)] at Page = 0(Main)
2017/5/8 15:16:24	SETTING	[DIO] V66ValveDO with [Close(0)] at Page = 0(Main)
2017/5/8 15:16:42	SETTING	[DIO] V105ValveDO with [Open(1)] at Page = 0(Main)
2017/5/8 15:16:43	SETTING	[DIO] V105ValveDO with [Close(0)] at Page = 0(Main)
2017/5/8 15:16:53	SETTING	[DIO] V106ValveDO with [Open(1)] at Page = 0(Main)
2017/5/8 15:16:54	SETTING	[DIO] V106ValveDO with [Close(0)] at Page = 0(Main)
2017/5/8 15:17:16	SETTING	[DIO] V109ValveDO with [Open(1)] at Page = 0(Main)
2017/5/8 15:17:16	SETTING	[DIO] V109ValveDO with [Close(0)] at Page = 0(Main)
2017/5/8 15:17:45	SETTING	[DIO] V108ValveDO with [Open(1)] at Page = 0(Main)
2017/5/8 15:17:46	SETTING	[DIO] V108ValveDO with [Close(0)] at Page = 0(Main)
2017/5/8 15:17:58	SETTING	[DIO] V110ValveDO with [Close(0)] at Page = 0(Main)
2017/5/8 15:17:59	SETTING	[DIO] V110ValveDO with [Open(1)] at Page = 0(Main)
2017/5/8 15:18:0	SETTING	[DIO] V110ValveDO with [Close(0)] at Page = 0(Main)
2017/5/8 15:18:23	SETTING	[DIO] V111ValveDO with [Open(1)] at Page = 0(Main)
2017/5/8 15:18:24	SETTING	[DIO] V111ValveDO with [Close(0)] at Page = 0(Main)
2017/5/8 15:18:29	SETTING	[DIO] V111ValveDO with [Open(1)] at Page = 0(Main)
2017/5/8 15:18:32	SETTING	[DIO] V111ValveDO with [Close(0)] at Page = 0(Main)
2017/5/8 15:18:34	SETTING	[DIO] V111ValveDO with [Open(1)] at Page = 0(Main)
2017/5/8 15:18:36	SETTING	[DIO] V111ValveDO with [Close(0)] at Page = 0(Main)
2017/5/8 15:18:45	SETTING	[DIO] V21ValveDO with [Open(1)] at Page = 0(Main)
2017/5/8 15:18:46	SETTING	[DIO] V21ValveDO with [Close(0)] at Page = 0(Main)
2017/5/8 15:18:52	SETTING	[DIO] V22ValveDO with [Open(1)] at Page = 0(Main)
2017/5/8 15:18:54	SETTING	[DIO] V22ValveDO with [Close(0)] at Page = 0(Main)
2017/5/8 15:19:4	SETTING	[DIO] V23ValveDO with [Open(1)] at Page = 0(Main)
2017/5/8 15:19:5	SETTING	[DIO] V23ValveDO with [Close(0)] at Page = 0(Main)
2017/5/8 15:19:10	SETTING	[DIO] V24ValveDO with [Open(1)] at Page = 0(Main)
2017/5/8 15:19:47	SETTING	[DIO] V24ValveDO with [Close(0)] at Page = 0(Main)
2017/5/8 15:19:54	SETTING	[DIO] V97ValveDO with [Open(1)] at Page = 0(Main)
2017/5/8 15:19:54	SETTING	[DIO] V97ValveDO with [Close(0)] at Page = 0(Main)
2017/5/8 15:20:2	SETTING	[DIO] V98ValveDO with [Open(1)] at Page = 0(Main)
2017/5/8 15:20:2	SETTING	[DIO] V98ValveDO with [Close(0)] at Page = 0(Main)
2017/5/8 15:20:10	SETTING	[DIO] V13ValveDO with [Open(1)] at Page = 0(Main)
2017/5/8 15:20:11	SETTING	[DIO] V13ValveDO with [Close(0)] at Page = 0(Main)
2017/5/8 15:20:14	SETTING	[DIO] V100ValveDO with [Open(1)] at Page = 0(Main)
2017/5/8 15:20:15	SETTING	[DIO] V100ValveDO with [Close(0)] at Page = 0(Main)
2017/5/8 15:20:21	SETTING	[DIO] V101ValveDO with [Open(1)] at Page = 0(Main)
2017/5/8 15:20:22	SETTING	[DIO] V101ValveDO with [Close(0)] at Page = 0(Main)
2017/5/8 15:20:30	SETTING	[DIO] V102ValveDO with [Open(1)] at Page = 0(Main)
2017/5/8 15:20:31	SETTING	[DIO] V102ValveDO with [Close(0)] at Page = 0(Main)
2017/5/8 15:20:33	SETTING	[DIO] V102ValveDO with [Open(1)] at Page = 0(Main)
2017/5/8 15:20:33	SETTING	[DIO] V102ValveDO with [Close(0)] at Page = 0(Main)
2017/5/8 15:20:40	SETTING	[DIO] V13ValveDO with [Open(1)] at Page = 0(Main)
2017/5/8 15:20:45	SETTING	[DIO] V13ValveDO with [Open(1)] at Page = 0(Main)
2017/5/8 15:20:47	SETTING	[DIO] V13ValveDO with [Close(0)] at Page = 0(Main)
2017/5/8 15:20:50	SETTING	[DIO] V21ValveDO with [Open(1)] at Page = 0(Main)
2017/5/8 15:20:52	SETTING	[DIO] V21ValveDO with [Close(0)] at Page = 0(Main)
2017/5/8 15:20:55	SETTING	[DIO] V103ValveDO with [Open(1)] at Page = 0(Main)
2017/5/8 15:21:25	SETTING	[DIO] V103ValveDO with [Close(0)] at Page = 0(Main)
2017/5/8 15:21:27	SETTING	[DIO] V103ValveDO with [Close(0)] at Page = 0(Main)
2017/5/8 15:21:30	SETTING	[DIO] V103ValveDO with [Open(1)] at Page = 0(Main)
2017/5/8 15:21:30	SETTING	[DIO] V103ValveDO with [Close(0)] at Page = 0(Main)
2017/5/8 15:21:37	SETTING	[DIO] V103ValveDO with [Open(1)] at Page = 0(Main)
2017/5/8 15:21:38	SETTING	[DIO] V103ValveDO with [Close(0)] at Page = 0(Main)
2017/5/8 15:21:39	SETTING	[DIO] V103ValveDO with [Open(1)] at Page = 0(Main)
2017/5/8 15:21:45	SETTING	[DIO] V103ValveDO with [Close(0)] at Page = 0(Main)
2017/5/8 15:22:21	SETTING	[DIO] V68ValveDO with [Open(1)] at Page = 0(Main)
2017/5/8 15:22:23	SETTING	[DIO] V68ValveDO with [Close(0)] at Page = 0(Main)
2017/5/8 15:22:37	SETTING	[DIO] V23ValveDO with [Open(1)] at Page = 0(Main)
2017/5/8 15:22:40	SETTING	[DIO] V23ValveDO with [Close(0)] at Page = 0(Main)
2017/5/8 15:22:41	SETTING	[DIO] V22ValveDO with [Open(1)] at Page = 0(Main)
2017/5/8 15:22:48	SETTING	[DIO] V22ValveDO with [Close(0)] at Page = 0(Main)
2017/5/8 15:23:15	SETTING	[DIO] V111ValveDO with [Open(1)] at Page = 0(Main)
2017/5/8 15:23:17	SETTING	[DIO] V111ValveDO with [Close(0)] at Page = 0(Main)
2017/5/8 15:23:19	SETTING	[DIO] V103ValveDO with [Open(1)] at Page = 0(Main)
2017/5/8 15:23:24	SETTING	[DIO] V103ValveDO with [Close(0)] at Page = 0(Main)
2017/5/8 15:24:3	SETTING	[DIO] V103ValveDO with [Open(1)] at Page = 0(Main)
2017/5/8 15:24:7	SETTING	[DIO] V103ValveDO with [Close(0)] at Page = 0(Main)
2017/5/8 15:24:32	SETTING	[DIO] V24ValveDO with [Open(1)] at Page = 0(Main)
2017/5/8 15:26:5	SETTING	[DIO] V24ValveDO with [Close(0)] at Page = 0(Main)
2017/5/8 15:26:7	SETTING	[DIO] V1ValveDO with [Open(1)] at Page = 0(Main)
2017/5/8 15:26:8	SETTING	[DIO] V1ValveDO with [Close(0)] at Page = 0(Main)
2017/5/8 15:26:9	SETTING	[DIO] V3ValveDO with [Open(1)] at Page = 0(Main)
2017/5/8 15:26:11	SETTING	[DIO] V3ValveDO with [Close(0)] at Page = 0(Main)
2017/5/8 15:26:13	SETTING	[DIO] V5ValveDO with [Open(1)] at Page = 0(Main)
2017/5/8 15:26:15	SETTING	[DIO] V5ValveDO with [Close(0)] at Page = 0(Main)
2017/5/8 15:26:16	SETTING	[DIO] V2ValveDO with [Open(1)] at Page = 0(Main)
2017/5/8 15:26:17	SETTING	[DIO] V2ValveDO with [Open(1)] at Page = 0(Main)
2017/5/8 15:26:18	SETTING	[DIO] V2ValveDO with [Close(0)] at Page = 0(Main)
2017/5/8 15:26:19	SETTING	[DIO] V4ValveDO with [Open(1)] at Page = 0(Main)
2017/5/8 15:26:21	SETTING	[DIO] V4ValveDO with [Close(0)] at Page = 0(Main)
2017/5/8 15:26:22	SETTING	[DIO] V6ValveDO with [Open(1)] at Page = 0(Main)
2017/5/8 15:26:23	SETTING	[DIO] V6ValveDO with [Close(0)] at Page = 0(Main)
2017/5/8 15:26:56	SETTING	[DIO] V14ValveDO with [Open(1)] at Page = 0(Main)
2017/5/8 15:26:57	SETTING	[DIO] V14ValveDO with [Close(0)] at Page = 0(Main)
2017/5/8 15:27:0	SETTING	[DIO] V15ValveDO with [Open(1)] at Page = 0(Main)
2017/5/8 15:27:2	SETTING	[DIO] V15ValveDO with [Close(0)] at Page = 0(Main)
2017/5/8 15:27:3	SETTING	[DIO] V13ValveDO with [Open(1)] at Page = 0(Main)
2017/5/8 15:27:5	SETTING	[DIO] V13ValveDO with [Close(0)] at Page = 0(Main)
2017/5/8 15:27:6	SETTING	[DIO] V19ValveDO with [Open(1)] at Page = 0(Main)
2017/5/8 15:27:8	SETTING	[DIO] V19ValveDO with [Close(0)] at Page = 0(Main)
2017/5/8 15:27:11	SETTING	[DIO] V18ValveDO with [Close(0)] at Page = 0(Main)
2017/5/8 15:27:12	SETTING	[DIO] V18ValveDO with [Open(1)] at Page = 0(Main)
2017/5/8 15:27:13	SETTING	[DIO] V18ValveDO with [Close(0)] at Page = 0(Main)
2017/5/8 15:27:14	SETTING	[DIO] V17ValveDO with [Open(1)] at Page = 0(Main)
2017/5/8 15:27:17	SETTING	[DIO] V17ValveDO with [Close(0)] at Page = 0(Main)
2017/5/8 15:27:18	SETTING	[DIO] V12ValveDO with [Open(1)] at Page = 0(Main)
2017/5/8 15:27:19	SETTING	[DIO] V12ValveDO with [Close(0)] at Page = 0(Main)
2017/5/8 15:27:21	SETTING	[DIO] V11ValveDO with [Open(1)] at Page = 0(Main)
2017/5/8 15:27:23	SETTING	[DIO] V11ValveDO with [Close(0)] at Page = 0(Main)
2017/5/8 15:27:24	SETTING	[DIO] V50ValveDO with [Open(1)] at Page = 0(Main)
2017/5/8 15:27:26	SETTING	[DIO] V50ValveDO with [Close(0)] at Page = 0(Main)
2017/5/8 15:27:28	SETTING	[DIO] V49ValveDO with [Open(1)] at Page = 0(Main)
2017/5/8 15:27:29	SETTING	[DIO] V49ValveDO with [Close(0)] at Page = 0(Main)
2017/5/8 15:27:31	SETTING	[DIO] V52ValveDO with [Open(1)] at Page = 0(Main)
2017/5/8 15:27:33	SETTING	[DIO] V52ValveDO with [Close(0)] at Page = 0(Main)
2017/5/8 15:27:34	SETTING	[DIO] V51ValveDO with [Open(1)] at Page = 0(Main)
2017/5/8 15:27:36	SETTING	[DIO] V51ValveDO with [Close(0)] at Page = 0(Main)
2017/5/8 15:27:38	SETTING	[DIO] V53ValveDO with [Open(1)] at Page = 0(Main)
2017/5/8 15:27:40	SETTING	[DIO] V53ValveDO with [Close(0)] at Page = 0(Main)
2017/5/8 15:27:41	SETTING	[DIO] V54ValveDO with [Open(1)] at Page = 0(Main)
2017/5/8 15:27:43	SETTING	[DIO] V54ValveDO with [Close(0)] at Page = 0(Main)
2017/5/8 15:27:44	SETTING	[DIO] V55ValveDO with [Open(1)] at Page = 0(Main)
2017/5/8 15:27:45	SETTING	[DIO] V55ValveDO with [Close(0)] at Page = 0(Main)
2017/5/8 15:27:47	SETTING	[DIO] V56ValveDO with [Open(1)] at Page = 0(Main)
2017/5/8 15:27:49	SETTING	[DIO] V56ValveDO with [Close(0)] at Page = 0(Main)
2017/5/8 15:27:50	SETTING	[DIO] V58ValveDO with [Open(1)] at Page = 0(Main)
2017/5/8 15:27:51	SETTING	[DIO] V58ValveDO with [Close(0)] at Page = 0(Main)
2017/5/8 15:27:53	SETTING	[DIO] V59ValveDO with [Open(1)] at Page = 0(Main)
2017/5/8 15:27:55	SETTING	[DIO] V59ValveDO with [Close(0)] at Page = 0(Main)
2017/5/8 15:27:57	SETTING	[DIO] V57ValveDO with [Open(1)] at Page = 0(Main)
2017/5/8 15:27:58	SETTING	[DIO] V57ValveDO with [Close(0)] at Page = 0(Main)
2017/5/8 15:28:1	SETTING	[DIO] V60ValveDO with [Open(1)] at Page = 0(Main)
2017/5/8 15:28:3	SETTING	[DIO] V60ValveDO with [Close(0)] at Page = 0(Main)
2017/5/8 15:28:4	SETTING	[DIO] V61ValveDO with [Open(1)] at Page = 0(Main)
2017/5/8 15:28:5	SETTING	[DIO] V61ValveDO with [Close(0)] at Page = 0(Main)
2017/5/8 15:28:7	SETTING	[DIO] V64ValveDO with [Open(1)] at Page = 0(Main)
2017/5/8 15:28:8	SETTING	[DIO] V64ValveDO with [Close(0)] at Page = 0(Main)
2017/5/8 15:28:10	SETTING	[DIO] V65ValveDO with [Open(1)] at Page = 0(Main)
2017/5/8 15:28:11	SETTING	[DIO] V65ValveDO with [Close(0)] at Page = 0(Main)
2017/5/8 15:28:12	SETTING	[DIO] V63ValveDO with [Open(1)] at Page = 0(Main)
2017/5/8 15:28:14	SETTING	[DIO] V63ValveDO with [Close(0)] at Page = 0(Main)
2017/5/8 15:28:15	SETTING	[DIO] V110ValveDO with [Open(1)] at Page = 0(Main)
2017/5/8 15:28:17	SETTING	[DIO] V110ValveDO with [Close(0)] at Page = 0(Main)
2017/5/8 15:28:18	SETTING	[DIO] V105ValveDO with [Open(1)] at Page = 0(Main)
2017/5/8 15:28:19	SETTING	[DIO] V105ValveDO with [Close(0)] at Page = 0(Main)
2017/5/8 15:28:20	SETTING	[DIO] V106ValveDO with [Open(1)] at Page = 0(Main)
2017/5/8 15:28:22	SETTING	[DIO] V106ValveDO with [Close(0)] at Page = 0(Main)
2017/5/8 15:28:23	SETTING	[DIO] V109ValveDO with [Open(1)] at Page = 0(Main)
2017/5/8 15:28:25	SETTING	[DIO] V109ValveDO with [Close(0)] at Page = 0(Main)
2017/5/8 15:28:26	SETTING	[DIO] V66ValveDO with [Open(1)] at Page = 0(Main)
2017/5/8 15:28:28	SETTING	[DIO] V66ValveDO with [Close(0)] at Page = 0(Main)
2017/5/8 15:28:32	SETTING	[DIO] V68ValveDO with [Open(1)] at Page = 0(Main)
2017/5/8 15:28:33	SETTING	[DIO] V68ValveDO with [Close(0)] at Page = 0(Main)
2017/5/8 15:28:35	SETTING	[DIO] V101ValveDO with [Open(1)] at Page = 0(Main)
2017/5/8 15:28:36	SETTING	[DIO] V101ValveDO with [Close(0)] at Page = 0(Main)
2017/5/8 15:28:38	SETTING	[DIO] V98ValveDO with [Open(1)] at Page = 0(Main)
2017/5/8 15:28:39	SETTING	[DIO] V98ValveDO with [Close(0)] at Page = 0(Main)
2017/5/8 15:28:40	SETTING	[DIO] V98ValveDO with [Open(1)] at Page = 0(Main)
2017/5/8 15:29:6	SETTING	[DIO] V98ValveDO with [Close(0)] at Page = 0(Main)
2017/5/8 15:30:40	SETTING	[DIO] V98ValveDO with [Open(1)] at Page = 0(Main)
2017/5/8 15:30:43	SETTING	[DIO] V98ValveDO with [Close(0)] at Page = 0(Main)
2017/5/8 15:31:28	SETTING	[DIO] V13ValveDO with [Open(1)] at Page = 0(Main)
2017/5/8 15:31:56	SETTING	[DIO] V24ValveDO with [Open(1)] at Page = 0(Main)
2017/5/8 15:32:25	SETTING	[DIO] V24ValveDO with [Close(0)] at Page = 0(Main)
2017/5/8 15:32:27	SETTING	[DIO] V13ValveDO with [Close(0)] at Page = 0(Main)
2017/5/8 15:33:27	SETTING	[DIO] V15ValveDO with [Open(1)] at Page = 0(Main)
2017/5/8 15:33:30	SETTING	[DIO] V15ValveDO with [Close(0)] at Page = 0(Main)
2017/5/8 15:33:32	SETTING	[DIO] V13ValveDO with [Open(1)] at Page = 0(Main)
2017/5/8 15:33:34	SETTING	[DIO] V13ValveDO with [Close(0)] at Page = 0(Main)
2017/5/8 15:47:10	SETTING	[DIO] V13ValveDO with [Open(1)] at Page = 0(Main)
2017/5/8 15:47:15	SETTING	[DIO] V13ValveDO with [Close(0)] at Page = 0(Main)
2017/5/8 15:50:32	SETTING	[DIO] V13ValveDO with [Open(1)] at Page = 0(Main)
2017/5/8 15:50:37	SETTING	[DIO] V13ValveDO with [Close(0)] at Page = 0(Main)
2017/5/8 15:50:39	SETTING	[DIO] V24ValveDO with [Open(1)] at Page = 0(Main)
2017/5/8 15:50:43	SETTING	[DIO] V24ValveDO with [Close(0)] at Page = 0(Main)
2017/5/8 17:10:48	SETTING	[DIO] Bottom_Service with [1] at Page = 0(PAGE 1)
2017/5/8 17:10:48	BUTTON	[BOTTOM CLICK] Bottom_Service
2017/5/8 17:12:0	SETTING	[DIO] Bottom_System with [1] at Page = 0(PAGE 1)
2017/5/8 17:12:0	BUTTON	[BOTTOM CLICK] Bottom_System
2017/5/8 17:12:1	SETTING	[DIO] Bottom_Service with [1] at Page = 0(PAGE 1)
2017/5/8 17:12:1	BUTTON	[BOTTOM CLICK] Bottom_Service
2017/5/8 17:12:9	IOEDIT	DirectIO Edit => DIO:IOLockDO , VALUE:1
2017/5/8 17:12:14	IOEDIT	DirectIO Edit => DIO:INTLKS_CONTROL , VALUE:3
2017/5/8 17:12:15	SETTING	[DIO] Bottom_System with [1] at Page = 0(PAGE 1)
2017/5/8 17:12:15	BUTTON	[BOTTOM CLICK] Bottom_System
2017/5/8 17:12:17	SETTING	[DIO] V13ValveDO with [Open(1)] at Page = 0(Main)
2017/5/8 17:12:21	SETTING	[DIO] V13ValveDO with [Close(0)] at Page = 0(Main)
2017/5/8 17:12:26	SETTING	[DIO] V24ValveDO with [Open(1)] at Page = 0(Main)
2017/5/8 17:12:38	SETTING	[DIO] V24ValveDO with [Close(0)] at Page = 0(Main)
2017/5/8 17:12:40	SETTING	[DIO] Bottom_Service with [1] at Page = 0(PAGE 1)
2017/5/8 17:12:40	BUTTON	[BOTTOM CLICK] Bottom_Service
2017/5/8 17:12:46	IOEDIT	DirectIO Edit => DIO:V24ValveDO , VALUE:1
2017/5/8 17:12:47	IOEDIT	DirectIO Edit => DIO:V24ValveDO , VALUE:0
2017/5/8 17:12:49	IOEDIT	DirectIO Edit => DIO:V24ValveDO , VALUE:1
2017/5/8 17:13:1	IOEDIT	DirectIO Edit => DIO:V24ValveDO , VALUE:0
2017/5/8 17:13:2	SETTING	[DIO] Bottom_System with [1] at Page = 0(PAGE 1)
2017/5/8 17:13:2	BUTTON	[BOTTOM CLICK] Bottom_System
2017/5/8 17:13:6	SETTING	[DIO] V13ValveDO with [Open(1)] at Page = 0(Main)
2017/5/8 17:13:8	SETTING	[DIO] Bottom_Service with [1] at Page = 0(PAGE 1)
2017/5/8 17:13:8	BUTTON	[BOTTOM CLICK] Bottom_Service
2017/5/8 17:13:9	SETTING	[DIO] Bottom_System with [1] at Page = 0(PAGE 1)
2017/5/8 17:13:9	BUTTON	[BOTTOM CLICK] Bottom_System
2017/5/8 17:13:14	SETTING	[DIO] V13ValveDO with [Close(0)] at Page = 0(Main)
2017/5/8 17:15:29	SETTING	[DIO] V13ValveDO with [Open(1)] at Page = 0(Main)
2017/5/8 17:15:33	SETTING	[DIO] V24ValveDO with [Open(1)] at Page = 0(Main)
2017/5/8 17:15:40	SETTING	[DIO] V24ValveDO with [Close(0)] at Page = 0(Main)
2017/5/8 17:15:45	SETTING	[DIO] V13ValveDO with [Close(0)] at Page = 0(Main)
2017/5/8 17:15:46	SETTING	[DIO] V13ValveDO with [Close(0)] at Page = 0(Main)
2017/5/8 17:20:8	SETTING	[DIO] Bottom_Service with [1] at Page = 0(PAGE 1)
2017/5/8 17:20:8	BUTTON	[BOTTOM CLICK] Bottom_Service
2017/5/8 17:24:49	SETTING	[DIO] Bottom_System with [1] at Page = 0(PAGE 1)
2017/5/8 17:24:49	BUTTON	[BOTTOM CLICK] Bottom_System
2017/5/8 17:25:9	SETTING	[DIO] FastRoughVlvDO with [Close(0)] at Page = 0(Main)
2017/5/8 17:25:19	SETTING	[DIO] FastRoughVlvDO with [Open(1)] at Page = 0(Main)
2017/5/8 17:26:21	SETTING	[DIO] FastRoughVlvDO with [Close(0)] at Page = 0(Main)
2017/5/8 17:30:24	SETTING	[AIO] M651_Set_Position with [0.000] at Page = 0(Main)
2017/5/8 18:10:5	SETTING	[DIO] M651_Valve with [Open(1)] at Page = 0(Main)
2017/5/8 18:10:17	SETTING	[AIO] M651_Set_Position with [3.000] at Page = 0(Main)
2017/5/8 18:10:24	SETTING	[AIO] M651_Set_Position with [5.000] at Page = 0(Main)
2017/5/8 18:10:32	SETTING	[AIO] M651_Set_Position with [10.000] at Page = 0(Main)
2017/5/8 18:10:47	SETTING	[AIO] M651_Set_Position with [13.000] at Page = 0(Main)
2017/5/8 18:10:55	SETTING	[AIO] M651_Set_Position with [16.000] at Page = 0(Main)
2017/5/8 18:11:0	SETTING	[AIO] M651_Set_Position with [19.000] at Page = 0(Main)
2017/5/8 18:11:5	SETTING	[AIO] M651_Set_Position with [25.000] at Page = 0(Main)
2017/5/8 18:11:11	SETTING	[AIO] M651_Set_Position with [35.000] at Page = 0(Main)
2017/5/8 18:11:19	SETTING	[AIO] M651_Set_Position with [39.000] at Page = 0(Main)
2017/5/8 18:11:25	SETTING	[AIO] M651_Set_Position with [43.000] at Page = 0(Main)
2017/5/8 18:11:35	SETTING	[AIO] M651_Set_Position with [49.000] at Page = 0(Main)
2017/5/8 18:11:40	SETTING	[AIO] M651_Set_Position with [55.000] at Page = 0(Main)
2017/5/8 18:12:2	SETTING	[AIO] M651_Set_Position with [0.000] at Page = 0(Main)
2017/5/8 18:13:48	SETTING	[AIO] M651_Set_Position with [3.000] at Page = 0(Main)
2017/5/8 18:13:58	SETTING	[DIO] FastRoughVlvDO with [Open(1)] at Page = 0(Main)
2017/5/8 18:14:15	SETTING	[AIO] M651_Set_Position with [9.000] at Page = 0(Main)
2017/5/8 18:14:30	SETTING	[AIO] M651_Set_Position with [13.000] at Page = 0(Main)
2017/5/8 18:14:41	SETTING	[AIO] M651_Set_Position with [18.000] at Page = 0(Main)
2017/5/8 18:14:54	SETTING	[AIO] M651_Set_Position with [22.000] at Page = 0(Main)
2017/5/8 18:15:1	SETTING	[AIO] M651_Set_Position with [30.000] at Page = 0(Main)
2017/5/8 18:15:10	SETTING	[AIO] M651_Set_Position with [36.000] at Page = 0(Main)
2017/5/8 18:15:15	SETTING	[AIO] M651_Set_Position with [48.000] at Page = 0(Main)
2017/5/8 18:15:20	SETTING	[AIO] M651_Set_Position with [55.000] at Page = 0(Main)
2017/5/8 18:15:24	SETTING	[AIO] M651_Set_Position with [65.000] at Page = 0(Main)
2017/5/8 18:15:29	SETTING	[AIO] M651_Set_Position with [75.000] at Page = 0(Main)
2017/5/8 18:15:36	SETTING	[AIO] M651_Set_Position with [85.000] at Page = 0(Main)
2017/5/8 18:15:40	SETTING	[AIO] M651_Set_Position with [95.000] at Page = 0(Main)
2017/5/8 18:15:47	SETTING	[AIO] M651_Set_Position with [100.000] at Page = 0(Main)
