2019/3/13 15:26:7	USERCONTROL	[SYSTEM_START]
2019/3/13 15:43:55	POPUP	[OPEN] LogIn/Out at Page = 0(PAGE 1)
2019/3/13 15:43:57	USERCONTROL	[USER_LOG__IN] <IPS:Sysadmin>
2019/3/13 15:43:58	SETTING	[DIO] Bottom_Service with [1] at Page = 0(PAGE 1)
2019/3/13 15:43:58	BUTTON	[BOTTOM CLICK] Bottom_Service
2019/3/13 15:43:58	SETTING	[DIO] Right_Service_DirectIO with [1] at Page = 0(PAGE 1)
2019/3/13 15:43:58	BUTTON	[RIGHT CLICK] Right_Service_DirectIO
2019/3/13 15:43:58	SETTING	[DIO] Right_Service_DirectIO with [1] at Page = 0(PAGE 1)
2019/3/13 15:43:58	BUTTON	[RIGHT CLICK] Right_Service_DirectIO
2019/3/13 15:44:14	IOEDIT	DirectIO Edit => DIO:IOLockDO , VALUE:1
2019/3/13 15:44:16	IOEDIT	DirectIO Edit => DIO:ChmPrssDI1 , VALUE:1
2019/3/13 15:46:48	IOEDIT	DirectIO Edit => DIO:ChmPrssDI1 , VALUE:2
2019/3/13 15:57:59	SETTING	[DIO] Bottom_System with [1] at Page = 0(PAGE 1)
2019/3/13 15:57:59	BUTTON	[BOTTOM CLICK] Bottom_System
2019/3/13 15:58:0	SETTING	[DIO] Bottom_Service with [1] at Page = 0(PAGE 1)
2019/3/13 15:58:0	BUTTON	[BOTTOM CLICK] Bottom_Service
2019/3/13 16:11:48	IOEDIT	DirectIO Edit => DIO:IOLockDO , VALUE:1
2019/3/13 16:11:49	IOEDIT	DirectIO Edit => DIO:ChmPrssDI1 , VALUE:1
2019/3/13 16:13:23	IOEDIT	DirectIO Edit => DIO:ChmPrssDI1 , VALUE:2
2019/3/13 16:21:26	IOEDIT	DirectIO Edit => DIO:IOLockDO , VALUE:1
2019/3/13 16:21:27	IOEDIT	DirectIO Edit => DIO:ChmPrssDI1 , VALUE:1
2019/3/13 16:22:35	IOEDIT	DirectIO Edit => DIO:ChmPrssDI1 , VALUE:2
2019/3/13 16:49:0	IOEDIT	DirectIO Edit => DIO:IOLockDO , VALUE:1
2019/3/13 16:50:58	IOEDIT	DirectIO Edit => DIO:ChmPrssDI1 , VALUE:1
2019/3/13 16:51:13	IOEDIT	DirectIO Edit => DIO:ChmPrssDI1 , VALUE:2
