2020/1/13 9:40:48	USERCONTROL	[SYSTEM_START]
2020/1/13 9:41:1	POPUP	[OPEN] LogIn/Out at Page = 0(PAGE 1)
2020/1/13 9:41:4	USERCONTROL	[USER_LOG__IN] <IPS:Sysadmin>
2020/1/13 9:41:5	SETTING	[DIO] Bottom_Service with [1] at Page = 0(PAGE 1)
2020/1/13 9:41:5	BUTTON	[BOTTOM CLICK] Bottom_Service
2020/1/13 9:41:5	SETTING	[DIO] Bottom_Config with [1] at Page = 0(PAGE 1)
2020/1/13 9:41:5	BUTTON	[BOTTOM CLICK] Bottom_Config
2020/1/13 9:41:7	SETTING	[DIO] Right_Config_Parm_Nav with [8] at Page = 6(PM Param 1)
2020/1/13 9:41:7	BUTTON	[NAV CLICK] Right_Config_Parm_Nav - 8
2020/1/13 9:41:8	SETTING	[DIO] Right_Config_Parm_Nav with [12] at Page = 0(PM Param 8 (LT Heater Set 1))
2020/1/13 9:41:8	BUTTON	[NAV CLICK] Right_Config_Parm_Nav - 12
2020/1/13 10:15:47	USERCONTROL	[SYSTEM_START]
2020/1/13 12:35:25	USERCONTROL	[SYSTEM_START]
2020/1/13 12:37:26	POPUP	[OPEN] LogIn/Out at Page = 0(PAGE 1)
2020/1/13 12:37:29	USERCONTROL	[USER_LOG__IN] <IPS:Sysadmin>
2020/1/13 12:37:29	SETTING	[DIO] Bottom_Config with [1] at Page = 0(PAGE 1)
2020/1/13 12:37:29	BUTTON	[BOTTOM CLICK] Bottom_Config
2020/1/13 12:37:31	SETTING	[DIO] Right_Config_Parm_Nav with [8] at Page = 6(PM Param 1)
2020/1/13 12:37:31	BUTTON	[NAV CLICK] Right_Config_Parm_Nav - 8
2020/1/13 12:37:32	SETTING	[DIO] Right_Config_Parm_Nav with [12] at Page = 0(PM Param 8 (LT Heater Set 1))
2020/1/13 12:37:32	BUTTON	[NAV CLICK] Right_Config_Parm_Nav - 12
2020/1/13 12:45:40	SETTING	[DIO] Right_Config_Parm with [1] at Page = 0(PAGE 1)
2020/1/13 12:45:40	BUTTON	[RIGHT CLICK] Right_Config_Parm
2020/1/13 12:46:17	SETTING	[DIO] Right_Config_Parm_Nav with [11] at Page = 4(PM Param 8-4 (Line Heater Power Check))
2020/1/13 12:46:17	BUTTON	[NAV CLICK] Right_Config_Parm_Nav - 11
2020/1/13 12:47:0	SETTING	[DIO] Right_Config_Parm_Nav with [12] at Page = 3(PM Param 8-3 (RT Heater Set 2))
2020/1/13 12:47:0	BUTTON	[NAV CLICK] Right_Config_Parm_Nav - 12
2020/1/13 12:47:4	SETTING	[DIO] Right_Config_Parm_Nav with [11] at Page = 4(PM Param 8-4 (Line Heater Power Check))
2020/1/13 12:47:4	BUTTON	[NAV CLICK] Right_Config_Parm_Nav - 11
2020/1/13 12:47:6	SETTING	[DIO] Right_Config_Parm_Nav with [12] at Page = 3(PM Param 8-3 (RT Heater Set 2))
2020/1/13 12:47:6	BUTTON	[NAV CLICK] Right_Config_Parm_Nav - 12
2020/1/13 12:48:47	SETTING	[DIO] Right_Config_Parm with [1] at Page = 0(PAGE 1)
2020/1/13 12:48:47	BUTTON	[RIGHT CLICK] Right_Config_Parm
2020/1/13 12:51:2	SETTING	[DIO] Right_Config_Parm with [1] at Page = 0(PAGE 1)
2020/1/13 12:51:2	BUTTON	[RIGHT CLICK] Right_Config_Parm
2020/1/13 12:56:20	SETTING	[DIO] Right_Config_Parm with [1] at Page = 0(PAGE 1)
2020/1/13 12:56:20	BUTTON	[RIGHT CLICK] Right_Config_Parm
2020/1/13 12:59:38	SETTING	[DIO] Right_Config_Parm with [1] at Page = 0(PAGE 1)
2020/1/13 12:59:38	BUTTON	[RIGHT CLICK] Right_Config_Parm
2020/1/13 13:10:21	USERCONTROL	[SYSTEM_START]
2020/1/13 13:10:31	POPUP	[OPEN] LogIn/Out at Page = 0(PAGE 1)
2020/1/13 13:10:34	USERCONTROL	[USER_LOG__IN] <IPS:Sysadmin>
2020/1/13 13:10:35	SETTING	[DIO] Bottom_Service with [1] at Page = 0(PAGE 1)
2020/1/13 13:10:35	BUTTON	[BOTTOM CLICK] Bottom_Service
2020/1/13 13:10:37	SETTING	[DIO] Bottom_Config with [1] at Page = 0(PAGE 1)
2020/1/13 13:10:37	BUTTON	[BOTTOM CLICK] Bottom_Config
2020/1/13 13:10:38	SETTING	[DIO] Right_Config_Parm with [1] at Page = 0(PAGE 1)
2020/1/13 13:10:38	BUTTON	[RIGHT CLICK] Right_Config_Parm
2020/1/13 13:10:42	SETTING	[DIO] Right_Config_Parm_Nav with [8] at Page = 6(PM Param 1)
2020/1/13 13:10:42	BUTTON	[NAV CLICK] Right_Config_Parm_Nav - 8
2020/1/13 13:10:44	SETTING	[DIO] Right_Config_Parm_Nav with [12] at Page = 0(PM Param 8 (LT Heater Set 1))
2020/1/13 13:10:44	BUTTON	[NAV CLICK] Right_Config_Parm_Nav - 12
2020/1/13 13:14:31	SETTING	[DIO] Right_Config_Parm with [1] at Page = 0(PAGE 1)
2020/1/13 13:14:31	BUTTON	[RIGHT CLICK] Right_Config_Parm
2020/1/13 13:14:40	PARAMETER	[UPDATE_D] PRMA_HT01_PowChkUse change [-99999999] to [Off] at Page = 4(PM Param 8-4 (Line Heater Power Check))
2020/1/13 13:14:42	PARAMETER	[UPDATE_D] PRMA_HT02_PowChkUse change [-99999999] to [Off] at Page = 4(PM Param 8-4 (Line Heater Power Check))
2020/1/13 13:14:43	PARAMETER	[UPDATE_D] PRMA_HT03_PowChkUse change [-99999999] to [Off] at Page = 4(PM Param 8-4 (Line Heater Power Check))
2020/1/13 13:14:43	PARAMETER	[UPDATE_D] PRMA_HT04_PowChkUse change [-99999999] to [Off] at Page = 4(PM Param 8-4 (Line Heater Power Check))
2020/1/13 13:14:44	PARAMETER	[UPDATE_D] PRMA_HT05_PowChkUse change [-99999999] to [Off] at Page = 4(PM Param 8-4 (Line Heater Power Check))
2020/1/13 13:14:44	PARAMETER	[UPDATE_D] PRMA_HT06_PowChkUse change [-99999999] to [Off] at Page = 4(PM Param 8-4 (Line Heater Power Check))
2020/1/13 13:14:45	PARAMETER	[UPDATE_D] PRMA_HT07_PowChkUse change [-99999999] to [Off] at Page = 4(PM Param 8-4 (Line Heater Power Check))
2020/1/13 13:14:45	PARAMETER	[UPDATE_D] PRMA_HT08_PowChkUse change [-99999999] to [Off] at Page = 4(PM Param 8-4 (Line Heater Power Check))
2020/1/13 13:14:45	PARAMETER	[UPDATE_D] PRMA_HT09_PowChkUse change [-99999999] to [Off] at Page = 4(PM Param 8-4 (Line Heater Power Check))
2020/1/13 13:14:46	PARAMETER	[UPDATE_D] PRMA_HT10_PowChkUse change [-99999999] to [Off] at Page = 4(PM Param 8-4 (Line Heater Power Check))
2020/1/13 13:14:46	PARAMETER	[UPDATE_D] PRMA_HT10_PowChkUse change [Off] to [On] at Page = 4(PM Param 8-4 (Line Heater Power Check))
2020/1/13 13:14:47	PARAMETER	[UPDATE_D] PRMA_HT11_PowChkUse change [-99999999] to [Off] at Page = 4(PM Param 8-4 (Line Heater Power Check))
2020/1/13 13:14:47	PARAMETER	[UPDATE_D] PRMA_HT12_PowChkUse change [-99999999] to [Off] at Page = 4(PM Param 8-4 (Line Heater Power Check))
2020/1/13 13:14:48	PARAMETER	[UPDATE_D] PRMA_HT12_PowChkUse change [Off] to [On] at Page = 4(PM Param 8-4 (Line Heater Power Check))
2020/1/13 13:17:43	SETTING	[DIO] Right_Config_Parm with [1] at Page = 0(PAGE 1)
2020/1/13 13:17:43	BUTTON	[RIGHT CLICK] Right_Config_Parm
2020/1/13 13:17:45	SETTING	[DIO] Right_Config_Parm_Nav with [12] at Page = 4(PM Param 8-4 (Line Heater Power Check))
2020/1/13 13:17:45	BUTTON	[NAV CLICK] Right_Config_Parm_Nav - 12
2020/1/13 13:17:45	SETTING	[DIO] Right_Config_Parm_Nav with [11] at Page = 4(PM Param 8-4 (Line Heater Power Check))
2020/1/13 13:17:45	BUTTON	[NAV CLICK] Right_Config_Parm_Nav - 11
2020/1/13 13:17:46	SETTING	[DIO] Right_Config_Parm_Nav with [12] at Page = 3(PM Param 8-3 (RT Heater Set 2))
2020/1/13 13:17:46	BUTTON	[NAV CLICK] Right_Config_Parm_Nav - 12
2020/1/13 13:18:45	SETTING	[DIO] Right_Config_Parm with [1] at Page = 0(PAGE 1)
2020/1/13 13:18:45	BUTTON	[RIGHT CLICK] Right_Config_Parm
2020/1/13 13:19:23	SETTING	[DIO] Right_Config_Parm_Nav with [1] at Page = 4(PM Param 8-4 (Line Heater Power Check))
2020/1/13 13:19:23	BUTTON	[NAV CLICK] Right_Config_Parm_Nav - 1
2020/1/13 13:19:25	SETTING	[DIO] Right_Config_Parm_Nav with [2] at Page = 6(PM Param 1)
2020/1/13 13:19:25	BUTTON	[NAV CLICK] Right_Config_Parm_Nav - 2
2020/1/13 13:19:26	SETTING	[DIO] Right_Config_Parm_Nav with [3] at Page = 7(PM Param 2)
2020/1/13 13:19:26	BUTTON	[NAV CLICK] Right_Config_Parm_Nav - 3
2020/1/13 13:19:27	SETTING	[DIO] Right_Config_Parm_Nav with [4] at Page = 8(PM Param 3)
2020/1/13 13:19:27	BUTTON	[NAV CLICK] Right_Config_Parm_Nav - 4
2020/1/13 13:19:28	SETTING	[DIO] Right_Config_Parm_Nav with [5] at Page = 9(PM Param 4)
2020/1/13 13:19:28	BUTTON	[NAV CLICK] Right_Config_Parm_Nav - 5
2020/1/13 13:19:33	SETTING	[DIO] Right_Config_Parm_Nav with [6] at Page = 10(PM Param 5)
2020/1/13 13:19:33	BUTTON	[NAV CLICK] Right_Config_Parm_Nav - 6
2020/1/13 13:19:34	SETTING	[DIO] Right_Config_Parm_Nav with [7] at Page = 11(PM Param 6)
2020/1/13 13:19:34	BUTTON	[NAV CLICK] Right_Config_Parm_Nav - 7
2020/1/13 13:19:35	SETTING	[DIO] Right_Config_Parm_Nav with [8] at Page = 12(PM Param 7)
2020/1/13 13:19:35	BUTTON	[NAV CLICK] Right_Config_Parm_Nav - 8
2020/1/13 13:19:38	SETTING	[DIO] Right_Config_Parm_Nav with [1] at Page = 0(PM Param 8 (LT Heater Set 1))
2020/1/13 13:19:38	BUTTON	[NAV CLICK] Right_Config_Parm_Nav - 1
2020/1/13 13:19:42	SETTING	[DIO] Right_Config_Parm_Nav with [2] at Page = 6(PM Param 1)
2020/1/13 13:19:42	BUTTON	[NAV CLICK] Right_Config_Parm_Nav - 2
2020/1/13 13:19:43	SETTING	[DIO] Right_Config_Parm_Nav with [3] at Page = 7(PM Param 2)
2020/1/13 13:19:43	BUTTON	[NAV CLICK] Right_Config_Parm_Nav - 3
2020/1/13 13:19:44	SETTING	[DIO] Right_Config_Parm_Nav with [4] at Page = 8(PM Param 3)
2020/1/13 13:19:44	BUTTON	[NAV CLICK] Right_Config_Parm_Nav - 4
2020/1/13 13:19:46	SETTING	[DIO] Right_Config_Parm_Nav with [5] at Page = 9(PM Param 4)
2020/1/13 13:19:46	BUTTON	[NAV CLICK] Right_Config_Parm_Nav - 5
2020/1/13 13:19:59	SETTING	[DIO] Right_Config_Parm_Nav with [6] at Page = 10(PM Param 5)
2020/1/13 13:19:59	BUTTON	[NAV CLICK] Right_Config_Parm_Nav - 6
2020/1/13 13:20:0	SETTING	[DIO] Right_Config_Parm_Nav with [7] at Page = 11(PM Param 6)
2020/1/13 13:20:0	BUTTON	[NAV CLICK] Right_Config_Parm_Nav - 7
2020/1/13 13:20:1	SETTING	[DIO] Right_Config_Parm_Nav with [8] at Page = 12(PM Param 7)
2020/1/13 13:20:1	BUTTON	[NAV CLICK] Right_Config_Parm_Nav - 8
2020/1/13 13:20:2	SETTING	[DIO] Right_Config_Parm_Nav with [12] at Page = 0(PM Param 8 (LT Heater Set 1))
2020/1/13 13:20:2	BUTTON	[NAV CLICK] Right_Config_Parm_Nav - 12
2020/1/13 13:20:4	SETTING	[DIO] Right_Config_Parm_Nav with [11] at Page = 4(PM Param 8-4 (Line Heater Power Check))
2020/1/13 13:20:4	BUTTON	[NAV CLICK] Right_Config_Parm_Nav - 11
2020/1/13 13:20:5	SETTING	[DIO] Right_Config_Parm_Nav with [12] at Page = 3(PM Param 8-3 (RT Heater Set 2))
2020/1/13 13:20:5	BUTTON	[NAV CLICK] Right_Config_Parm_Nav - 12
2020/1/13 13:20:5	SETTING	[DIO] Right_Config_Parm_Nav with [11] at Page = 4(PM Param 8-4 (Line Heater Power Check))
2020/1/13 13:20:5	BUTTON	[NAV CLICK] Right_Config_Parm_Nav - 11
2020/1/13 13:20:5	SETTING	[DIO] Right_Config_Parm_Nav with [12] at Page = 3(PM Param 8-3 (RT Heater Set 2))
2020/1/13 13:20:5	BUTTON	[NAV CLICK] Right_Config_Parm_Nav - 12
