2017/3/21 16:10:57	USERCONTROL	[SYSTEM_START]
2017/3/21 16:17:11	POPUP	[OPEN] LogIn/Out at Page = 0(PAGE 1)
2017/3/21 16:17:14	USERCONTROL	[USER_LOG__IN] <IPS:Sysadmin>
2017/3/21 16:17:15	SETTING	[DIO] Bottom_Service with [1] at Page = 0(PAGE 1)
2017/3/21 16:17:15	BUTTON	[BOTTOM CLICK] Bottom_Service
2017/3/21 16:17:18	SETTING	[DIO] Bottom_Config with [1] at Page = 0(PAGE 1)
2017/3/21 16:17:18	BUTTON	[BOTTOM CLICK] Bottom_Config
2017/3/21 16:17:20	SETTING	[DIO] Right_Config_Parm_Nav with [2] at Page = 6(PM Param 1)
2017/3/21 16:17:20	BUTTON	[NAV CLICK] Right_Config_Parm_Nav - 2
2017/3/21 16:17:22	SETTING	[DIO] Right_Config_Parm_Nav with [3] at Page = 7(PM Param 2)
2017/3/21 16:17:22	BUTTON	[NAV CLICK] Right_Config_Parm_Nav - 3
2017/3/21 16:17:24	SETTING	[DIO] Right_Config_Parm_Nav with [4] at Page = 8(PM Param 3)
2017/3/21 16:17:24	BUTTON	[NAV CLICK] Right_Config_Parm_Nav - 4
2017/3/21 16:17:25	SETTING	[DIO] Right_Config_Parm_Nav with [5] at Page = 9(PM Param 4)
2017/3/21 16:17:25	BUTTON	[NAV CLICK] Right_Config_Parm_Nav - 5
2017/3/21 16:17:25	SETTING	[DIO] Right_Config_Parm_Nav with [6] at Page = 10(PM Param 5)
2017/3/21 16:17:25	BUTTON	[NAV CLICK] Right_Config_Parm_Nav - 6
2017/3/21 16:17:25	SETTING	[DIO] Right_Config_Parm_Nav with [7] at Page = 11(PM Param 6)
2017/3/21 16:17:25	BUTTON	[NAV CLICK] Right_Config_Parm_Nav - 7
2017/3/21 16:17:26	SETTING	[DIO] Main_Screen_Button with [1] at Page = 0(PAGE 1)
2017/3/21 16:17:26	BUTTON	[GO_DIRECT CLICK] Main_Screen_Button
