01/20 14:57:24.545 ---> MFC Set Function Entered(0 3 2000.000 N 0)
01/20 14:57:24.545 -----> MFC Set Started
01/20 14:57:24.545 -----> MFC Set Finished
01/20 14:57:24.545 ---> MFC Set Function Leaved(Success)
01/20 14:57:29.410 ---> MFC Set Function Entered(0 4 1000.000 N 0)
01/20 14:57:29.410 -----> MFC Set Started
01/20 14:57:29.410 -----> MFC Set Finished
01/20 14:57:29.410 ---> MFC Set Function Leaved(Success)
01/20 14:57:34.276 ---> MFC Set Function Entered(0 6 2000.000 N 0)
01/20 14:57:34.276 -----> MFC Set Started
01/20 14:57:34.276 -----> MFC Set Finished
01/20 14:57:34.276 ---> MFC Set Function Leaved(Success)
01/20 14:57:39.141 ---> MFC Set Function Entered(0 7 2000.000 N 0)
01/20 14:57:39.141 -----> MFC Set Started
01/20 14:57:39.141 -----> MFC Set Finished
01/20 14:57:39.141 ---> MFC Set Function Leaved(Success)
01/20 14:57:56.477 ---> MFC Set Function Entered(0 9 3000.000 N 0 1 3000.000 N 0)
01/20 14:57:56.477 -----> MFC Set Started
01/20 14:57:56.477 -----> MFC Set Finished
01/20 14:57:56.477 ---> MFC Set Function Leaved(Success)
01/20 14:58:30.565 ---> MFC Set Function Entered(10 9 0 F 0 1 0 F 0)
01/20 14:58:30.565 -----> MFC Set Started
01/20 14:58:30.565 -----> MFC Set Finished
01/20 14:58:30.565 ---> MFC Set Function Leaved(Success)
